[0.036s] Invoking command in '/home/hwl/per_workspace/control_plan/chapter4/ros2_lqr/build/lgsvl_msgs': /usr/bin/cmake /home/hwl/per_workspace/control_plan/chapter4/ros2_lqr/lqr_galactic_wtih_todo_ws/src/lgsvl_msgs -DCMAKE_INSTALL_PREFIX=/home/hwl/per_workspace/control_plan/chapter4/ros2_lqr/install/lgsvl_msgs
[0.196s] -- The C compiler identification is GNU 9.4.0
[0.330s] -- The CXX compiler identification is GNU 9.4.0
[0.343s] -- Check for working C compiler: /usr/bin/cc
[0.521s] -- Check for working C compiler: /usr/bin/cc -- works
[0.523s] -- Detecting C compiler ABI info
[0.691s] -- Detecting C compiler ABI info - done
[0.727s] -- Detecting C compile features
[0.727s] -- Detecting C compile features - done
[0.732s] -- Check for working CXX compiler: /usr/bin/c++
[0.895s] -- Check for working CXX compiler: /usr/bin/c++ -- works
[0.898s] -- Detecting CXX compiler ABI info
[1.053s] -- Detecting CXX compiler ABI info - done
[1.072s] -- Detecting CXX compile features
[1.073s] -- Detecting CXX compile features - done
[1.076s] -- Found ros_environment: 4.0.0 (/opt/ros/rolling/share/ros_environment/cmake)
[1.078s] -- Found ament_cmake: 1.5.1 (/opt/ros/rolling/share/ament_cmake/cmake)
[1.322s] -- Found Python3: /usr/bin/python3.8 (found version "3.8.10") found components: Interpreter 
[1.463s] -- Found builtin_interfaces: 1.3.1 (/opt/ros/rolling/share/builtin_interfaces/cmake)
[1.510s] -- Found rosidl_generator_c: 3.3.0 (/opt/ros/rolling/share/rosidl_generator_c/cmake)
[1.525s] -- Found rosidl_generator_cpp: 3.3.0 (/opt/ros/rolling/share/rosidl_generator_cpp/cmake)
[1.544s] -- Using all available rosidl_typesupport_c: rosidl_typesupport_fastrtps_c;rosidl_typesupport_introspection_c
[1.575s] -- Using all available rosidl_typesupport_cpp: rosidl_typesupport_fastrtps_cpp;rosidl_typesupport_introspection_cpp
[1.604s] -- Found geometry_msgs: 4.6.0 (/opt/ros/rolling/share/geometry_msgs/cmake)
[1.751s] -- Found sensor_msgs: 4.6.0 (/opt/ros/rolling/share/sensor_msgs/cmake)
[1.888s] -- Found rosidl_default_generators: 1.4.0 (/opt/ros/rolling/share/rosidl_default_generators/cmake)
[1.903s] -- Found rosidl_adapter: 3.3.0 (/opt/ros/rolling/share/rosidl_adapter/cmake)
[2.653s] -- Found ament_cmake_cppcheck: 0.13.2 (/opt/ros/rolling/share/ament_cmake_cppcheck/cmake)
[2.657s] -- Found ament_cmake_cpplint: 0.13.2 (/opt/ros/rolling/share/ament_cmake_cpplint/cmake)
[2.661s] -- Found ament_cmake_uncrustify: 0.13.2 (/opt/ros/rolling/share/ament_cmake_uncrustify/cmake)
[2.665s] -- Found ament_cmake_ros: 0.11.1 (/opt/ros/rolling/share/ament_cmake_ros/cmake)
[3.884s] -- Using all available rosidl_typesupport_c: rosidl_typesupport_fastrtps_c;rosidl_typesupport_introspection_c
[4.351s] -- Using all available rosidl_typesupport_cpp: rosidl_typesupport_fastrtps_cpp;rosidl_typesupport_introspection_cpp
[4.399s] -- Found PythonInterp: /usr/bin/python3 (found suitable version "3.8.10", minimum required is "3.6") 
[4.404s] -- Found python_cmake_module: 0.10.1 (/opt/ros/rolling/share/python_cmake_module/cmake)
[4.455s] -- Found PythonLibs: /usr/lib/x86_64-linux-gnu/libpython3.8.so (found suitable version "3.8.10", minimum required is "3.5") 
[4.455s] -- Using PYTHON_EXECUTABLE: /usr/bin/python3
[4.456s] -- Using PYTHON_INCLUDE_DIRS: /usr/include/python3.8
[4.456s] -- Using PYTHON_LIBRARIES: /usr/lib/x86_64-linux-gnu/libpython3.8.so
[4.500s] -- Found PythonExtra: .so  
[4.669s] -- Found ament_cmake_flake8: 0.13.2 (/opt/ros/rolling/share/ament_cmake_flake8/cmake)
[4.671s] -- Found ament_cmake_pep257: 0.13.2 (/opt/ros/rolling/share/ament_cmake_pep257/cmake)
[4.675s] -- Found ament_lint_auto: 0.13.2 (/opt/ros/rolling/share/ament_lint_auto/cmake)
[4.697s] -- Added test 'copyright' to check source files copyright and LICENSE
[4.698s] -- Added test 'lint_cmake' to check CMake code style
[4.699s] -- Added test 'xmllint' to check XML markup files
[4.706s] -- Configuring done
[4.796s] -- Generating done
[4.800s] -- Build files have been written to: /home/hwl/per_workspace/control_plan/chapter4/ros2_lqr/build/lgsvl_msgs
