[0.038s] Invoking command in '/home/hwl/per_workspace/control_plan/chapter4/ros2_lqr/build/lqr_controller': /usr/bin/cmake /home/hwl/per_workspace/control_plan/chapter4/ros2_lqr/lqr_galactic_wtih_todo_ws/src/lqr_controller -DCMAKE_INSTALL_PREFIX=/home/hwl/per_workspace/control_plan/chapter4/ros2_lqr/install/lqr_controller
[0.149s] -- The C compiler identification is GNU 9.4.0
[0.249s] -- The CXX compiler identification is GNU 9.4.0
[0.257s] -- Check for working C compiler: /usr/bin/cc
[0.412s] -- Check for working C compiler: /usr/bin/cc -- works
[0.417s] -- Detecting C compiler ABI info
[0.576s] -- Detecting C compiler ABI info - done
[0.608s] -- Detecting C compile features
[0.608s] -- Detecting C compile features - done
[0.611s] -- Check for working CXX compiler: /usr/bin/c++
[0.786s] -- Check for working CXX compiler: /usr/bin/c++ -- works
[0.790s] -- Detecting CXX compiler ABI info
[0.940s] -- Detecting CXX compiler ABI info - done
[0.956s] -- Detecting CXX compile features
[0.956s] -- Detecting CXX compile features - done
[0.959s] -- Found ament_cmake: 1.5.1 (/opt/ros/rolling/share/ament_cmake/cmake)
[1.186s] -- Found Python3: /usr/bin/python3.8 (found version "3.8.10") found components: Interpreter 
[1.314s] -- Found std_msgs: 4.6.0 (/opt/ros/rolling/share/std_msgs/cmake)
[1.364s] -- Found rosidl_generator_c: 3.3.0 (/opt/ros/rolling/share/rosidl_generator_c/cmake)
[1.378s] -- Found rosidl_generator_cpp: 3.3.0 (/opt/ros/rolling/share/rosidl_generator_cpp/cmake)
[1.398s] -- Using all available rosidl_typesupport_c: rosidl_typesupport_fastrtps_c;rosidl_typesupport_introspection_c
[1.432s] -- Using all available rosidl_typesupport_cpp: rosidl_typesupport_fastrtps_cpp;rosidl_typesupport_introspection_cpp
[1.524s] -- Found nav_msgs: 4.6.0 (/opt/ros/rolling/share/nav_msgs/cmake)
[1.733s] -- Found visualization_msgs: 4.6.0 (/opt/ros/rolling/share/visualization_msgs/cmake)
[2.070s] -- Found rclcpp: 17.1.0 (/opt/ros/rolling/share/rclcpp/cmake)
[2.162s] -- Found rmw_implementation_cmake: 6.3.1 (/opt/ros/rolling/share/rmw_implementation_cmake/cmake)
[2.165s] -- Found rmw_cyclonedds_cpp: 1.4.1 (/opt/ros/rolling/share/rmw_cyclonedds_cpp/cmake)
[2.222s] -- Using RMW implementation 'rmw_cyclonedds_cpp' as default
[2.234s] -- Looking for pthread.h
[2.400s] -- Looking for pthread.h - found
[2.401s] -- Performing Test CMAKE_HAVE_LIBC_PTHREAD
[2.576s] -- Performing Test CMAKE_HAVE_LIBC_PTHREAD - Failed
[2.577s] -- Looking for pthread_create in pthreads
[2.727s] -- Looking for pthread_create in pthreads - not found
[2.727s] -- Looking for pthread_create in pthread
[2.883s] -- Looking for pthread_create in pthread - found
[2.887s] -- Found Threads: TRUE  
[3.101s] -- Found tf2: 0.27.0 (/opt/ros/rolling/share/tf2/cmake)
[3.116s] -- Found tf2_ros: 0.27.0 (/opt/ros/rolling/share/tf2_ros/cmake)
[3.607s] -- Found tf2_geometry_msgs: 0.27.0 (/opt/ros/rolling/share/tf2_geometry_msgs/cmake)
[3.617s] -- Found eigen3_cmake_module: 0.2.1 (/opt/ros/rolling/share/eigen3_cmake_module/cmake)
[3.619s] -- Found Eigen3: TRUE (found version "3.3.7") 
[3.619s] -- Ensuring Eigen3 include directory is part of orocos-kdl CMake target
[3.655s] CMake Error at CMakeLists.txt:18 (find_package):
[3.656s]   By not providing "Findlgsvl_msgs.cmake" in CMAKE_MODULE_PATH this project
[3.656s]   has asked CMake to find a package configuration file provided by
[3.656s]   "lgsvl_msgs", but CMake did not find one.
[3.657s] 
[3.657s]   Could not find a package configuration file provided by "lgsvl_msgs" with
[3.657s]   any of the following names:
[3.658s] 
[3.658s]     lgsvl_msgsConfig.cmake
[3.658s]     lgsvl_msgs-config.cmake
[3.659s] 
[3.659s]   Add the installation prefix of "lgsvl_msgs" to CMAKE_PREFIX_PATH or set
[3.659s]   "lgsvl_msgs_DIR" to a directory containing one of the above files.  If
[3.659s]   "lgsvl_msgs" provides a separate development package or SDK, be sure it has
[3.659s]   been installed.
[3.660s] 
[3.660s] 
[3.660s] -- Configuring incomplete, errors occurred!
[3.660s] See also "/home/hwl/per_workspace/control_plan/chapter4/ros2_lqr/build/lqr_controller/CMakeFiles/CMakeOutput.log".
[3.661s] See also "/home/hwl/per_workspace/control_plan/chapter4/ros2_lqr/build/lqr_controller/CMakeFiles/CMakeError.log".
[3.668s] Invoked command in '/home/hwl/per_workspace/control_plan/chapter4/ros2_lqr/build/lqr_controller' returned '1': /usr/bin/cmake /home/hwl/per_workspace/control_plan/chapter4/ros2_lqr/lqr_galactic_wtih_todo_ws/src/lqr_controller -DCMAKE_INSTALL_PREFIX=/home/hwl/per_workspace/control_plan/chapter4/ros2_lqr/install/lqr_controller
