[0.164s] DEBUG:colcon:Command line arguments: ['/usr/bin/colcon', 'build']
[0.164s] DEBUG:colcon:Parsed command line arguments: Namespace(ament_cmake_args=None, base_paths=['.'], build_base='build', catkin_cmake_args=None, catkin_skip_building_tests=False, cmake_args=None, cmake_clean_cache=False, cmake_clean_first=False, cmake_force_configure=False, cmake_target=None, cmake_target_skip_unavailable=False, continue_on_error=False, event_handlers=None, executor='parallel', ignore_user_meta=False, install_base='install', log_base=None, log_level=None, main=<bound method BuildVerb.main of <colcon_core.verb.build.BuildVerb object at 0x7f01962ada00>>, merge_install=False, metas=['./colcon.meta'], mixin=None, mixin_files=None, mixin_verb=('build',), packages_above=None, packages_above_and_dependencies=None, packages_above_depth=None, packages_end=None, packages_ignore=None, packages_ignore_regex=None, packages_select=None, packages_select_build_failed=False, packages_select_by_dep=None, packages_select_regex=None, packages_select_test_failures=False, packages_skip=None, packages_skip_build_finished=False, packages_skip_by_dep=None, packages_skip_regex=None, packages_skip_test_passed=False, packages_skip_up_to=None, packages_start=None, packages_up_to=None, packages_up_to_regex=None, parallel_workers=16, paths=None, symlink_install=False, test_result_base=None, verb_extension=<colcon_core.verb.build.BuildVerb object at 0x7f01962ada00>, verb_name='build', verb_parser=<colcon_mixin.mixin.mixin_argument.MixinArgumentDecorator object at 0x7f01962adfd0>)
[0.188s] Level 1:colcon.colcon_core.package_discovery:discover_packages(colcon_meta) check parameters
[0.188s] Level 1:colcon.colcon_core.package_discovery:discover_packages(recursive) check parameters
[0.188s] Level 1:colcon.colcon_core.package_discovery:discover_packages(ignore) check parameters
[0.188s] Level 1:colcon.colcon_core.package_discovery:discover_packages(path) check parameters
[0.188s] Level 1:colcon.colcon_core.package_discovery:discover_packages(colcon_meta) discover
[0.188s] Level 1:colcon.colcon_core.package_discovery:discover_packages(recursive) discover
[0.188s] INFO:colcon.colcon_core.package_discovery:Crawling recursively for packages in '/home/hwl/per_workspace/control_plan/chapter4/ros2_lqr'
[0.188s] Level 1:colcon.colcon_core.package_identification:_identify(.) by extensions ['ignore', 'ignore_ament_install']
[0.189s] Level 1:colcon.colcon_core.package_identification:_identify(.) by extension 'ignore'
[0.189s] Level 1:colcon.colcon_core.package_identification:_identify(.) by extension 'ignore_ament_install'
[0.189s] Level 1:colcon.colcon_core.package_identification:_identify(.) by extensions ['colcon_pkg']
[0.189s] Level 1:colcon.colcon_core.package_identification:_identify(.) by extension 'colcon_pkg'
[0.189s] Level 1:colcon.colcon_core.package_identification:_identify(.) by extensions ['colcon_meta']
[0.189s] Level 1:colcon.colcon_core.package_identification:_identify(.) by extension 'colcon_meta'
[0.189s] Level 1:colcon.colcon_core.package_identification:_identify(.) by extensions ['ros']
[0.189s] Level 1:colcon.colcon_core.package_identification:_identify(.) by extension 'ros'
[0.201s] Level 1:colcon.colcon_core.package_identification:_identify(.) by extensions ['cmake', 'python']
[0.201s] Level 1:colcon.colcon_core.package_identification:_identify(.) by extension 'cmake'
[0.201s] Level 1:colcon.colcon_core.package_identification:_identify(.) by extension 'python'
[0.202s] Level 1:colcon.colcon_core.package_identification:_identify(.) by extensions ['python_setup_py']
[0.202s] Level 1:colcon.colcon_core.package_identification:_identify(.) by extension 'python_setup_py'
[0.202s] Level 1:colcon.colcon_core.package_identification:_identify(build) by extensions ['ignore', 'ignore_ament_install']
[0.202s] Level 1:colcon.colcon_core.package_identification:_identify(build) by extension 'ignore'
[0.202s] Level 1:colcon.colcon_core.package_identification:_identify(build) ignored
[0.202s] Level 1:colcon.colcon_core.package_identification:_identify(install) by extensions ['ignore', 'ignore_ament_install']
[0.202s] Level 1:colcon.colcon_core.package_identification:_identify(install) by extension 'ignore'
[0.202s] Level 1:colcon.colcon_core.package_identification:_identify(install) ignored
[0.202s] Level 1:colcon.colcon_core.package_identification:_identify(log) by extensions ['ignore', 'ignore_ament_install']
[0.202s] Level 1:colcon.colcon_core.package_identification:_identify(log) by extension 'ignore'
[0.202s] Level 1:colcon.colcon_core.package_identification:_identify(log) ignored
[0.203s] Level 1:colcon.colcon_core.package_identification:_identify(lqr_galactic_wtih_todo_ws) by extensions ['ignore', 'ignore_ament_install']
[0.203s] Level 1:colcon.colcon_core.package_identification:_identify(lqr_galactic_wtih_todo_ws) by extension 'ignore'
[0.203s] Level 1:colcon.colcon_core.package_identification:_identify(lqr_galactic_wtih_todo_ws) by extension 'ignore_ament_install'
[0.203s] Level 1:colcon.colcon_core.package_identification:_identify(lqr_galactic_wtih_todo_ws) by extensions ['colcon_pkg']
[0.203s] Level 1:colcon.colcon_core.package_identification:_identify(lqr_galactic_wtih_todo_ws) by extension 'colcon_pkg'
[0.203s] Level 1:colcon.colcon_core.package_identification:_identify(lqr_galactic_wtih_todo_ws) by extensions ['colcon_meta']
[0.203s] Level 1:colcon.colcon_core.package_identification:_identify(lqr_galactic_wtih_todo_ws) by extension 'colcon_meta'
[0.203s] Level 1:colcon.colcon_core.package_identification:_identify(lqr_galactic_wtih_todo_ws) by extensions ['ros']
[0.203s] Level 1:colcon.colcon_core.package_identification:_identify(lqr_galactic_wtih_todo_ws) by extension 'ros'
[0.203s] Level 1:colcon.colcon_core.package_identification:_identify(lqr_galactic_wtih_todo_ws) by extensions ['cmake', 'python']
[0.203s] Level 1:colcon.colcon_core.package_identification:_identify(lqr_galactic_wtih_todo_ws) by extension 'cmake'
[0.203s] Level 1:colcon.colcon_core.package_identification:_identify(lqr_galactic_wtih_todo_ws) by extension 'python'
[0.203s] Level 1:colcon.colcon_core.package_identification:_identify(lqr_galactic_wtih_todo_ws) by extensions ['python_setup_py']
[0.203s] Level 1:colcon.colcon_core.package_identification:_identify(lqr_galactic_wtih_todo_ws) by extension 'python_setup_py'
[0.203s] Level 1:colcon.colcon_core.package_identification:_identify(lqr_galactic_wtih_todo_ws/src) by extensions ['ignore', 'ignore_ament_install']
[0.203s] Level 1:colcon.colcon_core.package_identification:_identify(lqr_galactic_wtih_todo_ws/src) by extension 'ignore'
[0.204s] Level 1:colcon.colcon_core.package_identification:_identify(lqr_galactic_wtih_todo_ws/src) by extension 'ignore_ament_install'
[0.204s] Level 1:colcon.colcon_core.package_identification:_identify(lqr_galactic_wtih_todo_ws/src) by extensions ['colcon_pkg']
[0.204s] Level 1:colcon.colcon_core.package_identification:_identify(lqr_galactic_wtih_todo_ws/src) by extension 'colcon_pkg'
[0.204s] Level 1:colcon.colcon_core.package_identification:_identify(lqr_galactic_wtih_todo_ws/src) by extensions ['colcon_meta']
[0.204s] Level 1:colcon.colcon_core.package_identification:_identify(lqr_galactic_wtih_todo_ws/src) by extension 'colcon_meta'
[0.204s] Level 1:colcon.colcon_core.package_identification:_identify(lqr_galactic_wtih_todo_ws/src) by extensions ['ros']
[0.204s] Level 1:colcon.colcon_core.package_identification:_identify(lqr_galactic_wtih_todo_ws/src) by extension 'ros'
[0.204s] Level 1:colcon.colcon_core.package_identification:_identify(lqr_galactic_wtih_todo_ws/src) by extensions ['cmake', 'python']
[0.204s] Level 1:colcon.colcon_core.package_identification:_identify(lqr_galactic_wtih_todo_ws/src) by extension 'cmake'
[0.204s] Level 1:colcon.colcon_core.package_identification:_identify(lqr_galactic_wtih_todo_ws/src) by extension 'python'
[0.204s] Level 1:colcon.colcon_core.package_identification:_identify(lqr_galactic_wtih_todo_ws/src) by extensions ['python_setup_py']
[0.204s] Level 1:colcon.colcon_core.package_identification:_identify(lqr_galactic_wtih_todo_ws/src) by extension 'python_setup_py'
[0.204s] Level 1:colcon.colcon_core.package_identification:_identify(lqr_galactic_wtih_todo_ws/src/lgsvl_bridge_galactic) by extensions ['ignore', 'ignore_ament_install']
[0.204s] Level 1:colcon.colcon_core.package_identification:_identify(lqr_galactic_wtih_todo_ws/src/lgsvl_bridge_galactic) by extension 'ignore'
[0.204s] Level 1:colcon.colcon_core.package_identification:_identify(lqr_galactic_wtih_todo_ws/src/lgsvl_bridge_galactic) by extension 'ignore_ament_install'
[0.204s] Level 1:colcon.colcon_core.package_identification:_identify(lqr_galactic_wtih_todo_ws/src/lgsvl_bridge_galactic) by extensions ['colcon_pkg']
[0.204s] Level 1:colcon.colcon_core.package_identification:_identify(lqr_galactic_wtih_todo_ws/src/lgsvl_bridge_galactic) by extension 'colcon_pkg'
[0.204s] Level 1:colcon.colcon_core.package_identification:_identify(lqr_galactic_wtih_todo_ws/src/lgsvl_bridge_galactic) by extensions ['colcon_meta']
[0.204s] Level 1:colcon.colcon_core.package_identification:_identify(lqr_galactic_wtih_todo_ws/src/lgsvl_bridge_galactic) by extension 'colcon_meta'
[0.205s] Level 1:colcon.colcon_core.package_identification:_identify(lqr_galactic_wtih_todo_ws/src/lgsvl_bridge_galactic) by extensions ['ros']
[0.205s] Level 1:colcon.colcon_core.package_identification:_identify(lqr_galactic_wtih_todo_ws/src/lgsvl_bridge_galactic) by extension 'ros'
[0.208s] DEBUG:colcon.colcon_core.package_identification:Package 'lqr_galactic_wtih_todo_ws/src/lgsvl_bridge_galactic' with type 'ros.ament_cmake' and name 'lgsvl_bridge_galactic'
[0.208s] Level 1:colcon.colcon_core.package_identification:_identify(lqr_galactic_wtih_todo_ws/src/lgsvl_msgs) by extensions ['ignore', 'ignore_ament_install']
[0.208s] Level 1:colcon.colcon_core.package_identification:_identify(lqr_galactic_wtih_todo_ws/src/lgsvl_msgs) by extension 'ignore'
[0.208s] Level 1:colcon.colcon_core.package_identification:_identify(lqr_galactic_wtih_todo_ws/src/lgsvl_msgs) by extension 'ignore_ament_install'
[0.208s] Level 1:colcon.colcon_core.package_identification:_identify(lqr_galactic_wtih_todo_ws/src/lgsvl_msgs) by extensions ['colcon_pkg']
[0.208s] Level 1:colcon.colcon_core.package_identification:_identify(lqr_galactic_wtih_todo_ws/src/lgsvl_msgs) by extension 'colcon_pkg'
[0.208s] Level 1:colcon.colcon_core.package_identification:_identify(lqr_galactic_wtih_todo_ws/src/lgsvl_msgs) by extensions ['colcon_meta']
[0.208s] Level 1:colcon.colcon_core.package_identification:_identify(lqr_galactic_wtih_todo_ws/src/lgsvl_msgs) by extension 'colcon_meta'
[0.209s] Level 1:colcon.colcon_core.package_identification:_identify(lqr_galactic_wtih_todo_ws/src/lgsvl_msgs) by extensions ['ros']
[0.209s] Level 1:colcon.colcon_core.package_identification:_identify(lqr_galactic_wtih_todo_ws/src/lgsvl_msgs) by extension 'ros'
[0.214s] DEBUG:colcon.colcon_core.package_identification:Package 'lqr_galactic_wtih_todo_ws/src/lgsvl_msgs' with type 'ros.ament_cmake' and name 'lgsvl_msgs'
[0.214s] Level 1:colcon.colcon_core.package_identification:_identify(lqr_galactic_wtih_todo_ws/src/lqr_controller) by extensions ['ignore', 'ignore_ament_install']
[0.214s] Level 1:colcon.colcon_core.package_identification:_identify(lqr_galactic_wtih_todo_ws/src/lqr_controller) by extension 'ignore'
[0.214s] Level 1:colcon.colcon_core.package_identification:_identify(lqr_galactic_wtih_todo_ws/src/lqr_controller) by extension 'ignore_ament_install'
[0.214s] Level 1:colcon.colcon_core.package_identification:_identify(lqr_galactic_wtih_todo_ws/src/lqr_controller) by extensions ['colcon_pkg']
[0.214s] Level 1:colcon.colcon_core.package_identification:_identify(lqr_galactic_wtih_todo_ws/src/lqr_controller) by extension 'colcon_pkg'
[0.215s] Level 1:colcon.colcon_core.package_identification:_identify(lqr_galactic_wtih_todo_ws/src/lqr_controller) by extensions ['colcon_meta']
[0.215s] Level 1:colcon.colcon_core.package_identification:_identify(lqr_galactic_wtih_todo_ws/src/lqr_controller) by extension 'colcon_meta'
[0.215s] Level 1:colcon.colcon_core.package_identification:_identify(lqr_galactic_wtih_todo_ws/src/lqr_controller) by extensions ['ros']
[0.215s] Level 1:colcon.colcon_core.package_identification:_identify(lqr_galactic_wtih_todo_ws/src/lqr_controller) by extension 'ros'
[0.216s] DEBUG:colcon.colcon_core.package_identification:Package 'lqr_galactic_wtih_todo_ws/src/lqr_controller' with type 'ros.ament_cmake' and name 'lqr_controller'
[0.216s] Level 1:colcon.colcon_core.package_identification:_identify(lqr_galactic_wtih_todo_ws/src/stanley_control) by extensions ['ignore', 'ignore_ament_install']
[0.216s] Level 1:colcon.colcon_core.package_identification:_identify(lqr_galactic_wtih_todo_ws/src/stanley_control) by extension 'ignore'
[0.216s] Level 1:colcon.colcon_core.package_identification:_identify(lqr_galactic_wtih_todo_ws/src/stanley_control) by extension 'ignore_ament_install'
[0.216s] Level 1:colcon.colcon_core.package_identification:_identify(lqr_galactic_wtih_todo_ws/src/stanley_control) by extensions ['colcon_pkg']
[0.216s] Level 1:colcon.colcon_core.package_identification:_identify(lqr_galactic_wtih_todo_ws/src/stanley_control) by extension 'colcon_pkg'
[0.216s] Level 1:colcon.colcon_core.package_identification:_identify(lqr_galactic_wtih_todo_ws/src/stanley_control) by extensions ['colcon_meta']
[0.216s] Level 1:colcon.colcon_core.package_identification:_identify(lqr_galactic_wtih_todo_ws/src/stanley_control) by extension 'colcon_meta'
[0.216s] Level 1:colcon.colcon_core.package_identification:_identify(lqr_galactic_wtih_todo_ws/src/stanley_control) by extensions ['ros']
[0.216s] Level 1:colcon.colcon_core.package_identification:_identify(lqr_galactic_wtih_todo_ws/src/stanley_control) by extension 'ros'
[0.217s] DEBUG:colcon.colcon_core.package_identification:Package 'lqr_galactic_wtih_todo_ws/src/stanley_control' with type 'ros.ament_cmake' and name 'stanley_control'
[0.217s] Level 1:colcon.colcon_core.package_identification:_identify(lqr_galactic_wtih_todo_ws/src/vehicle_control) by extensions ['ignore', 'ignore_ament_install']
[0.218s] Level 1:colcon.colcon_core.package_identification:_identify(lqr_galactic_wtih_todo_ws/src/vehicle_control) by extension 'ignore'
[0.218s] Level 1:colcon.colcon_core.package_identification:_identify(lqr_galactic_wtih_todo_ws/src/vehicle_control) by extension 'ignore_ament_install'
[0.218s] Level 1:colcon.colcon_core.package_identification:_identify(lqr_galactic_wtih_todo_ws/src/vehicle_control) by extensions ['colcon_pkg']
[0.218s] Level 1:colcon.colcon_core.package_identification:_identify(lqr_galactic_wtih_todo_ws/src/vehicle_control) by extension 'colcon_pkg'
[0.218s] Level 1:colcon.colcon_core.package_identification:_identify(lqr_galactic_wtih_todo_ws/src/vehicle_control) by extensions ['colcon_meta']
[0.218s] Level 1:colcon.colcon_core.package_identification:_identify(lqr_galactic_wtih_todo_ws/src/vehicle_control) by extension 'colcon_meta'
[0.218s] Level 1:colcon.colcon_core.package_identification:_identify(lqr_galactic_wtih_todo_ws/src/vehicle_control) by extensions ['ros']
[0.218s] Level 1:colcon.colcon_core.package_identification:_identify(lqr_galactic_wtih_todo_ws/src/vehicle_control) by extension 'ros'
[0.219s] DEBUG:colcon.colcon_core.package_identification:Package 'lqr_galactic_wtih_todo_ws/src/vehicle_control' with type 'ros.ament_cmake' and name 'vehicle_control'
[0.219s] Level 1:colcon.colcon_core.package_discovery:discover_packages(recursive) using defaults
[0.219s] Level 1:colcon.colcon_core.package_discovery:discover_packages(ignore) discover
[0.219s] Level 1:colcon.colcon_core.package_discovery:discover_packages(ignore) using defaults
[0.219s] Level 1:colcon.colcon_core.package_discovery:discover_packages(path) discover
[0.219s] Level 1:colcon.colcon_core.package_discovery:discover_packages(path) using defaults
[0.239s] Level 5:colcon.colcon_core.verb:set package 'lgsvl_msgs' build argument 'cmake_args' from command line to 'None'
[0.239s] Level 5:colcon.colcon_core.verb:set package 'lgsvl_msgs' build argument 'cmake_target' from command line to 'None'
[0.239s] Level 5:colcon.colcon_core.verb:set package 'lgsvl_msgs' build argument 'cmake_target_skip_unavailable' from command line to 'False'
[0.239s] Level 5:colcon.colcon_core.verb:set package 'lgsvl_msgs' build argument 'cmake_clean_cache' from command line to 'False'
[0.239s] Level 5:colcon.colcon_core.verb:set package 'lgsvl_msgs' build argument 'cmake_clean_first' from command line to 'False'
[0.239s] Level 5:colcon.colcon_core.verb:set package 'lgsvl_msgs' build argument 'cmake_force_configure' from command line to 'False'
[0.239s] Level 5:colcon.colcon_core.verb:set package 'lgsvl_msgs' build argument 'ament_cmake_args' from command line to 'None'
[0.240s] Level 5:colcon.colcon_core.verb:set package 'lgsvl_msgs' build argument 'catkin_cmake_args' from command line to 'None'
[0.240s] Level 5:colcon.colcon_core.verb:set package 'lgsvl_msgs' build argument 'catkin_skip_building_tests' from command line to 'False'
[0.240s] DEBUG:colcon.colcon_core.verb:Building package 'lgsvl_msgs' with the following arguments: {'ament_cmake_args': None, 'build_base': '/home/hwl/per_workspace/control_plan/chapter4/ros2_lqr/build/lgsvl_msgs', 'catkin_cmake_args': None, 'catkin_skip_building_tests': False, 'cmake_args': None, 'cmake_clean_cache': False, 'cmake_clean_first': False, 'cmake_force_configure': False, 'cmake_target': None, 'cmake_target_skip_unavailable': False, 'install_base': '/home/hwl/per_workspace/control_plan/chapter4/ros2_lqr/install/lgsvl_msgs', 'merge_install': False, 'path': '/home/hwl/per_workspace/control_plan/chapter4/ros2_lqr/lqr_galactic_wtih_todo_ws/src/lgsvl_msgs', 'symlink_install': False, 'test_result_base': None}
[0.240s] Level 5:colcon.colcon_core.verb:set package 'lgsvl_bridge_galactic' build argument 'cmake_args' from command line to 'None'
[0.240s] Level 5:colcon.colcon_core.verb:set package 'lgsvl_bridge_galactic' build argument 'cmake_target' from command line to 'None'
[0.241s] Level 5:colcon.colcon_core.verb:set package 'lgsvl_bridge_galactic' build argument 'cmake_target_skip_unavailable' from command line to 'False'
[0.241s] Level 5:colcon.colcon_core.verb:set package 'lgsvl_bridge_galactic' build argument 'cmake_clean_cache' from command line to 'False'
[0.241s] Level 5:colcon.colcon_core.verb:set package 'lgsvl_bridge_galactic' build argument 'cmake_clean_first' from command line to 'False'
[0.241s] Level 5:colcon.colcon_core.verb:set package 'lgsvl_bridge_galactic' build argument 'cmake_force_configure' from command line to 'False'
[0.241s] Level 5:colcon.colcon_core.verb:set package 'lgsvl_bridge_galactic' build argument 'ament_cmake_args' from command line to 'None'
[0.241s] Level 5:colcon.colcon_core.verb:set package 'lgsvl_bridge_galactic' build argument 'catkin_cmake_args' from command line to 'None'
[0.241s] Level 5:colcon.colcon_core.verb:set package 'lgsvl_bridge_galactic' build argument 'catkin_skip_building_tests' from command line to 'False'
[0.241s] DEBUG:colcon.colcon_core.verb:Building package 'lgsvl_bridge_galactic' with the following arguments: {'ament_cmake_args': None, 'build_base': '/home/hwl/per_workspace/control_plan/chapter4/ros2_lqr/build/lgsvl_bridge_galactic', 'catkin_cmake_args': None, 'catkin_skip_building_tests': False, 'cmake_args': None, 'cmake_clean_cache': False, 'cmake_clean_first': False, 'cmake_force_configure': False, 'cmake_target': None, 'cmake_target_skip_unavailable': False, 'install_base': '/home/hwl/per_workspace/control_plan/chapter4/ros2_lqr/install/lgsvl_bridge_galactic', 'merge_install': False, 'path': '/home/hwl/per_workspace/control_plan/chapter4/ros2_lqr/lqr_galactic_wtih_todo_ws/src/lgsvl_bridge_galactic', 'symlink_install': False, 'test_result_base': None}
[0.242s] Level 5:colcon.colcon_core.verb:set package 'lqr_controller' build argument 'cmake_args' from command line to 'None'
[0.242s] Level 5:colcon.colcon_core.verb:set package 'lqr_controller' build argument 'cmake_target' from command line to 'None'
[0.242s] Level 5:colcon.colcon_core.verb:set package 'lqr_controller' build argument 'cmake_target_skip_unavailable' from command line to 'False'
[0.242s] Level 5:colcon.colcon_core.verb:set package 'lqr_controller' build argument 'cmake_clean_cache' from command line to 'False'
[0.242s] Level 5:colcon.colcon_core.verb:set package 'lqr_controller' build argument 'cmake_clean_first' from command line to 'False'
[0.242s] Level 5:colcon.colcon_core.verb:set package 'lqr_controller' build argument 'cmake_force_configure' from command line to 'False'
[0.242s] Level 5:colcon.colcon_core.verb:set package 'lqr_controller' build argument 'ament_cmake_args' from command line to 'None'
[0.242s] Level 5:colcon.colcon_core.verb:set package 'lqr_controller' build argument 'catkin_cmake_args' from command line to 'None'
[0.242s] Level 5:colcon.colcon_core.verb:set package 'lqr_controller' build argument 'catkin_skip_building_tests' from command line to 'False'
[0.242s] DEBUG:colcon.colcon_core.verb:Building package 'lqr_controller' with the following arguments: {'ament_cmake_args': None, 'build_base': '/home/hwl/per_workspace/control_plan/chapter4/ros2_lqr/build/lqr_controller', 'catkin_cmake_args': None, 'catkin_skip_building_tests': False, 'cmake_args': None, 'cmake_clean_cache': False, 'cmake_clean_first': False, 'cmake_force_configure': False, 'cmake_target': None, 'cmake_target_skip_unavailable': False, 'install_base': '/home/hwl/per_workspace/control_plan/chapter4/ros2_lqr/install/lqr_controller', 'merge_install': False, 'path': '/home/hwl/per_workspace/control_plan/chapter4/ros2_lqr/lqr_galactic_wtih_todo_ws/src/lqr_controller', 'symlink_install': False, 'test_result_base': None}
[0.243s] Level 5:colcon.colcon_core.verb:set package 'stanley_control' build argument 'cmake_args' from command line to 'None'
[0.243s] Level 5:colcon.colcon_core.verb:set package 'stanley_control' build argument 'cmake_target' from command line to 'None'
[0.243s] Level 5:colcon.colcon_core.verb:set package 'stanley_control' build argument 'cmake_target_skip_unavailable' from command line to 'False'
[0.243s] Level 5:colcon.colcon_core.verb:set package 'stanley_control' build argument 'cmake_clean_cache' from command line to 'False'
[0.243s] Level 5:colcon.colcon_core.verb:set package 'stanley_control' build argument 'cmake_clean_first' from command line to 'False'
[0.243s] Level 5:colcon.colcon_core.verb:set package 'stanley_control' build argument 'cmake_force_configure' from command line to 'False'
[0.243s] Level 5:colcon.colcon_core.verb:set package 'stanley_control' build argument 'ament_cmake_args' from command line to 'None'
[0.243s] Level 5:colcon.colcon_core.verb:set package 'stanley_control' build argument 'catkin_cmake_args' from command line to 'None'
[0.243s] Level 5:colcon.colcon_core.verb:set package 'stanley_control' build argument 'catkin_skip_building_tests' from command line to 'False'
[0.243s] DEBUG:colcon.colcon_core.verb:Building package 'stanley_control' with the following arguments: {'ament_cmake_args': None, 'build_base': '/home/hwl/per_workspace/control_plan/chapter4/ros2_lqr/build/stanley_control', 'catkin_cmake_args': None, 'catkin_skip_building_tests': False, 'cmake_args': None, 'cmake_clean_cache': False, 'cmake_clean_first': False, 'cmake_force_configure': False, 'cmake_target': None, 'cmake_target_skip_unavailable': False, 'install_base': '/home/hwl/per_workspace/control_plan/chapter4/ros2_lqr/install/stanley_control', 'merge_install': False, 'path': '/home/hwl/per_workspace/control_plan/chapter4/ros2_lqr/lqr_galactic_wtih_todo_ws/src/stanley_control', 'symlink_install': False, 'test_result_base': None}
[0.243s] Level 5:colcon.colcon_core.verb:set package 'vehicle_control' build argument 'cmake_args' from command line to 'None'
[0.244s] Level 5:colcon.colcon_core.verb:set package 'vehicle_control' build argument 'cmake_target' from command line to 'None'
[0.244s] Level 5:colcon.colcon_core.verb:set package 'vehicle_control' build argument 'cmake_target_skip_unavailable' from command line to 'False'
[0.244s] Level 5:colcon.colcon_core.verb:set package 'vehicle_control' build argument 'cmake_clean_cache' from command line to 'False'
[0.244s] Level 5:colcon.colcon_core.verb:set package 'vehicle_control' build argument 'cmake_clean_first' from command line to 'False'
[0.244s] Level 5:colcon.colcon_core.verb:set package 'vehicle_control' build argument 'cmake_force_configure' from command line to 'False'
[0.244s] Level 5:colcon.colcon_core.verb:set package 'vehicle_control' build argument 'ament_cmake_args' from command line to 'None'
[0.244s] Level 5:colcon.colcon_core.verb:set package 'vehicle_control' build argument 'catkin_cmake_args' from command line to 'None'
[0.244s] Level 5:colcon.colcon_core.verb:set package 'vehicle_control' build argument 'catkin_skip_building_tests' from command line to 'False'
[0.244s] DEBUG:colcon.colcon_core.verb:Building package 'vehicle_control' with the following arguments: {'ament_cmake_args': None, 'build_base': '/home/hwl/per_workspace/control_plan/chapter4/ros2_lqr/build/vehicle_control', 'catkin_cmake_args': None, 'catkin_skip_building_tests': False, 'cmake_args': None, 'cmake_clean_cache': False, 'cmake_clean_first': False, 'cmake_force_configure': False, 'cmake_target': None, 'cmake_target_skip_unavailable': False, 'install_base': '/home/hwl/per_workspace/control_plan/chapter4/ros2_lqr/install/vehicle_control', 'merge_install': False, 'path': '/home/hwl/per_workspace/control_plan/chapter4/ros2_lqr/lqr_galactic_wtih_todo_ws/src/vehicle_control', 'symlink_install': False, 'test_result_base': None}
[0.244s] INFO:colcon.colcon_core.executor:Executing jobs using 'parallel' executor
[0.247s] DEBUG:colcon.colcon_parallel_executor.executor.parallel:run_until_complete
[0.259s] INFO:colcon.colcon_ros.task.ament_cmake.build:Building ROS package in '/home/hwl/per_workspace/control_plan/chapter4/ros2_lqr/lqr_galactic_wtih_todo_ws/src/lgsvl_msgs' with build type 'ament_cmake'
[0.259s] INFO:colcon.colcon_cmake.task.cmake.build:Building CMake package in '/home/hwl/per_workspace/control_plan/chapter4/ros2_lqr/lqr_galactic_wtih_todo_ws/src/lgsvl_msgs'
[0.271s] INFO:colcon.colcon_core.plugin_system:Skipping extension 'colcon_core.shell.bat': Not used on non-Windows systems
[0.272s] INFO:colcon.colcon_core.shell:Skip shell extension 'powershell' for command environment: Not usable outside of PowerShell
[0.272s] DEBUG:colcon.colcon_core.shell:Skip shell extension 'dsv' for command environment
[0.305s] DEBUG:colcon.colcon_core.event_handler.log_command:Invoking command in '/home/hwl/per_workspace/control_plan/chapter4/ros2_lqr/build/lgsvl_msgs': /usr/bin/cmake --build /home/hwl/per_workspace/control_plan/chapter4/ros2_lqr/build/lgsvl_msgs -- -j16 -l16
[11.319s] DEBUG:colcon.colcon_core.event_handler.log_command:Invoked command in '/home/hwl/per_workspace/control_plan/chapter4/ros2_lqr/build/lgsvl_msgs' returned '0': /usr/bin/cmake --build /home/hwl/per_workspace/control_plan/chapter4/ros2_lqr/build/lgsvl_msgs -- -j16 -l16
[12.136s] DEBUG:colcon.colcon_core.event_handler.log_command:Invoking command in '/home/hwl/per_workspace/control_plan/chapter4/ros2_lqr/build/lgsvl_msgs': /usr/bin/cmake --install /home/hwl/per_workspace/control_plan/chapter4/ros2_lqr/build/lgsvl_msgs
[12.329s] Level 1:colcon.colcon_core.environment:create_environment_scripts_only(lgsvl_msgs)
[12.331s] DEBUG:colcon.colcon_core.event_handler.log_command:Invoked command in '/home/hwl/per_workspace/control_plan/chapter4/ros2_lqr/build/lgsvl_msgs' returned '0': /usr/bin/cmake --install /home/hwl/per_workspace/control_plan/chapter4/ros2_lqr/build/lgsvl_msgs
[12.342s] Level 1:colcon.colcon_core.environment:checking '/home/hwl/per_workspace/control_plan/chapter4/ros2_lqr/install/lgsvl_msgs' for CMake module files
[12.344s] Level 1:colcon.colcon_core.environment:checking '/home/hwl/per_workspace/control_plan/chapter4/ros2_lqr/install/lgsvl_msgs' for CMake config files
[12.344s] Level 1:colcon.colcon_core.shell:create_environment_hook('lgsvl_msgs', 'cmake_prefix_path')
[12.345s] INFO:colcon.colcon_core.shell:Creating environment hook '/home/hwl/per_workspace/control_plan/chapter4/ros2_lqr/install/lgsvl_msgs/share/lgsvl_msgs/hook/cmake_prefix_path.ps1'
[12.347s] INFO:colcon.colcon_core.shell:Creating environment descriptor '/home/hwl/per_workspace/control_plan/chapter4/ros2_lqr/install/lgsvl_msgs/share/lgsvl_msgs/hook/cmake_prefix_path.dsv'
[12.348s] INFO:colcon.colcon_core.shell:Creating environment hook '/home/hwl/per_workspace/control_plan/chapter4/ros2_lqr/install/lgsvl_msgs/share/lgsvl_msgs/hook/cmake_prefix_path.sh'
[12.350s] Level 1:colcon.colcon_core.environment:checking '/home/hwl/per_workspace/control_plan/chapter4/ros2_lqr/install/lgsvl_msgs/lib'
[12.350s] Level 1:colcon.colcon_core.shell:create_environment_hook('lgsvl_msgs', 'ld_library_path_lib')
[12.351s] INFO:colcon.colcon_core.shell:Creating environment hook '/home/hwl/per_workspace/control_plan/chapter4/ros2_lqr/install/lgsvl_msgs/share/lgsvl_msgs/hook/ld_library_path_lib.ps1'
[12.351s] INFO:colcon.colcon_core.shell:Creating environment descriptor '/home/hwl/per_workspace/control_plan/chapter4/ros2_lqr/install/lgsvl_msgs/share/lgsvl_msgs/hook/ld_library_path_lib.dsv'
[12.352s] INFO:colcon.colcon_core.shell:Creating environment hook '/home/hwl/per_workspace/control_plan/chapter4/ros2_lqr/install/lgsvl_msgs/share/lgsvl_msgs/hook/ld_library_path_lib.sh'
[12.352s] Level 1:colcon.colcon_core.environment:checking '/home/hwl/per_workspace/control_plan/chapter4/ros2_lqr/install/lgsvl_msgs/bin'
[12.352s] Level 1:colcon.colcon_core.environment:checking '/home/hwl/per_workspace/control_plan/chapter4/ros2_lqr/install/lgsvl_msgs/lib/pkgconfig/lgsvl_msgs.pc'
[12.354s] Level 1:colcon.colcon_core.environment:checking '/home/hwl/per_workspace/control_plan/chapter4/ros2_lqr/install/lgsvl_msgs/lib/python3.8/site-packages'
[12.354s] Level 1:colcon.colcon_core.shell:create_environment_hook('lgsvl_msgs', 'pythonpath')
[12.355s] INFO:colcon.colcon_core.shell:Creating environment hook '/home/hwl/per_workspace/control_plan/chapter4/ros2_lqr/install/lgsvl_msgs/share/lgsvl_msgs/hook/pythonpath.ps1'
[12.355s] INFO:colcon.colcon_core.shell:Creating environment descriptor '/home/hwl/per_workspace/control_plan/chapter4/ros2_lqr/install/lgsvl_msgs/share/lgsvl_msgs/hook/pythonpath.dsv'
[12.356s] INFO:colcon.colcon_core.shell:Creating environment hook '/home/hwl/per_workspace/control_plan/chapter4/ros2_lqr/install/lgsvl_msgs/share/lgsvl_msgs/hook/pythonpath.sh'
[12.357s] INFO:colcon.colcon_core.shell:Creating package script '/home/hwl/per_workspace/control_plan/chapter4/ros2_lqr/install/lgsvl_msgs/share/lgsvl_msgs/package.ps1'
[12.358s] INFO:colcon.colcon_core.shell:Creating package descriptor '/home/hwl/per_workspace/control_plan/chapter4/ros2_lqr/install/lgsvl_msgs/share/lgsvl_msgs/package.dsv'
[12.359s] INFO:colcon.colcon_core.shell:Creating package script '/home/hwl/per_workspace/control_plan/chapter4/ros2_lqr/install/lgsvl_msgs/share/lgsvl_msgs/package.sh'
[12.360s] INFO:colcon.colcon_core.shell:Creating package script '/home/hwl/per_workspace/control_plan/chapter4/ros2_lqr/install/lgsvl_msgs/share/lgsvl_msgs/package.bash'
[12.361s] INFO:colcon.colcon_core.shell:Creating package script '/home/hwl/per_workspace/control_plan/chapter4/ros2_lqr/install/lgsvl_msgs/share/lgsvl_msgs/package.zsh'
[12.362s] Level 1:colcon.colcon_core.environment:create_file_with_runtime_dependencies(/home/hwl/per_workspace/control_plan/chapter4/ros2_lqr/install/lgsvl_msgs/share/colcon-core/packages/lgsvl_msgs)
[13.171s] Level 1:colcon.colcon_core.environment:create_environment_scripts_only(lgsvl_msgs)
[13.174s] Level 1:colcon.colcon_core.environment:checking '/home/hwl/per_workspace/control_plan/chapter4/ros2_lqr/install/lgsvl_msgs' for CMake module files
[13.176s] Level 1:colcon.colcon_core.environment:checking '/home/hwl/per_workspace/control_plan/chapter4/ros2_lqr/install/lgsvl_msgs' for CMake config files
[13.177s] Level 1:colcon.colcon_core.shell:create_environment_hook('lgsvl_msgs', 'cmake_prefix_path')
[13.178s] INFO:colcon.colcon_core.shell:Creating environment hook '/home/hwl/per_workspace/control_plan/chapter4/ros2_lqr/install/lgsvl_msgs/share/lgsvl_msgs/hook/cmake_prefix_path.ps1'
[13.180s] INFO:colcon.colcon_core.shell:Creating environment descriptor '/home/hwl/per_workspace/control_plan/chapter4/ros2_lqr/install/lgsvl_msgs/share/lgsvl_msgs/hook/cmake_prefix_path.dsv'
[13.181s] INFO:colcon.colcon_core.shell:Creating environment hook '/home/hwl/per_workspace/control_plan/chapter4/ros2_lqr/install/lgsvl_msgs/share/lgsvl_msgs/hook/cmake_prefix_path.sh'
[13.182s] Level 1:colcon.colcon_core.environment:checking '/home/hwl/per_workspace/control_plan/chapter4/ros2_lqr/install/lgsvl_msgs/lib'
[13.183s] Level 1:colcon.colcon_core.shell:create_environment_hook('lgsvl_msgs', 'ld_library_path_lib')
[13.184s] INFO:colcon.colcon_core.shell:Creating environment hook '/home/hwl/per_workspace/control_plan/chapter4/ros2_lqr/install/lgsvl_msgs/share/lgsvl_msgs/hook/ld_library_path_lib.ps1'
[13.185s] INFO:colcon.colcon_core.shell:Creating environment descriptor '/home/hwl/per_workspace/control_plan/chapter4/ros2_lqr/install/lgsvl_msgs/share/lgsvl_msgs/hook/ld_library_path_lib.dsv'
[13.186s] INFO:colcon.colcon_core.shell:Creating environment hook '/home/hwl/per_workspace/control_plan/chapter4/ros2_lqr/install/lgsvl_msgs/share/lgsvl_msgs/hook/ld_library_path_lib.sh'
[13.186s] Level 1:colcon.colcon_core.environment:checking '/home/hwl/per_workspace/control_plan/chapter4/ros2_lqr/install/lgsvl_msgs/bin'
[13.187s] Level 1:colcon.colcon_core.environment:checking '/home/hwl/per_workspace/control_plan/chapter4/ros2_lqr/install/lgsvl_msgs/lib/pkgconfig/lgsvl_msgs.pc'
[13.187s] Level 1:colcon.colcon_core.environment:checking '/home/hwl/per_workspace/control_plan/chapter4/ros2_lqr/install/lgsvl_msgs/lib/python3.8/site-packages'
[13.187s] Level 1:colcon.colcon_core.shell:create_environment_hook('lgsvl_msgs', 'pythonpath')
[13.188s] INFO:colcon.colcon_core.shell:Creating environment hook '/home/hwl/per_workspace/control_plan/chapter4/ros2_lqr/install/lgsvl_msgs/share/lgsvl_msgs/hook/pythonpath.ps1'
[13.189s] INFO:colcon.colcon_core.shell:Creating environment descriptor '/home/hwl/per_workspace/control_plan/chapter4/ros2_lqr/install/lgsvl_msgs/share/lgsvl_msgs/hook/pythonpath.dsv'
[13.189s] INFO:colcon.colcon_core.shell:Creating environment hook '/home/hwl/per_workspace/control_plan/chapter4/ros2_lqr/install/lgsvl_msgs/share/lgsvl_msgs/hook/pythonpath.sh'
[13.191s] INFO:colcon.colcon_core.shell:Creating package script '/home/hwl/per_workspace/control_plan/chapter4/ros2_lqr/install/lgsvl_msgs/share/lgsvl_msgs/package.ps1'
[13.192s] INFO:colcon.colcon_core.shell:Creating package descriptor '/home/hwl/per_workspace/control_plan/chapter4/ros2_lqr/install/lgsvl_msgs/share/lgsvl_msgs/package.dsv'
[13.193s] INFO:colcon.colcon_core.shell:Creating package script '/home/hwl/per_workspace/control_plan/chapter4/ros2_lqr/install/lgsvl_msgs/share/lgsvl_msgs/package.sh'
[13.194s] INFO:colcon.colcon_core.shell:Creating package script '/home/hwl/per_workspace/control_plan/chapter4/ros2_lqr/install/lgsvl_msgs/share/lgsvl_msgs/package.bash'
[13.195s] INFO:colcon.colcon_core.shell:Creating package script '/home/hwl/per_workspace/control_plan/chapter4/ros2_lqr/install/lgsvl_msgs/share/lgsvl_msgs/package.zsh'
[13.195s] Level 1:colcon.colcon_core.environment:create_file_with_runtime_dependencies(/home/hwl/per_workspace/control_plan/chapter4/ros2_lqr/install/lgsvl_msgs/share/colcon-core/packages/lgsvl_msgs)
[13.196s] INFO:colcon.colcon_ros.task.ament_cmake.build:Building ROS package in '/home/hwl/per_workspace/control_plan/chapter4/ros2_lqr/lqr_galactic_wtih_todo_ws/src/lgsvl_bridge_galactic' with build type 'ament_cmake'
[13.196s] INFO:colcon.colcon_cmake.task.cmake.build:Building CMake package in '/home/hwl/per_workspace/control_plan/chapter4/ros2_lqr/lqr_galactic_wtih_todo_ws/src/lgsvl_bridge_galactic'
[13.197s] INFO:colcon.colcon_core.shell:Skip shell extension 'powershell' for command environment: Not usable outside of PowerShell
[13.197s] DEBUG:colcon.colcon_core.shell:Skip shell extension 'dsv' for command environment
[13.214s] INFO:colcon.colcon_ros.task.ament_cmake.build:Building ROS package in '/home/hwl/per_workspace/control_plan/chapter4/ros2_lqr/lqr_galactic_wtih_todo_ws/src/lqr_controller' with build type 'ament_cmake'
[13.215s] INFO:colcon.colcon_cmake.task.cmake.build:Building CMake package in '/home/hwl/per_workspace/control_plan/chapter4/ros2_lqr/lqr_galactic_wtih_todo_ws/src/lqr_controller'
[13.218s] INFO:colcon.colcon_core.shell:Skip shell extension 'powershell' for command environment: Not usable outside of PowerShell
[13.218s] DEBUG:colcon.colcon_core.shell:Skip shell extension 'dsv' for command environment
[13.243s] INFO:colcon.colcon_ros.task.ament_cmake.build:Building ROS package in '/home/hwl/per_workspace/control_plan/chapter4/ros2_lqr/lqr_galactic_wtih_todo_ws/src/stanley_control' with build type 'ament_cmake'
[13.243s] INFO:colcon.colcon_cmake.task.cmake.build:Building CMake package in '/home/hwl/per_workspace/control_plan/chapter4/ros2_lqr/lqr_galactic_wtih_todo_ws/src/stanley_control'
[13.245s] INFO:colcon.colcon_core.shell:Skip shell extension 'powershell' for command environment: Not usable outside of PowerShell
[13.245s] DEBUG:colcon.colcon_core.shell:Skip shell extension 'dsv' for command environment
[13.260s] INFO:colcon.colcon_ros.task.ament_cmake.build:Building ROS package in '/home/hwl/per_workspace/control_plan/chapter4/ros2_lqr/lqr_galactic_wtih_todo_ws/src/vehicle_control' with build type 'ament_cmake'
[13.260s] INFO:colcon.colcon_cmake.task.cmake.build:Building CMake package in '/home/hwl/per_workspace/control_plan/chapter4/ros2_lqr/lqr_galactic_wtih_todo_ws/src/vehicle_control'
[13.261s] INFO:colcon.colcon_core.shell:Skip shell extension 'powershell' for command environment: Not usable outside of PowerShell
[13.261s] DEBUG:colcon.colcon_core.shell:Skip shell extension 'dsv' for command environment
[13.283s] DEBUG:colcon.colcon_core.event_handler.log_command:Invoking command in '/home/hwl/per_workspace/control_plan/chapter4/ros2_lqr/build/lgsvl_bridge_galactic': AMENT_PREFIX_PATH=/home/hwl/per_workspace/control_plan/chapter4/ros2_lqr/install/lgsvl_msgs:${AMENT_PREFIX_PATH} CMAKE_PREFIX_PATH=/home/hwl/per_workspace/control_plan/chapter4/ros2_lqr/install/lgsvl_msgs:${CMAKE_PREFIX_PATH} LD_LIBRARY_PATH=/home/hwl/per_workspace/control_plan/chapter4/ros2_lqr/install/lgsvl_msgs/lib:${LD_LIBRARY_PATH} PYTHONPATH=/home/hwl/per_workspace/control_plan/chapter4/ros2_lqr/install/lgsvl_msgs/lib/python3.8/site-packages:${PYTHONPATH} /usr/bin/cmake /home/hwl/per_workspace/control_plan/chapter4/ros2_lqr/lqr_galactic_wtih_todo_ws/src/lgsvl_bridge_galactic -DCMAKE_INSTALL_PREFIX=/home/hwl/per_workspace/control_plan/chapter4/ros2_lqr/install/lgsvl_bridge_galactic
[13.290s] DEBUG:colcon.colcon_core.event_handler.log_command:Invoking command in '/home/hwl/per_workspace/control_plan/chapter4/ros2_lqr/build/lqr_controller': AMENT_PREFIX_PATH=/home/hwl/per_workspace/control_plan/chapter4/ros2_lqr/install/lgsvl_msgs:${AMENT_PREFIX_PATH} CMAKE_PREFIX_PATH=/home/hwl/per_workspace/control_plan/chapter4/ros2_lqr/install/lgsvl_msgs:${CMAKE_PREFIX_PATH} LD_LIBRARY_PATH=/home/hwl/per_workspace/control_plan/chapter4/ros2_lqr/install/lgsvl_msgs/lib:${LD_LIBRARY_PATH} PYTHONPATH=/home/hwl/per_workspace/control_plan/chapter4/ros2_lqr/install/lgsvl_msgs/lib/python3.8/site-packages:${PYTHONPATH} /usr/bin/cmake /home/hwl/per_workspace/control_plan/chapter4/ros2_lqr/lqr_galactic_wtih_todo_ws/src/lqr_controller -DCMAKE_INSTALL_PREFIX=/home/hwl/per_workspace/control_plan/chapter4/ros2_lqr/install/lqr_controller
[13.297s] DEBUG:colcon.colcon_core.event_handler.log_command:Invoking command in '/home/hwl/per_workspace/control_plan/chapter4/ros2_lqr/build/stanley_control': AMENT_PREFIX_PATH=/home/hwl/per_workspace/control_plan/chapter4/ros2_lqr/install/lgsvl_msgs:${AMENT_PREFIX_PATH} CMAKE_PREFIX_PATH=/home/hwl/per_workspace/control_plan/chapter4/ros2_lqr/install/lgsvl_msgs:${CMAKE_PREFIX_PATH} LD_LIBRARY_PATH=/home/hwl/per_workspace/control_plan/chapter4/ros2_lqr/install/lgsvl_msgs/lib:${LD_LIBRARY_PATH} PYTHONPATH=/home/hwl/per_workspace/control_plan/chapter4/ros2_lqr/install/lgsvl_msgs/lib/python3.8/site-packages:${PYTHONPATH} /usr/bin/cmake /home/hwl/per_workspace/control_plan/chapter4/ros2_lqr/lqr_galactic_wtih_todo_ws/src/stanley_control -DCMAKE_INSTALL_PREFIX=/home/hwl/per_workspace/control_plan/chapter4/ros2_lqr/install/stanley_control
[13.306s] DEBUG:colcon.colcon_core.event_handler.log_command:Invoking command in '/home/hwl/per_workspace/control_plan/chapter4/ros2_lqr/build/vehicle_control': AMENT_PREFIX_PATH=/home/hwl/per_workspace/control_plan/chapter4/ros2_lqr/install/lgsvl_msgs:${AMENT_PREFIX_PATH} CMAKE_PREFIX_PATH=/home/hwl/per_workspace/control_plan/chapter4/ros2_lqr/install/lgsvl_msgs:${CMAKE_PREFIX_PATH} LD_LIBRARY_PATH=/home/hwl/per_workspace/control_plan/chapter4/ros2_lqr/install/lgsvl_msgs/lib:${LD_LIBRARY_PATH} PYTHONPATH=/home/hwl/per_workspace/control_plan/chapter4/ros2_lqr/install/lgsvl_msgs/lib/python3.8/site-packages:${PYTHONPATH} /usr/bin/cmake /home/hwl/per_workspace/control_plan/chapter4/ros2_lqr/lqr_galactic_wtih_todo_ws/src/vehicle_control -DCMAKE_INSTALL_PREFIX=/home/hwl/per_workspace/control_plan/chapter4/ros2_lqr/install/vehicle_control
[15.734s] DEBUG:colcon.colcon_core.event_handler.log_command:Invoked command in '/home/hwl/per_workspace/control_plan/chapter4/ros2_lqr/build/lqr_controller' returned '0': AMENT_PREFIX_PATH=/home/hwl/per_workspace/control_plan/chapter4/ros2_lqr/install/lgsvl_msgs:${AMENT_PREFIX_PATH} CMAKE_PREFIX_PATH=/home/hwl/per_workspace/control_plan/chapter4/ros2_lqr/install/lgsvl_msgs:${CMAKE_PREFIX_PATH} LD_LIBRARY_PATH=/home/hwl/per_workspace/control_plan/chapter4/ros2_lqr/install/lgsvl_msgs/lib:${LD_LIBRARY_PATH} PYTHONPATH=/home/hwl/per_workspace/control_plan/chapter4/ros2_lqr/install/lgsvl_msgs/lib/python3.8/site-packages:${PYTHONPATH} /usr/bin/cmake /home/hwl/per_workspace/control_plan/chapter4/ros2_lqr/lqr_galactic_wtih_todo_ws/src/lqr_controller -DCMAKE_INSTALL_PREFIX=/home/hwl/per_workspace/control_plan/chapter4/ros2_lqr/install/lqr_controller
[15.738s] DEBUG:colcon.colcon_core.event_handler.log_command:Invoking command in '/home/hwl/per_workspace/control_plan/chapter4/ros2_lqr/build/lqr_controller': AMENT_PREFIX_PATH=/home/hwl/per_workspace/control_plan/chapter4/ros2_lqr/install/lgsvl_msgs:${AMENT_PREFIX_PATH} CMAKE_PREFIX_PATH=/home/hwl/per_workspace/control_plan/chapter4/ros2_lqr/install/lgsvl_msgs:${CMAKE_PREFIX_PATH} LD_LIBRARY_PATH=/home/hwl/per_workspace/control_plan/chapter4/ros2_lqr/install/lgsvl_msgs/lib:${LD_LIBRARY_PATH} PYTHONPATH=/home/hwl/per_workspace/control_plan/chapter4/ros2_lqr/install/lgsvl_msgs/lib/python3.8/site-packages:${PYTHONPATH} /usr/bin/cmake --build /home/hwl/per_workspace/control_plan/chapter4/ros2_lqr/build/lqr_controller -- -j16 -l16
[15.751s] DEBUG:colcon.colcon_core.event_handler.log_command:Invoked command in '/home/hwl/per_workspace/control_plan/chapter4/ros2_lqr/build/lgsvl_bridge_galactic' returned '0': AMENT_PREFIX_PATH=/home/hwl/per_workspace/control_plan/chapter4/ros2_lqr/install/lgsvl_msgs:${AMENT_PREFIX_PATH} CMAKE_PREFIX_PATH=/home/hwl/per_workspace/control_plan/chapter4/ros2_lqr/install/lgsvl_msgs:${CMAKE_PREFIX_PATH} LD_LIBRARY_PATH=/home/hwl/per_workspace/control_plan/chapter4/ros2_lqr/install/lgsvl_msgs/lib:${LD_LIBRARY_PATH} PYTHONPATH=/home/hwl/per_workspace/control_plan/chapter4/ros2_lqr/install/lgsvl_msgs/lib/python3.8/site-packages:${PYTHONPATH} /usr/bin/cmake /home/hwl/per_workspace/control_plan/chapter4/ros2_lqr/lqr_galactic_wtih_todo_ws/src/lgsvl_bridge_galactic -DCMAKE_INSTALL_PREFIX=/home/hwl/per_workspace/control_plan/chapter4/ros2_lqr/install/lgsvl_bridge_galactic
[15.755s] DEBUG:colcon.colcon_core.event_handler.log_command:Invoking command in '/home/hwl/per_workspace/control_plan/chapter4/ros2_lqr/build/lgsvl_bridge_galactic': AMENT_PREFIX_PATH=/home/hwl/per_workspace/control_plan/chapter4/ros2_lqr/install/lgsvl_msgs:${AMENT_PREFIX_PATH} CMAKE_PREFIX_PATH=/home/hwl/per_workspace/control_plan/chapter4/ros2_lqr/install/lgsvl_msgs:${CMAKE_PREFIX_PATH} LD_LIBRARY_PATH=/home/hwl/per_workspace/control_plan/chapter4/ros2_lqr/install/lgsvl_msgs/lib:${LD_LIBRARY_PATH} PYTHONPATH=/home/hwl/per_workspace/control_plan/chapter4/ros2_lqr/install/lgsvl_msgs/lib/python3.8/site-packages:${PYTHONPATH} /usr/bin/cmake --build /home/hwl/per_workspace/control_plan/chapter4/ros2_lqr/build/lgsvl_bridge_galactic -- -j16 -l16
[17.010s] DEBUG:colcon.colcon_core.event_handler.log_command:Invoked command in '/home/hwl/per_workspace/control_plan/chapter4/ros2_lqr/build/vehicle_control' returned '0': AMENT_PREFIX_PATH=/home/hwl/per_workspace/control_plan/chapter4/ros2_lqr/install/lgsvl_msgs:${AMENT_PREFIX_PATH} CMAKE_PREFIX_PATH=/home/hwl/per_workspace/control_plan/chapter4/ros2_lqr/install/lgsvl_msgs:${CMAKE_PREFIX_PATH} LD_LIBRARY_PATH=/home/hwl/per_workspace/control_plan/chapter4/ros2_lqr/install/lgsvl_msgs/lib:${LD_LIBRARY_PATH} PYTHONPATH=/home/hwl/per_workspace/control_plan/chapter4/ros2_lqr/install/lgsvl_msgs/lib/python3.8/site-packages:${PYTHONPATH} /usr/bin/cmake /home/hwl/per_workspace/control_plan/chapter4/ros2_lqr/lqr_galactic_wtih_todo_ws/src/vehicle_control -DCMAKE_INSTALL_PREFIX=/home/hwl/per_workspace/control_plan/chapter4/ros2_lqr/install/vehicle_control
[17.015s] DEBUG:colcon.colcon_core.event_handler.log_command:Invoking command in '/home/hwl/per_workspace/control_plan/chapter4/ros2_lqr/build/vehicle_control': AMENT_PREFIX_PATH=/home/hwl/per_workspace/control_plan/chapter4/ros2_lqr/install/lgsvl_msgs:${AMENT_PREFIX_PATH} CMAKE_PREFIX_PATH=/home/hwl/per_workspace/control_plan/chapter4/ros2_lqr/install/lgsvl_msgs:${CMAKE_PREFIX_PATH} LD_LIBRARY_PATH=/home/hwl/per_workspace/control_plan/chapter4/ros2_lqr/install/lgsvl_msgs/lib:${LD_LIBRARY_PATH} PYTHONPATH=/home/hwl/per_workspace/control_plan/chapter4/ros2_lqr/install/lgsvl_msgs/lib/python3.8/site-packages:${PYTHONPATH} /usr/bin/cmake --build /home/hwl/per_workspace/control_plan/chapter4/ros2_lqr/build/vehicle_control -- -j16 -l16
[17.879s] DEBUG:colcon.colcon_core.event_handler.log_command:Invoked command in '/home/hwl/per_workspace/control_plan/chapter4/ros2_lqr/build/stanley_control' returned '0': AMENT_PREFIX_PATH=/home/hwl/per_workspace/control_plan/chapter4/ros2_lqr/install/lgsvl_msgs:${AMENT_PREFIX_PATH} CMAKE_PREFIX_PATH=/home/hwl/per_workspace/control_plan/chapter4/ros2_lqr/install/lgsvl_msgs:${CMAKE_PREFIX_PATH} LD_LIBRARY_PATH=/home/hwl/per_workspace/control_plan/chapter4/ros2_lqr/install/lgsvl_msgs/lib:${LD_LIBRARY_PATH} PYTHONPATH=/home/hwl/per_workspace/control_plan/chapter4/ros2_lqr/install/lgsvl_msgs/lib/python3.8/site-packages:${PYTHONPATH} /usr/bin/cmake /home/hwl/per_workspace/control_plan/chapter4/ros2_lqr/lqr_galactic_wtih_todo_ws/src/stanley_control -DCMAKE_INSTALL_PREFIX=/home/hwl/per_workspace/control_plan/chapter4/ros2_lqr/install/stanley_control
[17.886s] DEBUG:colcon.colcon_core.event_handler.log_command:Invoking command in '/home/hwl/per_workspace/control_plan/chapter4/ros2_lqr/build/stanley_control': AMENT_PREFIX_PATH=/home/hwl/per_workspace/control_plan/chapter4/ros2_lqr/install/lgsvl_msgs:${AMENT_PREFIX_PATH} CMAKE_PREFIX_PATH=/home/hwl/per_workspace/control_plan/chapter4/ros2_lqr/install/lgsvl_msgs:${CMAKE_PREFIX_PATH} LD_LIBRARY_PATH=/home/hwl/per_workspace/control_plan/chapter4/ros2_lqr/install/lgsvl_msgs/lib:${LD_LIBRARY_PATH} PYTHONPATH=/home/hwl/per_workspace/control_plan/chapter4/ros2_lqr/install/lgsvl_msgs/lib/python3.8/site-packages:${PYTHONPATH} /usr/bin/cmake --build /home/hwl/per_workspace/control_plan/chapter4/ros2_lqr/build/stanley_control -- -j16 -l16
[18.411s] DEBUG:colcon.colcon_core.event_handler.log_command:Invoked command in '/home/hwl/per_workspace/control_plan/chapter4/ros2_lqr/build/vehicle_control' returned '2': AMENT_PREFIX_PATH=/home/hwl/per_workspace/control_plan/chapter4/ros2_lqr/install/lgsvl_msgs:${AMENT_PREFIX_PATH} CMAKE_PREFIX_PATH=/home/hwl/per_workspace/control_plan/chapter4/ros2_lqr/install/lgsvl_msgs:${CMAKE_PREFIX_PATH} LD_LIBRARY_PATH=/home/hwl/per_workspace/control_plan/chapter4/ros2_lqr/install/lgsvl_msgs/lib:${LD_LIBRARY_PATH} PYTHONPATH=/home/hwl/per_workspace/control_plan/chapter4/ros2_lqr/install/lgsvl_msgs/lib/python3.8/site-packages:${PYTHONPATH} /usr/bin/cmake --build /home/hwl/per_workspace/control_plan/chapter4/ros2_lqr/build/vehicle_control -- -j16 -l16
[18.461s] Level 1:colcon.colcon_core.environment:create_environment_scripts_only(vehicle_control)
[18.463s] Level 1:colcon.colcon_core.environment:checking '/home/hwl/per_workspace/control_plan/chapter4/ros2_lqr/install/vehicle_control' for CMake module files
[18.464s] Level 1:colcon.colcon_core.environment:checking '/home/hwl/per_workspace/control_plan/chapter4/ros2_lqr/install/vehicle_control' for CMake config files
[18.464s] Level 1:colcon.colcon_core.environment:checking '/home/hwl/per_workspace/control_plan/chapter4/ros2_lqr/install/vehicle_control/bin'
[18.464s] Level 1:colcon.colcon_core.environment:checking '/home/hwl/per_workspace/control_plan/chapter4/ros2_lqr/install/vehicle_control/lib/pkgconfig/vehicle_control.pc'
[18.465s] Level 1:colcon.colcon_core.environment:checking '/home/hwl/per_workspace/control_plan/chapter4/ros2_lqr/install/vehicle_control/lib/python3.8/site-packages'
[18.466s] INFO:colcon.colcon_core.shell:Creating package script '/home/hwl/per_workspace/control_plan/chapter4/ros2_lqr/install/vehicle_control/share/vehicle_control/package.ps1'
[18.467s] INFO:colcon.colcon_core.shell:Creating package descriptor '/home/hwl/per_workspace/control_plan/chapter4/ros2_lqr/install/vehicle_control/share/vehicle_control/package.dsv'
[18.468s] INFO:colcon.colcon_core.shell:Creating package script '/home/hwl/per_workspace/control_plan/chapter4/ros2_lqr/install/vehicle_control/share/vehicle_control/package.sh'
[18.468s] INFO:colcon.colcon_core.shell:Creating package script '/home/hwl/per_workspace/control_plan/chapter4/ros2_lqr/install/vehicle_control/share/vehicle_control/package.bash'
[18.469s] INFO:colcon.colcon_core.shell:Creating package script '/home/hwl/per_workspace/control_plan/chapter4/ros2_lqr/install/vehicle_control/share/vehicle_control/package.zsh'
[18.469s] Level 1:colcon.colcon_core.environment:create_file_with_runtime_dependencies(/home/hwl/per_workspace/control_plan/chapter4/ros2_lqr/install/vehicle_control/share/colcon-core/packages/vehicle_control)
[36.175s] DEBUG:colcon.colcon_parallel_executor.executor.parallel:closing loop
[36.176s] DEBUG:colcon.colcon_parallel_executor.executor.parallel:loop closed
[36.176s] DEBUG:colcon.colcon_parallel_executor.executor.parallel:run_until_complete finished with '2'
[36.177s] DEBUG:colcon.colcon_core.event_reactor:joining thread
[36.194s] INFO:colcon.colcon_core.plugin_system:Skipping extension 'colcon_notification.desktop_notification.notify_send': Could not find 'notify-send'
[36.194s] INFO:colcon.colcon_core.plugin_system:Skipping extension 'colcon_notification.desktop_notification.terminal_notifier': Not used on non-Darwin systems
[36.195s] INFO:colcon.colcon_core.plugin_system:Skipping extension 'colcon_notification.desktop_notification.win32': Not used on non-Windows systems
[36.195s] INFO:colcon.colcon_notification.desktop_notification:Sending desktop notification using 'notify2'
[36.206s] DEBUG:colcon.colcon_notification.desktop_notification.notify2:Failed to initialize notify2: org.freedesktop.DBus.Error.ServiceUnknown: The name org.freedesktop.Notifications was not provided by any .service files
[36.206s] DEBUG:colcon.colcon_core.event_reactor:joined thread
[36.209s] INFO:colcon.colcon_core.shell:Creating prefix script '/home/hwl/per_workspace/control_plan/chapter4/ros2_lqr/install/local_setup.ps1'
[36.213s] INFO:colcon.colcon_core.shell:Creating prefix util module '/home/hwl/per_workspace/control_plan/chapter4/ros2_lqr/install/_local_setup_util_ps1.py'
[36.217s] INFO:colcon.colcon_core.shell:Creating prefix chain script '/home/hwl/per_workspace/control_plan/chapter4/ros2_lqr/install/setup.ps1'
[36.221s] INFO:colcon.colcon_core.shell:Creating prefix script '/home/hwl/per_workspace/control_plan/chapter4/ros2_lqr/install/local_setup.sh'
[36.222s] INFO:colcon.colcon_core.shell:Creating prefix util module '/home/hwl/per_workspace/control_plan/chapter4/ros2_lqr/install/_local_setup_util_sh.py'
[36.224s] INFO:colcon.colcon_core.shell:Creating prefix chain script '/home/hwl/per_workspace/control_plan/chapter4/ros2_lqr/install/setup.sh'
[36.226s] INFO:colcon.colcon_core.shell:Creating prefix script '/home/hwl/per_workspace/control_plan/chapter4/ros2_lqr/install/local_setup.bash'
[36.227s] INFO:colcon.colcon_core.shell:Creating prefix chain script '/home/hwl/per_workspace/control_plan/chapter4/ros2_lqr/install/setup.bash'
[36.229s] INFO:colcon.colcon_core.shell:Creating prefix script '/home/hwl/per_workspace/control_plan/chapter4/ros2_lqr/install/local_setup.zsh'
[36.230s] INFO:colcon.colcon_core.shell:Creating prefix chain script '/home/hwl/per_workspace/control_plan/chapter4/ros2_lqr/install/setup.zsh'
