[0.070s] Invoking command in '/home/hwl/per_workspace/control_plan/chapter4/ros2_lqr/build/lqr_controller': AMENT_PREFIX_PATH=/home/hwl/per_workspace/control_plan/chapter4/ros2_lqr/install/lgsvl_msgs:${AMENT_PREFIX_PATH} CMAKE_PREFIX_PATH=/home/hwl/per_workspace/control_plan/chapter4/ros2_lqr/install/lgsvl_msgs:${CMAKE_PREFIX_PATH} LD_LIBRARY_PATH=/home/hwl/per_workspace/control_plan/chapter4/ros2_lqr/install/lgsvl_msgs/lib:${LD_LIBRARY_PATH} PYTHONPATH=/home/hwl/per_workspace/control_plan/chapter4/ros2_lqr/install/lgsvl_msgs/lib/python3.8/site-packages:${PYTHONPATH} /usr/bin/cmake --build /home/hwl/per_workspace/control_plan/chapter4/ros2_lqr/build/lqr_controller -- -j16 -l16
[0.258s] [100%] Built target lqr_lateral_pid_longitudinal
[0.272s] Invoked command in '/home/hwl/per_workspace/control_plan/chapter4/ros2_lqr/build/lqr_controller' returned '0': AMENT_PREFIX_PATH=/home/hwl/per_workspace/control_plan/chapter4/ros2_lqr/install/lgsvl_msgs:${AMENT_PREFIX_PATH} CMAKE_PREFIX_PATH=/home/hwl/per_workspace/control_plan/chapter4/ros2_lqr/install/lgsvl_msgs:${CMAKE_PREFIX_PATH} LD_LIBRARY_PATH=/home/hwl/per_workspace/control_plan/chapter4/ros2_lqr/install/lgsvl_msgs/lib:${LD_LIBRARY_PATH} PYTHONPATH=/home/hwl/per_workspace/control_plan/chapter4/ros2_lqr/install/lgsvl_msgs/lib/python3.8/site-packages:${PYTHONPATH} /usr/bin/cmake --build /home/hwl/per_workspace/control_plan/chapter4/ros2_lqr/build/lqr_controller -- -j16 -l16
[0.349s] Invoking command in '/home/hwl/per_workspace/control_plan/chapter4/ros2_lqr/build/lqr_controller': AMENT_PREFIX_PATH=/home/hwl/per_workspace/control_plan/chapter4/ros2_lqr/install/lgsvl_msgs:${AMENT_PREFIX_PATH} CMAKE_PREFIX_PATH=/home/hwl/per_workspace/control_plan/chapter4/ros2_lqr/install/lgsvl_msgs:${CMAKE_PREFIX_PATH} LD_LIBRARY_PATH=/home/hwl/per_workspace/control_plan/chapter4/ros2_lqr/install/lgsvl_msgs/lib:${LD_LIBRARY_PATH} PYTHONPATH=/home/hwl/per_workspace/control_plan/chapter4/ros2_lqr/install/lgsvl_msgs/lib/python3.8/site-packages:${PYTHONPATH} /usr/bin/cmake --install /home/hwl/per_workspace/control_plan/chapter4/ros2_lqr/build/lqr_controller
[0.375s] -- Install configuration: ""
[0.379s] -- Up-to-date: /home/hwl/per_workspace/control_plan/chapter4/ros2_lqr/install/lqr_controller/lib/lqr_controller/lqr_lateral_pid_longitudinal
[0.380s] -- Up-to-date: /home/hwl/per_workspace/control_plan/chapter4/ros2_lqr/install/lqr_controller/share/lqr_controller//launch
[0.385s] -- Up-to-date: /home/hwl/per_workspace/control_plan/chapter4/ros2_lqr/install/lqr_controller/share/lqr_controller//launch/lqr_launch.py
[0.386s] -- Up-to-date: /home/hwl/per_workspace/control_plan/chapter4/ros2_lqr/install/lqr_controller/share/lqr_controller//config
[0.386s] -- Up-to-date: /home/hwl/per_workspace/control_plan/chapter4/ros2_lqr/install/lqr_controller/share/lqr_controller//config/lqr_parameters_configuration.yaml
[0.387s] -- Up-to-date: /home/hwl/per_workspace/control_plan/chapter4/ros2_lqr/install/lqr_controller/share/lqr_controller//rviz
[0.387s] -- Up-to-date: /home/hwl/per_workspace/control_plan/chapter4/ros2_lqr/install/lqr_controller/share/lqr_controller//rviz/lqr_vis.rviz
[0.388s] -- Up-to-date: /home/hwl/per_workspace/control_plan/chapter4/ros2_lqr/install/lqr_controller/share/ament_index/resource_index/package_run_dependencies/lqr_controller
[0.388s] -- Up-to-date: /home/hwl/per_workspace/control_plan/chapter4/ros2_lqr/install/lqr_controller/share/ament_index/resource_index/parent_prefix_path/lqr_controller
[0.388s] -- Up-to-date: /home/hwl/per_workspace/control_plan/chapter4/ros2_lqr/install/lqr_controller/share/lqr_controller/environment/ament_prefix_path.sh
[0.389s] -- Up-to-date: /home/hwl/per_workspace/control_plan/chapter4/ros2_lqr/install/lqr_controller/share/lqr_controller/environment/ament_prefix_path.dsv
[0.389s] -- Up-to-date: /home/hwl/per_workspace/control_plan/chapter4/ros2_lqr/install/lqr_controller/share/lqr_controller/environment/path.sh
[0.390s] -- Up-to-date: /home/hwl/per_workspace/control_plan/chapter4/ros2_lqr/install/lqr_controller/share/lqr_controller/environment/path.dsv
[0.390s] -- Up-to-date: /home/hwl/per_workspace/control_plan/chapter4/ros2_lqr/install/lqr_controller/share/lqr_controller/local_setup.bash
[0.390s] -- Up-to-date: /home/hwl/per_workspace/control_plan/chapter4/ros2_lqr/install/lqr_controller/share/lqr_controller/local_setup.sh
[0.391s] -- Up-to-date: /home/hwl/per_workspace/control_plan/chapter4/ros2_lqr/install/lqr_controller/share/lqr_controller/local_setup.zsh
[0.391s] -- Up-to-date: /home/hwl/per_workspace/control_plan/chapter4/ros2_lqr/install/lqr_controller/share/lqr_controller/local_setup.dsv
[0.392s] -- Installing: /home/hwl/per_workspace/control_plan/chapter4/ros2_lqr/install/lqr_controller/share/lqr_controller/package.dsv
[0.392s] -- Up-to-date: /home/hwl/per_workspace/control_plan/chapter4/ros2_lqr/install/lqr_controller/share/ament_index/resource_index/packages/lqr_controller
[0.392s] -- Up-to-date: /home/hwl/per_workspace/control_plan/chapter4/ros2_lqr/install/lqr_controller/share/lqr_controller/cmake/lqr_controllerConfig.cmake
[0.393s] -- Up-to-date: /home/hwl/per_workspace/control_plan/chapter4/ros2_lqr/install/lqr_controller/share/lqr_controller/cmake/lqr_controllerConfig-version.cmake
[0.393s] -- Up-to-date: /home/hwl/per_workspace/control_plan/chapter4/ros2_lqr/install/lqr_controller/share/lqr_controller/package.xml
[0.393s] Invoked command in '/home/hwl/per_workspace/control_plan/chapter4/ros2_lqr/build/lqr_controller' returned '0': AMENT_PREFIX_PATH=/home/hwl/per_workspace/control_plan/chapter4/ros2_lqr/install/lgsvl_msgs:${AMENT_PREFIX_PATH} CMAKE_PREFIX_PATH=/home/hwl/per_workspace/control_plan/chapter4/ros2_lqr/install/lgsvl_msgs:${CMAKE_PREFIX_PATH} LD_LIBRARY_PATH=/home/hwl/per_workspace/control_plan/chapter4/ros2_lqr/install/lgsvl_msgs/lib:${LD_LIBRARY_PATH} PYTHONPATH=/home/hwl/per_workspace/control_plan/chapter4/ros2_lqr/install/lgsvl_msgs/lib/python3.8/site-packages:${PYTHONPATH} /usr/bin/cmake --install /home/hwl/per_workspace/control_plan/chapter4/ros2_lqr/build/lqr_controller
