[0.029s] Invoking command in '/home/hwl/per_workspace/control_plan/chapter4/ros2_lqr/build/lgsvl_msgs': /usr/bin/cmake --build /home/hwl/per_workspace/control_plan/chapter4/ros2_lqr/build/lgsvl_msgs -- -j16 -l16
[0.179s] [  0%] Built target lgsvl_msgs__cpp
[0.202s] [ 12%] Built target lgsvl_msgs__rosidl_generator_c
[0.208s] [ 12%] Built target ament_cmake_python_copy_lgsvl_msgs
[0.243s] [ 24%] Built target lgsvl_msgs__rosidl_typesupport_cpp
[0.244s] [ 36%] Built target lgsvl_msgs__rosidl_typesupport_introspection_cpp
[0.246s] [ 48%] Built target lgsvl_msgs__rosidl_typesupport_fastrtps_cpp
[0.270s] [ 60%] Built target lgsvl_msgs__rosidl_typesupport_c
[0.273s] [ 72%] Built target lgsvl_msgs__rosidl_typesupport_fastrtps_c
[0.279s] [ 84%] Built target lgsvl_msgs__rosidl_typesupport_introspection_c
[0.334s] [ 84%] Built target lgsvl_msgs
[0.394s] [ 85%] Built target lgsvl_msgs__py
[0.475s] [ 96%] Built target lgsvl_msgs__rosidl_generator_py
[0.516s] running egg_info
[0.518s] writing lgsvl_msgs.egg-info/PKG-INFO
[0.518s] writing dependency_links to lgsvl_msgs.egg-info/dependency_links.txt
[0.518s] writing top-level names to lgsvl_msgs.egg-info/top_level.txt
[0.532s] [ 97%] Built target lgsvl_msgs__rosidl_typesupport_fastrtps_c__pyext
[0.533s] [ 98%] Built target lgsvl_msgs__rosidl_typesupport_c__pyext
[0.537s] [100%] Built target lgsvl_msgs__rosidl_typesupport_introspection_c__pyext
[0.565s] reading manifest file 'lgsvl_msgs.egg-info/SOURCES.txt'
[0.566s] writing manifest file 'lgsvl_msgs.egg-info/SOURCES.txt'
[0.615s] [100%] Built target ament_cmake_python_build_lgsvl_msgs_egg
[0.634s] Invoked command in '/home/hwl/per_workspace/control_plan/chapter4/ros2_lqr/build/lgsvl_msgs' returned '0': /usr/bin/cmake --build /home/hwl/per_workspace/control_plan/chapter4/ros2_lqr/build/lgsvl_msgs -- -j16 -l16
[1.427s] Invoking command in '/home/hwl/per_workspace/control_plan/chapter4/ros2_lqr/build/lgsvl_msgs': /usr/bin/cmake --install /home/hwl/per_workspace/control_plan/chapter4/ros2_lqr/build/lgsvl_msgs
[1.443s] -- Install configuration: ""
[1.444s] -- Up-to-date: /home/hwl/per_workspace/control_plan/chapter4/ros2_lqr/install/lgsvl_msgs/share/ament_index/resource_index/rosidl_interfaces/lgsvl_msgs
[1.445s] -- Up-to-date: /home/hwl/per_workspace/control_plan/chapter4/ros2_lqr/install/lgsvl_msgs/include/lgsvl_msgs/lgsvl_msgs
[1.445s] -- Up-to-date: /home/hwl/per_workspace/control_plan/chapter4/ros2_lqr/install/lgsvl_msgs/include/lgsvl_msgs/lgsvl_msgs/msg
[1.446s] -- Up-to-date: /home/hwl/per_workspace/control_plan/chapter4/ros2_lqr/install/lgsvl_msgs/include/lgsvl_msgs/lgsvl_msgs/msg/bounding_box2_d.h
[1.447s] -- Up-to-date: /home/hwl/per_workspace/control_plan/chapter4/ros2_lqr/install/lgsvl_msgs/include/lgsvl_msgs/lgsvl_msgs/msg/vehicle_odometry.h
[1.447s] -- Up-to-date: /home/hwl/per_workspace/control_plan/chapter4/ros2_lqr/install/lgsvl_msgs/include/lgsvl_msgs/lgsvl_msgs/msg/detection3_d_array.h
[1.448s] -- Up-to-date: /home/hwl/per_workspace/control_plan/chapter4/ros2_lqr/install/lgsvl_msgs/include/lgsvl_msgs/lgsvl_msgs/msg/detail
[1.449s] -- Up-to-date: /home/hwl/per_workspace/control_plan/chapter4/ros2_lqr/install/lgsvl_msgs/include/lgsvl_msgs/lgsvl_msgs/msg/detail/detection3_d__functions.h
[1.450s] -- Up-to-date: /home/hwl/per_workspace/control_plan/chapter4/ros2_lqr/install/lgsvl_msgs/include/lgsvl_msgs/lgsvl_msgs/msg/detail/detection3_d__struct.h
[1.450s] -- Up-to-date: /home/hwl/per_workspace/control_plan/chapter4/ros2_lqr/install/lgsvl_msgs/include/lgsvl_msgs/lgsvl_msgs/msg/detail/signal__functions.c
[1.451s] -- Up-to-date: /home/hwl/per_workspace/control_plan/chapter4/ros2_lqr/install/lgsvl_msgs/include/lgsvl_msgs/lgsvl_msgs/msg/detail/bounding_box3_d__functions.c
[1.452s] -- Up-to-date: /home/hwl/per_workspace/control_plan/chapter4/ros2_lqr/install/lgsvl_msgs/include/lgsvl_msgs/lgsvl_msgs/msg/detail/vehicle_odometry__functions.h
[1.452s] -- Up-to-date: /home/hwl/per_workspace/control_plan/chapter4/ros2_lqr/install/lgsvl_msgs/include/lgsvl_msgs/lgsvl_msgs/msg/detail/detection2_d_array__functions.c
[1.453s] -- Up-to-date: /home/hwl/per_workspace/control_plan/chapter4/ros2_lqr/install/lgsvl_msgs/include/lgsvl_msgs/lgsvl_msgs/msg/detail/vehicle_state_data__functions.c
[1.453s] -- Up-to-date: /home/hwl/per_workspace/control_plan/chapter4/ros2_lqr/install/lgsvl_msgs/include/lgsvl_msgs/lgsvl_msgs/msg/detail/detected_radar_object__functions.c
[1.454s] -- Up-to-date: /home/hwl/per_workspace/control_plan/chapter4/ros2_lqr/install/lgsvl_msgs/include/lgsvl_msgs/lgsvl_msgs/msg/detail/bounding_box2_d__struct.h
[1.454s] -- Up-to-date: /home/hwl/per_workspace/control_plan/chapter4/ros2_lqr/install/lgsvl_msgs/include/lgsvl_msgs/lgsvl_msgs/msg/detail/signal_array__functions.c
[1.454s] -- Up-to-date: /home/hwl/per_workspace/control_plan/chapter4/ros2_lqr/install/lgsvl_msgs/include/lgsvl_msgs/lgsvl_msgs/msg/detail/detection3_d_array__struct.h
[1.456s] -- Up-to-date: /home/hwl/per_workspace/control_plan/chapter4/ros2_lqr/install/lgsvl_msgs/include/lgsvl_msgs/lgsvl_msgs/msg/detail/detection3_d__functions.c
[1.456s] -- Up-to-date: /home/hwl/per_workspace/control_plan/chapter4/ros2_lqr/install/lgsvl_msgs/include/lgsvl_msgs/lgsvl_msgs/msg/detail/detection2_d_array__type_support.h
[1.456s] -- Up-to-date: /home/hwl/per_workspace/control_plan/chapter4/ros2_lqr/install/lgsvl_msgs/include/lgsvl_msgs/lgsvl_msgs/msg/detail/vehicle_odometry__functions.c
[1.457s] -- Up-to-date: /home/hwl/per_workspace/control_plan/chapter4/ros2_lqr/install/lgsvl_msgs/include/lgsvl_msgs/lgsvl_msgs/msg/detail/can_bus_data__functions.h
[1.457s] -- Up-to-date: /home/hwl/per_workspace/control_plan/chapter4/ros2_lqr/install/lgsvl_msgs/include/lgsvl_msgs/lgsvl_msgs/msg/detail/detected_radar_object__struct.h
[1.457s] -- Up-to-date: /home/hwl/per_workspace/control_plan/chapter4/ros2_lqr/install/lgsvl_msgs/include/lgsvl_msgs/lgsvl_msgs/msg/detail/ultrasonic__struct.h
[1.457s] -- Up-to-date: /home/hwl/per_workspace/control_plan/chapter4/ros2_lqr/install/lgsvl_msgs/include/lgsvl_msgs/lgsvl_msgs/msg/detail/detected_radar_object_array__struct.h
[1.458s] -- Up-to-date: /home/hwl/per_workspace/control_plan/chapter4/ros2_lqr/install/lgsvl_msgs/include/lgsvl_msgs/lgsvl_msgs/msg/detail/signal_array__struct.h
[1.458s] -- Up-to-date: /home/hwl/per_workspace/control_plan/chapter4/ros2_lqr/install/lgsvl_msgs/include/lgsvl_msgs/lgsvl_msgs/msg/detail/vehicle_control_data__functions.h
[1.458s] -- Up-to-date: /home/hwl/per_workspace/control_plan/chapter4/ros2_lqr/install/lgsvl_msgs/include/lgsvl_msgs/lgsvl_msgs/msg/detail/vehicle_control_data__type_support.h
[1.458s] -- Up-to-date: /home/hwl/per_workspace/control_plan/chapter4/ros2_lqr/install/lgsvl_msgs/include/lgsvl_msgs/lgsvl_msgs/msg/detail/can_bus_data__functions.c
[1.458s] -- Up-to-date: /home/hwl/per_workspace/control_plan/chapter4/ros2_lqr/install/lgsvl_msgs/include/lgsvl_msgs/lgsvl_msgs/msg/detail/bounding_box2_d__functions.c
[1.459s] -- Up-to-date: /home/hwl/per_workspace/control_plan/chapter4/ros2_lqr/install/lgsvl_msgs/include/lgsvl_msgs/lgsvl_msgs/msg/detail/vehicle_control_data__functions.c
[1.459s] -- Up-to-date: /home/hwl/per_workspace/control_plan/chapter4/ros2_lqr/install/lgsvl_msgs/include/lgsvl_msgs/lgsvl_msgs/msg/detail/detected_radar_object_array__type_support.h
[1.459s] -- Up-to-date: /home/hwl/per_workspace/control_plan/chapter4/ros2_lqr/install/lgsvl_msgs/include/lgsvl_msgs/lgsvl_msgs/msg/detail/can_bus_data__type_support.h
[1.459s] -- Up-to-date: /home/hwl/per_workspace/control_plan/chapter4/ros2_lqr/install/lgsvl_msgs/include/lgsvl_msgs/lgsvl_msgs/msg/detail/detection3_d_array__type_support.h
[1.460s] -- Up-to-date: /home/hwl/per_workspace/control_plan/chapter4/ros2_lqr/install/lgsvl_msgs/include/lgsvl_msgs/lgsvl_msgs/msg/detail/signal__struct.h
[1.460s] -- Up-to-date: /home/hwl/per_workspace/control_plan/chapter4/ros2_lqr/install/lgsvl_msgs/include/lgsvl_msgs/lgsvl_msgs/msg/detail/detected_radar_object__functions.h
[1.460s] -- Up-to-date: /home/hwl/per_workspace/control_plan/chapter4/ros2_lqr/install/lgsvl_msgs/include/lgsvl_msgs/lgsvl_msgs/msg/detail/ultrasonic__functions.h
[1.460s] -- Up-to-date: /home/hwl/per_workspace/control_plan/chapter4/ros2_lqr/install/lgsvl_msgs/include/lgsvl_msgs/lgsvl_msgs/msg/detail/detection3_d_array__functions.c
[1.461s] -- Up-to-date: /home/hwl/per_workspace/control_plan/chapter4/ros2_lqr/install/lgsvl_msgs/include/lgsvl_msgs/lgsvl_msgs/msg/detail/detection2_d_array__struct.h
[1.461s] -- Up-to-date: /home/hwl/per_workspace/control_plan/chapter4/ros2_lqr/install/lgsvl_msgs/include/lgsvl_msgs/lgsvl_msgs/msg/detail/detection3_d_array__functions.h
[1.461s] -- Up-to-date: /home/hwl/per_workspace/control_plan/chapter4/ros2_lqr/install/lgsvl_msgs/include/lgsvl_msgs/lgsvl_msgs/msg/detail/bounding_box3_d__functions.h
[1.461s] -- Up-to-date: /home/hwl/per_workspace/control_plan/chapter4/ros2_lqr/install/lgsvl_msgs/include/lgsvl_msgs/lgsvl_msgs/msg/detail/bounding_box2_d__type_support.h
[1.461s] -- Up-to-date: /home/hwl/per_workspace/control_plan/chapter4/ros2_lqr/install/lgsvl_msgs/include/lgsvl_msgs/lgsvl_msgs/msg/detail/detection3_d__type_support.h
[1.462s] -- Up-to-date: /home/hwl/per_workspace/control_plan/chapter4/ros2_lqr/install/lgsvl_msgs/include/lgsvl_msgs/lgsvl_msgs/msg/detail/bounding_box2_d__functions.h
[1.462s] -- Up-to-date: /home/hwl/per_workspace/control_plan/chapter4/ros2_lqr/install/lgsvl_msgs/include/lgsvl_msgs/lgsvl_msgs/msg/detail/detection2_d__struct.h
[1.462s] -- Up-to-date: /home/hwl/per_workspace/control_plan/chapter4/ros2_lqr/install/lgsvl_msgs/include/lgsvl_msgs/lgsvl_msgs/msg/detail/vehicle_odometry__struct.h
[1.462s] -- Up-to-date: /home/hwl/per_workspace/control_plan/chapter4/ros2_lqr/install/lgsvl_msgs/include/lgsvl_msgs/lgsvl_msgs/msg/detail/detection2_d__functions.h
[1.463s] -- Up-to-date: /home/hwl/per_workspace/control_plan/chapter4/ros2_lqr/install/lgsvl_msgs/include/lgsvl_msgs/lgsvl_msgs/msg/detail/detection2_d__type_support.h
[1.463s] -- Up-to-date: /home/hwl/per_workspace/control_plan/chapter4/ros2_lqr/install/lgsvl_msgs/include/lgsvl_msgs/lgsvl_msgs/msg/detail/vehicle_control_data__struct.h
[1.463s] -- Up-to-date: /home/hwl/per_workspace/control_plan/chapter4/ros2_lqr/install/lgsvl_msgs/include/lgsvl_msgs/lgsvl_msgs/msg/detail/signal_array__type_support.h
[1.463s] -- Up-to-date: /home/hwl/per_workspace/control_plan/chapter4/ros2_lqr/install/lgsvl_msgs/include/lgsvl_msgs/lgsvl_msgs/msg/detail/ultrasonic__type_support.h
[1.463s] -- Up-to-date: /home/hwl/per_workspace/control_plan/chapter4/ros2_lqr/install/lgsvl_msgs/include/lgsvl_msgs/lgsvl_msgs/msg/detail/detection2_d__functions.c
[1.464s] -- Up-to-date: /home/hwl/per_workspace/control_plan/chapter4/ros2_lqr/install/lgsvl_msgs/include/lgsvl_msgs/lgsvl_msgs/msg/detail/bounding_box3_d__struct.h
[1.464s] -- Up-to-date: /home/hwl/per_workspace/control_plan/chapter4/ros2_lqr/install/lgsvl_msgs/include/lgsvl_msgs/lgsvl_msgs/msg/detail/vehicle_odometry__type_support.h
[1.464s] -- Up-to-date: /home/hwl/per_workspace/control_plan/chapter4/ros2_lqr/install/lgsvl_msgs/include/lgsvl_msgs/lgsvl_msgs/msg/detail/signal_array__functions.h
[1.464s] -- Up-to-date: /home/hwl/per_workspace/control_plan/chapter4/ros2_lqr/install/lgsvl_msgs/include/lgsvl_msgs/lgsvl_msgs/msg/detail/signal__functions.h
[1.464s] -- Up-to-date: /home/hwl/per_workspace/control_plan/chapter4/ros2_lqr/install/lgsvl_msgs/include/lgsvl_msgs/lgsvl_msgs/msg/detail/vehicle_state_data__type_support.h
[1.465s] -- Up-to-date: /home/hwl/per_workspace/control_plan/chapter4/ros2_lqr/install/lgsvl_msgs/include/lgsvl_msgs/lgsvl_msgs/msg/detail/detected_radar_object_array__functions.h
[1.465s] -- Up-to-date: /home/hwl/per_workspace/control_plan/chapter4/ros2_lqr/install/lgsvl_msgs/include/lgsvl_msgs/lgsvl_msgs/msg/detail/signal__type_support.h
[1.465s] -- Up-to-date: /home/hwl/per_workspace/control_plan/chapter4/ros2_lqr/install/lgsvl_msgs/include/lgsvl_msgs/lgsvl_msgs/msg/detail/can_bus_data__struct.h
[1.465s] -- Up-to-date: /home/hwl/per_workspace/control_plan/chapter4/ros2_lqr/install/lgsvl_msgs/include/lgsvl_msgs/lgsvl_msgs/msg/detail/ultrasonic__functions.c
[1.465s] -- Up-to-date: /home/hwl/per_workspace/control_plan/chapter4/ros2_lqr/install/lgsvl_msgs/include/lgsvl_msgs/lgsvl_msgs/msg/detail/vehicle_state_data__functions.h
[1.465s] -- Up-to-date: /home/hwl/per_workspace/control_plan/chapter4/ros2_lqr/install/lgsvl_msgs/include/lgsvl_msgs/lgsvl_msgs/msg/detail/detected_radar_object__type_support.h
[1.466s] -- Up-to-date: /home/hwl/per_workspace/control_plan/chapter4/ros2_lqr/install/lgsvl_msgs/include/lgsvl_msgs/lgsvl_msgs/msg/detail/vehicle_state_data__struct.h
[1.466s] -- Up-to-date: /home/hwl/per_workspace/control_plan/chapter4/ros2_lqr/install/lgsvl_msgs/include/lgsvl_msgs/lgsvl_msgs/msg/detail/detection2_d_array__functions.h
[1.466s] -- Up-to-date: /home/hwl/per_workspace/control_plan/chapter4/ros2_lqr/install/lgsvl_msgs/include/lgsvl_msgs/lgsvl_msgs/msg/detail/detected_radar_object_array__functions.c
[1.466s] -- Up-to-date: /home/hwl/per_workspace/control_plan/chapter4/ros2_lqr/install/lgsvl_msgs/include/lgsvl_msgs/lgsvl_msgs/msg/detail/bounding_box3_d__type_support.h
[1.466s] -- Up-to-date: /home/hwl/per_workspace/control_plan/chapter4/ros2_lqr/install/lgsvl_msgs/include/lgsvl_msgs/lgsvl_msgs/msg/signal_array.h
[1.466s] -- Up-to-date: /home/hwl/per_workspace/control_plan/chapter4/ros2_lqr/install/lgsvl_msgs/include/lgsvl_msgs/lgsvl_msgs/msg/ultrasonic.h
[1.467s] -- Up-to-date: /home/hwl/per_workspace/control_plan/chapter4/ros2_lqr/install/lgsvl_msgs/include/lgsvl_msgs/lgsvl_msgs/msg/rosidl_generator_c__visibility_control.h
[1.467s] -- Up-to-date: /home/hwl/per_workspace/control_plan/chapter4/ros2_lqr/install/lgsvl_msgs/include/lgsvl_msgs/lgsvl_msgs/msg/signal.h
[1.467s] -- Up-to-date: /home/hwl/per_workspace/control_plan/chapter4/ros2_lqr/install/lgsvl_msgs/include/lgsvl_msgs/lgsvl_msgs/msg/detection2_d_array.h
[1.467s] -- Up-to-date: /home/hwl/per_workspace/control_plan/chapter4/ros2_lqr/install/lgsvl_msgs/include/lgsvl_msgs/lgsvl_msgs/msg/detected_radar_object.h
[1.467s] -- Up-to-date: /home/hwl/per_workspace/control_plan/chapter4/ros2_lqr/install/lgsvl_msgs/include/lgsvl_msgs/lgsvl_msgs/msg/can_bus_data.h
[1.467s] -- Up-to-date: /home/hwl/per_workspace/control_plan/chapter4/ros2_lqr/install/lgsvl_msgs/include/lgsvl_msgs/lgsvl_msgs/msg/detected_radar_object_array.h
[1.468s] -- Up-to-date: /home/hwl/per_workspace/control_plan/chapter4/ros2_lqr/install/lgsvl_msgs/include/lgsvl_msgs/lgsvl_msgs/msg/bounding_box3_d.h
[1.468s] -- Up-to-date: /home/hwl/per_workspace/control_plan/chapter4/ros2_lqr/install/lgsvl_msgs/include/lgsvl_msgs/lgsvl_msgs/msg/vehicle_control_data.h
[1.468s] -- Up-to-date: /home/hwl/per_workspace/control_plan/chapter4/ros2_lqr/install/lgsvl_msgs/include/lgsvl_msgs/lgsvl_msgs/msg/detection3_d.h
[1.468s] -- Up-to-date: /home/hwl/per_workspace/control_plan/chapter4/ros2_lqr/install/lgsvl_msgs/include/lgsvl_msgs/lgsvl_msgs/msg/vehicle_state_data.h
[1.468s] -- Up-to-date: /home/hwl/per_workspace/control_plan/chapter4/ros2_lqr/install/lgsvl_msgs/include/lgsvl_msgs/lgsvl_msgs/msg/detection2_d.h
[1.468s] -- Up-to-date: /home/hwl/per_workspace/control_plan/chapter4/ros2_lqr/install/lgsvl_msgs/share/lgsvl_msgs/environment/library_path.sh
[1.469s] -- Up-to-date: /home/hwl/per_workspace/control_plan/chapter4/ros2_lqr/install/lgsvl_msgs/share/lgsvl_msgs/environment/library_path.dsv
[1.469s] -- Up-to-date: /home/hwl/per_workspace/control_plan/chapter4/ros2_lqr/install/lgsvl_msgs/lib/liblgsvl_msgs__rosidl_generator_c.so
[1.469s] -- Up-to-date: /home/hwl/per_workspace/control_plan/chapter4/ros2_lqr/install/lgsvl_msgs/include/lgsvl_msgs/lgsvl_msgs
[1.469s] -- Up-to-date: /home/hwl/per_workspace/control_plan/chapter4/ros2_lqr/install/lgsvl_msgs/include/lgsvl_msgs/lgsvl_msgs/msg
[1.469s] -- Up-to-date: /home/hwl/per_workspace/control_plan/chapter4/ros2_lqr/install/lgsvl_msgs/include/lgsvl_msgs/lgsvl_msgs/msg/detail
[1.469s] -- Up-to-date: /home/hwl/per_workspace/control_plan/chapter4/ros2_lqr/install/lgsvl_msgs/include/lgsvl_msgs/lgsvl_msgs/msg/detail/detection2_d_array__rosidl_typesupport_fastrtps_c.h
[1.470s] -- Up-to-date: /home/hwl/per_workspace/control_plan/chapter4/ros2_lqr/install/lgsvl_msgs/include/lgsvl_msgs/lgsvl_msgs/msg/detail/signal__rosidl_typesupport_fastrtps_c.h
[1.470s] -- Up-to-date: /home/hwl/per_workspace/control_plan/chapter4/ros2_lqr/install/lgsvl_msgs/include/lgsvl_msgs/lgsvl_msgs/msg/detail/bounding_box2_d__rosidl_typesupport_fastrtps_c.h
[1.470s] -- Up-to-date: /home/hwl/per_workspace/control_plan/chapter4/ros2_lqr/install/lgsvl_msgs/include/lgsvl_msgs/lgsvl_msgs/msg/detail/detection2_d__rosidl_typesupport_fastrtps_c.h
[1.470s] -- Up-to-date: /home/hwl/per_workspace/control_plan/chapter4/ros2_lqr/install/lgsvl_msgs/include/lgsvl_msgs/lgsvl_msgs/msg/detail/vehicle_odometry__rosidl_typesupport_fastrtps_c.h
[1.470s] -- Up-to-date: /home/hwl/per_workspace/control_plan/chapter4/ros2_lqr/install/lgsvl_msgs/include/lgsvl_msgs/lgsvl_msgs/msg/detail/detection3_d_array__rosidl_typesupport_fastrtps_c.h
[1.470s] -- Up-to-date: /home/hwl/per_workspace/control_plan/chapter4/ros2_lqr/install/lgsvl_msgs/include/lgsvl_msgs/lgsvl_msgs/msg/detail/bounding_box3_d__rosidl_typesupport_fastrtps_c.h
[1.471s] -- Up-to-date: /home/hwl/per_workspace/control_plan/chapter4/ros2_lqr/install/lgsvl_msgs/include/lgsvl_msgs/lgsvl_msgs/msg/detail/vehicle_state_data__rosidl_typesupport_fastrtps_c.h
[1.471s] -- Up-to-date: /home/hwl/per_workspace/control_plan/chapter4/ros2_lqr/install/lgsvl_msgs/include/lgsvl_msgs/lgsvl_msgs/msg/detail/signal_array__rosidl_typesupport_fastrtps_c.h
[1.471s] -- Up-to-date: /home/hwl/per_workspace/control_plan/chapter4/ros2_lqr/install/lgsvl_msgs/include/lgsvl_msgs/lgsvl_msgs/msg/detail/detected_radar_object__rosidl_typesupport_fastrtps_c.h
[1.471s] -- Up-to-date: /home/hwl/per_workspace/control_plan/chapter4/ros2_lqr/install/lgsvl_msgs/include/lgsvl_msgs/lgsvl_msgs/msg/detail/ultrasonic__rosidl_typesupport_fastrtps_c.h
[1.471s] -- Up-to-date: /home/hwl/per_workspace/control_plan/chapter4/ros2_lqr/install/lgsvl_msgs/include/lgsvl_msgs/lgsvl_msgs/msg/detail/can_bus_data__rosidl_typesupport_fastrtps_c.h
[1.471s] -- Up-to-date: /home/hwl/per_workspace/control_plan/chapter4/ros2_lqr/install/lgsvl_msgs/include/lgsvl_msgs/lgsvl_msgs/msg/detail/vehicle_control_data__rosidl_typesupport_fastrtps_c.h
[1.472s] -- Up-to-date: /home/hwl/per_workspace/control_plan/chapter4/ros2_lqr/install/lgsvl_msgs/include/lgsvl_msgs/lgsvl_msgs/msg/detail/detected_radar_object_array__rosidl_typesupport_fastrtps_c.h
[1.472s] -- Up-to-date: /home/hwl/per_workspace/control_plan/chapter4/ros2_lqr/install/lgsvl_msgs/include/lgsvl_msgs/lgsvl_msgs/msg/detail/detection3_d__rosidl_typesupport_fastrtps_c.h
[1.472s] -- Up-to-date: /home/hwl/per_workspace/control_plan/chapter4/ros2_lqr/install/lgsvl_msgs/include/lgsvl_msgs/lgsvl_msgs/msg/rosidl_typesupport_fastrtps_c__visibility_control.h
[1.472s] -- Up-to-date: /home/hwl/per_workspace/control_plan/chapter4/ros2_lqr/install/lgsvl_msgs/lib/liblgsvl_msgs__rosidl_typesupport_fastrtps_c.so
[1.472s] -- Up-to-date: /home/hwl/per_workspace/control_plan/chapter4/ros2_lqr/install/lgsvl_msgs/include/lgsvl_msgs/lgsvl_msgs
[1.472s] -- Up-to-date: /home/hwl/per_workspace/control_plan/chapter4/ros2_lqr/install/lgsvl_msgs/include/lgsvl_msgs/lgsvl_msgs/msg
[1.472s] -- Up-to-date: /home/hwl/per_workspace/control_plan/chapter4/ros2_lqr/install/lgsvl_msgs/include/lgsvl_msgs/lgsvl_msgs/msg/detected_radar_object.hpp
[1.473s] -- Up-to-date: /home/hwl/per_workspace/control_plan/chapter4/ros2_lqr/install/lgsvl_msgs/include/lgsvl_msgs/lgsvl_msgs/msg/detail
[1.473s] -- Up-to-date: /home/hwl/per_workspace/control_plan/chapter4/ros2_lqr/install/lgsvl_msgs/include/lgsvl_msgs/lgsvl_msgs/msg/detail/can_bus_data__traits.hpp
[1.473s] -- Up-to-date: /home/hwl/per_workspace/control_plan/chapter4/ros2_lqr/install/lgsvl_msgs/include/lgsvl_msgs/lgsvl_msgs/msg/detail/bounding_box2_d__struct.hpp
[1.473s] -- Up-to-date: /home/hwl/per_workspace/control_plan/chapter4/ros2_lqr/install/lgsvl_msgs/include/lgsvl_msgs/lgsvl_msgs/msg/detail/vehicle_control_data__struct.hpp
[1.473s] -- Up-to-date: /home/hwl/per_workspace/control_plan/chapter4/ros2_lqr/install/lgsvl_msgs/include/lgsvl_msgs/lgsvl_msgs/msg/detail/detection2_d_array__struct.hpp
[1.473s] -- Up-to-date: /home/hwl/per_workspace/control_plan/chapter4/ros2_lqr/install/lgsvl_msgs/include/lgsvl_msgs/lgsvl_msgs/msg/detail/detected_radar_object__struct.hpp
[1.474s] -- Up-to-date: /home/hwl/per_workspace/control_plan/chapter4/ros2_lqr/install/lgsvl_msgs/include/lgsvl_msgs/lgsvl_msgs/msg/detail/signal_array__traits.hpp
[1.474s] -- Up-to-date: /home/hwl/per_workspace/control_plan/chapter4/ros2_lqr/install/lgsvl_msgs/include/lgsvl_msgs/lgsvl_msgs/msg/detail/vehicle_control_data__builder.hpp
[1.474s] -- Up-to-date: /home/hwl/per_workspace/control_plan/chapter4/ros2_lqr/install/lgsvl_msgs/include/lgsvl_msgs/lgsvl_msgs/msg/detail/detection2_d__struct.hpp
[1.474s] -- Up-to-date: /home/hwl/per_workspace/control_plan/chapter4/ros2_lqr/install/lgsvl_msgs/include/lgsvl_msgs/lgsvl_msgs/msg/detail/vehicle_odometry__traits.hpp
[1.474s] -- Up-to-date: /home/hwl/per_workspace/control_plan/chapter4/ros2_lqr/install/lgsvl_msgs/include/lgsvl_msgs/lgsvl_msgs/msg/detail/bounding_box2_d__builder.hpp
[1.474s] -- Up-to-date: /home/hwl/per_workspace/control_plan/chapter4/ros2_lqr/install/lgsvl_msgs/include/lgsvl_msgs/lgsvl_msgs/msg/detail/detection2_d_array__builder.hpp
[1.475s] -- Up-to-date: /home/hwl/per_workspace/control_plan/chapter4/ros2_lqr/install/lgsvl_msgs/include/lgsvl_msgs/lgsvl_msgs/msg/detail/ultrasonic__struct.hpp
[1.475s] -- Up-to-date: /home/hwl/per_workspace/control_plan/chapter4/ros2_lqr/install/lgsvl_msgs/include/lgsvl_msgs/lgsvl_msgs/msg/detail/detection3_d__struct.hpp
[1.475s] -- Up-to-date: /home/hwl/per_workspace/control_plan/chapter4/ros2_lqr/install/lgsvl_msgs/include/lgsvl_msgs/lgsvl_msgs/msg/detail/signal_array__builder.hpp
[1.475s] -- Up-to-date: /home/hwl/per_workspace/control_plan/chapter4/ros2_lqr/install/lgsvl_msgs/include/lgsvl_msgs/lgsvl_msgs/msg/detail/detected_radar_object_array__traits.hpp
[1.475s] -- Up-to-date: /home/hwl/per_workspace/control_plan/chapter4/ros2_lqr/install/lgsvl_msgs/include/lgsvl_msgs/lgsvl_msgs/msg/detail/detection3_d__builder.hpp
[1.475s] -- Up-to-date: /home/hwl/per_workspace/control_plan/chapter4/ros2_lqr/install/lgsvl_msgs/include/lgsvl_msgs/lgsvl_msgs/msg/detail/can_bus_data__builder.hpp
[1.475s] -- Up-to-date: /home/hwl/per_workspace/control_plan/chapter4/ros2_lqr/install/lgsvl_msgs/include/lgsvl_msgs/lgsvl_msgs/msg/detail/detected_radar_object__builder.hpp
[1.475s] -- Up-to-date: /home/hwl/per_workspace/control_plan/chapter4/ros2_lqr/install/lgsvl_msgs/include/lgsvl_msgs/lgsvl_msgs/msg/detail/vehicle_odometry__struct.hpp
[1.476s] -- Up-to-date: /home/hwl/per_workspace/control_plan/chapter4/ros2_lqr/install/lgsvl_msgs/include/lgsvl_msgs/lgsvl_msgs/msg/detail/signal__struct.hpp
[1.476s] -- Up-to-date: /home/hwl/per_workspace/control_plan/chapter4/ros2_lqr/install/lgsvl_msgs/include/lgsvl_msgs/lgsvl_msgs/msg/detail/vehicle_odometry__builder.hpp
[1.476s] -- Up-to-date: /home/hwl/per_workspace/control_plan/chapter4/ros2_lqr/install/lgsvl_msgs/include/lgsvl_msgs/lgsvl_msgs/msg/detail/vehicle_state_data__builder.hpp
[1.476s] -- Up-to-date: /home/hwl/per_workspace/control_plan/chapter4/ros2_lqr/install/lgsvl_msgs/include/lgsvl_msgs/lgsvl_msgs/msg/detail/can_bus_data__struct.hpp
[1.476s] -- Up-to-date: /home/hwl/per_workspace/control_plan/chapter4/ros2_lqr/install/lgsvl_msgs/include/lgsvl_msgs/lgsvl_msgs/msg/detail/vehicle_control_data__traits.hpp
[1.476s] -- Up-to-date: /home/hwl/per_workspace/control_plan/chapter4/ros2_lqr/install/lgsvl_msgs/include/lgsvl_msgs/lgsvl_msgs/msg/detail/detection3_d_array__traits.hpp
[1.476s] -- Up-to-date: /home/hwl/per_workspace/control_plan/chapter4/ros2_lqr/install/lgsvl_msgs/include/lgsvl_msgs/lgsvl_msgs/msg/detail/bounding_box3_d__traits.hpp
[1.476s] -- Up-to-date: /home/hwl/per_workspace/control_plan/chapter4/ros2_lqr/install/lgsvl_msgs/include/lgsvl_msgs/lgsvl_msgs/msg/detail/signal__traits.hpp
[1.476s] -- Up-to-date: /home/hwl/per_workspace/control_plan/chapter4/ros2_lqr/install/lgsvl_msgs/include/lgsvl_msgs/lgsvl_msgs/msg/detail/signal_array__struct.hpp
[1.476s] -- Up-to-date: /home/hwl/per_workspace/control_plan/chapter4/ros2_lqr/install/lgsvl_msgs/include/lgsvl_msgs/lgsvl_msgs/msg/detail/detection3_d_array__builder.hpp
[1.477s] -- Up-to-date: /home/hwl/per_workspace/control_plan/chapter4/ros2_lqr/install/lgsvl_msgs/include/lgsvl_msgs/lgsvl_msgs/msg/detail/detection3_d_array__struct.hpp
[1.477s] -- Up-to-date: /home/hwl/per_workspace/control_plan/chapter4/ros2_lqr/install/lgsvl_msgs/include/lgsvl_msgs/lgsvl_msgs/msg/detail/detection2_d__builder.hpp
[1.477s] -- Up-to-date: /home/hwl/per_workspace/control_plan/chapter4/ros2_lqr/install/lgsvl_msgs/include/lgsvl_msgs/lgsvl_msgs/msg/detail/ultrasonic__traits.hpp
[1.477s] -- Up-to-date: /home/hwl/per_workspace/control_plan/chapter4/ros2_lqr/install/lgsvl_msgs/include/lgsvl_msgs/lgsvl_msgs/msg/detail/detected_radar_object__traits.hpp
[1.477s] -- Up-to-date: /home/hwl/per_workspace/control_plan/chapter4/ros2_lqr/install/lgsvl_msgs/include/lgsvl_msgs/lgsvl_msgs/msg/detail/detected_radar_object_array__struct.hpp
[1.477s] -- Up-to-date: /home/hwl/per_workspace/control_plan/chapter4/ros2_lqr/install/lgsvl_msgs/include/lgsvl_msgs/lgsvl_msgs/msg/detail/bounding_box3_d__builder.hpp
[1.477s] -- Up-to-date: /home/hwl/per_workspace/control_plan/chapter4/ros2_lqr/install/lgsvl_msgs/include/lgsvl_msgs/lgsvl_msgs/msg/detail/vehicle_state_data__traits.hpp
[1.477s] -- Up-to-date: /home/hwl/per_workspace/control_plan/chapter4/ros2_lqr/install/lgsvl_msgs/include/lgsvl_msgs/lgsvl_msgs/msg/detail/detected_radar_object_array__builder.hpp
[1.477s] -- Up-to-date: /home/hwl/per_workspace/control_plan/chapter4/ros2_lqr/install/lgsvl_msgs/include/lgsvl_msgs/lgsvl_msgs/msg/detail/ultrasonic__builder.hpp
[1.477s] -- Up-to-date: /home/hwl/per_workspace/control_plan/chapter4/ros2_lqr/install/lgsvl_msgs/include/lgsvl_msgs/lgsvl_msgs/msg/detail/vehicle_state_data__struct.hpp
[1.478s] -- Up-to-date: /home/hwl/per_workspace/control_plan/chapter4/ros2_lqr/install/lgsvl_msgs/include/lgsvl_msgs/lgsvl_msgs/msg/detail/signal__builder.hpp
[1.478s] -- Up-to-date: /home/hwl/per_workspace/control_plan/chapter4/ros2_lqr/install/lgsvl_msgs/include/lgsvl_msgs/lgsvl_msgs/msg/detail/detection2_d__traits.hpp
[1.478s] -- Up-to-date: /home/hwl/per_workspace/control_plan/chapter4/ros2_lqr/install/lgsvl_msgs/include/lgsvl_msgs/lgsvl_msgs/msg/detail/detection2_d_array__traits.hpp
[1.478s] -- Up-to-date: /home/hwl/per_workspace/control_plan/chapter4/ros2_lqr/install/lgsvl_msgs/include/lgsvl_msgs/lgsvl_msgs/msg/detail/bounding_box2_d__traits.hpp
[1.478s] -- Up-to-date: /home/hwl/per_workspace/control_plan/chapter4/ros2_lqr/install/lgsvl_msgs/include/lgsvl_msgs/lgsvl_msgs/msg/detail/bounding_box3_d__struct.hpp
[1.478s] -- Up-to-date: /home/hwl/per_workspace/control_plan/chapter4/ros2_lqr/install/lgsvl_msgs/include/lgsvl_msgs/lgsvl_msgs/msg/detail/detection3_d__traits.hpp
[1.478s] -- Up-to-date: /home/hwl/per_workspace/control_plan/chapter4/ros2_lqr/install/lgsvl_msgs/include/lgsvl_msgs/lgsvl_msgs/msg/can_bus_data.hpp
[1.478s] -- Up-to-date: /home/hwl/per_workspace/control_plan/chapter4/ros2_lqr/install/lgsvl_msgs/include/lgsvl_msgs/lgsvl_msgs/msg/bounding_box3_d.hpp
[1.478s] -- Up-to-date: /home/hwl/per_workspace/control_plan/chapter4/ros2_lqr/install/lgsvl_msgs/include/lgsvl_msgs/lgsvl_msgs/msg/detection3_d_array.hpp
[1.479s] -- Up-to-date: /home/hwl/per_workspace/control_plan/chapter4/ros2_lqr/install/lgsvl_msgs/include/lgsvl_msgs/lgsvl_msgs/msg/detection2_d.hpp
[1.479s] -- Up-to-date: /home/hwl/per_workspace/control_plan/chapter4/ros2_lqr/install/lgsvl_msgs/include/lgsvl_msgs/lgsvl_msgs/msg/signal.hpp
[1.479s] -- Up-to-date: /home/hwl/per_workspace/control_plan/chapter4/ros2_lqr/install/lgsvl_msgs/include/lgsvl_msgs/lgsvl_msgs/msg/vehicle_control_data.hpp
[1.479s] -- Up-to-date: /home/hwl/per_workspace/control_plan/chapter4/ros2_lqr/install/lgsvl_msgs/include/lgsvl_msgs/lgsvl_msgs/msg/ultrasonic.hpp
[1.479s] -- Up-to-date: /home/hwl/per_workspace/control_plan/chapter4/ros2_lqr/install/lgsvl_msgs/include/lgsvl_msgs/lgsvl_msgs/msg/detection2_d_array.hpp
[1.479s] -- Up-to-date: /home/hwl/per_workspace/control_plan/chapter4/ros2_lqr/install/lgsvl_msgs/include/lgsvl_msgs/lgsvl_msgs/msg/detected_radar_object_array.hpp
[1.479s] -- Up-to-date: /home/hwl/per_workspace/control_plan/chapter4/ros2_lqr/install/lgsvl_msgs/include/lgsvl_msgs/lgsvl_msgs/msg/signal_array.hpp
[1.479s] -- Up-to-date: /home/hwl/per_workspace/control_plan/chapter4/ros2_lqr/install/lgsvl_msgs/include/lgsvl_msgs/lgsvl_msgs/msg/vehicle_state_data.hpp
[1.479s] -- Up-to-date: /home/hwl/per_workspace/control_plan/chapter4/ros2_lqr/install/lgsvl_msgs/include/lgsvl_msgs/lgsvl_msgs/msg/vehicle_odometry.hpp
[1.479s] -- Up-to-date: /home/hwl/per_workspace/control_plan/chapter4/ros2_lqr/install/lgsvl_msgs/include/lgsvl_msgs/lgsvl_msgs/msg/bounding_box2_d.hpp
[1.480s] -- Up-to-date: /home/hwl/per_workspace/control_plan/chapter4/ros2_lqr/install/lgsvl_msgs/include/lgsvl_msgs/lgsvl_msgs/msg/detection3_d.hpp
[1.480s] -- Up-to-date: /home/hwl/per_workspace/control_plan/chapter4/ros2_lqr/install/lgsvl_msgs/include/lgsvl_msgs/lgsvl_msgs
[1.480s] -- Up-to-date: /home/hwl/per_workspace/control_plan/chapter4/ros2_lqr/install/lgsvl_msgs/include/lgsvl_msgs/lgsvl_msgs/msg
[1.480s] -- Up-to-date: /home/hwl/per_workspace/control_plan/chapter4/ros2_lqr/install/lgsvl_msgs/include/lgsvl_msgs/lgsvl_msgs/msg/rosidl_typesupport_fastrtps_cpp__visibility_control.h
[1.480s] -- Up-to-date: /home/hwl/per_workspace/control_plan/chapter4/ros2_lqr/install/lgsvl_msgs/include/lgsvl_msgs/lgsvl_msgs/msg/detail
[1.480s] -- Up-to-date: /home/hwl/per_workspace/control_plan/chapter4/ros2_lqr/install/lgsvl_msgs/include/lgsvl_msgs/lgsvl_msgs/msg/detail/bounding_box2_d__rosidl_typesupport_fastrtps_cpp.hpp
[1.480s] -- Up-to-date: /home/hwl/per_workspace/control_plan/chapter4/ros2_lqr/install/lgsvl_msgs/include/lgsvl_msgs/lgsvl_msgs/msg/detail/vehicle_control_data__rosidl_typesupport_fastrtps_cpp.hpp
[1.480s] -- Up-to-date: /home/hwl/per_workspace/control_plan/chapter4/ros2_lqr/install/lgsvl_msgs/include/lgsvl_msgs/lgsvl_msgs/msg/detail/signal__rosidl_typesupport_fastrtps_cpp.hpp
[1.480s] -- Up-to-date: /home/hwl/per_workspace/control_plan/chapter4/ros2_lqr/install/lgsvl_msgs/include/lgsvl_msgs/lgsvl_msgs/msg/detail/dds_fastrtps
[1.481s] -- Up-to-date: /home/hwl/per_workspace/control_plan/chapter4/ros2_lqr/install/lgsvl_msgs/include/lgsvl_msgs/lgsvl_msgs/msg/detail/can_bus_data__rosidl_typesupport_fastrtps_cpp.hpp
[1.481s] -- Up-to-date: /home/hwl/per_workspace/control_plan/chapter4/ros2_lqr/install/lgsvl_msgs/include/lgsvl_msgs/lgsvl_msgs/msg/detail/detection3_d__rosidl_typesupport_fastrtps_cpp.hpp
[1.481s] -- Up-to-date: /home/hwl/per_workspace/control_plan/chapter4/ros2_lqr/install/lgsvl_msgs/include/lgsvl_msgs/lgsvl_msgs/msg/detail/detection3_d_array__rosidl_typesupport_fastrtps_cpp.hpp
[1.481s] -- Up-to-date: /home/hwl/per_workspace/control_plan/chapter4/ros2_lqr/install/lgsvl_msgs/include/lgsvl_msgs/lgsvl_msgs/msg/detail/vehicle_odometry__rosidl_typesupport_fastrtps_cpp.hpp
[1.481s] -- Up-to-date: /home/hwl/per_workspace/control_plan/chapter4/ros2_lqr/install/lgsvl_msgs/include/lgsvl_msgs/lgsvl_msgs/msg/detail/detected_radar_object_array__rosidl_typesupport_fastrtps_cpp.hpp
[1.481s] -- Up-to-date: /home/hwl/per_workspace/control_plan/chapter4/ros2_lqr/install/lgsvl_msgs/include/lgsvl_msgs/lgsvl_msgs/msg/detail/detection2_d__rosidl_typesupport_fastrtps_cpp.hpp
[1.481s] -- Up-to-date: /home/hwl/per_workspace/control_plan/chapter4/ros2_lqr/install/lgsvl_msgs/include/lgsvl_msgs/lgsvl_msgs/msg/detail/ultrasonic__rosidl_typesupport_fastrtps_cpp.hpp
[1.481s] -- Up-to-date: /home/hwl/per_workspace/control_plan/chapter4/ros2_lqr/install/lgsvl_msgs/include/lgsvl_msgs/lgsvl_msgs/msg/detail/detection2_d_array__rosidl_typesupport_fastrtps_cpp.hpp
[1.481s] -- Up-to-date: /home/hwl/per_workspace/control_plan/chapter4/ros2_lqr/install/lgsvl_msgs/include/lgsvl_msgs/lgsvl_msgs/msg/detail/signal_array__rosidl_typesupport_fastrtps_cpp.hpp
[1.481s] -- Up-to-date: /home/hwl/per_workspace/control_plan/chapter4/ros2_lqr/install/lgsvl_msgs/include/lgsvl_msgs/lgsvl_msgs/msg/detail/vehicle_state_data__rosidl_typesupport_fastrtps_cpp.hpp
[1.482s] -- Up-to-date: /home/hwl/per_workspace/control_plan/chapter4/ros2_lqr/install/lgsvl_msgs/include/lgsvl_msgs/lgsvl_msgs/msg/detail/detected_radar_object__rosidl_typesupport_fastrtps_cpp.hpp
[1.482s] -- Up-to-date: /home/hwl/per_workspace/control_plan/chapter4/ros2_lqr/install/lgsvl_msgs/include/lgsvl_msgs/lgsvl_msgs/msg/detail/bounding_box3_d__rosidl_typesupport_fastrtps_cpp.hpp
[1.482s] -- Up-to-date: /home/hwl/per_workspace/control_plan/chapter4/ros2_lqr/install/lgsvl_msgs/lib/liblgsvl_msgs__rosidl_typesupport_fastrtps_cpp.so
[1.482s] -- Up-to-date: /home/hwl/per_workspace/control_plan/chapter4/ros2_lqr/install/lgsvl_msgs/include/lgsvl_msgs/lgsvl_msgs
[1.482s] -- Up-to-date: /home/hwl/per_workspace/control_plan/chapter4/ros2_lqr/install/lgsvl_msgs/include/lgsvl_msgs/lgsvl_msgs/msg
[1.482s] -- Up-to-date: /home/hwl/per_workspace/control_plan/chapter4/ros2_lqr/install/lgsvl_msgs/include/lgsvl_msgs/lgsvl_msgs/msg/detail
[1.482s] -- Up-to-date: /home/hwl/per_workspace/control_plan/chapter4/ros2_lqr/install/lgsvl_msgs/include/lgsvl_msgs/lgsvl_msgs/msg/detail/signal__type_support.c
[1.482s] -- Up-to-date: /home/hwl/per_workspace/control_plan/chapter4/ros2_lqr/install/lgsvl_msgs/include/lgsvl_msgs/lgsvl_msgs/msg/detail/ultrasonic__rosidl_typesupport_introspection_c.h
[1.482s] -- Up-to-date: /home/hwl/per_workspace/control_plan/chapter4/ros2_lqr/install/lgsvl_msgs/include/lgsvl_msgs/lgsvl_msgs/msg/detail/detection2_d__type_support.c
[1.483s] -- Up-to-date: /home/hwl/per_workspace/control_plan/chapter4/ros2_lqr/install/lgsvl_msgs/include/lgsvl_msgs/lgsvl_msgs/msg/detail/detected_radar_object_array__type_support.c
[1.483s] -- Up-to-date: /home/hwl/per_workspace/control_plan/chapter4/ros2_lqr/install/lgsvl_msgs/include/lgsvl_msgs/lgsvl_msgs/msg/detail/can_bus_data__rosidl_typesupport_introspection_c.h
[1.483s] -- Up-to-date: /home/hwl/per_workspace/control_plan/chapter4/ros2_lqr/install/lgsvl_msgs/include/lgsvl_msgs/lgsvl_msgs/msg/detail/detection3_d_array__type_support.c
[1.483s] -- Up-to-date: /home/hwl/per_workspace/control_plan/chapter4/ros2_lqr/install/lgsvl_msgs/include/lgsvl_msgs/lgsvl_msgs/msg/detail/signal_array__type_support.c
[1.483s] -- Up-to-date: /home/hwl/per_workspace/control_plan/chapter4/ros2_lqr/install/lgsvl_msgs/include/lgsvl_msgs/lgsvl_msgs/msg/detail/detection3_d_array__rosidl_typesupport_introspection_c.h
[1.483s] -- Up-to-date: /home/hwl/per_workspace/control_plan/chapter4/ros2_lqr/install/lgsvl_msgs/include/lgsvl_msgs/lgsvl_msgs/msg/detail/vehicle_state_data__type_support.c
[1.483s] -- Up-to-date: /home/hwl/per_workspace/control_plan/chapter4/ros2_lqr/install/lgsvl_msgs/include/lgsvl_msgs/lgsvl_msgs/msg/detail/bounding_box3_d__rosidl_typesupport_introspection_c.h
[1.483s] -- Up-to-date: /home/hwl/per_workspace/control_plan/chapter4/ros2_lqr/install/lgsvl_msgs/include/lgsvl_msgs/lgsvl_msgs/msg/detail/vehicle_control_data__type_support.c
[1.483s] -- Up-to-date: /home/hwl/per_workspace/control_plan/chapter4/ros2_lqr/install/lgsvl_msgs/include/lgsvl_msgs/lgsvl_msgs/msg/detail/vehicle_control_data__rosidl_typesupport_introspection_c.h
[1.483s] -- Up-to-date: /home/hwl/per_workspace/control_plan/chapter4/ros2_lqr/install/lgsvl_msgs/include/lgsvl_msgs/lgsvl_msgs/msg/detail/can_bus_data__type_support.c
[1.484s] -- Up-to-date: /home/hwl/per_workspace/control_plan/chapter4/ros2_lqr/install/lgsvl_msgs/include/lgsvl_msgs/lgsvl_msgs/msg/detail/detection2_d__rosidl_typesupport_introspection_c.h
[1.484s] -- Up-to-date: /home/hwl/per_workspace/control_plan/chapter4/ros2_lqr/install/lgsvl_msgs/include/lgsvl_msgs/lgsvl_msgs/msg/detail/detection3_d__rosidl_typesupport_introspection_c.h
[1.484s] -- Up-to-date: /home/hwl/per_workspace/control_plan/chapter4/ros2_lqr/install/lgsvl_msgs/include/lgsvl_msgs/lgsvl_msgs/msg/detail/signal_array__rosidl_typesupport_introspection_c.h
[1.484s] -- Up-to-date: /home/hwl/per_workspace/control_plan/chapter4/ros2_lqr/install/lgsvl_msgs/include/lgsvl_msgs/lgsvl_msgs/msg/detail/detected_radar_object__rosidl_typesupport_introspection_c.h
[1.484s] -- Up-to-date: /home/hwl/per_workspace/control_plan/chapter4/ros2_lqr/install/lgsvl_msgs/include/lgsvl_msgs/lgsvl_msgs/msg/detail/detection3_d__type_support.c
[1.484s] -- Up-to-date: /home/hwl/per_workspace/control_plan/chapter4/ros2_lqr/install/lgsvl_msgs/include/lgsvl_msgs/lgsvl_msgs/msg/detail/bounding_box3_d__type_support.c
[1.484s] -- Up-to-date: /home/hwl/per_workspace/control_plan/chapter4/ros2_lqr/install/lgsvl_msgs/include/lgsvl_msgs/lgsvl_msgs/msg/detail/signal__rosidl_typesupport_introspection_c.h
[1.484s] -- Up-to-date: /home/hwl/per_workspace/control_plan/chapter4/ros2_lqr/install/lgsvl_msgs/include/lgsvl_msgs/lgsvl_msgs/msg/detail/vehicle_odometry__type_support.c
[1.484s] -- Up-to-date: /home/hwl/per_workspace/control_plan/chapter4/ros2_lqr/install/lgsvl_msgs/include/lgsvl_msgs/lgsvl_msgs/msg/detail/ultrasonic__type_support.c
[1.485s] -- Up-to-date: /home/hwl/per_workspace/control_plan/chapter4/ros2_lqr/install/lgsvl_msgs/include/lgsvl_msgs/lgsvl_msgs/msg/detail/detected_radar_object_array__rosidl_typesupport_introspection_c.h
[1.485s] -- Up-to-date: /home/hwl/per_workspace/control_plan/chapter4/ros2_lqr/install/lgsvl_msgs/include/lgsvl_msgs/lgsvl_msgs/msg/detail/detection2_d_array__rosidl_typesupport_introspection_c.h
[1.485s] -- Up-to-date: /home/hwl/per_workspace/control_plan/chapter4/ros2_lqr/install/lgsvl_msgs/include/lgsvl_msgs/lgsvl_msgs/msg/detail/detected_radar_object__type_support.c
[1.485s] -- Up-to-date: /home/hwl/per_workspace/control_plan/chapter4/ros2_lqr/install/lgsvl_msgs/include/lgsvl_msgs/lgsvl_msgs/msg/detail/bounding_box2_d__rosidl_typesupport_introspection_c.h
[1.485s] -- Up-to-date: /home/hwl/per_workspace/control_plan/chapter4/ros2_lqr/install/lgsvl_msgs/include/lgsvl_msgs/lgsvl_msgs/msg/detail/detection2_d_array__type_support.c
[1.485s] -- Up-to-date: /home/hwl/per_workspace/control_plan/chapter4/ros2_lqr/install/lgsvl_msgs/include/lgsvl_msgs/lgsvl_msgs/msg/detail/bounding_box2_d__type_support.c
[1.485s] -- Up-to-date: /home/hwl/per_workspace/control_plan/chapter4/ros2_lqr/install/lgsvl_msgs/include/lgsvl_msgs/lgsvl_msgs/msg/detail/vehicle_state_data__rosidl_typesupport_introspection_c.h
[1.485s] -- Up-to-date: /home/hwl/per_workspace/control_plan/chapter4/ros2_lqr/install/lgsvl_msgs/include/lgsvl_msgs/lgsvl_msgs/msg/detail/vehicle_odometry__rosidl_typesupport_introspection_c.h
[1.485s] -- Up-to-date: /home/hwl/per_workspace/control_plan/chapter4/ros2_lqr/install/lgsvl_msgs/include/lgsvl_msgs/lgsvl_msgs/msg/rosidl_typesupport_introspection_c__visibility_control.h
[1.485s] -- Up-to-date: /home/hwl/per_workspace/control_plan/chapter4/ros2_lqr/install/lgsvl_msgs/lib/liblgsvl_msgs__rosidl_typesupport_introspection_c.so
[1.485s] -- Up-to-date: /home/hwl/per_workspace/control_plan/chapter4/ros2_lqr/install/lgsvl_msgs/lib/liblgsvl_msgs__rosidl_typesupport_c.so
[1.485s] -- Up-to-date: /home/hwl/per_workspace/control_plan/chapter4/ros2_lqr/install/lgsvl_msgs/include/lgsvl_msgs/lgsvl_msgs
[1.485s] -- Up-to-date: /home/hwl/per_workspace/control_plan/chapter4/ros2_lqr/install/lgsvl_msgs/include/lgsvl_msgs/lgsvl_msgs/msg
[1.486s] -- Up-to-date: /home/hwl/per_workspace/control_plan/chapter4/ros2_lqr/install/lgsvl_msgs/include/lgsvl_msgs/lgsvl_msgs/msg/detail
[1.486s] -- Up-to-date: /home/hwl/per_workspace/control_plan/chapter4/ros2_lqr/install/lgsvl_msgs/include/lgsvl_msgs/lgsvl_msgs/msg/detail/bounding_box3_d__type_support.cpp
[1.486s] -- Up-to-date: /home/hwl/per_workspace/control_plan/chapter4/ros2_lqr/install/lgsvl_msgs/include/lgsvl_msgs/lgsvl_msgs/msg/detail/detection2_d__type_support.cpp
[1.486s] -- Up-to-date: /home/hwl/per_workspace/control_plan/chapter4/ros2_lqr/install/lgsvl_msgs/include/lgsvl_msgs/lgsvl_msgs/msg/detail/vehicle_state_data__type_support.cpp
[1.486s] -- Up-to-date: /home/hwl/per_workspace/control_plan/chapter4/ros2_lqr/install/lgsvl_msgs/include/lgsvl_msgs/lgsvl_msgs/msg/detail/ultrasonic__rosidl_typesupport_introspection_cpp.hpp
[1.486s] -- Up-to-date: /home/hwl/per_workspace/control_plan/chapter4/ros2_lqr/install/lgsvl_msgs/include/lgsvl_msgs/lgsvl_msgs/msg/detail/vehicle_control_data__type_support.cpp
[1.486s] -- Up-to-date: /home/hwl/per_workspace/control_plan/chapter4/ros2_lqr/install/lgsvl_msgs/include/lgsvl_msgs/lgsvl_msgs/msg/detail/bounding_box2_d__type_support.cpp
[1.486s] -- Up-to-date: /home/hwl/per_workspace/control_plan/chapter4/ros2_lqr/install/lgsvl_msgs/include/lgsvl_msgs/lgsvl_msgs/msg/detail/signal__rosidl_typesupport_introspection_cpp.hpp
[1.486s] -- Up-to-date: /home/hwl/per_workspace/control_plan/chapter4/ros2_lqr/install/lgsvl_msgs/include/lgsvl_msgs/lgsvl_msgs/msg/detail/detection2_d_array__rosidl_typesupport_introspection_cpp.hpp
[1.486s] -- Up-to-date: /home/hwl/per_workspace/control_plan/chapter4/ros2_lqr/install/lgsvl_msgs/include/lgsvl_msgs/lgsvl_msgs/msg/detail/ultrasonic__type_support.cpp
[1.486s] -- Up-to-date: /home/hwl/per_workspace/control_plan/chapter4/ros2_lqr/install/lgsvl_msgs/include/lgsvl_msgs/lgsvl_msgs/msg/detail/signal_array__rosidl_typesupport_introspection_cpp.hpp
[1.486s] -- Up-to-date: /home/hwl/per_workspace/control_plan/chapter4/ros2_lqr/install/lgsvl_msgs/include/lgsvl_msgs/lgsvl_msgs/msg/detail/bounding_box2_d__rosidl_typesupport_introspection_cpp.hpp
[1.486s] -- Up-to-date: /home/hwl/per_workspace/control_plan/chapter4/ros2_lqr/install/lgsvl_msgs/include/lgsvl_msgs/lgsvl_msgs/msg/detail/vehicle_odometry__rosidl_typesupport_introspection_cpp.hpp
[1.487s] -- Up-to-date: /home/hwl/per_workspace/control_plan/chapter4/ros2_lqr/install/lgsvl_msgs/include/lgsvl_msgs/lgsvl_msgs/msg/detail/detected_radar_object__rosidl_typesupport_introspection_cpp.hpp
[1.487s] -- Up-to-date: /home/hwl/per_workspace/control_plan/chapter4/ros2_lqr/install/lgsvl_msgs/include/lgsvl_msgs/lgsvl_msgs/msg/detail/detection3_d_array__type_support.cpp
[1.487s] -- Up-to-date: /home/hwl/per_workspace/control_plan/chapter4/ros2_lqr/install/lgsvl_msgs/include/lgsvl_msgs/lgsvl_msgs/msg/detail/can_bus_data__type_support.cpp
[1.487s] -- Up-to-date: /home/hwl/per_workspace/control_plan/chapter4/ros2_lqr/install/lgsvl_msgs/include/lgsvl_msgs/lgsvl_msgs/msg/detail/signal_array__type_support.cpp
[1.487s] -- Up-to-date: /home/hwl/per_workspace/control_plan/chapter4/ros2_lqr/install/lgsvl_msgs/include/lgsvl_msgs/lgsvl_msgs/msg/detail/detection2_d__rosidl_typesupport_introspection_cpp.hpp
[1.487s] -- Up-to-date: /home/hwl/per_workspace/control_plan/chapter4/ros2_lqr/install/lgsvl_msgs/include/lgsvl_msgs/lgsvl_msgs/msg/detail/detection3_d__type_support.cpp
[1.487s] -- Up-to-date: /home/hwl/per_workspace/control_plan/chapter4/ros2_lqr/install/lgsvl_msgs/include/lgsvl_msgs/lgsvl_msgs/msg/detail/vehicle_state_data__rosidl_typesupport_introspection_cpp.hpp
[1.487s] -- Up-to-date: /home/hwl/per_workspace/control_plan/chapter4/ros2_lqr/install/lgsvl_msgs/include/lgsvl_msgs/lgsvl_msgs/msg/detail/detection3_d__rosidl_typesupport_introspection_cpp.hpp
[1.487s] -- Up-to-date: /home/hwl/per_workspace/control_plan/chapter4/ros2_lqr/install/lgsvl_msgs/include/lgsvl_msgs/lgsvl_msgs/msg/detail/vehicle_control_data__rosidl_typesupport_introspection_cpp.hpp
[1.487s] -- Up-to-date: /home/hwl/per_workspace/control_plan/chapter4/ros2_lqr/install/lgsvl_msgs/include/lgsvl_msgs/lgsvl_msgs/msg/detail/detection2_d_array__type_support.cpp
[1.487s] -- Up-to-date: /home/hwl/per_workspace/control_plan/chapter4/ros2_lqr/install/lgsvl_msgs/include/lgsvl_msgs/lgsvl_msgs/msg/detail/detection3_d_array__rosidl_typesupport_introspection_cpp.hpp
[1.487s] -- Up-to-date: /home/hwl/per_workspace/control_plan/chapter4/ros2_lqr/install/lgsvl_msgs/include/lgsvl_msgs/lgsvl_msgs/msg/detail/vehicle_odometry__type_support.cpp
[1.487s] -- Up-to-date: /home/hwl/per_workspace/control_plan/chapter4/ros2_lqr/install/lgsvl_msgs/include/lgsvl_msgs/lgsvl_msgs/msg/detail/detected_radar_object__type_support.cpp
[1.487s] -- Up-to-date: /home/hwl/per_workspace/control_plan/chapter4/ros2_lqr/install/lgsvl_msgs/include/lgsvl_msgs/lgsvl_msgs/msg/detail/detected_radar_object_array__rosidl_typesupport_introspection_cpp.hpp
[1.488s] -- Up-to-date: /home/hwl/per_workspace/control_plan/chapter4/ros2_lqr/install/lgsvl_msgs/include/lgsvl_msgs/lgsvl_msgs/msg/detail/signal__type_support.cpp
[1.488s] -- Up-to-date: /home/hwl/per_workspace/control_plan/chapter4/ros2_lqr/install/lgsvl_msgs/include/lgsvl_msgs/lgsvl_msgs/msg/detail/detected_radar_object_array__type_support.cpp
[1.488s] -- Up-to-date: /home/hwl/per_workspace/control_plan/chapter4/ros2_lqr/install/lgsvl_msgs/include/lgsvl_msgs/lgsvl_msgs/msg/detail/bounding_box3_d__rosidl_typesupport_introspection_cpp.hpp
[1.488s] -- Up-to-date: /home/hwl/per_workspace/control_plan/chapter4/ros2_lqr/install/lgsvl_msgs/include/lgsvl_msgs/lgsvl_msgs/msg/detail/can_bus_data__rosidl_typesupport_introspection_cpp.hpp
[1.488s] -- Up-to-date: /home/hwl/per_workspace/control_plan/chapter4/ros2_lqr/install/lgsvl_msgs/lib/liblgsvl_msgs__rosidl_typesupport_introspection_cpp.so
[1.488s] -- Up-to-date: /home/hwl/per_workspace/control_plan/chapter4/ros2_lqr/install/lgsvl_msgs/lib/liblgsvl_msgs__rosidl_typesupport_cpp.so
[1.488s] -- Up-to-date: /home/hwl/per_workspace/control_plan/chapter4/ros2_lqr/install/lgsvl_msgs/share/lgsvl_msgs/environment/pythonpath.sh
[1.488s] -- Up-to-date: /home/hwl/per_workspace/control_plan/chapter4/ros2_lqr/install/lgsvl_msgs/share/lgsvl_msgs/environment/pythonpath.dsv
[1.488s] -- Up-to-date: /home/hwl/per_workspace/control_plan/chapter4/ros2_lqr/install/lgsvl_msgs/lib/python3.8/site-packages/lgsvl_msgs-0.0.4-py3.8.egg-info
[1.488s] -- Installing: /home/hwl/per_workspace/control_plan/chapter4/ros2_lqr/install/lgsvl_msgs/lib/python3.8/site-packages/lgsvl_msgs-0.0.4-py3.8.egg-info/SOURCES.txt
[1.488s] -- Installing: /home/hwl/per_workspace/control_plan/chapter4/ros2_lqr/install/lgsvl_msgs/lib/python3.8/site-packages/lgsvl_msgs-0.0.4-py3.8.egg-info/top_level.txt
[1.488s] -- Installing: /home/hwl/per_workspace/control_plan/chapter4/ros2_lqr/install/lgsvl_msgs/lib/python3.8/site-packages/lgsvl_msgs-0.0.4-py3.8.egg-info/PKG-INFO
[1.488s] -- Installing: /home/hwl/per_workspace/control_plan/chapter4/ros2_lqr/install/lgsvl_msgs/lib/python3.8/site-packages/lgsvl_msgs-0.0.4-py3.8.egg-info/dependency_links.txt
[1.488s] -- Up-to-date: /home/hwl/per_workspace/control_plan/chapter4/ros2_lqr/install/lgsvl_msgs/lib/python3.8/site-packages/lgsvl_msgs
[1.489s] -- Up-to-date: /home/hwl/per_workspace/control_plan/chapter4/ros2_lqr/install/lgsvl_msgs/lib/python3.8/site-packages/lgsvl_msgs/lgsvl_msgs_s__rosidl_typesupport_fastrtps_c.cpython-38-x86_64-linux-gnu.so
[1.489s] -- Up-to-date: /home/hwl/per_workspace/control_plan/chapter4/ros2_lqr/install/lgsvl_msgs/lib/python3.8/site-packages/lgsvl_msgs/lgsvl_msgs_s__rosidl_typesupport_c.cpython-38-x86_64-linux-gnu.so
[1.489s] -- Up-to-date: /home/hwl/per_workspace/control_plan/chapter4/ros2_lqr/install/lgsvl_msgs/lib/python3.8/site-packages/lgsvl_msgs/_lgsvl_msgs_s.ep.rosidl_typesupport_c.c
[1.489s] -- Up-to-date: /home/hwl/per_workspace/control_plan/chapter4/ros2_lqr/install/lgsvl_msgs/lib/python3.8/site-packages/lgsvl_msgs/liblgsvl_msgs__rosidl_generator_py.so
[1.489s] -- Up-to-date: /home/hwl/per_workspace/control_plan/chapter4/ros2_lqr/install/lgsvl_msgs/lib/python3.8/site-packages/lgsvl_msgs/__init__.py
[1.489s] -- Up-to-date: /home/hwl/per_workspace/control_plan/chapter4/ros2_lqr/install/lgsvl_msgs/lib/python3.8/site-packages/lgsvl_msgs/_lgsvl_msgs_s.ep.rosidl_typesupport_fastrtps_c.c
[1.489s] -- Up-to-date: /home/hwl/per_workspace/control_plan/chapter4/ros2_lqr/install/lgsvl_msgs/lib/python3.8/site-packages/lgsvl_msgs/_lgsvl_msgs_s.ep.rosidl_typesupport_introspection_c.c
[1.489s] -- Up-to-date: /home/hwl/per_workspace/control_plan/chapter4/ros2_lqr/install/lgsvl_msgs/lib/python3.8/site-packages/lgsvl_msgs/msg
[1.489s] -- Up-to-date: /home/hwl/per_workspace/control_plan/chapter4/ros2_lqr/install/lgsvl_msgs/lib/python3.8/site-packages/lgsvl_msgs/msg/_vehicle_state_data_s.c
[1.489s] -- Up-to-date: /home/hwl/per_workspace/control_plan/chapter4/ros2_lqr/install/lgsvl_msgs/lib/python3.8/site-packages/lgsvl_msgs/msg/_detection3_d_s.c
[1.489s] -- Up-to-date: /home/hwl/per_workspace/control_plan/chapter4/ros2_lqr/install/lgsvl_msgs/lib/python3.8/site-packages/lgsvl_msgs/msg/_detection2_d.py
[1.489s] -- Up-to-date: /home/hwl/per_workspace/control_plan/chapter4/ros2_lqr/install/lgsvl_msgs/lib/python3.8/site-packages/lgsvl_msgs/msg/_signal_s.c
[1.489s] -- Up-to-date: /home/hwl/per_workspace/control_plan/chapter4/ros2_lqr/install/lgsvl_msgs/lib/python3.8/site-packages/lgsvl_msgs/msg/_vehicle_control_data_s.c
[1.489s] -- Up-to-date: /home/hwl/per_workspace/control_plan/chapter4/ros2_lqr/install/lgsvl_msgs/lib/python3.8/site-packages/lgsvl_msgs/msg/_vehicle_control_data.py
[1.490s] -- Up-to-date: /home/hwl/per_workspace/control_plan/chapter4/ros2_lqr/install/lgsvl_msgs/lib/python3.8/site-packages/lgsvl_msgs/msg/_detected_radar_object_s.c
[1.490s] -- Up-to-date: /home/hwl/per_workspace/control_plan/chapter4/ros2_lqr/install/lgsvl_msgs/lib/python3.8/site-packages/lgsvl_msgs/msg/_bounding_box2_d_s.c
[1.490s] -- Up-to-date: /home/hwl/per_workspace/control_plan/chapter4/ros2_lqr/install/lgsvl_msgs/lib/python3.8/site-packages/lgsvl_msgs/msg/_ultrasonic.py
[1.490s] -- Up-to-date: /home/hwl/per_workspace/control_plan/chapter4/ros2_lqr/install/lgsvl_msgs/lib/python3.8/site-packages/lgsvl_msgs/msg/_detection2_d_array_s.c
[1.490s] -- Up-to-date: /home/hwl/per_workspace/control_plan/chapter4/ros2_lqr/install/lgsvl_msgs/lib/python3.8/site-packages/lgsvl_msgs/msg/_detection3_d_array.py
[1.490s] -- Up-to-date: /home/hwl/per_workspace/control_plan/chapter4/ros2_lqr/install/lgsvl_msgs/lib/python3.8/site-packages/lgsvl_msgs/msg/_signal_array_s.c
[1.490s] -- Up-to-date: /home/hwl/per_workspace/control_plan/chapter4/ros2_lqr/install/lgsvl_msgs/lib/python3.8/site-packages/lgsvl_msgs/msg/_bounding_box3_d_s.c
[1.490s] -- Up-to-date: /home/hwl/per_workspace/control_plan/chapter4/ros2_lqr/install/lgsvl_msgs/lib/python3.8/site-packages/lgsvl_msgs/msg/_ultrasonic_s.c
[1.490s] -- Up-to-date: /home/hwl/per_workspace/control_plan/chapter4/ros2_lqr/install/lgsvl_msgs/lib/python3.8/site-packages/lgsvl_msgs/msg/_bounding_box2_d.py
[1.490s] -- Up-to-date: /home/hwl/per_workspace/control_plan/chapter4/ros2_lqr/install/lgsvl_msgs/lib/python3.8/site-packages/lgsvl_msgs/msg/_detection3_d.py
[1.490s] -- Up-to-date: /home/hwl/per_workspace/control_plan/chapter4/ros2_lqr/install/lgsvl_msgs/lib/python3.8/site-packages/lgsvl_msgs/msg/_can_bus_data_s.c
[1.490s] -- Up-to-date: /home/hwl/per_workspace/control_plan/chapter4/ros2_lqr/install/lgsvl_msgs/lib/python3.8/site-packages/lgsvl_msgs/msg/_signal_array.py
[1.490s] -- Up-to-date: /home/hwl/per_workspace/control_plan/chapter4/ros2_lqr/install/lgsvl_msgs/lib/python3.8/site-packages/lgsvl_msgs/msg/__init__.py
[1.490s] -- Up-to-date: /home/hwl/per_workspace/control_plan/chapter4/ros2_lqr/install/lgsvl_msgs/lib/python3.8/site-packages/lgsvl_msgs/msg/_bounding_box3_d.py
[1.491s] -- Up-to-date: /home/hwl/per_workspace/control_plan/chapter4/ros2_lqr/install/lgsvl_msgs/lib/python3.8/site-packages/lgsvl_msgs/msg/_vehicle_state_data.py
[1.491s] -- Up-to-date: /home/hwl/per_workspace/control_plan/chapter4/ros2_lqr/install/lgsvl_msgs/lib/python3.8/site-packages/lgsvl_msgs/msg/_detected_radar_object_array.py
[1.491s] -- Up-to-date: /home/hwl/per_workspace/control_plan/chapter4/ros2_lqr/install/lgsvl_msgs/lib/python3.8/site-packages/lgsvl_msgs/msg/_detection2_d_s.c
[1.491s] -- Up-to-date: /home/hwl/per_workspace/control_plan/chapter4/ros2_lqr/install/lgsvl_msgs/lib/python3.8/site-packages/lgsvl_msgs/msg/_detection2_d_array.py
[1.491s] -- Up-to-date: /home/hwl/per_workspace/control_plan/chapter4/ros2_lqr/install/lgsvl_msgs/lib/python3.8/site-packages/lgsvl_msgs/msg/_detection3_d_array_s.c
[1.491s] -- Up-to-date: /home/hwl/per_workspace/control_plan/chapter4/ros2_lqr/install/lgsvl_msgs/lib/python3.8/site-packages/lgsvl_msgs/msg/_detected_radar_object.py
[1.491s] -- Up-to-date: /home/hwl/per_workspace/control_plan/chapter4/ros2_lqr/install/lgsvl_msgs/lib/python3.8/site-packages/lgsvl_msgs/msg/_detected_radar_object_array_s.c
[1.491s] -- Up-to-date: /home/hwl/per_workspace/control_plan/chapter4/ros2_lqr/install/lgsvl_msgs/lib/python3.8/site-packages/lgsvl_msgs/msg/_can_bus_data.py
[1.491s] -- Up-to-date: /home/hwl/per_workspace/control_plan/chapter4/ros2_lqr/install/lgsvl_msgs/lib/python3.8/site-packages/lgsvl_msgs/msg/_vehicle_odometry.py
[1.491s] -- Up-to-date: /home/hwl/per_workspace/control_plan/chapter4/ros2_lqr/install/lgsvl_msgs/lib/python3.8/site-packages/lgsvl_msgs/msg/_signal.py
[1.491s] -- Up-to-date: /home/hwl/per_workspace/control_plan/chapter4/ros2_lqr/install/lgsvl_msgs/lib/python3.8/site-packages/lgsvl_msgs/msg/_vehicle_odometry_s.c
[1.492s] -- Up-to-date: /home/hwl/per_workspace/control_plan/chapter4/ros2_lqr/install/lgsvl_msgs/lib/python3.8/site-packages/lgsvl_msgs/lgsvl_msgs_s__rosidl_typesupport_introspection_c.cpython-38-x86_64-linux-gnu.so
[1.508s] Listing '/home/hwl/per_workspace/control_plan/chapter4/ros2_lqr/install/lgsvl_msgs/lib/python3.8/site-packages/lgsvl_msgs'...
[1.509s] Listing '/home/hwl/per_workspace/control_plan/chapter4/ros2_lqr/install/lgsvl_msgs/lib/python3.8/site-packages/lgsvl_msgs/msg'...
[1.515s] -- Up-to-date: /home/hwl/per_workspace/control_plan/chapter4/ros2_lqr/install/lgsvl_msgs/lib/python3.8/site-packages/lgsvl_msgs/lgsvl_msgs_s__rosidl_typesupport_fastrtps_c.cpython-38-x86_64-linux-gnu.so
[1.517s] -- Up-to-date: /home/hwl/per_workspace/control_plan/chapter4/ros2_lqr/install/lgsvl_msgs/lib/python3.8/site-packages/lgsvl_msgs/lgsvl_msgs_s__rosidl_typesupport_introspection_c.cpython-38-x86_64-linux-gnu.so
[1.519s] -- Up-to-date: /home/hwl/per_workspace/control_plan/chapter4/ros2_lqr/install/lgsvl_msgs/lib/python3.8/site-packages/lgsvl_msgs/lgsvl_msgs_s__rosidl_typesupport_c.cpython-38-x86_64-linux-gnu.so
[1.521s] -- Up-to-date: /home/hwl/per_workspace/control_plan/chapter4/ros2_lqr/install/lgsvl_msgs/lib/liblgsvl_msgs__rosidl_generator_py.so
[1.521s] -- Up-to-date: /home/hwl/per_workspace/control_plan/chapter4/ros2_lqr/install/lgsvl_msgs/share/lgsvl_msgs/msg/BoundingBox2D.idl
[1.522s] -- Up-to-date: /home/hwl/per_workspace/control_plan/chapter4/ros2_lqr/install/lgsvl_msgs/share/lgsvl_msgs/msg/BoundingBox3D.idl
[1.522s] -- Up-to-date: /home/hwl/per_workspace/control_plan/chapter4/ros2_lqr/install/lgsvl_msgs/share/lgsvl_msgs/msg/CanBusData.idl
[1.522s] -- Up-to-date: /home/hwl/per_workspace/control_plan/chapter4/ros2_lqr/install/lgsvl_msgs/share/lgsvl_msgs/msg/DetectedRadarObjectArray.idl
[1.522s] -- Up-to-date: /home/hwl/per_workspace/control_plan/chapter4/ros2_lqr/install/lgsvl_msgs/share/lgsvl_msgs/msg/DetectedRadarObject.idl
[1.522s] -- Up-to-date: /home/hwl/per_workspace/control_plan/chapter4/ros2_lqr/install/lgsvl_msgs/share/lgsvl_msgs/msg/Detection2D.idl
[1.523s] -- Up-to-date: /home/hwl/per_workspace/control_plan/chapter4/ros2_lqr/install/lgsvl_msgs/share/lgsvl_msgs/msg/Detection2DArray.idl
[1.523s] -- Up-to-date: /home/hwl/per_workspace/control_plan/chapter4/ros2_lqr/install/lgsvl_msgs/share/lgsvl_msgs/msg/Detection3D.idl
[1.523s] -- Up-to-date: /home/hwl/per_workspace/control_plan/chapter4/ros2_lqr/install/lgsvl_msgs/share/lgsvl_msgs/msg/Detection3DArray.idl
[1.523s] -- Up-to-date: /home/hwl/per_workspace/control_plan/chapter4/ros2_lqr/install/lgsvl_msgs/share/lgsvl_msgs/msg/Signal.idl
[1.524s] -- Up-to-date: /home/hwl/per_workspace/control_plan/chapter4/ros2_lqr/install/lgsvl_msgs/share/lgsvl_msgs/msg/SignalArray.idl
[1.524s] -- Up-to-date: /home/hwl/per_workspace/control_plan/chapter4/ros2_lqr/install/lgsvl_msgs/share/lgsvl_msgs/msg/Ultrasonic.idl
[1.524s] -- Up-to-date: /home/hwl/per_workspace/control_plan/chapter4/ros2_lqr/install/lgsvl_msgs/share/lgsvl_msgs/msg/VehicleControlData.idl
[1.524s] -- Up-to-date: /home/hwl/per_workspace/control_plan/chapter4/ros2_lqr/install/lgsvl_msgs/share/lgsvl_msgs/msg/VehicleStateData.idl
[1.524s] -- Up-to-date: /home/hwl/per_workspace/control_plan/chapter4/ros2_lqr/install/lgsvl_msgs/share/lgsvl_msgs/msg/VehicleOdometry.idl
[1.525s] -- Up-to-date: /home/hwl/per_workspace/control_plan/chapter4/ros2_lqr/install/lgsvl_msgs/share/lgsvl_msgs/msg/BoundingBox2D.msg
[1.525s] -- Up-to-date: /home/hwl/per_workspace/control_plan/chapter4/ros2_lqr/install/lgsvl_msgs/share/lgsvl_msgs/msg/BoundingBox3D.msg
[1.525s] -- Up-to-date: /home/hwl/per_workspace/control_plan/chapter4/ros2_lqr/install/lgsvl_msgs/share/lgsvl_msgs/msg/CanBusData.msg
[1.526s] -- Up-to-date: /home/hwl/per_workspace/control_plan/chapter4/ros2_lqr/install/lgsvl_msgs/share/lgsvl_msgs/msg/DetectedRadarObjectArray.msg
[1.526s] -- Up-to-date: /home/hwl/per_workspace/control_plan/chapter4/ros2_lqr/install/lgsvl_msgs/share/lgsvl_msgs/msg/DetectedRadarObject.msg
[1.526s] -- Up-to-date: /home/hwl/per_workspace/control_plan/chapter4/ros2_lqr/install/lgsvl_msgs/share/lgsvl_msgs/msg/Detection2D.msg
[1.526s] -- Up-to-date: /home/hwl/per_workspace/control_plan/chapter4/ros2_lqr/install/lgsvl_msgs/share/lgsvl_msgs/msg/Detection2DArray.msg
[1.527s] -- Up-to-date: /home/hwl/per_workspace/control_plan/chapter4/ros2_lqr/install/lgsvl_msgs/share/lgsvl_msgs/msg/Detection3D.msg
[1.527s] -- Up-to-date: /home/hwl/per_workspace/control_plan/chapter4/ros2_lqr/install/lgsvl_msgs/share/lgsvl_msgs/msg/Detection3DArray.msg
[1.527s] -- Up-to-date: /home/hwl/per_workspace/control_plan/chapter4/ros2_lqr/install/lgsvl_msgs/share/lgsvl_msgs/msg/Signal.msg
[1.527s] -- Up-to-date: /home/hwl/per_workspace/control_plan/chapter4/ros2_lqr/install/lgsvl_msgs/share/lgsvl_msgs/msg/SignalArray.msg
[1.528s] -- Up-to-date: /home/hwl/per_workspace/control_plan/chapter4/ros2_lqr/install/lgsvl_msgs/share/lgsvl_msgs/msg/Ultrasonic.msg
[1.528s] -- Up-to-date: /home/hwl/per_workspace/control_plan/chapter4/ros2_lqr/install/lgsvl_msgs/share/lgsvl_msgs/msg/VehicleControlData.msg
[1.528s] -- Up-to-date: /home/hwl/per_workspace/control_plan/chapter4/ros2_lqr/install/lgsvl_msgs/share/lgsvl_msgs/msg/VehicleStateData.msg
[1.528s] -- Up-to-date: /home/hwl/per_workspace/control_plan/chapter4/ros2_lqr/install/lgsvl_msgs/share/lgsvl_msgs/msg/VehicleOdometry.msg
[1.529s] -- Up-to-date: /home/hwl/per_workspace/control_plan/chapter4/ros2_lqr/install/lgsvl_msgs/share/ament_index/resource_index/package_run_dependencies/lgsvl_msgs
[1.529s] -- Up-to-date: /home/hwl/per_workspace/control_plan/chapter4/ros2_lqr/install/lgsvl_msgs/share/ament_index/resource_index/parent_prefix_path/lgsvl_msgs
[1.529s] -- Up-to-date: /home/hwl/per_workspace/control_plan/chapter4/ros2_lqr/install/lgsvl_msgs/share/lgsvl_msgs/environment/ament_prefix_path.sh
[1.529s] -- Up-to-date: /home/hwl/per_workspace/control_plan/chapter4/ros2_lqr/install/lgsvl_msgs/share/lgsvl_msgs/environment/ament_prefix_path.dsv
[1.529s] -- Up-to-date: /home/hwl/per_workspace/control_plan/chapter4/ros2_lqr/install/lgsvl_msgs/share/lgsvl_msgs/environment/path.sh
[1.530s] -- Up-to-date: /home/hwl/per_workspace/control_plan/chapter4/ros2_lqr/install/lgsvl_msgs/share/lgsvl_msgs/environment/path.dsv
[1.530s] -- Up-to-date: /home/hwl/per_workspace/control_plan/chapter4/ros2_lqr/install/lgsvl_msgs/share/lgsvl_msgs/local_setup.bash
[1.530s] -- Up-to-date: /home/hwl/per_workspace/control_plan/chapter4/ros2_lqr/install/lgsvl_msgs/share/lgsvl_msgs/local_setup.sh
[1.530s] -- Up-to-date: /home/hwl/per_workspace/control_plan/chapter4/ros2_lqr/install/lgsvl_msgs/share/lgsvl_msgs/local_setup.zsh
[1.530s] -- Up-to-date: /home/hwl/per_workspace/control_plan/chapter4/ros2_lqr/install/lgsvl_msgs/share/lgsvl_msgs/local_setup.dsv
[1.531s] -- Installing: /home/hwl/per_workspace/control_plan/chapter4/ros2_lqr/install/lgsvl_msgs/share/lgsvl_msgs/package.dsv
[1.531s] -- Up-to-date: /home/hwl/per_workspace/control_plan/chapter4/ros2_lqr/install/lgsvl_msgs/share/ament_index/resource_index/packages/lgsvl_msgs
[1.531s] -- Up-to-date: /home/hwl/per_workspace/control_plan/chapter4/ros2_lqr/install/lgsvl_msgs/share/lgsvl_msgs/cmake/export_lgsvl_msgs__rosidl_generator_cExport.cmake
[1.531s] -- Up-to-date: /home/hwl/per_workspace/control_plan/chapter4/ros2_lqr/install/lgsvl_msgs/share/lgsvl_msgs/cmake/export_lgsvl_msgs__rosidl_generator_cExport-noconfig.cmake
[1.532s] -- Up-to-date: /home/hwl/per_workspace/control_plan/chapter4/ros2_lqr/install/lgsvl_msgs/share/lgsvl_msgs/cmake/export_lgsvl_msgs__rosidl_typesupport_fastrtps_cExport.cmake
[1.532s] -- Up-to-date: /home/hwl/per_workspace/control_plan/chapter4/ros2_lqr/install/lgsvl_msgs/share/lgsvl_msgs/cmake/export_lgsvl_msgs__rosidl_typesupport_fastrtps_cExport-noconfig.cmake
[1.532s] -- Up-to-date: /home/hwl/per_workspace/control_plan/chapter4/ros2_lqr/install/lgsvl_msgs/share/lgsvl_msgs/cmake/export_lgsvl_msgs__rosidl_generator_cppExport.cmake
[1.532s] -- Up-to-date: /home/hwl/per_workspace/control_plan/chapter4/ros2_lqr/install/lgsvl_msgs/share/lgsvl_msgs/cmake/export_lgsvl_msgs__rosidl_typesupport_fastrtps_cppExport.cmake
[1.533s] -- Up-to-date: /home/hwl/per_workspace/control_plan/chapter4/ros2_lqr/install/lgsvl_msgs/share/lgsvl_msgs/cmake/export_lgsvl_msgs__rosidl_typesupport_fastrtps_cppExport-noconfig.cmake
[1.533s] -- Up-to-date: /home/hwl/per_workspace/control_plan/chapter4/ros2_lqr/install/lgsvl_msgs/share/lgsvl_msgs/cmake/lgsvl_msgs__rosidl_typesupport_introspection_cExport.cmake
[1.533s] -- Up-to-date: /home/hwl/per_workspace/control_plan/chapter4/ros2_lqr/install/lgsvl_msgs/share/lgsvl_msgs/cmake/lgsvl_msgs__rosidl_typesupport_introspection_cExport-noconfig.cmake
[1.533s] -- Up-to-date: /home/hwl/per_workspace/control_plan/chapter4/ros2_lqr/install/lgsvl_msgs/share/lgsvl_msgs/cmake/lgsvl_msgs__rosidl_typesupport_cExport.cmake
[1.533s] -- Up-to-date: /home/hwl/per_workspace/control_plan/chapter4/ros2_lqr/install/lgsvl_msgs/share/lgsvl_msgs/cmake/lgsvl_msgs__rosidl_typesupport_cExport-noconfig.cmake
[1.534s] -- Up-to-date: /home/hwl/per_workspace/control_plan/chapter4/ros2_lqr/install/lgsvl_msgs/share/lgsvl_msgs/cmake/lgsvl_msgs__rosidl_typesupport_introspection_cppExport.cmake
[1.534s] -- Up-to-date: /home/hwl/per_workspace/control_plan/chapter4/ros2_lqr/install/lgsvl_msgs/share/lgsvl_msgs/cmake/lgsvl_msgs__rosidl_typesupport_introspection_cppExport-noconfig.cmake
[1.534s] -- Up-to-date: /home/hwl/per_workspace/control_plan/chapter4/ros2_lqr/install/lgsvl_msgs/share/lgsvl_msgs/cmake/lgsvl_msgs__rosidl_typesupport_cppExport.cmake
[1.535s] -- Up-to-date: /home/hwl/per_workspace/control_plan/chapter4/ros2_lqr/install/lgsvl_msgs/share/lgsvl_msgs/cmake/lgsvl_msgs__rosidl_typesupport_cppExport-noconfig.cmake
[1.535s] -- Up-to-date: /home/hwl/per_workspace/control_plan/chapter4/ros2_lqr/install/lgsvl_msgs/share/lgsvl_msgs/cmake/export_lgsvl_msgs__rosidl_generator_pyExport.cmake
[1.535s] -- Up-to-date: /home/hwl/per_workspace/control_plan/chapter4/ros2_lqr/install/lgsvl_msgs/share/lgsvl_msgs/cmake/export_lgsvl_msgs__rosidl_generator_pyExport-noconfig.cmake
[1.535s] -- Up-to-date: /home/hwl/per_workspace/control_plan/chapter4/ros2_lqr/install/lgsvl_msgs/share/lgsvl_msgs/cmake/rosidl_cmake-extras.cmake
[1.535s] -- Up-to-date: /home/hwl/per_workspace/control_plan/chapter4/ros2_lqr/install/lgsvl_msgs/share/lgsvl_msgs/cmake/ament_cmake_export_dependencies-extras.cmake
[1.535s] -- Up-to-date: /home/hwl/per_workspace/control_plan/chapter4/ros2_lqr/install/lgsvl_msgs/share/lgsvl_msgs/cmake/ament_cmake_export_include_directories-extras.cmake
[1.535s] -- Up-to-date: /home/hwl/per_workspace/control_plan/chapter4/ros2_lqr/install/lgsvl_msgs/share/lgsvl_msgs/cmake/ament_cmake_export_libraries-extras.cmake
[1.536s] -- Up-to-date: /home/hwl/per_workspace/control_plan/chapter4/ros2_lqr/install/lgsvl_msgs/share/lgsvl_msgs/cmake/ament_cmake_export_targets-extras.cmake
[1.536s] -- Up-to-date: /home/hwl/per_workspace/control_plan/chapter4/ros2_lqr/install/lgsvl_msgs/share/lgsvl_msgs/cmake/rosidl_cmake_export_typesupport_targets-extras.cmake
[1.536s] -- Up-to-date: /home/hwl/per_workspace/control_plan/chapter4/ros2_lqr/install/lgsvl_msgs/share/lgsvl_msgs/cmake/rosidl_cmake_export_typesupport_libraries-extras.cmake
[1.536s] -- Up-to-date: /home/hwl/per_workspace/control_plan/chapter4/ros2_lqr/install/lgsvl_msgs/share/lgsvl_msgs/cmake/lgsvl_msgsConfig.cmake
[1.536s] -- Up-to-date: /home/hwl/per_workspace/control_plan/chapter4/ros2_lqr/install/lgsvl_msgs/share/lgsvl_msgs/cmake/lgsvl_msgsConfig-version.cmake
[1.536s] -- Up-to-date: /home/hwl/per_workspace/control_plan/chapter4/ros2_lqr/install/lgsvl_msgs/share/lgsvl_msgs/package.xml
[1.541s] Invoked command in '/home/hwl/per_workspace/control_plan/chapter4/ros2_lqr/build/lgsvl_msgs' returned '0': /usr/bin/cmake --install /home/hwl/per_workspace/control_plan/chapter4/ros2_lqr/build/lgsvl_msgs
