[0.138s] DEBUG:colcon:Command line arguments: ['/usr/bin/colcon', 'build']
[0.138s] DEBUG:colcon:Parsed command line arguments: Namespace(ament_cmake_args=None, base_paths=['.'], build_base='build', catkin_cmake_args=None, catkin_skip_building_tests=False, cmake_args=None, cmake_clean_cache=False, cmake_clean_first=False, cmake_force_configure=False, cmake_target=None, cmake_target_skip_unavailable=False, continue_on_error=False, event_handlers=None, executor='parallel', ignore_user_meta=False, install_base='install', log_base=None, log_level=None, main=<bound method BuildVerb.main of <colcon_core.verb.build.BuildVerb object at 0x7f1e25cf3a00>>, merge_install=False, metas=['./colcon.meta'], mixin=None, mixin_files=None, mixin_verb=('build',), packages_above=None, packages_above_and_dependencies=None, packages_above_depth=None, packages_end=None, packages_ignore=None, packages_ignore_regex=None, packages_select=None, packages_select_build_failed=False, packages_select_by_dep=None, packages_select_regex=None, packages_select_test_failures=False, packages_skip=None, packages_skip_build_finished=False, packages_skip_by_dep=None, packages_skip_regex=None, packages_skip_test_passed=False, packages_skip_up_to=None, packages_start=None, packages_up_to=None, packages_up_to_regex=None, parallel_workers=16, paths=None, symlink_install=False, test_result_base=None, verb_extension=<colcon_core.verb.build.BuildVerb object at 0x7f1e25cf3a00>, verb_name='build', verb_parser=<colcon_mixin.mixin.mixin_argument.MixinArgumentDecorator object at 0x7f1e25cf3fd0>)
[0.163s] Level 1:colcon.colcon_core.package_discovery:discover_packages(colcon_meta) check parameters
[0.163s] Level 1:colcon.colcon_core.package_discovery:discover_packages(recursive) check parameters
[0.163s] Level 1:colcon.colcon_core.package_discovery:discover_packages(ignore) check parameters
[0.163s] Level 1:colcon.colcon_core.package_discovery:discover_packages(path) check parameters
[0.163s] Level 1:colcon.colcon_core.package_discovery:discover_packages(colcon_meta) discover
[0.163s] Level 1:colcon.colcon_core.package_discovery:discover_packages(recursive) discover
[0.163s] INFO:colcon.colcon_core.package_discovery:Crawling recursively for packages in '/home/hwl/per_workspace/control_plan/chapter4/ros2_lqr'
[0.163s] Level 1:colcon.colcon_core.package_identification:_identify(.) by extensions ['ignore', 'ignore_ament_install']
[0.163s] Level 1:colcon.colcon_core.package_identification:_identify(.) by extension 'ignore'
[0.163s] Level 1:colcon.colcon_core.package_identification:_identify(.) by extension 'ignore_ament_install'
[0.163s] Level 1:colcon.colcon_core.package_identification:_identify(.) by extensions ['colcon_pkg']
[0.163s] Level 1:colcon.colcon_core.package_identification:_identify(.) by extension 'colcon_pkg'
[0.164s] Level 1:colcon.colcon_core.package_identification:_identify(.) by extensions ['colcon_meta']
[0.164s] Level 1:colcon.colcon_core.package_identification:_identify(.) by extension 'colcon_meta'
[0.164s] Level 1:colcon.colcon_core.package_identification:_identify(.) by extensions ['ros']
[0.164s] Level 1:colcon.colcon_core.package_identification:_identify(.) by extension 'ros'
[0.176s] Level 1:colcon.colcon_core.package_identification:_identify(.) by extensions ['cmake', 'python']
[0.176s] Level 1:colcon.colcon_core.package_identification:_identify(.) by extension 'cmake'
[0.176s] Level 1:colcon.colcon_core.package_identification:_identify(.) by extension 'python'
[0.177s] Level 1:colcon.colcon_core.package_identification:_identify(.) by extensions ['python_setup_py']
[0.177s] Level 1:colcon.colcon_core.package_identification:_identify(.) by extension 'python_setup_py'
[0.177s] Level 1:colcon.colcon_core.package_identification:_identify(build) by extensions ['ignore', 'ignore_ament_install']
[0.177s] Level 1:colcon.colcon_core.package_identification:_identify(build) by extension 'ignore'
[0.177s] Level 1:colcon.colcon_core.package_identification:_identify(build) ignored
[0.177s] Level 1:colcon.colcon_core.package_identification:_identify(install) by extensions ['ignore', 'ignore_ament_install']
[0.177s] Level 1:colcon.colcon_core.package_identification:_identify(install) by extension 'ignore'
[0.177s] Level 1:colcon.colcon_core.package_identification:_identify(install) ignored
[0.177s] Level 1:colcon.colcon_core.package_identification:_identify(log) by extensions ['ignore', 'ignore_ament_install']
[0.177s] Level 1:colcon.colcon_core.package_identification:_identify(log) by extension 'ignore'
[0.177s] Level 1:colcon.colcon_core.package_identification:_identify(log) ignored
[0.177s] Level 1:colcon.colcon_core.package_identification:_identify(lqr_galactic_wtih_todo_ws) by extensions ['ignore', 'ignore_ament_install']
[0.178s] Level 1:colcon.colcon_core.package_identification:_identify(lqr_galactic_wtih_todo_ws) by extension 'ignore'
[0.178s] Level 1:colcon.colcon_core.package_identification:_identify(lqr_galactic_wtih_todo_ws) by extension 'ignore_ament_install'
[0.178s] Level 1:colcon.colcon_core.package_identification:_identify(lqr_galactic_wtih_todo_ws) by extensions ['colcon_pkg']
[0.178s] Level 1:colcon.colcon_core.package_identification:_identify(lqr_galactic_wtih_todo_ws) by extension 'colcon_pkg'
[0.178s] Level 1:colcon.colcon_core.package_identification:_identify(lqr_galactic_wtih_todo_ws) by extensions ['colcon_meta']
[0.178s] Level 1:colcon.colcon_core.package_identification:_identify(lqr_galactic_wtih_todo_ws) by extension 'colcon_meta'
[0.178s] Level 1:colcon.colcon_core.package_identification:_identify(lqr_galactic_wtih_todo_ws) by extensions ['ros']
[0.178s] Level 1:colcon.colcon_core.package_identification:_identify(lqr_galactic_wtih_todo_ws) by extension 'ros'
[0.178s] Level 1:colcon.colcon_core.package_identification:_identify(lqr_galactic_wtih_todo_ws) by extensions ['cmake', 'python']
[0.178s] Level 1:colcon.colcon_core.package_identification:_identify(lqr_galactic_wtih_todo_ws) by extension 'cmake'
[0.178s] Level 1:colcon.colcon_core.package_identification:_identify(lqr_galactic_wtih_todo_ws) by extension 'python'
[0.178s] Level 1:colcon.colcon_core.package_identification:_identify(lqr_galactic_wtih_todo_ws) by extensions ['python_setup_py']
[0.178s] Level 1:colcon.colcon_core.package_identification:_identify(lqr_galactic_wtih_todo_ws) by extension 'python_setup_py'
[0.178s] Level 1:colcon.colcon_core.package_identification:_identify(lqr_galactic_wtih_todo_ws/build) by extensions ['ignore', 'ignore_ament_install']
[0.178s] Level 1:colcon.colcon_core.package_identification:_identify(lqr_galactic_wtih_todo_ws/build) by extension 'ignore'
[0.178s] Level 1:colcon.colcon_core.package_identification:_identify(lqr_galactic_wtih_todo_ws/build) ignored
[0.178s] Level 1:colcon.colcon_core.package_identification:_identify(lqr_galactic_wtih_todo_ws/install) by extensions ['ignore', 'ignore_ament_install']
[0.178s] Level 1:colcon.colcon_core.package_identification:_identify(lqr_galactic_wtih_todo_ws/install) by extension 'ignore'
[0.179s] Level 1:colcon.colcon_core.package_identification:_identify(lqr_galactic_wtih_todo_ws/install) ignored
[0.179s] Level 1:colcon.colcon_core.package_identification:_identify(lqr_galactic_wtih_todo_ws/log) by extensions ['ignore', 'ignore_ament_install']
[0.179s] Level 1:colcon.colcon_core.package_identification:_identify(lqr_galactic_wtih_todo_ws/log) by extension 'ignore'
[0.179s] Level 1:colcon.colcon_core.package_identification:_identify(lqr_galactic_wtih_todo_ws/log) ignored
[0.179s] Level 1:colcon.colcon_core.package_identification:_identify(lqr_galactic_wtih_todo_ws/src) by extensions ['ignore', 'ignore_ament_install']
[0.179s] Level 1:colcon.colcon_core.package_identification:_identify(lqr_galactic_wtih_todo_ws/src) by extension 'ignore'
[0.179s] Level 1:colcon.colcon_core.package_identification:_identify(lqr_galactic_wtih_todo_ws/src) by extension 'ignore_ament_install'
[0.179s] Level 1:colcon.colcon_core.package_identification:_identify(lqr_galactic_wtih_todo_ws/src) by extensions ['colcon_pkg']
[0.179s] Level 1:colcon.colcon_core.package_identification:_identify(lqr_galactic_wtih_todo_ws/src) by extension 'colcon_pkg'
[0.179s] Level 1:colcon.colcon_core.package_identification:_identify(lqr_galactic_wtih_todo_ws/src) by extensions ['colcon_meta']
[0.179s] Level 1:colcon.colcon_core.package_identification:_identify(lqr_galactic_wtih_todo_ws/src) by extension 'colcon_meta'
[0.179s] Level 1:colcon.colcon_core.package_identification:_identify(lqr_galactic_wtih_todo_ws/src) by extensions ['ros']
[0.179s] Level 1:colcon.colcon_core.package_identification:_identify(lqr_galactic_wtih_todo_ws/src) by extension 'ros'
[0.179s] Level 1:colcon.colcon_core.package_identification:_identify(lqr_galactic_wtih_todo_ws/src) by extensions ['cmake', 'python']
[0.179s] Level 1:colcon.colcon_core.package_identification:_identify(lqr_galactic_wtih_todo_ws/src) by extension 'cmake'
[0.179s] Level 1:colcon.colcon_core.package_identification:_identify(lqr_galactic_wtih_todo_ws/src) by extension 'python'
[0.180s] Level 1:colcon.colcon_core.package_identification:_identify(lqr_galactic_wtih_todo_ws/src) by extensions ['python_setup_py']
[0.180s] Level 1:colcon.colcon_core.package_identification:_identify(lqr_galactic_wtih_todo_ws/src) by extension 'python_setup_py'
[0.180s] Level 1:colcon.colcon_core.package_identification:_identify(lqr_galactic_wtih_todo_ws/src/lgsvl_bridge_galactic) by extensions ['ignore', 'ignore_ament_install']
[0.180s] Level 1:colcon.colcon_core.package_identification:_identify(lqr_galactic_wtih_todo_ws/src/lgsvl_bridge_galactic) by extension 'ignore'
[0.180s] Level 1:colcon.colcon_core.package_identification:_identify(lqr_galactic_wtih_todo_ws/src/lgsvl_bridge_galactic) by extension 'ignore_ament_install'
[0.180s] Level 1:colcon.colcon_core.package_identification:_identify(lqr_galactic_wtih_todo_ws/src/lgsvl_bridge_galactic) by extensions ['colcon_pkg']
[0.180s] Level 1:colcon.colcon_core.package_identification:_identify(lqr_galactic_wtih_todo_ws/src/lgsvl_bridge_galactic) by extension 'colcon_pkg'
[0.180s] Level 1:colcon.colcon_core.package_identification:_identify(lqr_galactic_wtih_todo_ws/src/lgsvl_bridge_galactic) by extensions ['colcon_meta']
[0.180s] Level 1:colcon.colcon_core.package_identification:_identify(lqr_galactic_wtih_todo_ws/src/lgsvl_bridge_galactic) by extension 'colcon_meta'
[0.180s] Level 1:colcon.colcon_core.package_identification:_identify(lqr_galactic_wtih_todo_ws/src/lgsvl_bridge_galactic) by extensions ['ros']
[0.180s] Level 1:colcon.colcon_core.package_identification:_identify(lqr_galactic_wtih_todo_ws/src/lgsvl_bridge_galactic) by extension 'ros'
[0.183s] DEBUG:colcon.colcon_core.package_identification:Package 'lqr_galactic_wtih_todo_ws/src/lgsvl_bridge_galactic' with type 'ros.ament_cmake' and name 'lgsvl_bridge_galactic'
[0.183s] Level 1:colcon.colcon_core.package_identification:_identify(lqr_galactic_wtih_todo_ws/src/lgsvl_msgs) by extensions ['ignore', 'ignore_ament_install']
[0.183s] Level 1:colcon.colcon_core.package_identification:_identify(lqr_galactic_wtih_todo_ws/src/lgsvl_msgs) by extension 'ignore'
[0.184s] Level 1:colcon.colcon_core.package_identification:_identify(lqr_galactic_wtih_todo_ws/src/lgsvl_msgs) by extension 'ignore_ament_install'
[0.184s] Level 1:colcon.colcon_core.package_identification:_identify(lqr_galactic_wtih_todo_ws/src/lgsvl_msgs) by extensions ['colcon_pkg']
[0.184s] Level 1:colcon.colcon_core.package_identification:_identify(lqr_galactic_wtih_todo_ws/src/lgsvl_msgs) by extension 'colcon_pkg'
[0.184s] Level 1:colcon.colcon_core.package_identification:_identify(lqr_galactic_wtih_todo_ws/src/lgsvl_msgs) by extensions ['colcon_meta']
[0.184s] Level 1:colcon.colcon_core.package_identification:_identify(lqr_galactic_wtih_todo_ws/src/lgsvl_msgs) by extension 'colcon_meta'
[0.184s] Level 1:colcon.colcon_core.package_identification:_identify(lqr_galactic_wtih_todo_ws/src/lgsvl_msgs) by extensions ['ros']
[0.184s] Level 1:colcon.colcon_core.package_identification:_identify(lqr_galactic_wtih_todo_ws/src/lgsvl_msgs) by extension 'ros'
[0.190s] DEBUG:colcon.colcon_core.package_identification:Package 'lqr_galactic_wtih_todo_ws/src/lgsvl_msgs' with type 'ros.ament_cmake' and name 'lgsvl_msgs'
[0.190s] Level 1:colcon.colcon_core.package_identification:_identify(lqr_galactic_wtih_todo_ws/src/lqr_controller) by extensions ['ignore', 'ignore_ament_install']
[0.190s] Level 1:colcon.colcon_core.package_identification:_identify(lqr_galactic_wtih_todo_ws/src/lqr_controller) by extension 'ignore'
[0.190s] Level 1:colcon.colcon_core.package_identification:_identify(lqr_galactic_wtih_todo_ws/src/lqr_controller) by extension 'ignore_ament_install'
[0.190s] Level 1:colcon.colcon_core.package_identification:_identify(lqr_galactic_wtih_todo_ws/src/lqr_controller) by extensions ['colcon_pkg']
[0.190s] Level 1:colcon.colcon_core.package_identification:_identify(lqr_galactic_wtih_todo_ws/src/lqr_controller) by extension 'colcon_pkg'
[0.190s] Level 1:colcon.colcon_core.package_identification:_identify(lqr_galactic_wtih_todo_ws/src/lqr_controller) by extensions ['colcon_meta']
[0.190s] Level 1:colcon.colcon_core.package_identification:_identify(lqr_galactic_wtih_todo_ws/src/lqr_controller) by extension 'colcon_meta'
[0.190s] Level 1:colcon.colcon_core.package_identification:_identify(lqr_galactic_wtih_todo_ws/src/lqr_controller) by extensions ['ros']
[0.190s] Level 1:colcon.colcon_core.package_identification:_identify(lqr_galactic_wtih_todo_ws/src/lqr_controller) by extension 'ros'
[0.191s] DEBUG:colcon.colcon_core.package_identification:Package 'lqr_galactic_wtih_todo_ws/src/lqr_controller' with type 'ros.ament_cmake' and name 'lqr_controller'
[0.191s] Level 1:colcon.colcon_core.package_identification:_identify(lqr_galactic_wtih_todo_ws/src/stanley_control) by extensions ['ignore', 'ignore_ament_install']
[0.191s] Level 1:colcon.colcon_core.package_identification:_identify(lqr_galactic_wtih_todo_ws/src/stanley_control) by extension 'ignore'
[0.192s] Level 1:colcon.colcon_core.package_identification:_identify(lqr_galactic_wtih_todo_ws/src/stanley_control) by extension 'ignore_ament_install'
[0.192s] Level 1:colcon.colcon_core.package_identification:_identify(lqr_galactic_wtih_todo_ws/src/stanley_control) by extensions ['colcon_pkg']
[0.192s] Level 1:colcon.colcon_core.package_identification:_identify(lqr_galactic_wtih_todo_ws/src/stanley_control) by extension 'colcon_pkg'
[0.192s] Level 1:colcon.colcon_core.package_identification:_identify(lqr_galactic_wtih_todo_ws/src/stanley_control) by extensions ['colcon_meta']
[0.192s] Level 1:colcon.colcon_core.package_identification:_identify(lqr_galactic_wtih_todo_ws/src/stanley_control) by extension 'colcon_meta'
[0.192s] Level 1:colcon.colcon_core.package_identification:_identify(lqr_galactic_wtih_todo_ws/src/stanley_control) by extensions ['ros']
[0.192s] Level 1:colcon.colcon_core.package_identification:_identify(lqr_galactic_wtih_todo_ws/src/stanley_control) by extension 'ros'
[0.193s] DEBUG:colcon.colcon_core.package_identification:Package 'lqr_galactic_wtih_todo_ws/src/stanley_control' with type 'ros.ament_cmake' and name 'stanley_control'
[0.193s] Level 1:colcon.colcon_core.package_identification:_identify(lqr_galactic_wtih_todo_ws/src/vehicle_control) by extensions ['ignore', 'ignore_ament_install']
[0.193s] Level 1:colcon.colcon_core.package_identification:_identify(lqr_galactic_wtih_todo_ws/src/vehicle_control) by extension 'ignore'
[0.193s] Level 1:colcon.colcon_core.package_identification:_identify(lqr_galactic_wtih_todo_ws/src/vehicle_control) by extension 'ignore_ament_install'
[0.193s] Level 1:colcon.colcon_core.package_identification:_identify(lqr_galactic_wtih_todo_ws/src/vehicle_control) by extensions ['colcon_pkg']
[0.193s] Level 1:colcon.colcon_core.package_identification:_identify(lqr_galactic_wtih_todo_ws/src/vehicle_control) by extension 'colcon_pkg'
[0.193s] Level 1:colcon.colcon_core.package_identification:_identify(lqr_galactic_wtih_todo_ws/src/vehicle_control) by extensions ['colcon_meta']
[0.193s] Level 1:colcon.colcon_core.package_identification:_identify(lqr_galactic_wtih_todo_ws/src/vehicle_control) by extension 'colcon_meta'
[0.193s] Level 1:colcon.colcon_core.package_identification:_identify(lqr_galactic_wtih_todo_ws/src/vehicle_control) by extensions ['ros']
[0.193s] Level 1:colcon.colcon_core.package_identification:_identify(lqr_galactic_wtih_todo_ws/src/vehicle_control) by extension 'ros'
[0.195s] DEBUG:colcon.colcon_core.package_identification:Package 'lqr_galactic_wtih_todo_ws/src/vehicle_control' with type 'ros.ament_cmake' and name 'vehicle_control'
[0.195s] Level 1:colcon.colcon_core.package_discovery:discover_packages(recursive) using defaults
[0.195s] Level 1:colcon.colcon_core.package_discovery:discover_packages(ignore) discover
[0.195s] Level 1:colcon.colcon_core.package_discovery:discover_packages(ignore) using defaults
[0.195s] Level 1:colcon.colcon_core.package_discovery:discover_packages(path) discover
[0.195s] Level 1:colcon.colcon_core.package_discovery:discover_packages(path) using defaults
[0.214s] Level 5:colcon.colcon_core.verb:set package 'lgsvl_msgs' build argument 'cmake_args' from command line to 'None'
[0.214s] Level 5:colcon.colcon_core.verb:set package 'lgsvl_msgs' build argument 'cmake_target' from command line to 'None'
[0.215s] Level 5:colcon.colcon_core.verb:set package 'lgsvl_msgs' build argument 'cmake_target_skip_unavailable' from command line to 'False'
[0.215s] Level 5:colcon.colcon_core.verb:set package 'lgsvl_msgs' build argument 'cmake_clean_cache' from command line to 'False'
[0.215s] Level 5:colcon.colcon_core.verb:set package 'lgsvl_msgs' build argument 'cmake_clean_first' from command line to 'False'
[0.215s] Level 5:colcon.colcon_core.verb:set package 'lgsvl_msgs' build argument 'cmake_force_configure' from command line to 'False'
[0.215s] Level 5:colcon.colcon_core.verb:set package 'lgsvl_msgs' build argument 'ament_cmake_args' from command line to 'None'
[0.215s] Level 5:colcon.colcon_core.verb:set package 'lgsvl_msgs' build argument 'catkin_cmake_args' from command line to 'None'
[0.215s] Level 5:colcon.colcon_core.verb:set package 'lgsvl_msgs' build argument 'catkin_skip_building_tests' from command line to 'False'
[0.215s] DEBUG:colcon.colcon_core.verb:Building package 'lgsvl_msgs' with the following arguments: {'ament_cmake_args': None, 'build_base': '/home/hwl/per_workspace/control_plan/chapter4/ros2_lqr/build/lgsvl_msgs', 'catkin_cmake_args': None, 'catkin_skip_building_tests': False, 'cmake_args': None, 'cmake_clean_cache': False, 'cmake_clean_first': False, 'cmake_force_configure': False, 'cmake_target': None, 'cmake_target_skip_unavailable': False, 'install_base': '/home/hwl/per_workspace/control_plan/chapter4/ros2_lqr/install/lgsvl_msgs', 'merge_install': False, 'path': '/home/hwl/per_workspace/control_plan/chapter4/ros2_lqr/lqr_galactic_wtih_todo_ws/src/lgsvl_msgs', 'symlink_install': False, 'test_result_base': None}
[0.215s] Level 5:colcon.colcon_core.verb:set package 'lgsvl_bridge_galactic' build argument 'cmake_args' from command line to 'None'
[0.215s] Level 5:colcon.colcon_core.verb:set package 'lgsvl_bridge_galactic' build argument 'cmake_target' from command line to 'None'
[0.215s] Level 5:colcon.colcon_core.verb:set package 'lgsvl_bridge_galactic' build argument 'cmake_target_skip_unavailable' from command line to 'False'
[0.215s] Level 5:colcon.colcon_core.verb:set package 'lgsvl_bridge_galactic' build argument 'cmake_clean_cache' from command line to 'False'
[0.216s] Level 5:colcon.colcon_core.verb:set package 'lgsvl_bridge_galactic' build argument 'cmake_clean_first' from command line to 'False'
[0.216s] Level 5:colcon.colcon_core.verb:set package 'lgsvl_bridge_galactic' build argument 'cmake_force_configure' from command line to 'False'
[0.216s] Level 5:colcon.colcon_core.verb:set package 'lgsvl_bridge_galactic' build argument 'ament_cmake_args' from command line to 'None'
[0.216s] Level 5:colcon.colcon_core.verb:set package 'lgsvl_bridge_galactic' build argument 'catkin_cmake_args' from command line to 'None'
[0.216s] Level 5:colcon.colcon_core.verb:set package 'lgsvl_bridge_galactic' build argument 'catkin_skip_building_tests' from command line to 'False'
[0.216s] DEBUG:colcon.colcon_core.verb:Building package 'lgsvl_bridge_galactic' with the following arguments: {'ament_cmake_args': None, 'build_base': '/home/hwl/per_workspace/control_plan/chapter4/ros2_lqr/build/lgsvl_bridge_galactic', 'catkin_cmake_args': None, 'catkin_skip_building_tests': False, 'cmake_args': None, 'cmake_clean_cache': False, 'cmake_clean_first': False, 'cmake_force_configure': False, 'cmake_target': None, 'cmake_target_skip_unavailable': False, 'install_base': '/home/hwl/per_workspace/control_plan/chapter4/ros2_lqr/install/lgsvl_bridge_galactic', 'merge_install': False, 'path': '/home/hwl/per_workspace/control_plan/chapter4/ros2_lqr/lqr_galactic_wtih_todo_ws/src/lgsvl_bridge_galactic', 'symlink_install': False, 'test_result_base': None}
[0.216s] Level 5:colcon.colcon_core.verb:set package 'lqr_controller' build argument 'cmake_args' from command line to 'None'
[0.216s] Level 5:colcon.colcon_core.verb:set package 'lqr_controller' build argument 'cmake_target' from command line to 'None'
[0.216s] Level 5:colcon.colcon_core.verb:set package 'lqr_controller' build argument 'cmake_target_skip_unavailable' from command line to 'False'
[0.216s] Level 5:colcon.colcon_core.verb:set package 'lqr_controller' build argument 'cmake_clean_cache' from command line to 'False'
[0.216s] Level 5:colcon.colcon_core.verb:set package 'lqr_controller' build argument 'cmake_clean_first' from command line to 'False'
[0.216s] Level 5:colcon.colcon_core.verb:set package 'lqr_controller' build argument 'cmake_force_configure' from command line to 'False'
[0.216s] Level 5:colcon.colcon_core.verb:set package 'lqr_controller' build argument 'ament_cmake_args' from command line to 'None'
[0.217s] Level 5:colcon.colcon_core.verb:set package 'lqr_controller' build argument 'catkin_cmake_args' from command line to 'None'
[0.217s] Level 5:colcon.colcon_core.verb:set package 'lqr_controller' build argument 'catkin_skip_building_tests' from command line to 'False'
[0.217s] DEBUG:colcon.colcon_core.verb:Building package 'lqr_controller' with the following arguments: {'ament_cmake_args': None, 'build_base': '/home/hwl/per_workspace/control_plan/chapter4/ros2_lqr/build/lqr_controller', 'catkin_cmake_args': None, 'catkin_skip_building_tests': False, 'cmake_args': None, 'cmake_clean_cache': False, 'cmake_clean_first': False, 'cmake_force_configure': False, 'cmake_target': None, 'cmake_target_skip_unavailable': False, 'install_base': '/home/hwl/per_workspace/control_plan/chapter4/ros2_lqr/install/lqr_controller', 'merge_install': False, 'path': '/home/hwl/per_workspace/control_plan/chapter4/ros2_lqr/lqr_galactic_wtih_todo_ws/src/lqr_controller', 'symlink_install': False, 'test_result_base': None}
[0.217s] Level 5:colcon.colcon_core.verb:set package 'stanley_control' build argument 'cmake_args' from command line to 'None'
[0.217s] Level 5:colcon.colcon_core.verb:set package 'stanley_control' build argument 'cmake_target' from command line to 'None'
[0.217s] Level 5:colcon.colcon_core.verb:set package 'stanley_control' build argument 'cmake_target_skip_unavailable' from command line to 'False'
[0.217s] Level 5:colcon.colcon_core.verb:set package 'stanley_control' build argument 'cmake_clean_cache' from command line to 'False'
[0.217s] Level 5:colcon.colcon_core.verb:set package 'stanley_control' build argument 'cmake_clean_first' from command line to 'False'
[0.217s] Level 5:colcon.colcon_core.verb:set package 'stanley_control' build argument 'cmake_force_configure' from command line to 'False'
[0.218s] Level 5:colcon.colcon_core.verb:set package 'stanley_control' build argument 'ament_cmake_args' from command line to 'None'
[0.218s] Level 5:colcon.colcon_core.verb:set package 'stanley_control' build argument 'catkin_cmake_args' from command line to 'None'
[0.218s] Level 5:colcon.colcon_core.verb:set package 'stanley_control' build argument 'catkin_skip_building_tests' from command line to 'False'
[0.218s] DEBUG:colcon.colcon_core.verb:Building package 'stanley_control' with the following arguments: {'ament_cmake_args': None, 'build_base': '/home/hwl/per_workspace/control_plan/chapter4/ros2_lqr/build/stanley_control', 'catkin_cmake_args': None, 'catkin_skip_building_tests': False, 'cmake_args': None, 'cmake_clean_cache': False, 'cmake_clean_first': False, 'cmake_force_configure': False, 'cmake_target': None, 'cmake_target_skip_unavailable': False, 'install_base': '/home/hwl/per_workspace/control_plan/chapter4/ros2_lqr/install/stanley_control', 'merge_install': False, 'path': '/home/hwl/per_workspace/control_plan/chapter4/ros2_lqr/lqr_galactic_wtih_todo_ws/src/stanley_control', 'symlink_install': False, 'test_result_base': None}
[0.218s] Level 5:colcon.colcon_core.verb:set package 'vehicle_control' build argument 'cmake_args' from command line to 'None'
[0.218s] Level 5:colcon.colcon_core.verb:set package 'vehicle_control' build argument 'cmake_target' from command line to 'None'
[0.218s] Level 5:colcon.colcon_core.verb:set package 'vehicle_control' build argument 'cmake_target_skip_unavailable' from command line to 'False'
[0.218s] Level 5:colcon.colcon_core.verb:set package 'vehicle_control' build argument 'cmake_clean_cache' from command line to 'False'
[0.218s] Level 5:colcon.colcon_core.verb:set package 'vehicle_control' build argument 'cmake_clean_first' from command line to 'False'
[0.218s] Level 5:colcon.colcon_core.verb:set package 'vehicle_control' build argument 'cmake_force_configure' from command line to 'False'
[0.219s] Level 5:colcon.colcon_core.verb:set package 'vehicle_control' build argument 'ament_cmake_args' from command line to 'None'
[0.219s] Level 5:colcon.colcon_core.verb:set package 'vehicle_control' build argument 'catkin_cmake_args' from command line to 'None'
[0.219s] Level 5:colcon.colcon_core.verb:set package 'vehicle_control' build argument 'catkin_skip_building_tests' from command line to 'False'
[0.219s] DEBUG:colcon.colcon_core.verb:Building package 'vehicle_control' with the following arguments: {'ament_cmake_args': None, 'build_base': '/home/hwl/per_workspace/control_plan/chapter4/ros2_lqr/build/vehicle_control', 'catkin_cmake_args': None, 'catkin_skip_building_tests': False, 'cmake_args': None, 'cmake_clean_cache': False, 'cmake_clean_first': False, 'cmake_force_configure': False, 'cmake_target': None, 'cmake_target_skip_unavailable': False, 'install_base': '/home/hwl/per_workspace/control_plan/chapter4/ros2_lqr/install/vehicle_control', 'merge_install': False, 'path': '/home/hwl/per_workspace/control_plan/chapter4/ros2_lqr/lqr_galactic_wtih_todo_ws/src/vehicle_control', 'symlink_install': False, 'test_result_base': None}
[0.219s] INFO:colcon.colcon_core.executor:Executing jobs using 'parallel' executor
[0.221s] DEBUG:colcon.colcon_parallel_executor.executor.parallel:run_until_complete
[0.232s] INFO:colcon.colcon_ros.task.ament_cmake.build:Building ROS package in '/home/hwl/per_workspace/control_plan/chapter4/ros2_lqr/lqr_galactic_wtih_todo_ws/src/lgsvl_msgs' with build type 'ament_cmake'
[0.232s] INFO:colcon.colcon_cmake.task.cmake.build:Building CMake package in '/home/hwl/per_workspace/control_plan/chapter4/ros2_lqr/lqr_galactic_wtih_todo_ws/src/lgsvl_msgs'
[0.237s] INFO:colcon.colcon_core.plugin_system:Skipping extension 'colcon_core.shell.bat': Not used on non-Windows systems
[0.237s] INFO:colcon.colcon_core.shell:Skip shell extension 'powershell' for command environment: Not usable outside of PowerShell
[0.237s] DEBUG:colcon.colcon_core.shell:Skip shell extension 'dsv' for command environment
[0.262s] DEBUG:colcon.colcon_core.event_handler.log_command:Invoking command in '/home/hwl/per_workspace/control_plan/chapter4/ros2_lqr/build/lgsvl_msgs': /usr/bin/cmake --build /home/hwl/per_workspace/control_plan/chapter4/ros2_lqr/build/lgsvl_msgs -- -j16 -l16
[0.838s] DEBUG:colcon.colcon_core.event_handler.log_command:Invoked command in '/home/hwl/per_workspace/control_plan/chapter4/ros2_lqr/build/lgsvl_msgs' returned '0': /usr/bin/cmake --build /home/hwl/per_workspace/control_plan/chapter4/ros2_lqr/build/lgsvl_msgs -- -j16 -l16
[1.643s] DEBUG:colcon.colcon_core.event_handler.log_command:Invoking command in '/home/hwl/per_workspace/control_plan/chapter4/ros2_lqr/build/lgsvl_msgs': /usr/bin/cmake --install /home/hwl/per_workspace/control_plan/chapter4/ros2_lqr/build/lgsvl_msgs
[1.751s] Level 1:colcon.colcon_core.environment:create_environment_scripts_only(lgsvl_msgs)
[1.754s] DEBUG:colcon.colcon_core.event_handler.log_command:Invoked command in '/home/hwl/per_workspace/control_plan/chapter4/ros2_lqr/build/lgsvl_msgs' returned '0': /usr/bin/cmake --install /home/hwl/per_workspace/control_plan/chapter4/ros2_lqr/build/lgsvl_msgs
[1.766s] Level 1:colcon.colcon_core.environment:checking '/home/hwl/per_workspace/control_plan/chapter4/ros2_lqr/install/lgsvl_msgs' for CMake module files
[1.768s] Level 1:colcon.colcon_core.environment:checking '/home/hwl/per_workspace/control_plan/chapter4/ros2_lqr/install/lgsvl_msgs' for CMake config files
[1.769s] Level 1:colcon.colcon_core.shell:create_environment_hook('lgsvl_msgs', 'cmake_prefix_path')
[1.770s] INFO:colcon.colcon_core.shell:Creating environment hook '/home/hwl/per_workspace/control_plan/chapter4/ros2_lqr/install/lgsvl_msgs/share/lgsvl_msgs/hook/cmake_prefix_path.ps1'
[1.772s] INFO:colcon.colcon_core.shell:Creating environment descriptor '/home/hwl/per_workspace/control_plan/chapter4/ros2_lqr/install/lgsvl_msgs/share/lgsvl_msgs/hook/cmake_prefix_path.dsv'
[1.773s] INFO:colcon.colcon_core.shell:Creating environment hook '/home/hwl/per_workspace/control_plan/chapter4/ros2_lqr/install/lgsvl_msgs/share/lgsvl_msgs/hook/cmake_prefix_path.sh'
[1.775s] Level 1:colcon.colcon_core.environment:checking '/home/hwl/per_workspace/control_plan/chapter4/ros2_lqr/install/lgsvl_msgs/lib'
[1.775s] Level 1:colcon.colcon_core.shell:create_environment_hook('lgsvl_msgs', 'ld_library_path_lib')
[1.776s] INFO:colcon.colcon_core.shell:Creating environment hook '/home/hwl/per_workspace/control_plan/chapter4/ros2_lqr/install/lgsvl_msgs/share/lgsvl_msgs/hook/ld_library_path_lib.ps1'
[1.777s] INFO:colcon.colcon_core.shell:Creating environment descriptor '/home/hwl/per_workspace/control_plan/chapter4/ros2_lqr/install/lgsvl_msgs/share/lgsvl_msgs/hook/ld_library_path_lib.dsv'
[1.778s] INFO:colcon.colcon_core.shell:Creating environment hook '/home/hwl/per_workspace/control_plan/chapter4/ros2_lqr/install/lgsvl_msgs/share/lgsvl_msgs/hook/ld_library_path_lib.sh'
[1.778s] Level 1:colcon.colcon_core.environment:checking '/home/hwl/per_workspace/control_plan/chapter4/ros2_lqr/install/lgsvl_msgs/bin'
[1.779s] Level 1:colcon.colcon_core.environment:checking '/home/hwl/per_workspace/control_plan/chapter4/ros2_lqr/install/lgsvl_msgs/lib/pkgconfig/lgsvl_msgs.pc'
[1.780s] Level 1:colcon.colcon_core.environment:checking '/home/hwl/per_workspace/control_plan/chapter4/ros2_lqr/install/lgsvl_msgs/lib/python3.8/site-packages'
[1.780s] Level 1:colcon.colcon_core.shell:create_environment_hook('lgsvl_msgs', 'pythonpath')
[1.781s] INFO:colcon.colcon_core.shell:Creating environment hook '/home/hwl/per_workspace/control_plan/chapter4/ros2_lqr/install/lgsvl_msgs/share/lgsvl_msgs/hook/pythonpath.ps1'
[1.782s] INFO:colcon.colcon_core.shell:Creating environment descriptor '/home/hwl/per_workspace/control_plan/chapter4/ros2_lqr/install/lgsvl_msgs/share/lgsvl_msgs/hook/pythonpath.dsv'
[1.782s] INFO:colcon.colcon_core.shell:Creating environment hook '/home/hwl/per_workspace/control_plan/chapter4/ros2_lqr/install/lgsvl_msgs/share/lgsvl_msgs/hook/pythonpath.sh'
[1.784s] INFO:colcon.colcon_core.shell:Creating package script '/home/hwl/per_workspace/control_plan/chapter4/ros2_lqr/install/lgsvl_msgs/share/lgsvl_msgs/package.ps1'
[1.785s] INFO:colcon.colcon_core.shell:Creating package descriptor '/home/hwl/per_workspace/control_plan/chapter4/ros2_lqr/install/lgsvl_msgs/share/lgsvl_msgs/package.dsv'
[1.786s] INFO:colcon.colcon_core.shell:Creating package script '/home/hwl/per_workspace/control_plan/chapter4/ros2_lqr/install/lgsvl_msgs/share/lgsvl_msgs/package.sh'
[1.787s] INFO:colcon.colcon_core.shell:Creating package script '/home/hwl/per_workspace/control_plan/chapter4/ros2_lqr/install/lgsvl_msgs/share/lgsvl_msgs/package.bash'
[1.788s] INFO:colcon.colcon_core.shell:Creating package script '/home/hwl/per_workspace/control_plan/chapter4/ros2_lqr/install/lgsvl_msgs/share/lgsvl_msgs/package.zsh'
[1.789s] Level 1:colcon.colcon_core.environment:create_file_with_runtime_dependencies(/home/hwl/per_workspace/control_plan/chapter4/ros2_lqr/install/lgsvl_msgs/share/colcon-core/packages/lgsvl_msgs)
[2.608s] Level 1:colcon.colcon_core.environment:create_environment_scripts_only(lgsvl_msgs)
[2.611s] Level 1:colcon.colcon_core.environment:checking '/home/hwl/per_workspace/control_plan/chapter4/ros2_lqr/install/lgsvl_msgs' for CMake module files
[2.613s] Level 1:colcon.colcon_core.environment:checking '/home/hwl/per_workspace/control_plan/chapter4/ros2_lqr/install/lgsvl_msgs' for CMake config files
[2.614s] Level 1:colcon.colcon_core.shell:create_environment_hook('lgsvl_msgs', 'cmake_prefix_path')
[2.616s] INFO:colcon.colcon_core.shell:Creating environment hook '/home/hwl/per_workspace/control_plan/chapter4/ros2_lqr/install/lgsvl_msgs/share/lgsvl_msgs/hook/cmake_prefix_path.ps1'
[2.617s] INFO:colcon.colcon_core.shell:Creating environment descriptor '/home/hwl/per_workspace/control_plan/chapter4/ros2_lqr/install/lgsvl_msgs/share/lgsvl_msgs/hook/cmake_prefix_path.dsv'
[2.618s] INFO:colcon.colcon_core.shell:Creating environment hook '/home/hwl/per_workspace/control_plan/chapter4/ros2_lqr/install/lgsvl_msgs/share/lgsvl_msgs/hook/cmake_prefix_path.sh'
[2.618s] Level 1:colcon.colcon_core.environment:checking '/home/hwl/per_workspace/control_plan/chapter4/ros2_lqr/install/lgsvl_msgs/lib'
[2.619s] Level 1:colcon.colcon_core.shell:create_environment_hook('lgsvl_msgs', 'ld_library_path_lib')
[2.619s] INFO:colcon.colcon_core.shell:Creating environment hook '/home/hwl/per_workspace/control_plan/chapter4/ros2_lqr/install/lgsvl_msgs/share/lgsvl_msgs/hook/ld_library_path_lib.ps1'
[2.620s] INFO:colcon.colcon_core.shell:Creating environment descriptor '/home/hwl/per_workspace/control_plan/chapter4/ros2_lqr/install/lgsvl_msgs/share/lgsvl_msgs/hook/ld_library_path_lib.dsv'
[2.620s] INFO:colcon.colcon_core.shell:Creating environment hook '/home/hwl/per_workspace/control_plan/chapter4/ros2_lqr/install/lgsvl_msgs/share/lgsvl_msgs/hook/ld_library_path_lib.sh'
[2.621s] Level 1:colcon.colcon_core.environment:checking '/home/hwl/per_workspace/control_plan/chapter4/ros2_lqr/install/lgsvl_msgs/bin'
[2.621s] Level 1:colcon.colcon_core.environment:checking '/home/hwl/per_workspace/control_plan/chapter4/ros2_lqr/install/lgsvl_msgs/lib/pkgconfig/lgsvl_msgs.pc'
[2.621s] Level 1:colcon.colcon_core.environment:checking '/home/hwl/per_workspace/control_plan/chapter4/ros2_lqr/install/lgsvl_msgs/lib/python3.8/site-packages'
[2.622s] Level 1:colcon.colcon_core.shell:create_environment_hook('lgsvl_msgs', 'pythonpath')
[2.622s] INFO:colcon.colcon_core.shell:Creating environment hook '/home/hwl/per_workspace/control_plan/chapter4/ros2_lqr/install/lgsvl_msgs/share/lgsvl_msgs/hook/pythonpath.ps1'
[2.623s] INFO:colcon.colcon_core.shell:Creating environment descriptor '/home/hwl/per_workspace/control_plan/chapter4/ros2_lqr/install/lgsvl_msgs/share/lgsvl_msgs/hook/pythonpath.dsv'
[2.623s] INFO:colcon.colcon_core.shell:Creating environment hook '/home/hwl/per_workspace/control_plan/chapter4/ros2_lqr/install/lgsvl_msgs/share/lgsvl_msgs/hook/pythonpath.sh'
[2.625s] INFO:colcon.colcon_core.shell:Creating package script '/home/hwl/per_workspace/control_plan/chapter4/ros2_lqr/install/lgsvl_msgs/share/lgsvl_msgs/package.ps1'
[2.626s] INFO:colcon.colcon_core.shell:Creating package descriptor '/home/hwl/per_workspace/control_plan/chapter4/ros2_lqr/install/lgsvl_msgs/share/lgsvl_msgs/package.dsv'
[2.626s] INFO:colcon.colcon_core.shell:Creating package script '/home/hwl/per_workspace/control_plan/chapter4/ros2_lqr/install/lgsvl_msgs/share/lgsvl_msgs/package.sh'
[2.627s] INFO:colcon.colcon_core.shell:Creating package script '/home/hwl/per_workspace/control_plan/chapter4/ros2_lqr/install/lgsvl_msgs/share/lgsvl_msgs/package.bash'
[2.627s] INFO:colcon.colcon_core.shell:Creating package script '/home/hwl/per_workspace/control_plan/chapter4/ros2_lqr/install/lgsvl_msgs/share/lgsvl_msgs/package.zsh'
[2.628s] Level 1:colcon.colcon_core.environment:create_file_with_runtime_dependencies(/home/hwl/per_workspace/control_plan/chapter4/ros2_lqr/install/lgsvl_msgs/share/colcon-core/packages/lgsvl_msgs)
[2.629s] INFO:colcon.colcon_ros.task.ament_cmake.build:Building ROS package in '/home/hwl/per_workspace/control_plan/chapter4/ros2_lqr/lqr_galactic_wtih_todo_ws/src/lgsvl_bridge_galactic' with build type 'ament_cmake'
[2.629s] INFO:colcon.colcon_cmake.task.cmake.build:Building CMake package in '/home/hwl/per_workspace/control_plan/chapter4/ros2_lqr/lqr_galactic_wtih_todo_ws/src/lgsvl_bridge_galactic'
[2.631s] INFO:colcon.colcon_core.shell:Skip shell extension 'powershell' for command environment: Not usable outside of PowerShell
[2.631s] DEBUG:colcon.colcon_core.shell:Skip shell extension 'dsv' for command environment
[2.645s] INFO:colcon.colcon_ros.task.ament_cmake.build:Building ROS package in '/home/hwl/per_workspace/control_plan/chapter4/ros2_lqr/lqr_galactic_wtih_todo_ws/src/lqr_controller' with build type 'ament_cmake'
[2.645s] INFO:colcon.colcon_cmake.task.cmake.build:Building CMake package in '/home/hwl/per_workspace/control_plan/chapter4/ros2_lqr/lqr_galactic_wtih_todo_ws/src/lqr_controller'
[2.647s] INFO:colcon.colcon_core.shell:Skip shell extension 'powershell' for command environment: Not usable outside of PowerShell
[2.648s] DEBUG:colcon.colcon_core.shell:Skip shell extension 'dsv' for command environment
[2.662s] INFO:colcon.colcon_ros.task.ament_cmake.build:Building ROS package in '/home/hwl/per_workspace/control_plan/chapter4/ros2_lqr/lqr_galactic_wtih_todo_ws/src/stanley_control' with build type 'ament_cmake'
[2.663s] INFO:colcon.colcon_cmake.task.cmake.build:Building CMake package in '/home/hwl/per_workspace/control_plan/chapter4/ros2_lqr/lqr_galactic_wtih_todo_ws/src/stanley_control'
[2.667s] INFO:colcon.colcon_core.shell:Skip shell extension 'powershell' for command environment: Not usable outside of PowerShell
[2.667s] DEBUG:colcon.colcon_core.shell:Skip shell extension 'dsv' for command environment
[2.693s] INFO:colcon.colcon_ros.task.ament_cmake.build:Building ROS package in '/home/hwl/per_workspace/control_plan/chapter4/ros2_lqr/lqr_galactic_wtih_todo_ws/src/vehicle_control' with build type 'ament_cmake'
[2.694s] INFO:colcon.colcon_cmake.task.cmake.build:Building CMake package in '/home/hwl/per_workspace/control_plan/chapter4/ros2_lqr/lqr_galactic_wtih_todo_ws/src/vehicle_control'
[2.695s] INFO:colcon.colcon_core.shell:Skip shell extension 'powershell' for command environment: Not usable outside of PowerShell
[2.695s] DEBUG:colcon.colcon_core.shell:Skip shell extension 'dsv' for command environment
[2.715s] DEBUG:colcon.colcon_core.event_handler.log_command:Invoking command in '/home/hwl/per_workspace/control_plan/chapter4/ros2_lqr/build/lgsvl_bridge_galactic': AMENT_PREFIX_PATH=/home/hwl/per_workspace/control_plan/chapter4/ros2_lqr/install/lgsvl_msgs:${AMENT_PREFIX_PATH} CMAKE_PREFIX_PATH=/home/hwl/per_workspace/control_plan/chapter4/ros2_lqr/install/lgsvl_msgs:${CMAKE_PREFIX_PATH} LD_LIBRARY_PATH=/home/hwl/per_workspace/control_plan/chapter4/ros2_lqr/install/lgsvl_msgs/lib:${LD_LIBRARY_PATH} PYTHONPATH=/home/hwl/per_workspace/control_plan/chapter4/ros2_lqr/install/lgsvl_msgs/lib/python3.8/site-packages:${PYTHONPATH} /usr/bin/cmake --build /home/hwl/per_workspace/control_plan/chapter4/ros2_lqr/build/lgsvl_bridge_galactic -- -j16 -l16
[2.721s] DEBUG:colcon.colcon_core.event_handler.log_command:Invoking command in '/home/hwl/per_workspace/control_plan/chapter4/ros2_lqr/build/lqr_controller': AMENT_PREFIX_PATH=/home/hwl/per_workspace/control_plan/chapter4/ros2_lqr/install/lgsvl_msgs:${AMENT_PREFIX_PATH} CMAKE_PREFIX_PATH=/home/hwl/per_workspace/control_plan/chapter4/ros2_lqr/install/lgsvl_msgs:${CMAKE_PREFIX_PATH} LD_LIBRARY_PATH=/home/hwl/per_workspace/control_plan/chapter4/ros2_lqr/install/lgsvl_msgs/lib:${LD_LIBRARY_PATH} PYTHONPATH=/home/hwl/per_workspace/control_plan/chapter4/ros2_lqr/install/lgsvl_msgs/lib/python3.8/site-packages:${PYTHONPATH} /usr/bin/cmake --build /home/hwl/per_workspace/control_plan/chapter4/ros2_lqr/build/lqr_controller -- -j16 -l16
[2.726s] DEBUG:colcon.colcon_core.event_handler.log_command:Invoking command in '/home/hwl/per_workspace/control_plan/chapter4/ros2_lqr/build/stanley_control': AMENT_PREFIX_PATH=/home/hwl/per_workspace/control_plan/chapter4/ros2_lqr/install/lgsvl_msgs:${AMENT_PREFIX_PATH} CMAKE_PREFIX_PATH=/home/hwl/per_workspace/control_plan/chapter4/ros2_lqr/install/lgsvl_msgs:${CMAKE_PREFIX_PATH} LD_LIBRARY_PATH=/home/hwl/per_workspace/control_plan/chapter4/ros2_lqr/install/lgsvl_msgs/lib:${LD_LIBRARY_PATH} PYTHONPATH=/home/hwl/per_workspace/control_plan/chapter4/ros2_lqr/install/lgsvl_msgs/lib/python3.8/site-packages:${PYTHONPATH} /usr/bin/cmake --build /home/hwl/per_workspace/control_plan/chapter4/ros2_lqr/build/stanley_control -- -j16 -l16
[2.734s] DEBUG:colcon.colcon_core.event_handler.log_command:Invoking command in '/home/hwl/per_workspace/control_plan/chapter4/ros2_lqr/build/vehicle_control': AMENT_PREFIX_PATH=/home/hwl/per_workspace/control_plan/chapter4/ros2_lqr/install/lgsvl_msgs:${AMENT_PREFIX_PATH} CMAKE_PREFIX_PATH=/home/hwl/per_workspace/control_plan/chapter4/ros2_lqr/install/lgsvl_msgs:${CMAKE_PREFIX_PATH} LD_LIBRARY_PATH=/home/hwl/per_workspace/control_plan/chapter4/ros2_lqr/install/lgsvl_msgs/lib:${LD_LIBRARY_PATH} PYTHONPATH=/home/hwl/per_workspace/control_plan/chapter4/ros2_lqr/install/lgsvl_msgs/lib/python3.8/site-packages:${PYTHONPATH} /usr/bin/cmake --build /home/hwl/per_workspace/control_plan/chapter4/ros2_lqr/build/vehicle_control -- -j16 -l16
[2.851s] DEBUG:colcon.colcon_core.event_handler.log_command:Invoked command in '/home/hwl/per_workspace/control_plan/chapter4/ros2_lqr/build/lgsvl_bridge_galactic' returned '0': AMENT_PREFIX_PATH=/home/hwl/per_workspace/control_plan/chapter4/ros2_lqr/install/lgsvl_msgs:${AMENT_PREFIX_PATH} CMAKE_PREFIX_PATH=/home/hwl/per_workspace/control_plan/chapter4/ros2_lqr/install/lgsvl_msgs:${CMAKE_PREFIX_PATH} LD_LIBRARY_PATH=/home/hwl/per_workspace/control_plan/chapter4/ros2_lqr/install/lgsvl_msgs/lib:${LD_LIBRARY_PATH} PYTHONPATH=/home/hwl/per_workspace/control_plan/chapter4/ros2_lqr/install/lgsvl_msgs/lib/python3.8/site-packages:${PYTHONPATH} /usr/bin/cmake --build /home/hwl/per_workspace/control_plan/chapter4/ros2_lqr/build/lgsvl_bridge_galactic -- -j16 -l16
[2.904s] DEBUG:colcon.colcon_core.event_handler.log_command:Invoked command in '/home/hwl/per_workspace/control_plan/chapter4/ros2_lqr/build/stanley_control' returned '0': AMENT_PREFIX_PATH=/home/hwl/per_workspace/control_plan/chapter4/ros2_lqr/install/lgsvl_msgs:${AMENT_PREFIX_PATH} CMAKE_PREFIX_PATH=/home/hwl/per_workspace/control_plan/chapter4/ros2_lqr/install/lgsvl_msgs:${CMAKE_PREFIX_PATH} LD_LIBRARY_PATH=/home/hwl/per_workspace/control_plan/chapter4/ros2_lqr/install/lgsvl_msgs/lib:${LD_LIBRARY_PATH} PYTHONPATH=/home/hwl/per_workspace/control_plan/chapter4/ros2_lqr/install/lgsvl_msgs/lib/python3.8/site-packages:${PYTHONPATH} /usr/bin/cmake --build /home/hwl/per_workspace/control_plan/chapter4/ros2_lqr/build/stanley_control -- -j16 -l16
[2.925s] DEBUG:colcon.colcon_core.event_handler.log_command:Invoking command in '/home/hwl/per_workspace/control_plan/chapter4/ros2_lqr/build/lgsvl_bridge_galactic': AMENT_PREFIX_PATH=/home/hwl/per_workspace/control_plan/chapter4/ros2_lqr/install/lgsvl_msgs:${AMENT_PREFIX_PATH} CMAKE_PREFIX_PATH=/home/hwl/per_workspace/control_plan/chapter4/ros2_lqr/install/lgsvl_msgs:${CMAKE_PREFIX_PATH} LD_LIBRARY_PATH=/home/hwl/per_workspace/control_plan/chapter4/ros2_lqr/install/lgsvl_msgs/lib:${LD_LIBRARY_PATH} PYTHONPATH=/home/hwl/per_workspace/control_plan/chapter4/ros2_lqr/install/lgsvl_msgs/lib/python3.8/site-packages:${PYTHONPATH} /usr/bin/cmake --install /home/hwl/per_workspace/control_plan/chapter4/ros2_lqr/build/lgsvl_bridge_galactic
[2.929s] DEBUG:colcon.colcon_core.event_handler.log_command:Invoked command in '/home/hwl/per_workspace/control_plan/chapter4/ros2_lqr/build/vehicle_control' returned '0': AMENT_PREFIX_PATH=/home/hwl/per_workspace/control_plan/chapter4/ros2_lqr/install/lgsvl_msgs:${AMENT_PREFIX_PATH} CMAKE_PREFIX_PATH=/home/hwl/per_workspace/control_plan/chapter4/ros2_lqr/install/lgsvl_msgs:${CMAKE_PREFIX_PATH} LD_LIBRARY_PATH=/home/hwl/per_workspace/control_plan/chapter4/ros2_lqr/install/lgsvl_msgs/lib:${LD_LIBRARY_PATH} PYTHONPATH=/home/hwl/per_workspace/control_plan/chapter4/ros2_lqr/install/lgsvl_msgs/lib/python3.8/site-packages:${PYTHONPATH} /usr/bin/cmake --build /home/hwl/per_workspace/control_plan/chapter4/ros2_lqr/build/vehicle_control -- -j16 -l16
[2.949s] Level 1:colcon.colcon_core.environment:create_environment_scripts_only(lgsvl_bridge_galactic)
[2.953s] Level 1:colcon.colcon_core.environment:checking '/home/hwl/per_workspace/control_plan/chapter4/ros2_lqr/install/lgsvl_bridge_galactic' for CMake module files
[2.955s] DEBUG:colcon.colcon_core.event_handler.log_command:Invoked command in '/home/hwl/per_workspace/control_plan/chapter4/ros2_lqr/build/lgsvl_bridge_galactic' returned '0': AMENT_PREFIX_PATH=/home/hwl/per_workspace/control_plan/chapter4/ros2_lqr/install/lgsvl_msgs:${AMENT_PREFIX_PATH} CMAKE_PREFIX_PATH=/home/hwl/per_workspace/control_plan/chapter4/ros2_lqr/install/lgsvl_msgs:${CMAKE_PREFIX_PATH} LD_LIBRARY_PATH=/home/hwl/per_workspace/control_plan/chapter4/ros2_lqr/install/lgsvl_msgs/lib:${LD_LIBRARY_PATH} PYTHONPATH=/home/hwl/per_workspace/control_plan/chapter4/ros2_lqr/install/lgsvl_msgs/lib/python3.8/site-packages:${PYTHONPATH} /usr/bin/cmake --install /home/hwl/per_workspace/control_plan/chapter4/ros2_lqr/build/lgsvl_bridge_galactic
[2.956s] Level 1:colcon.colcon_core.environment:checking '/home/hwl/per_workspace/control_plan/chapter4/ros2_lqr/install/lgsvl_bridge_galactic' for CMake config files
[2.956s] Level 1:colcon.colcon_core.shell:create_environment_hook('lgsvl_bridge_galactic', 'cmake_prefix_path')
[2.958s] INFO:colcon.colcon_core.shell:Creating environment hook '/home/hwl/per_workspace/control_plan/chapter4/ros2_lqr/install/lgsvl_bridge_galactic/share/lgsvl_bridge_galactic/hook/cmake_prefix_path.ps1'
[2.959s] INFO:colcon.colcon_core.shell:Creating environment descriptor '/home/hwl/per_workspace/control_plan/chapter4/ros2_lqr/install/lgsvl_bridge_galactic/share/lgsvl_bridge_galactic/hook/cmake_prefix_path.dsv'
[2.960s] INFO:colcon.colcon_core.shell:Creating environment hook '/home/hwl/per_workspace/control_plan/chapter4/ros2_lqr/install/lgsvl_bridge_galactic/share/lgsvl_bridge_galactic/hook/cmake_prefix_path.sh'
[2.962s] Level 1:colcon.colcon_core.environment:checking '/home/hwl/per_workspace/control_plan/chapter4/ros2_lqr/install/lgsvl_bridge_galactic/lib'
[2.962s] Level 1:colcon.colcon_core.environment:checking '/home/hwl/per_workspace/control_plan/chapter4/ros2_lqr/install/lgsvl_bridge_galactic/bin'
[2.962s] Level 1:colcon.colcon_core.environment:checking '/home/hwl/per_workspace/control_plan/chapter4/ros2_lqr/install/lgsvl_bridge_galactic/lib/pkgconfig/lgsvl_bridge_galactic.pc'
[2.963s] Level 1:colcon.colcon_core.environment:checking '/home/hwl/per_workspace/control_plan/chapter4/ros2_lqr/install/lgsvl_bridge_galactic/lib/python3.8/site-packages'
[2.964s] INFO:colcon.colcon_core.shell:Creating package script '/home/hwl/per_workspace/control_plan/chapter4/ros2_lqr/install/lgsvl_bridge_galactic/share/lgsvl_bridge_galactic/package.ps1'
[2.966s] INFO:colcon.colcon_core.shell:Creating package descriptor '/home/hwl/per_workspace/control_plan/chapter4/ros2_lqr/install/lgsvl_bridge_galactic/share/lgsvl_bridge_galactic/package.dsv'
[2.967s] INFO:colcon.colcon_core.shell:Creating package script '/home/hwl/per_workspace/control_plan/chapter4/ros2_lqr/install/lgsvl_bridge_galactic/share/lgsvl_bridge_galactic/package.sh'
[2.968s] INFO:colcon.colcon_core.shell:Creating package script '/home/hwl/per_workspace/control_plan/chapter4/ros2_lqr/install/lgsvl_bridge_galactic/share/lgsvl_bridge_galactic/package.bash'
[2.968s] INFO:colcon.colcon_core.shell:Creating package script '/home/hwl/per_workspace/control_plan/chapter4/ros2_lqr/install/lgsvl_bridge_galactic/share/lgsvl_bridge_galactic/package.zsh'
[2.969s] Level 1:colcon.colcon_core.environment:create_file_with_runtime_dependencies(/home/hwl/per_workspace/control_plan/chapter4/ros2_lqr/install/lgsvl_bridge_galactic/share/colcon-core/packages/lgsvl_bridge_galactic)
[2.979s] DEBUG:colcon.colcon_core.event_handler.log_command:Invoking command in '/home/hwl/per_workspace/control_plan/chapter4/ros2_lqr/build/stanley_control': AMENT_PREFIX_PATH=/home/hwl/per_workspace/control_plan/chapter4/ros2_lqr/install/lgsvl_msgs:${AMENT_PREFIX_PATH} CMAKE_PREFIX_PATH=/home/hwl/per_workspace/control_plan/chapter4/ros2_lqr/install/lgsvl_msgs:${CMAKE_PREFIX_PATH} LD_LIBRARY_PATH=/home/hwl/per_workspace/control_plan/chapter4/ros2_lqr/install/lgsvl_msgs/lib:${LD_LIBRARY_PATH} PYTHONPATH=/home/hwl/per_workspace/control_plan/chapter4/ros2_lqr/install/lgsvl_msgs/lib/python3.8/site-packages:${PYTHONPATH} /usr/bin/cmake --install /home/hwl/per_workspace/control_plan/chapter4/ros2_lqr/build/stanley_control
[3.010s] Level 1:colcon.colcon_core.environment:create_environment_scripts_only(stanley_control)
[3.012s] Level 1:colcon.colcon_core.environment:checking '/home/hwl/per_workspace/control_plan/chapter4/ros2_lqr/install/stanley_control' for CMake module files
[3.014s] DEBUG:colcon.colcon_core.event_handler.log_command:Invoking command in '/home/hwl/per_workspace/control_plan/chapter4/ros2_lqr/build/vehicle_control': AMENT_PREFIX_PATH=/home/hwl/per_workspace/control_plan/chapter4/ros2_lqr/install/lgsvl_msgs:${AMENT_PREFIX_PATH} CMAKE_PREFIX_PATH=/home/hwl/per_workspace/control_plan/chapter4/ros2_lqr/install/lgsvl_msgs:${CMAKE_PREFIX_PATH} LD_LIBRARY_PATH=/home/hwl/per_workspace/control_plan/chapter4/ros2_lqr/install/lgsvl_msgs/lib:${LD_LIBRARY_PATH} PYTHONPATH=/home/hwl/per_workspace/control_plan/chapter4/ros2_lqr/install/lgsvl_msgs/lib/python3.8/site-packages:${PYTHONPATH} /usr/bin/cmake --install /home/hwl/per_workspace/control_plan/chapter4/ros2_lqr/build/vehicle_control
[3.015s] Level 1:colcon.colcon_core.environment:checking '/home/hwl/per_workspace/control_plan/chapter4/ros2_lqr/install/stanley_control' for CMake config files
[3.016s] DEBUG:colcon.colcon_core.event_handler.log_command:Invoked command in '/home/hwl/per_workspace/control_plan/chapter4/ros2_lqr/build/stanley_control' returned '0': AMENT_PREFIX_PATH=/home/hwl/per_workspace/control_plan/chapter4/ros2_lqr/install/lgsvl_msgs:${AMENT_PREFIX_PATH} CMAKE_PREFIX_PATH=/home/hwl/per_workspace/control_plan/chapter4/ros2_lqr/install/lgsvl_msgs:${CMAKE_PREFIX_PATH} LD_LIBRARY_PATH=/home/hwl/per_workspace/control_plan/chapter4/ros2_lqr/install/lgsvl_msgs/lib:${LD_LIBRARY_PATH} PYTHONPATH=/home/hwl/per_workspace/control_plan/chapter4/ros2_lqr/install/lgsvl_msgs/lib/python3.8/site-packages:${PYTHONPATH} /usr/bin/cmake --install /home/hwl/per_workspace/control_plan/chapter4/ros2_lqr/build/stanley_control
[3.016s] Level 1:colcon.colcon_core.shell:create_environment_hook('stanley_control', 'cmake_prefix_path')
[3.019s] INFO:colcon.colcon_core.shell:Creating environment hook '/home/hwl/per_workspace/control_plan/chapter4/ros2_lqr/install/stanley_control/share/stanley_control/hook/cmake_prefix_path.ps1'
[3.021s] INFO:colcon.colcon_core.shell:Creating environment descriptor '/home/hwl/per_workspace/control_plan/chapter4/ros2_lqr/install/stanley_control/share/stanley_control/hook/cmake_prefix_path.dsv'
[3.025s] INFO:colcon.colcon_core.shell:Creating environment hook '/home/hwl/per_workspace/control_plan/chapter4/ros2_lqr/install/stanley_control/share/stanley_control/hook/cmake_prefix_path.sh'
[3.027s] Level 1:colcon.colcon_core.environment:checking '/home/hwl/per_workspace/control_plan/chapter4/ros2_lqr/install/stanley_control/lib'
[3.028s] Level 1:colcon.colcon_core.environment:checking '/home/hwl/per_workspace/control_plan/chapter4/ros2_lqr/install/stanley_control/bin'
[3.028s] Level 1:colcon.colcon_core.environment:checking '/home/hwl/per_workspace/control_plan/chapter4/ros2_lqr/install/stanley_control/lib/pkgconfig/stanley_control.pc'
[3.029s] Level 1:colcon.colcon_core.environment:checking '/home/hwl/per_workspace/control_plan/chapter4/ros2_lqr/install/stanley_control/lib/python3.8/site-packages'
[3.031s] INFO:colcon.colcon_core.shell:Creating package script '/home/hwl/per_workspace/control_plan/chapter4/ros2_lqr/install/stanley_control/share/stanley_control/package.ps1'
[3.032s] INFO:colcon.colcon_core.shell:Creating package descriptor '/home/hwl/per_workspace/control_plan/chapter4/ros2_lqr/install/stanley_control/share/stanley_control/package.dsv'
[3.033s] INFO:colcon.colcon_core.shell:Creating package script '/home/hwl/per_workspace/control_plan/chapter4/ros2_lqr/install/stanley_control/share/stanley_control/package.sh'
[3.035s] INFO:colcon.colcon_core.shell:Creating package script '/home/hwl/per_workspace/control_plan/chapter4/ros2_lqr/install/stanley_control/share/stanley_control/package.bash'
[3.035s] INFO:colcon.colcon_core.shell:Creating package script '/home/hwl/per_workspace/control_plan/chapter4/ros2_lqr/install/stanley_control/share/stanley_control/package.zsh'
[3.037s] Level 1:colcon.colcon_core.environment:create_file_with_runtime_dependencies(/home/hwl/per_workspace/control_plan/chapter4/ros2_lqr/install/stanley_control/share/colcon-core/packages/stanley_control)
[3.046s] Level 1:colcon.colcon_core.environment:create_environment_scripts_only(vehicle_control)
[3.048s] Level 1:colcon.colcon_core.environment:checking '/home/hwl/per_workspace/control_plan/chapter4/ros2_lqr/install/vehicle_control' for CMake module files
[3.050s] DEBUG:colcon.colcon_core.event_handler.log_command:Invoked command in '/home/hwl/per_workspace/control_plan/chapter4/ros2_lqr/build/vehicle_control' returned '0': AMENT_PREFIX_PATH=/home/hwl/per_workspace/control_plan/chapter4/ros2_lqr/install/lgsvl_msgs:${AMENT_PREFIX_PATH} CMAKE_PREFIX_PATH=/home/hwl/per_workspace/control_plan/chapter4/ros2_lqr/install/lgsvl_msgs:${CMAKE_PREFIX_PATH} LD_LIBRARY_PATH=/home/hwl/per_workspace/control_plan/chapter4/ros2_lqr/install/lgsvl_msgs/lib:${LD_LIBRARY_PATH} PYTHONPATH=/home/hwl/per_workspace/control_plan/chapter4/ros2_lqr/install/lgsvl_msgs/lib/python3.8/site-packages:${PYTHONPATH} /usr/bin/cmake --install /home/hwl/per_workspace/control_plan/chapter4/ros2_lqr/build/vehicle_control
[3.050s] Level 1:colcon.colcon_core.environment:checking '/home/hwl/per_workspace/control_plan/chapter4/ros2_lqr/install/vehicle_control' for CMake config files
[3.051s] Level 1:colcon.colcon_core.shell:create_environment_hook('vehicle_control', 'cmake_prefix_path')
[3.051s] INFO:colcon.colcon_core.shell:Creating environment hook '/home/hwl/per_workspace/control_plan/chapter4/ros2_lqr/install/vehicle_control/share/vehicle_control/hook/cmake_prefix_path.ps1'
[3.052s] INFO:colcon.colcon_core.shell:Creating environment descriptor '/home/hwl/per_workspace/control_plan/chapter4/ros2_lqr/install/vehicle_control/share/vehicle_control/hook/cmake_prefix_path.dsv'
[3.053s] INFO:colcon.colcon_core.shell:Creating environment hook '/home/hwl/per_workspace/control_plan/chapter4/ros2_lqr/install/vehicle_control/share/vehicle_control/hook/cmake_prefix_path.sh'
[3.053s] Level 1:colcon.colcon_core.environment:checking '/home/hwl/per_workspace/control_plan/chapter4/ros2_lqr/install/vehicle_control/lib'
[3.053s] Level 1:colcon.colcon_core.environment:checking '/home/hwl/per_workspace/control_plan/chapter4/ros2_lqr/install/vehicle_control/bin'
[3.053s] Level 1:colcon.colcon_core.environment:checking '/home/hwl/per_workspace/control_plan/chapter4/ros2_lqr/install/vehicle_control/lib/pkgconfig/vehicle_control.pc'
[3.054s] Level 1:colcon.colcon_core.environment:checking '/home/hwl/per_workspace/control_plan/chapter4/ros2_lqr/install/vehicle_control/lib/python3.8/site-packages'
[3.055s] INFO:colcon.colcon_core.shell:Creating package script '/home/hwl/per_workspace/control_plan/chapter4/ros2_lqr/install/vehicle_control/share/vehicle_control/package.ps1'
[3.055s] INFO:colcon.colcon_core.shell:Creating package descriptor '/home/hwl/per_workspace/control_plan/chapter4/ros2_lqr/install/vehicle_control/share/vehicle_control/package.dsv'
[3.056s] INFO:colcon.colcon_core.shell:Creating package script '/home/hwl/per_workspace/control_plan/chapter4/ros2_lqr/install/vehicle_control/share/vehicle_control/package.sh'
[3.056s] INFO:colcon.colcon_core.shell:Creating package script '/home/hwl/per_workspace/control_plan/chapter4/ros2_lqr/install/vehicle_control/share/vehicle_control/package.bash'
[3.056s] INFO:colcon.colcon_core.shell:Creating package script '/home/hwl/per_workspace/control_plan/chapter4/ros2_lqr/install/vehicle_control/share/vehicle_control/package.zsh'
[3.057s] Level 1:colcon.colcon_core.environment:create_file_with_runtime_dependencies(/home/hwl/per_workspace/control_plan/chapter4/ros2_lqr/install/vehicle_control/share/colcon-core/packages/vehicle_control)
[3.063s] Level 1:colcon.colcon_core.environment:create_environment_scripts_only(lgsvl_bridge_galactic)
[3.064s] Level 1:colcon.colcon_core.environment:checking '/home/hwl/per_workspace/control_plan/chapter4/ros2_lqr/install/lgsvl_bridge_galactic' for CMake module files
[3.065s] Level 1:colcon.colcon_core.environment:checking '/home/hwl/per_workspace/control_plan/chapter4/ros2_lqr/install/lgsvl_bridge_galactic' for CMake config files
[3.065s] Level 1:colcon.colcon_core.shell:create_environment_hook('lgsvl_bridge_galactic', 'cmake_prefix_path')
[3.066s] INFO:colcon.colcon_core.shell:Creating environment hook '/home/hwl/per_workspace/control_plan/chapter4/ros2_lqr/install/lgsvl_bridge_galactic/share/lgsvl_bridge_galactic/hook/cmake_prefix_path.ps1'
[3.066s] INFO:colcon.colcon_core.shell:Creating environment descriptor '/home/hwl/per_workspace/control_plan/chapter4/ros2_lqr/install/lgsvl_bridge_galactic/share/lgsvl_bridge_galactic/hook/cmake_prefix_path.dsv'
[3.067s] INFO:colcon.colcon_core.shell:Creating environment hook '/home/hwl/per_workspace/control_plan/chapter4/ros2_lqr/install/lgsvl_bridge_galactic/share/lgsvl_bridge_galactic/hook/cmake_prefix_path.sh'
[3.067s] Level 1:colcon.colcon_core.environment:checking '/home/hwl/per_workspace/control_plan/chapter4/ros2_lqr/install/lgsvl_bridge_galactic/lib'
[3.068s] Level 1:colcon.colcon_core.environment:checking '/home/hwl/per_workspace/control_plan/chapter4/ros2_lqr/install/lgsvl_bridge_galactic/bin'
[3.068s] Level 1:colcon.colcon_core.environment:checking '/home/hwl/per_workspace/control_plan/chapter4/ros2_lqr/install/lgsvl_bridge_galactic/lib/pkgconfig/lgsvl_bridge_galactic.pc'
[3.068s] Level 1:colcon.colcon_core.environment:checking '/home/hwl/per_workspace/control_plan/chapter4/ros2_lqr/install/lgsvl_bridge_galactic/lib/python3.8/site-packages'
[3.069s] INFO:colcon.colcon_core.shell:Creating package script '/home/hwl/per_workspace/control_plan/chapter4/ros2_lqr/install/lgsvl_bridge_galactic/share/lgsvl_bridge_galactic/package.ps1'
[3.070s] INFO:colcon.colcon_core.shell:Creating package descriptor '/home/hwl/per_workspace/control_plan/chapter4/ros2_lqr/install/lgsvl_bridge_galactic/share/lgsvl_bridge_galactic/package.dsv'
[3.070s] INFO:colcon.colcon_core.shell:Creating package script '/home/hwl/per_workspace/control_plan/chapter4/ros2_lqr/install/lgsvl_bridge_galactic/share/lgsvl_bridge_galactic/package.sh'
[3.071s] INFO:colcon.colcon_core.shell:Creating package script '/home/hwl/per_workspace/control_plan/chapter4/ros2_lqr/install/lgsvl_bridge_galactic/share/lgsvl_bridge_galactic/package.bash'
[3.071s] INFO:colcon.colcon_core.shell:Creating package script '/home/hwl/per_workspace/control_plan/chapter4/ros2_lqr/install/lgsvl_bridge_galactic/share/lgsvl_bridge_galactic/package.zsh'
[3.072s] Level 1:colcon.colcon_core.environment:create_file_with_runtime_dependencies(/home/hwl/per_workspace/control_plan/chapter4/ros2_lqr/install/lgsvl_bridge_galactic/share/colcon-core/packages/lgsvl_bridge_galactic)
[3.096s] Level 1:colcon.colcon_core.environment:create_environment_scripts_only(stanley_control)
[3.097s] Level 1:colcon.colcon_core.environment:checking '/home/hwl/per_workspace/control_plan/chapter4/ros2_lqr/install/stanley_control' for CMake module files
[3.098s] Level 1:colcon.colcon_core.environment:checking '/home/hwl/per_workspace/control_plan/chapter4/ros2_lqr/install/stanley_control' for CMake config files
[3.099s] Level 1:colcon.colcon_core.shell:create_environment_hook('stanley_control', 'cmake_prefix_path')
[3.100s] INFO:colcon.colcon_core.shell:Creating environment hook '/home/hwl/per_workspace/control_plan/chapter4/ros2_lqr/install/stanley_control/share/stanley_control/hook/cmake_prefix_path.ps1'
[3.101s] INFO:colcon.colcon_core.shell:Creating environment descriptor '/home/hwl/per_workspace/control_plan/chapter4/ros2_lqr/install/stanley_control/share/stanley_control/hook/cmake_prefix_path.dsv'
[3.102s] INFO:colcon.colcon_core.shell:Creating environment hook '/home/hwl/per_workspace/control_plan/chapter4/ros2_lqr/install/stanley_control/share/stanley_control/hook/cmake_prefix_path.sh'
[3.103s] Level 1:colcon.colcon_core.environment:checking '/home/hwl/per_workspace/control_plan/chapter4/ros2_lqr/install/stanley_control/lib'
[3.104s] Level 1:colcon.colcon_core.environment:checking '/home/hwl/per_workspace/control_plan/chapter4/ros2_lqr/install/stanley_control/bin'
[3.104s] Level 1:colcon.colcon_core.environment:checking '/home/hwl/per_workspace/control_plan/chapter4/ros2_lqr/install/stanley_control/lib/pkgconfig/stanley_control.pc'
[3.105s] Level 1:colcon.colcon_core.environment:checking '/home/hwl/per_workspace/control_plan/chapter4/ros2_lqr/install/stanley_control/lib/python3.8/site-packages'
[3.106s] INFO:colcon.colcon_core.shell:Creating package script '/home/hwl/per_workspace/control_plan/chapter4/ros2_lqr/install/stanley_control/share/stanley_control/package.ps1'
[3.108s] INFO:colcon.colcon_core.shell:Creating package descriptor '/home/hwl/per_workspace/control_plan/chapter4/ros2_lqr/install/stanley_control/share/stanley_control/package.dsv'
[3.109s] INFO:colcon.colcon_core.shell:Creating package script '/home/hwl/per_workspace/control_plan/chapter4/ros2_lqr/install/stanley_control/share/stanley_control/package.sh'
[3.109s] INFO:colcon.colcon_core.shell:Creating package script '/home/hwl/per_workspace/control_plan/chapter4/ros2_lqr/install/stanley_control/share/stanley_control/package.bash'
[3.110s] INFO:colcon.colcon_core.shell:Creating package script '/home/hwl/per_workspace/control_plan/chapter4/ros2_lqr/install/stanley_control/share/stanley_control/package.zsh'
[3.111s] Level 1:colcon.colcon_core.environment:create_file_with_runtime_dependencies(/home/hwl/per_workspace/control_plan/chapter4/ros2_lqr/install/stanley_control/share/colcon-core/packages/stanley_control)
[3.114s] Level 1:colcon.colcon_core.environment:create_environment_scripts_only(vehicle_control)
[3.116s] Level 1:colcon.colcon_core.environment:checking '/home/hwl/per_workspace/control_plan/chapter4/ros2_lqr/install/vehicle_control' for CMake module files
[3.117s] Level 1:colcon.colcon_core.environment:checking '/home/hwl/per_workspace/control_plan/chapter4/ros2_lqr/install/vehicle_control' for CMake config files
[3.117s] Level 1:colcon.colcon_core.shell:create_environment_hook('vehicle_control', 'cmake_prefix_path')
[3.118s] INFO:colcon.colcon_core.shell:Creating environment hook '/home/hwl/per_workspace/control_plan/chapter4/ros2_lqr/install/vehicle_control/share/vehicle_control/hook/cmake_prefix_path.ps1'
[3.118s] INFO:colcon.colcon_core.shell:Creating environment descriptor '/home/hwl/per_workspace/control_plan/chapter4/ros2_lqr/install/vehicle_control/share/vehicle_control/hook/cmake_prefix_path.dsv'
[3.119s] INFO:colcon.colcon_core.shell:Creating environment hook '/home/hwl/per_workspace/control_plan/chapter4/ros2_lqr/install/vehicle_control/share/vehicle_control/hook/cmake_prefix_path.sh'
[3.119s] Level 1:colcon.colcon_core.environment:checking '/home/hwl/per_workspace/control_plan/chapter4/ros2_lqr/install/vehicle_control/lib'
[3.119s] Level 1:colcon.colcon_core.environment:checking '/home/hwl/per_workspace/control_plan/chapter4/ros2_lqr/install/vehicle_control/bin'
[3.120s] Level 1:colcon.colcon_core.environment:checking '/home/hwl/per_workspace/control_plan/chapter4/ros2_lqr/install/vehicle_control/lib/pkgconfig/vehicle_control.pc'
[3.120s] Level 1:colcon.colcon_core.environment:checking '/home/hwl/per_workspace/control_plan/chapter4/ros2_lqr/install/vehicle_control/lib/python3.8/site-packages'
[3.120s] INFO:colcon.colcon_core.shell:Creating package script '/home/hwl/per_workspace/control_plan/chapter4/ros2_lqr/install/vehicle_control/share/vehicle_control/package.ps1'
[3.121s] INFO:colcon.colcon_core.shell:Creating package descriptor '/home/hwl/per_workspace/control_plan/chapter4/ros2_lqr/install/vehicle_control/share/vehicle_control/package.dsv'
[3.122s] INFO:colcon.colcon_core.shell:Creating package script '/home/hwl/per_workspace/control_plan/chapter4/ros2_lqr/install/vehicle_control/share/vehicle_control/package.sh'
[3.122s] INFO:colcon.colcon_core.shell:Creating package script '/home/hwl/per_workspace/control_plan/chapter4/ros2_lqr/install/vehicle_control/share/vehicle_control/package.bash'
[3.122s] INFO:colcon.colcon_core.shell:Creating package script '/home/hwl/per_workspace/control_plan/chapter4/ros2_lqr/install/vehicle_control/share/vehicle_control/package.zsh'
[3.123s] Level 1:colcon.colcon_core.environment:create_file_with_runtime_dependencies(/home/hwl/per_workspace/control_plan/chapter4/ros2_lqr/install/vehicle_control/share/colcon-core/packages/vehicle_control)
[11.851s] DEBUG:colcon.colcon_core.event_handler.log_command:Invoked command in '/home/hwl/per_workspace/control_plan/chapter4/ros2_lqr/build/lqr_controller' returned '2': AMENT_PREFIX_PATH=/home/hwl/per_workspace/control_plan/chapter4/ros2_lqr/install/lgsvl_msgs:${AMENT_PREFIX_PATH} CMAKE_PREFIX_PATH=/home/hwl/per_workspace/control_plan/chapter4/ros2_lqr/install/lgsvl_msgs:${CMAKE_PREFIX_PATH} LD_LIBRARY_PATH=/home/hwl/per_workspace/control_plan/chapter4/ros2_lqr/install/lgsvl_msgs/lib:${LD_LIBRARY_PATH} PYTHONPATH=/home/hwl/per_workspace/control_plan/chapter4/ros2_lqr/install/lgsvl_msgs/lib/python3.8/site-packages:${PYTHONPATH} /usr/bin/cmake --build /home/hwl/per_workspace/control_plan/chapter4/ros2_lqr/build/lqr_controller -- -j16 -l16
[11.922s] Level 1:colcon.colcon_core.environment:create_environment_scripts_only(lqr_controller)
[11.926s] Level 1:colcon.colcon_core.environment:checking '/home/hwl/per_workspace/control_plan/chapter4/ros2_lqr/install/lqr_controller' for CMake module files
[11.927s] Level 1:colcon.colcon_core.environment:checking '/home/hwl/per_workspace/control_plan/chapter4/ros2_lqr/install/lqr_controller' for CMake config files
[11.928s] Level 1:colcon.colcon_core.shell:create_environment_hook('lqr_controller', 'cmake_prefix_path')
[11.930s] INFO:colcon.colcon_core.shell:Creating environment hook '/home/hwl/per_workspace/control_plan/chapter4/ros2_lqr/install/lqr_controller/share/lqr_controller/hook/cmake_prefix_path.ps1'
[11.932s] INFO:colcon.colcon_core.shell:Creating environment descriptor '/home/hwl/per_workspace/control_plan/chapter4/ros2_lqr/install/lqr_controller/share/lqr_controller/hook/cmake_prefix_path.dsv'
[11.933s] INFO:colcon.colcon_core.shell:Creating environment hook '/home/hwl/per_workspace/control_plan/chapter4/ros2_lqr/install/lqr_controller/share/lqr_controller/hook/cmake_prefix_path.sh'
[11.935s] Level 1:colcon.colcon_core.environment:checking '/home/hwl/per_workspace/control_plan/chapter4/ros2_lqr/install/lqr_controller/lib'
[11.935s] Level 1:colcon.colcon_core.environment:checking '/home/hwl/per_workspace/control_plan/chapter4/ros2_lqr/install/lqr_controller/bin'
[11.935s] Level 1:colcon.colcon_core.environment:checking '/home/hwl/per_workspace/control_plan/chapter4/ros2_lqr/install/lqr_controller/lib/pkgconfig/lqr_controller.pc'
[11.935s] Level 1:colcon.colcon_core.environment:checking '/home/hwl/per_workspace/control_plan/chapter4/ros2_lqr/install/lqr_controller/lib/python3.8/site-packages'
[11.937s] INFO:colcon.colcon_core.shell:Creating package script '/home/hwl/per_workspace/control_plan/chapter4/ros2_lqr/install/lqr_controller/share/lqr_controller/package.ps1'
[11.938s] INFO:colcon.colcon_core.shell:Creating package descriptor '/home/hwl/per_workspace/control_plan/chapter4/ros2_lqr/install/lqr_controller/share/lqr_controller/package.dsv'
[11.939s] INFO:colcon.colcon_core.shell:Creating package script '/home/hwl/per_workspace/control_plan/chapter4/ros2_lqr/install/lqr_controller/share/lqr_controller/package.sh'
[11.940s] INFO:colcon.colcon_core.shell:Creating package script '/home/hwl/per_workspace/control_plan/chapter4/ros2_lqr/install/lqr_controller/share/lqr_controller/package.bash'
[11.940s] INFO:colcon.colcon_core.shell:Creating package script '/home/hwl/per_workspace/control_plan/chapter4/ros2_lqr/install/lqr_controller/share/lqr_controller/package.zsh'
[11.941s] Level 1:colcon.colcon_core.environment:create_file_with_runtime_dependencies(/home/hwl/per_workspace/control_plan/chapter4/ros2_lqr/install/lqr_controller/share/colcon-core/packages/lqr_controller)
[11.952s] DEBUG:colcon.colcon_parallel_executor.executor.parallel:closing loop
[11.952s] DEBUG:colcon.colcon_parallel_executor.executor.parallel:loop closed
[11.953s] DEBUG:colcon.colcon_parallel_executor.executor.parallel:run_until_complete finished with '2'
[11.953s] DEBUG:colcon.colcon_core.event_reactor:joining thread
[11.970s] INFO:colcon.colcon_core.plugin_system:Skipping extension 'colcon_notification.desktop_notification.notify_send': Could not find 'notify-send'
[11.970s] INFO:colcon.colcon_core.plugin_system:Skipping extension 'colcon_notification.desktop_notification.terminal_notifier': Not used on non-Darwin systems
[11.970s] INFO:colcon.colcon_core.plugin_system:Skipping extension 'colcon_notification.desktop_notification.win32': Not used on non-Windows systems
[11.970s] INFO:colcon.colcon_notification.desktop_notification:Sending desktop notification using 'notify2'
[11.982s] DEBUG:colcon.colcon_notification.desktop_notification.notify2:Failed to initialize notify2: org.freedesktop.DBus.Error.ServiceUnknown: The name org.freedesktop.Notifications was not provided by any .service files
[11.984s] DEBUG:colcon.colcon_core.event_reactor:joined thread
[11.987s] INFO:colcon.colcon_core.shell:Creating prefix script '/home/hwl/per_workspace/control_plan/chapter4/ros2_lqr/install/local_setup.ps1'
[11.991s] INFO:colcon.colcon_core.shell:Creating prefix util module '/home/hwl/per_workspace/control_plan/chapter4/ros2_lqr/install/_local_setup_util_ps1.py'
[11.997s] INFO:colcon.colcon_core.shell:Creating prefix chain script '/home/hwl/per_workspace/control_plan/chapter4/ros2_lqr/install/setup.ps1'
[11.999s] INFO:colcon.colcon_core.shell:Creating prefix script '/home/hwl/per_workspace/control_plan/chapter4/ros2_lqr/install/local_setup.sh'
[12.000s] INFO:colcon.colcon_core.shell:Creating prefix util module '/home/hwl/per_workspace/control_plan/chapter4/ros2_lqr/install/_local_setup_util_sh.py'
[12.001s] INFO:colcon.colcon_core.shell:Creating prefix chain script '/home/hwl/per_workspace/control_plan/chapter4/ros2_lqr/install/setup.sh'
[12.004s] INFO:colcon.colcon_core.shell:Creating prefix script '/home/hwl/per_workspace/control_plan/chapter4/ros2_lqr/install/local_setup.bash'
[12.005s] INFO:colcon.colcon_core.shell:Creating prefix chain script '/home/hwl/per_workspace/control_plan/chapter4/ros2_lqr/install/setup.bash'
[12.006s] INFO:colcon.colcon_core.shell:Creating prefix script '/home/hwl/per_workspace/control_plan/chapter4/ros2_lqr/install/local_setup.zsh'
[12.007s] INFO:colcon.colcon_core.shell:Creating prefix chain script '/home/hwl/per_workspace/control_plan/chapter4/ros2_lqr/install/setup.zsh'
