[35m[1mScanning dependencies of target lqr_lateral_pid_longitudinal[0m
[ 20%] [32mBuilding CXX object CMakeFiles/lqr_lateral_pid_longitudinal.dir/src/lqr_controller.cpp.o[0m
[ 40%] [32m[1mLinking CXX executable lqr_lateral_pid_longitudinal[0m
[100%] Built target lqr_lateral_pid_longitudinal
-- Install configuration: ""
-- Installing: /home/hwl/per_workspace/control_plan/chapter4/ros2_lqr/install/lqr_controller/lib/lqr_controller/lqr_lateral_pid_longitudinal
-- Set runtime path of "/home/hwl/per_workspace/control_plan/chapter4/ros2_lqr/install/lqr_controller/lib/lqr_controller/lqr_lateral_pid_longitudinal" to ""
-- Up-to-date: /home/hwl/per_workspace/control_plan/chapter4/ros2_lqr/install/lqr_controller/share/lqr_controller//launch
-- Up-to-date: /home/hwl/per_workspace/control_plan/chapter4/ros2_lqr/install/lqr_controller/share/lqr_controller//launch/lqr_launch.py
-- Up-to-date: /home/hwl/per_workspace/control_plan/chapter4/ros2_lqr/install/lqr_controller/share/lqr_controller//config
-- Up-to-date: /home/hwl/per_workspace/control_plan/chapter4/ros2_lqr/install/lqr_controller/share/lqr_controller//config/lqr_parameters_configuration.yaml
-- Up-to-date: /home/hwl/per_workspace/control_plan/chapter4/ros2_lqr/install/lqr_controller/share/lqr_controller//rviz
-- Up-to-date: /home/hwl/per_workspace/control_plan/chapter4/ros2_lqr/install/lqr_controller/share/lqr_controller//rviz/lqr_vis.rviz
-- Up-to-date: /home/hwl/per_workspace/control_plan/chapter4/ros2_lqr/install/lqr_controller/share/ament_index/resource_index/package_run_dependencies/lqr_controller
-- Up-to-date: /home/hwl/per_workspace/control_plan/chapter4/ros2_lqr/install/lqr_controller/share/ament_index/resource_index/parent_prefix_path/lqr_controller
-- Up-to-date: /home/hwl/per_workspace/control_plan/chapter4/ros2_lqr/install/lqr_controller/share/lqr_controller/environment/ament_prefix_path.sh
-- Up-to-date: /home/hwl/per_workspace/control_plan/chapter4/ros2_lqr/install/lqr_controller/share/lqr_controller/environment/ament_prefix_path.dsv
-- Up-to-date: /home/hwl/per_workspace/control_plan/chapter4/ros2_lqr/install/lqr_controller/share/lqr_controller/environment/path.sh
-- Up-to-date: /home/hwl/per_workspace/control_plan/chapter4/ros2_lqr/install/lqr_controller/share/lqr_controller/environment/path.dsv
-- Up-to-date: /home/hwl/per_workspace/control_plan/chapter4/ros2_lqr/install/lqr_controller/share/lqr_controller/local_setup.bash
-- Up-to-date: /home/hwl/per_workspace/control_plan/chapter4/ros2_lqr/install/lqr_controller/share/lqr_controller/local_setup.sh
-- Up-to-date: /home/hwl/per_workspace/control_plan/chapter4/ros2_lqr/install/lqr_controller/share/lqr_controller/local_setup.zsh
-- Up-to-date: /home/hwl/per_workspace/control_plan/chapter4/ros2_lqr/install/lqr_controller/share/lqr_controller/local_setup.dsv
-- Installing: /home/hwl/per_workspace/control_plan/chapter4/ros2_lqr/install/lqr_controller/share/lqr_controller/package.dsv
-- Up-to-date: /home/hwl/per_workspace/control_plan/chapter4/ros2_lqr/install/lqr_controller/share/ament_index/resource_index/packages/lqr_controller
-- Up-to-date: /home/hwl/per_workspace/control_plan/chapter4/ros2_lqr/install/lqr_controller/share/lqr_controller/cmake/lqr_controllerConfig.cmake
-- Up-to-date: /home/hwl/per_workspace/control_plan/chapter4/ros2_lqr/install/lqr_controller/share/lqr_controller/cmake/lqr_controllerConfig-version.cmake
-- Up-to-date: /home/hwl/per_workspace/control_plan/chapter4/ros2_lqr/install/lqr_controller/share/lqr_controller/package.xml
