[0.181s] DEBUG:colcon:Command line arguments: ['/usr/bin/colcon', 'build']
[0.181s] DEBUG:colcon:Parsed command line arguments: Namespace(ament_cmake_args=None, base_paths=['.'], build_base='build', catkin_cmake_args=None, catkin_skip_building_tests=False, cmake_args=None, cmake_clean_cache=False, cmake_clean_first=False, cmake_force_configure=False, cmake_target=None, cmake_target_skip_unavailable=False, continue_on_error=False, event_handlers=None, executor='parallel', ignore_user_meta=False, install_base='install', log_base=None, log_level=None, main=<bound method BuildVerb.main of <colcon_core.verb.build.BuildVerb object at 0x7faae98f9c10>>, merge_install=False, metas=['./colcon.meta'], mixin=None, mixin_files=None, mixin_verb=('build',), packages_above=None, packages_above_and_dependencies=None, packages_above_depth=None, packages_end=None, packages_ignore=None, packages_ignore_regex=None, packages_select=None, packages_select_build_failed=False, packages_select_by_dep=None, packages_select_regex=None, packages_select_test_failures=False, packages_skip=None, packages_skip_build_finished=False, packages_skip_by_dep=None, packages_skip_regex=None, packages_skip_test_passed=False, packages_skip_up_to=None, packages_start=None, packages_up_to=None, packages_up_to_regex=None, parallel_workers=16, paths=None, symlink_install=False, test_result_base=None, verb_extension=<colcon_core.verb.build.BuildVerb object at 0x7faae98f9c10>, verb_name='build', verb_parser=<colcon_mixin.mixin.mixin_argument.MixinArgumentDecorator object at 0x7faae9886220>)
[0.212s] Level 1:colcon.colcon_core.package_discovery:discover_packages(colcon_meta) check parameters
[0.212s] Level 1:colcon.colcon_core.package_discovery:discover_packages(recursive) check parameters
[0.212s] Level 1:colcon.colcon_core.package_discovery:discover_packages(ignore) check parameters
[0.212s] Level 1:colcon.colcon_core.package_discovery:discover_packages(path) check parameters
[0.212s] Level 1:colcon.colcon_core.package_discovery:discover_packages(colcon_meta) discover
[0.212s] Level 1:colcon.colcon_core.package_discovery:discover_packages(recursive) discover
[0.212s] INFO:colcon.colcon_core.package_discovery:Crawling recursively for packages in '/home/hwl/per_workspace/control_plan/chapter4/ros2_lqr'
[0.212s] Level 1:colcon.colcon_core.package_identification:_identify(.) by extensions ['ignore', 'ignore_ament_install']
[0.212s] Level 1:colcon.colcon_core.package_identification:_identify(.) by extension 'ignore'
[0.213s] Level 1:colcon.colcon_core.package_identification:_identify(.) by extension 'ignore_ament_install'
[0.213s] Level 1:colcon.colcon_core.package_identification:_identify(.) by extensions ['colcon_pkg']
[0.213s] Level 1:colcon.colcon_core.package_identification:_identify(.) by extension 'colcon_pkg'
[0.213s] Level 1:colcon.colcon_core.package_identification:_identify(.) by extensions ['colcon_meta']
[0.213s] Level 1:colcon.colcon_core.package_identification:_identify(.) by extension 'colcon_meta'
[0.213s] Level 1:colcon.colcon_core.package_identification:_identify(.) by extensions ['ros']
[0.213s] Level 1:colcon.colcon_core.package_identification:_identify(.) by extension 'ros'
[0.227s] Level 1:colcon.colcon_core.package_identification:_identify(.) by extensions ['cmake', 'python']
[0.227s] Level 1:colcon.colcon_core.package_identification:_identify(.) by extension 'cmake'
[0.227s] Level 1:colcon.colcon_core.package_identification:_identify(.) by extension 'python'
[0.227s] Level 1:colcon.colcon_core.package_identification:_identify(.) by extensions ['python_setup_py']
[0.227s] Level 1:colcon.colcon_core.package_identification:_identify(.) by extension 'python_setup_py'
[0.227s] Level 1:colcon.colcon_core.package_identification:_identify(build) by extensions ['ignore', 'ignore_ament_install']
[0.227s] Level 1:colcon.colcon_core.package_identification:_identify(build) by extension 'ignore'
[0.227s] Level 1:colcon.colcon_core.package_identification:_identify(build) ignored
[0.228s] Level 1:colcon.colcon_core.package_identification:_identify(install) by extensions ['ignore', 'ignore_ament_install']
[0.228s] Level 1:colcon.colcon_core.package_identification:_identify(install) by extension 'ignore'
[0.228s] Level 1:colcon.colcon_core.package_identification:_identify(install) ignored
[0.228s] Level 1:colcon.colcon_core.package_identification:_identify(log) by extensions ['ignore', 'ignore_ament_install']
[0.228s] Level 1:colcon.colcon_core.package_identification:_identify(log) by extension 'ignore'
[0.228s] Level 1:colcon.colcon_core.package_identification:_identify(log) ignored
[0.228s] Level 1:colcon.colcon_core.package_identification:_identify(lqr_galactic_wtih_todo_ws) by extensions ['ignore', 'ignore_ament_install']
[0.228s] Level 1:colcon.colcon_core.package_identification:_identify(lqr_galactic_wtih_todo_ws) by extension 'ignore'
[0.228s] Level 1:colcon.colcon_core.package_identification:_identify(lqr_galactic_wtih_todo_ws) by extension 'ignore_ament_install'
[0.228s] Level 1:colcon.colcon_core.package_identification:_identify(lqr_galactic_wtih_todo_ws) by extensions ['colcon_pkg']
[0.228s] Level 1:colcon.colcon_core.package_identification:_identify(lqr_galactic_wtih_todo_ws) by extension 'colcon_pkg'
[0.228s] Level 1:colcon.colcon_core.package_identification:_identify(lqr_galactic_wtih_todo_ws) by extensions ['colcon_meta']
[0.228s] Level 1:colcon.colcon_core.package_identification:_identify(lqr_galactic_wtih_todo_ws) by extension 'colcon_meta'
[0.228s] Level 1:colcon.colcon_core.package_identification:_identify(lqr_galactic_wtih_todo_ws) by extensions ['ros']
[0.228s] Level 1:colcon.colcon_core.package_identification:_identify(lqr_galactic_wtih_todo_ws) by extension 'ros'
[0.229s] Level 1:colcon.colcon_core.package_identification:_identify(lqr_galactic_wtih_todo_ws) by extensions ['cmake', 'python']
[0.229s] Level 1:colcon.colcon_core.package_identification:_identify(lqr_galactic_wtih_todo_ws) by extension 'cmake'
[0.229s] Level 1:colcon.colcon_core.package_identification:_identify(lqr_galactic_wtih_todo_ws) by extension 'python'
[0.229s] Level 1:colcon.colcon_core.package_identification:_identify(lqr_galactic_wtih_todo_ws) by extensions ['python_setup_py']
[0.229s] Level 1:colcon.colcon_core.package_identification:_identify(lqr_galactic_wtih_todo_ws) by extension 'python_setup_py'
[0.229s] Level 1:colcon.colcon_core.package_identification:_identify(lqr_galactic_wtih_todo_ws/build) by extensions ['ignore', 'ignore_ament_install']
[0.229s] Level 1:colcon.colcon_core.package_identification:_identify(lqr_galactic_wtih_todo_ws/build) by extension 'ignore'
[0.229s] Level 1:colcon.colcon_core.package_identification:_identify(lqr_galactic_wtih_todo_ws/build) ignored
[0.229s] Level 1:colcon.colcon_core.package_identification:_identify(lqr_galactic_wtih_todo_ws/install) by extensions ['ignore', 'ignore_ament_install']
[0.229s] Level 1:colcon.colcon_core.package_identification:_identify(lqr_galactic_wtih_todo_ws/install) by extension 'ignore'
[0.229s] Level 1:colcon.colcon_core.package_identification:_identify(lqr_galactic_wtih_todo_ws/install) ignored
[0.229s] Level 1:colcon.colcon_core.package_identification:_identify(lqr_galactic_wtih_todo_ws/log) by extensions ['ignore', 'ignore_ament_install']
[0.229s] Level 1:colcon.colcon_core.package_identification:_identify(lqr_galactic_wtih_todo_ws/log) by extension 'ignore'
[0.230s] Level 1:colcon.colcon_core.package_identification:_identify(lqr_galactic_wtih_todo_ws/log) ignored
[0.230s] Level 1:colcon.colcon_core.package_identification:_identify(lqr_galactic_wtih_todo_ws/src) by extensions ['ignore', 'ignore_ament_install']
[0.230s] Level 1:colcon.colcon_core.package_identification:_identify(lqr_galactic_wtih_todo_ws/src) by extension 'ignore'
[0.230s] Level 1:colcon.colcon_core.package_identification:_identify(lqr_galactic_wtih_todo_ws/src) by extension 'ignore_ament_install'
[0.230s] Level 1:colcon.colcon_core.package_identification:_identify(lqr_galactic_wtih_todo_ws/src) by extensions ['colcon_pkg']
[0.230s] Level 1:colcon.colcon_core.package_identification:_identify(lqr_galactic_wtih_todo_ws/src) by extension 'colcon_pkg'
[0.230s] Level 1:colcon.colcon_core.package_identification:_identify(lqr_galactic_wtih_todo_ws/src) by extensions ['colcon_meta']
[0.230s] Level 1:colcon.colcon_core.package_identification:_identify(lqr_galactic_wtih_todo_ws/src) by extension 'colcon_meta'
[0.230s] Level 1:colcon.colcon_core.package_identification:_identify(lqr_galactic_wtih_todo_ws/src) by extensions ['ros']
[0.230s] Level 1:colcon.colcon_core.package_identification:_identify(lqr_galactic_wtih_todo_ws/src) by extension 'ros'
[0.230s] Level 1:colcon.colcon_core.package_identification:_identify(lqr_galactic_wtih_todo_ws/src) by extensions ['cmake', 'python']
[0.230s] Level 1:colcon.colcon_core.package_identification:_identify(lqr_galactic_wtih_todo_ws/src) by extension 'cmake'
[0.230s] Level 1:colcon.colcon_core.package_identification:_identify(lqr_galactic_wtih_todo_ws/src) by extension 'python'
[0.230s] Level 1:colcon.colcon_core.package_identification:_identify(lqr_galactic_wtih_todo_ws/src) by extensions ['python_setup_py']
[0.230s] Level 1:colcon.colcon_core.package_identification:_identify(lqr_galactic_wtih_todo_ws/src) by extension 'python_setup_py'
[0.230s] Level 1:colcon.colcon_core.package_identification:_identify(lqr_galactic_wtih_todo_ws/src/lgsvl_bridge_galactic) by extensions ['ignore', 'ignore_ament_install']
[0.231s] Level 1:colcon.colcon_core.package_identification:_identify(lqr_galactic_wtih_todo_ws/src/lgsvl_bridge_galactic) by extension 'ignore'
[0.231s] Level 1:colcon.colcon_core.package_identification:_identify(lqr_galactic_wtih_todo_ws/src/lgsvl_bridge_galactic) by extension 'ignore_ament_install'
[0.231s] Level 1:colcon.colcon_core.package_identification:_identify(lqr_galactic_wtih_todo_ws/src/lgsvl_bridge_galactic) by extensions ['colcon_pkg']
[0.231s] Level 1:colcon.colcon_core.package_identification:_identify(lqr_galactic_wtih_todo_ws/src/lgsvl_bridge_galactic) by extension 'colcon_pkg'
[0.231s] Level 1:colcon.colcon_core.package_identification:_identify(lqr_galactic_wtih_todo_ws/src/lgsvl_bridge_galactic) by extensions ['colcon_meta']
[0.231s] Level 1:colcon.colcon_core.package_identification:_identify(lqr_galactic_wtih_todo_ws/src/lgsvl_bridge_galactic) by extension 'colcon_meta'
[0.231s] Level 1:colcon.colcon_core.package_identification:_identify(lqr_galactic_wtih_todo_ws/src/lgsvl_bridge_galactic) by extensions ['ros']
[0.231s] Level 1:colcon.colcon_core.package_identification:_identify(lqr_galactic_wtih_todo_ws/src/lgsvl_bridge_galactic) by extension 'ros'
[0.234s] DEBUG:colcon.colcon_core.package_identification:Package 'lqr_galactic_wtih_todo_ws/src/lgsvl_bridge_galactic' with type 'ros.ament_cmake' and name 'lgsvl_bridge_galactic'
[0.234s] Level 1:colcon.colcon_core.package_identification:_identify(lqr_galactic_wtih_todo_ws/src/lgsvl_msgs) by extensions ['ignore', 'ignore_ament_install']
[0.235s] Level 1:colcon.colcon_core.package_identification:_identify(lqr_galactic_wtih_todo_ws/src/lgsvl_msgs) by extension 'ignore'
[0.235s] Level 1:colcon.colcon_core.package_identification:_identify(lqr_galactic_wtih_todo_ws/src/lgsvl_msgs) by extension 'ignore_ament_install'
[0.235s] Level 1:colcon.colcon_core.package_identification:_identify(lqr_galactic_wtih_todo_ws/src/lgsvl_msgs) by extensions ['colcon_pkg']
[0.235s] Level 1:colcon.colcon_core.package_identification:_identify(lqr_galactic_wtih_todo_ws/src/lgsvl_msgs) by extension 'colcon_pkg'
[0.235s] Level 1:colcon.colcon_core.package_identification:_identify(lqr_galactic_wtih_todo_ws/src/lgsvl_msgs) by extensions ['colcon_meta']
[0.235s] Level 1:colcon.colcon_core.package_identification:_identify(lqr_galactic_wtih_todo_ws/src/lgsvl_msgs) by extension 'colcon_meta'
[0.235s] Level 1:colcon.colcon_core.package_identification:_identify(lqr_galactic_wtih_todo_ws/src/lgsvl_msgs) by extensions ['ros']
[0.235s] Level 1:colcon.colcon_core.package_identification:_identify(lqr_galactic_wtih_todo_ws/src/lgsvl_msgs) by extension 'ros'
[0.241s] DEBUG:colcon.colcon_core.package_identification:Package 'lqr_galactic_wtih_todo_ws/src/lgsvl_msgs' with type 'ros.ament_cmake' and name 'lgsvl_msgs'
[0.241s] Level 1:colcon.colcon_core.package_identification:_identify(lqr_galactic_wtih_todo_ws/src/lqr_controller) by extensions ['ignore', 'ignore_ament_install']
[0.241s] Level 1:colcon.colcon_core.package_identification:_identify(lqr_galactic_wtih_todo_ws/src/lqr_controller) by extension 'ignore'
[0.241s] Level 1:colcon.colcon_core.package_identification:_identify(lqr_galactic_wtih_todo_ws/src/lqr_controller) by extension 'ignore_ament_install'
[0.242s] Level 1:colcon.colcon_core.package_identification:_identify(lqr_galactic_wtih_todo_ws/src/lqr_controller) by extensions ['colcon_pkg']
[0.242s] Level 1:colcon.colcon_core.package_identification:_identify(lqr_galactic_wtih_todo_ws/src/lqr_controller) by extension 'colcon_pkg'
[0.242s] Level 1:colcon.colcon_core.package_identification:_identify(lqr_galactic_wtih_todo_ws/src/lqr_controller) by extensions ['colcon_meta']
[0.242s] Level 1:colcon.colcon_core.package_identification:_identify(lqr_galactic_wtih_todo_ws/src/lqr_controller) by extension 'colcon_meta'
[0.242s] Level 1:colcon.colcon_core.package_identification:_identify(lqr_galactic_wtih_todo_ws/src/lqr_controller) by extensions ['ros']
[0.242s] Level 1:colcon.colcon_core.package_identification:_identify(lqr_galactic_wtih_todo_ws/src/lqr_controller) by extension 'ros'
[0.243s] DEBUG:colcon.colcon_core.package_identification:Package 'lqr_galactic_wtih_todo_ws/src/lqr_controller' with type 'ros.ament_cmake' and name 'lqr_controller'
[0.243s] Level 1:colcon.colcon_core.package_identification:_identify(lqr_galactic_wtih_todo_ws/src/stanley_control) by extensions ['ignore', 'ignore_ament_install']
[0.243s] Level 1:colcon.colcon_core.package_identification:_identify(lqr_galactic_wtih_todo_ws/src/stanley_control) by extension 'ignore'
[0.243s] Level 1:colcon.colcon_core.package_identification:_identify(lqr_galactic_wtih_todo_ws/src/stanley_control) by extension 'ignore_ament_install'
[0.243s] Level 1:colcon.colcon_core.package_identification:_identify(lqr_galactic_wtih_todo_ws/src/stanley_control) by extensions ['colcon_pkg']
[0.243s] Level 1:colcon.colcon_core.package_identification:_identify(lqr_galactic_wtih_todo_ws/src/stanley_control) by extension 'colcon_pkg'
[0.243s] Level 1:colcon.colcon_core.package_identification:_identify(lqr_galactic_wtih_todo_ws/src/stanley_control) by extensions ['colcon_meta']
[0.243s] Level 1:colcon.colcon_core.package_identification:_identify(lqr_galactic_wtih_todo_ws/src/stanley_control) by extension 'colcon_meta'
[0.243s] Level 1:colcon.colcon_core.package_identification:_identify(lqr_galactic_wtih_todo_ws/src/stanley_control) by extensions ['ros']
[0.243s] Level 1:colcon.colcon_core.package_identification:_identify(lqr_galactic_wtih_todo_ws/src/stanley_control) by extension 'ros'
[0.245s] DEBUG:colcon.colcon_core.package_identification:Package 'lqr_galactic_wtih_todo_ws/src/stanley_control' with type 'ros.ament_cmake' and name 'stanley_control'
[0.245s] Level 1:colcon.colcon_core.package_identification:_identify(lqr_galactic_wtih_todo_ws/src/vehicle_control) by extensions ['ignore', 'ignore_ament_install']
[0.245s] Level 1:colcon.colcon_core.package_identification:_identify(lqr_galactic_wtih_todo_ws/src/vehicle_control) by extension 'ignore'
[0.245s] Level 1:colcon.colcon_core.package_identification:_identify(lqr_galactic_wtih_todo_ws/src/vehicle_control) by extension 'ignore_ament_install'
[0.245s] Level 1:colcon.colcon_core.package_identification:_identify(lqr_galactic_wtih_todo_ws/src/vehicle_control) by extensions ['colcon_pkg']
[0.245s] Level 1:colcon.colcon_core.package_identification:_identify(lqr_galactic_wtih_todo_ws/src/vehicle_control) by extension 'colcon_pkg'
[0.245s] Level 1:colcon.colcon_core.package_identification:_identify(lqr_galactic_wtih_todo_ws/src/vehicle_control) by extensions ['colcon_meta']
[0.245s] Level 1:colcon.colcon_core.package_identification:_identify(lqr_galactic_wtih_todo_ws/src/vehicle_control) by extension 'colcon_meta'
[0.245s] Level 1:colcon.colcon_core.package_identification:_identify(lqr_galactic_wtih_todo_ws/src/vehicle_control) by extensions ['ros']
[0.245s] Level 1:colcon.colcon_core.package_identification:_identify(lqr_galactic_wtih_todo_ws/src/vehicle_control) by extension 'ros'
[0.246s] DEBUG:colcon.colcon_core.package_identification:Package 'lqr_galactic_wtih_todo_ws/src/vehicle_control' with type 'ros.ament_cmake' and name 'vehicle_control'
[0.247s] Level 1:colcon.colcon_core.package_discovery:discover_packages(recursive) using defaults
[0.247s] Level 1:colcon.colcon_core.package_discovery:discover_packages(ignore) discover
[0.247s] Level 1:colcon.colcon_core.package_discovery:discover_packages(ignore) using defaults
[0.247s] Level 1:colcon.colcon_core.package_discovery:discover_packages(path) discover
[0.247s] Level 1:colcon.colcon_core.package_discovery:discover_packages(path) using defaults
[0.269s] Level 5:colcon.colcon_core.verb:set package 'lgsvl_msgs' build argument 'cmake_args' from command line to 'None'
[0.269s] Level 5:colcon.colcon_core.verb:set package 'lgsvl_msgs' build argument 'cmake_target' from command line to 'None'
[0.269s] Level 5:colcon.colcon_core.verb:set package 'lgsvl_msgs' build argument 'cmake_target_skip_unavailable' from command line to 'False'
[0.269s] Level 5:colcon.colcon_core.verb:set package 'lgsvl_msgs' build argument 'cmake_clean_cache' from command line to 'False'
[0.269s] Level 5:colcon.colcon_core.verb:set package 'lgsvl_msgs' build argument 'cmake_clean_first' from command line to 'False'
[0.269s] Level 5:colcon.colcon_core.verb:set package 'lgsvl_msgs' build argument 'cmake_force_configure' from command line to 'False'
[0.269s] Level 5:colcon.colcon_core.verb:set package 'lgsvl_msgs' build argument 'ament_cmake_args' from command line to 'None'
[0.269s] Level 5:colcon.colcon_core.verb:set package 'lgsvl_msgs' build argument 'catkin_cmake_args' from command line to 'None'
[0.269s] Level 5:colcon.colcon_core.verb:set package 'lgsvl_msgs' build argument 'catkin_skip_building_tests' from command line to 'False'
[0.269s] DEBUG:colcon.colcon_core.verb:Building package 'lgsvl_msgs' with the following arguments: {'ament_cmake_args': None, 'build_base': '/home/hwl/per_workspace/control_plan/chapter4/ros2_lqr/build/lgsvl_msgs', 'catkin_cmake_args': None, 'catkin_skip_building_tests': False, 'cmake_args': None, 'cmake_clean_cache': False, 'cmake_clean_first': False, 'cmake_force_configure': False, 'cmake_target': None, 'cmake_target_skip_unavailable': False, 'install_base': '/home/hwl/per_workspace/control_plan/chapter4/ros2_lqr/install/lgsvl_msgs', 'merge_install': False, 'path': '/home/hwl/per_workspace/control_plan/chapter4/ros2_lqr/lqr_galactic_wtih_todo_ws/src/lgsvl_msgs', 'symlink_install': False, 'test_result_base': None}
[0.270s] Level 5:colcon.colcon_core.verb:set package 'lgsvl_bridge_galactic' build argument 'cmake_args' from command line to 'None'
[0.270s] Level 5:colcon.colcon_core.verb:set package 'lgsvl_bridge_galactic' build argument 'cmake_target' from command line to 'None'
[0.270s] Level 5:colcon.colcon_core.verb:set package 'lgsvl_bridge_galactic' build argument 'cmake_target_skip_unavailable' from command line to 'False'
[0.270s] Level 5:colcon.colcon_core.verb:set package 'lgsvl_bridge_galactic' build argument 'cmake_clean_cache' from command line to 'False'
[0.270s] Level 5:colcon.colcon_core.verb:set package 'lgsvl_bridge_galactic' build argument 'cmake_clean_first' from command line to 'False'
[0.270s] Level 5:colcon.colcon_core.verb:set package 'lgsvl_bridge_galactic' build argument 'cmake_force_configure' from command line to 'False'
[0.270s] Level 5:colcon.colcon_core.verb:set package 'lgsvl_bridge_galactic' build argument 'ament_cmake_args' from command line to 'None'
[0.270s] Level 5:colcon.colcon_core.verb:set package 'lgsvl_bridge_galactic' build argument 'catkin_cmake_args' from command line to 'None'
[0.270s] Level 5:colcon.colcon_core.verb:set package 'lgsvl_bridge_galactic' build argument 'catkin_skip_building_tests' from command line to 'False'
[0.271s] DEBUG:colcon.colcon_core.verb:Building package 'lgsvl_bridge_galactic' with the following arguments: {'ament_cmake_args': None, 'build_base': '/home/hwl/per_workspace/control_plan/chapter4/ros2_lqr/build/lgsvl_bridge_galactic', 'catkin_cmake_args': None, 'catkin_skip_building_tests': False, 'cmake_args': None, 'cmake_clean_cache': False, 'cmake_clean_first': False, 'cmake_force_configure': False, 'cmake_target': None, 'cmake_target_skip_unavailable': False, 'install_base': '/home/hwl/per_workspace/control_plan/chapter4/ros2_lqr/install/lgsvl_bridge_galactic', 'merge_install': False, 'path': '/home/hwl/per_workspace/control_plan/chapter4/ros2_lqr/lqr_galactic_wtih_todo_ws/src/lgsvl_bridge_galactic', 'symlink_install': False, 'test_result_base': None}
[0.271s] Level 5:colcon.colcon_core.verb:set package 'lqr_controller' build argument 'cmake_args' from command line to 'None'
[0.271s] Level 5:colcon.colcon_core.verb:set package 'lqr_controller' build argument 'cmake_target' from command line to 'None'
[0.271s] Level 5:colcon.colcon_core.verb:set package 'lqr_controller' build argument 'cmake_target_skip_unavailable' from command line to 'False'
[0.271s] Level 5:colcon.colcon_core.verb:set package 'lqr_controller' build argument 'cmake_clean_cache' from command line to 'False'
[0.271s] Level 5:colcon.colcon_core.verb:set package 'lqr_controller' build argument 'cmake_clean_first' from command line to 'False'
[0.271s] Level 5:colcon.colcon_core.verb:set package 'lqr_controller' build argument 'cmake_force_configure' from command line to 'False'
[0.272s] Level 5:colcon.colcon_core.verb:set package 'lqr_controller' build argument 'ament_cmake_args' from command line to 'None'
[0.272s] Level 5:colcon.colcon_core.verb:set package 'lqr_controller' build argument 'catkin_cmake_args' from command line to 'None'
[0.272s] Level 5:colcon.colcon_core.verb:set package 'lqr_controller' build argument 'catkin_skip_building_tests' from command line to 'False'
[0.272s] DEBUG:colcon.colcon_core.verb:Building package 'lqr_controller' with the following arguments: {'ament_cmake_args': None, 'build_base': '/home/hwl/per_workspace/control_plan/chapter4/ros2_lqr/build/lqr_controller', 'catkin_cmake_args': None, 'catkin_skip_building_tests': False, 'cmake_args': None, 'cmake_clean_cache': False, 'cmake_clean_first': False, 'cmake_force_configure': False, 'cmake_target': None, 'cmake_target_skip_unavailable': False, 'install_base': '/home/hwl/per_workspace/control_plan/chapter4/ros2_lqr/install/lqr_controller', 'merge_install': False, 'path': '/home/hwl/per_workspace/control_plan/chapter4/ros2_lqr/lqr_galactic_wtih_todo_ws/src/lqr_controller', 'symlink_install': False, 'test_result_base': None}
[0.272s] Level 5:colcon.colcon_core.verb:set package 'stanley_control' build argument 'cmake_args' from command line to 'None'
[0.272s] Level 5:colcon.colcon_core.verb:set package 'stanley_control' build argument 'cmake_target' from command line to 'None'
[0.272s] Level 5:colcon.colcon_core.verb:set package 'stanley_control' build argument 'cmake_target_skip_unavailable' from command line to 'False'
[0.273s] Level 5:colcon.colcon_core.verb:set package 'stanley_control' build argument 'cmake_clean_cache' from command line to 'False'
[0.273s] Level 5:colcon.colcon_core.verb:set package 'stanley_control' build argument 'cmake_clean_first' from command line to 'False'
[0.273s] Level 5:colcon.colcon_core.verb:set package 'stanley_control' build argument 'cmake_force_configure' from command line to 'False'
[0.273s] Level 5:colcon.colcon_core.verb:set package 'stanley_control' build argument 'ament_cmake_args' from command line to 'None'
[0.273s] Level 5:colcon.colcon_core.verb:set package 'stanley_control' build argument 'catkin_cmake_args' from command line to 'None'
[0.273s] Level 5:colcon.colcon_core.verb:set package 'stanley_control' build argument 'catkin_skip_building_tests' from command line to 'False'
[0.273s] DEBUG:colcon.colcon_core.verb:Building package 'stanley_control' with the following arguments: {'ament_cmake_args': None, 'build_base': '/home/hwl/per_workspace/control_plan/chapter4/ros2_lqr/build/stanley_control', 'catkin_cmake_args': None, 'catkin_skip_building_tests': False, 'cmake_args': None, 'cmake_clean_cache': False, 'cmake_clean_first': False, 'cmake_force_configure': False, 'cmake_target': None, 'cmake_target_skip_unavailable': False, 'install_base': '/home/hwl/per_workspace/control_plan/chapter4/ros2_lqr/install/stanley_control', 'merge_install': False, 'path': '/home/hwl/per_workspace/control_plan/chapter4/ros2_lqr/lqr_galactic_wtih_todo_ws/src/stanley_control', 'symlink_install': False, 'test_result_base': None}
[0.273s] Level 5:colcon.colcon_core.verb:set package 'vehicle_control' build argument 'cmake_args' from command line to 'None'
[0.274s] Level 5:colcon.colcon_core.verb:set package 'vehicle_control' build argument 'cmake_target' from command line to 'None'
[0.274s] Level 5:colcon.colcon_core.verb:set package 'vehicle_control' build argument 'cmake_target_skip_unavailable' from command line to 'False'
[0.274s] Level 5:colcon.colcon_core.verb:set package 'vehicle_control' build argument 'cmake_clean_cache' from command line to 'False'
[0.274s] Level 5:colcon.colcon_core.verb:set package 'vehicle_control' build argument 'cmake_clean_first' from command line to 'False'
[0.274s] Level 5:colcon.colcon_core.verb:set package 'vehicle_control' build argument 'cmake_force_configure' from command line to 'False'
[0.274s] Level 5:colcon.colcon_core.verb:set package 'vehicle_control' build argument 'ament_cmake_args' from command line to 'None'
[0.274s] Level 5:colcon.colcon_core.verb:set package 'vehicle_control' build argument 'catkin_cmake_args' from command line to 'None'
[0.274s] Level 5:colcon.colcon_core.verb:set package 'vehicle_control' build argument 'catkin_skip_building_tests' from command line to 'False'
[0.274s] DEBUG:colcon.colcon_core.verb:Building package 'vehicle_control' with the following arguments: {'ament_cmake_args': None, 'build_base': '/home/hwl/per_workspace/control_plan/chapter4/ros2_lqr/build/vehicle_control', 'catkin_cmake_args': None, 'catkin_skip_building_tests': False, 'cmake_args': None, 'cmake_clean_cache': False, 'cmake_clean_first': False, 'cmake_force_configure': False, 'cmake_target': None, 'cmake_target_skip_unavailable': False, 'install_base': '/home/hwl/per_workspace/control_plan/chapter4/ros2_lqr/install/vehicle_control', 'merge_install': False, 'path': '/home/hwl/per_workspace/control_plan/chapter4/ros2_lqr/lqr_galactic_wtih_todo_ws/src/vehicle_control', 'symlink_install': False, 'test_result_base': None}
[0.274s] INFO:colcon.colcon_core.executor:Executing jobs using 'parallel' executor
[0.289s] DEBUG:colcon.colcon_parallel_executor.executor.parallel:run_until_complete
[0.290s] INFO:colcon.colcon_ros.task.ament_cmake.build:Building ROS package in '/home/hwl/per_workspace/control_plan/chapter4/ros2_lqr/lqr_galactic_wtih_todo_ws/src/lgsvl_msgs' with build type 'ament_cmake'
[0.290s] INFO:colcon.colcon_cmake.task.cmake.build:Building CMake package in '/home/hwl/per_workspace/control_plan/chapter4/ros2_lqr/lqr_galactic_wtih_todo_ws/src/lgsvl_msgs'
[0.302s] INFO:colcon.colcon_core.plugin_system:Skipping extension 'colcon_core.shell.bat': Not used on non-Windows systems
[0.302s] INFO:colcon.colcon_core.shell:Skip shell extension 'powershell' for command environment: Not usable outside of PowerShell
[0.302s] DEBUG:colcon.colcon_core.shell:Skip shell extension 'dsv' for command environment
[0.337s] DEBUG:colcon.colcon_core.event_handler.log_command:Invoking command in '/home/hwl/per_workspace/control_plan/chapter4/ros2_lqr/build/lgsvl_msgs': /usr/bin/cmake --build /home/hwl/per_workspace/control_plan/chapter4/ros2_lqr/build/lgsvl_msgs -- -j16 -l16
[0.973s] DEBUG:colcon.colcon_core.event_handler.log_command:Invoked command in '/home/hwl/per_workspace/control_plan/chapter4/ros2_lqr/build/lgsvl_msgs' returned '0': /usr/bin/cmake --build /home/hwl/per_workspace/control_plan/chapter4/ros2_lqr/build/lgsvl_msgs -- -j16 -l16
[1.690s] DEBUG:colcon.colcon_core.event_handler.log_command:Invoking command in '/home/hwl/per_workspace/control_plan/chapter4/ros2_lqr/build/lgsvl_msgs': /usr/bin/cmake --install /home/hwl/per_workspace/control_plan/chapter4/ros2_lqr/build/lgsvl_msgs
[1.803s] Level 1:colcon.colcon_core.environment:create_environment_scripts_only(lgsvl_msgs)
[1.810s] DEBUG:colcon.colcon_core.event_handler.log_command:Invoked command in '/home/hwl/per_workspace/control_plan/chapter4/ros2_lqr/build/lgsvl_msgs' returned '0': /usr/bin/cmake --install /home/hwl/per_workspace/control_plan/chapter4/ros2_lqr/build/lgsvl_msgs
[1.819s] Level 1:colcon.colcon_core.environment:checking '/home/hwl/per_workspace/control_plan/chapter4/ros2_lqr/install/lgsvl_msgs' for CMake module files
[1.820s] Level 1:colcon.colcon_core.environment:checking '/home/hwl/per_workspace/control_plan/chapter4/ros2_lqr/install/lgsvl_msgs' for CMake config files
[1.821s] Level 1:colcon.colcon_core.shell:create_environment_hook('lgsvl_msgs', 'cmake_prefix_path')
[1.822s] INFO:colcon.colcon_core.shell:Creating environment hook '/home/hwl/per_workspace/control_plan/chapter4/ros2_lqr/install/lgsvl_msgs/share/lgsvl_msgs/hook/cmake_prefix_path.ps1'
[1.823s] INFO:colcon.colcon_core.shell:Creating environment descriptor '/home/hwl/per_workspace/control_plan/chapter4/ros2_lqr/install/lgsvl_msgs/share/lgsvl_msgs/hook/cmake_prefix_path.dsv'
[1.824s] INFO:colcon.colcon_core.shell:Creating environment hook '/home/hwl/per_workspace/control_plan/chapter4/ros2_lqr/install/lgsvl_msgs/share/lgsvl_msgs/hook/cmake_prefix_path.sh'
[1.826s] Level 1:colcon.colcon_core.environment:checking '/home/hwl/per_workspace/control_plan/chapter4/ros2_lqr/install/lgsvl_msgs/lib'
[1.826s] Level 1:colcon.colcon_core.shell:create_environment_hook('lgsvl_msgs', 'ld_library_path_lib')
[1.827s] INFO:colcon.colcon_core.shell:Creating environment hook '/home/hwl/per_workspace/control_plan/chapter4/ros2_lqr/install/lgsvl_msgs/share/lgsvl_msgs/hook/ld_library_path_lib.ps1'
[1.827s] INFO:colcon.colcon_core.shell:Creating environment descriptor '/home/hwl/per_workspace/control_plan/chapter4/ros2_lqr/install/lgsvl_msgs/share/lgsvl_msgs/hook/ld_library_path_lib.dsv'
[1.828s] INFO:colcon.colcon_core.shell:Creating environment hook '/home/hwl/per_workspace/control_plan/chapter4/ros2_lqr/install/lgsvl_msgs/share/lgsvl_msgs/hook/ld_library_path_lib.sh'
[1.828s] Level 1:colcon.colcon_core.environment:checking '/home/hwl/per_workspace/control_plan/chapter4/ros2_lqr/install/lgsvl_msgs/bin'
[1.829s] Level 1:colcon.colcon_core.environment:checking '/home/hwl/per_workspace/control_plan/chapter4/ros2_lqr/install/lgsvl_msgs/lib/pkgconfig/lgsvl_msgs.pc'
[1.830s] Level 1:colcon.colcon_core.environment:checking '/home/hwl/per_workspace/control_plan/chapter4/ros2_lqr/install/lgsvl_msgs/lib/python3.8/site-packages'
[1.830s] Level 1:colcon.colcon_core.shell:create_environment_hook('lgsvl_msgs', 'pythonpath')
[1.831s] INFO:colcon.colcon_core.shell:Creating environment hook '/home/hwl/per_workspace/control_plan/chapter4/ros2_lqr/install/lgsvl_msgs/share/lgsvl_msgs/hook/pythonpath.ps1'
[1.832s] INFO:colcon.colcon_core.shell:Creating environment descriptor '/home/hwl/per_workspace/control_plan/chapter4/ros2_lqr/install/lgsvl_msgs/share/lgsvl_msgs/hook/pythonpath.dsv'
[1.832s] INFO:colcon.colcon_core.shell:Creating environment hook '/home/hwl/per_workspace/control_plan/chapter4/ros2_lqr/install/lgsvl_msgs/share/lgsvl_msgs/hook/pythonpath.sh'
[1.833s] INFO:colcon.colcon_core.shell:Creating package script '/home/hwl/per_workspace/control_plan/chapter4/ros2_lqr/install/lgsvl_msgs/share/lgsvl_msgs/package.ps1'
[1.834s] INFO:colcon.colcon_core.shell:Creating package descriptor '/home/hwl/per_workspace/control_plan/chapter4/ros2_lqr/install/lgsvl_msgs/share/lgsvl_msgs/package.dsv'
[1.835s] INFO:colcon.colcon_core.shell:Creating package script '/home/hwl/per_workspace/control_plan/chapter4/ros2_lqr/install/lgsvl_msgs/share/lgsvl_msgs/package.sh'
[1.836s] INFO:colcon.colcon_core.shell:Creating package script '/home/hwl/per_workspace/control_plan/chapter4/ros2_lqr/install/lgsvl_msgs/share/lgsvl_msgs/package.bash'
[1.837s] INFO:colcon.colcon_core.shell:Creating package script '/home/hwl/per_workspace/control_plan/chapter4/ros2_lqr/install/lgsvl_msgs/share/lgsvl_msgs/package.zsh'
[1.837s] Level 1:colcon.colcon_core.environment:create_file_with_runtime_dependencies(/home/hwl/per_workspace/control_plan/chapter4/ros2_lqr/install/lgsvl_msgs/share/colcon-core/packages/lgsvl_msgs)
[2.575s] Level 1:colcon.colcon_core.environment:create_environment_scripts_only(lgsvl_msgs)
[2.578s] Level 1:colcon.colcon_core.environment:checking '/home/hwl/per_workspace/control_plan/chapter4/ros2_lqr/install/lgsvl_msgs' for CMake module files
[2.580s] Level 1:colcon.colcon_core.environment:checking '/home/hwl/per_workspace/control_plan/chapter4/ros2_lqr/install/lgsvl_msgs' for CMake config files
[2.581s] Level 1:colcon.colcon_core.shell:create_environment_hook('lgsvl_msgs', 'cmake_prefix_path')
[2.583s] INFO:colcon.colcon_core.shell:Creating environment hook '/home/hwl/per_workspace/control_plan/chapter4/ros2_lqr/install/lgsvl_msgs/share/lgsvl_msgs/hook/cmake_prefix_path.ps1'
[2.585s] INFO:colcon.colcon_core.shell:Creating environment descriptor '/home/hwl/per_workspace/control_plan/chapter4/ros2_lqr/install/lgsvl_msgs/share/lgsvl_msgs/hook/cmake_prefix_path.dsv'
[2.587s] INFO:colcon.colcon_core.shell:Creating environment hook '/home/hwl/per_workspace/control_plan/chapter4/ros2_lqr/install/lgsvl_msgs/share/lgsvl_msgs/hook/cmake_prefix_path.sh'
[2.589s] Level 1:colcon.colcon_core.environment:checking '/home/hwl/per_workspace/control_plan/chapter4/ros2_lqr/install/lgsvl_msgs/lib'
[2.589s] Level 1:colcon.colcon_core.shell:create_environment_hook('lgsvl_msgs', 'ld_library_path_lib')
[2.590s] INFO:colcon.colcon_core.shell:Creating environment hook '/home/hwl/per_workspace/control_plan/chapter4/ros2_lqr/install/lgsvl_msgs/share/lgsvl_msgs/hook/ld_library_path_lib.ps1'
[2.591s] INFO:colcon.colcon_core.shell:Creating environment descriptor '/home/hwl/per_workspace/control_plan/chapter4/ros2_lqr/install/lgsvl_msgs/share/lgsvl_msgs/hook/ld_library_path_lib.dsv'
[2.592s] INFO:colcon.colcon_core.shell:Creating environment hook '/home/hwl/per_workspace/control_plan/chapter4/ros2_lqr/install/lgsvl_msgs/share/lgsvl_msgs/hook/ld_library_path_lib.sh'
[2.593s] Level 1:colcon.colcon_core.environment:checking '/home/hwl/per_workspace/control_plan/chapter4/ros2_lqr/install/lgsvl_msgs/bin'
[2.593s] Level 1:colcon.colcon_core.environment:checking '/home/hwl/per_workspace/control_plan/chapter4/ros2_lqr/install/lgsvl_msgs/lib/pkgconfig/lgsvl_msgs.pc'
[2.593s] Level 1:colcon.colcon_core.environment:checking '/home/hwl/per_workspace/control_plan/chapter4/ros2_lqr/install/lgsvl_msgs/lib/python3.8/site-packages'
[2.593s] Level 1:colcon.colcon_core.shell:create_environment_hook('lgsvl_msgs', 'pythonpath')
[2.595s] INFO:colcon.colcon_core.shell:Creating environment hook '/home/hwl/per_workspace/control_plan/chapter4/ros2_lqr/install/lgsvl_msgs/share/lgsvl_msgs/hook/pythonpath.ps1'
[2.595s] INFO:colcon.colcon_core.shell:Creating environment descriptor '/home/hwl/per_workspace/control_plan/chapter4/ros2_lqr/install/lgsvl_msgs/share/lgsvl_msgs/hook/pythonpath.dsv'
[2.596s] INFO:colcon.colcon_core.shell:Creating environment hook '/home/hwl/per_workspace/control_plan/chapter4/ros2_lqr/install/lgsvl_msgs/share/lgsvl_msgs/hook/pythonpath.sh'
[2.598s] INFO:colcon.colcon_core.shell:Creating package script '/home/hwl/per_workspace/control_plan/chapter4/ros2_lqr/install/lgsvl_msgs/share/lgsvl_msgs/package.ps1'
[2.599s] INFO:colcon.colcon_core.shell:Creating package descriptor '/home/hwl/per_workspace/control_plan/chapter4/ros2_lqr/install/lgsvl_msgs/share/lgsvl_msgs/package.dsv'
[2.600s] INFO:colcon.colcon_core.shell:Creating package script '/home/hwl/per_workspace/control_plan/chapter4/ros2_lqr/install/lgsvl_msgs/share/lgsvl_msgs/package.sh'
[2.601s] INFO:colcon.colcon_core.shell:Creating package script '/home/hwl/per_workspace/control_plan/chapter4/ros2_lqr/install/lgsvl_msgs/share/lgsvl_msgs/package.bash'
[2.602s] INFO:colcon.colcon_core.shell:Creating package script '/home/hwl/per_workspace/control_plan/chapter4/ros2_lqr/install/lgsvl_msgs/share/lgsvl_msgs/package.zsh'
[2.602s] Level 1:colcon.colcon_core.environment:create_file_with_runtime_dependencies(/home/hwl/per_workspace/control_plan/chapter4/ros2_lqr/install/lgsvl_msgs/share/colcon-core/packages/lgsvl_msgs)
[2.603s] INFO:colcon.colcon_ros.task.ament_cmake.build:Building ROS package in '/home/hwl/per_workspace/control_plan/chapter4/ros2_lqr/lqr_galactic_wtih_todo_ws/src/lgsvl_bridge_galactic' with build type 'ament_cmake'
[2.603s] INFO:colcon.colcon_cmake.task.cmake.build:Building CMake package in '/home/hwl/per_workspace/control_plan/chapter4/ros2_lqr/lqr_galactic_wtih_todo_ws/src/lgsvl_bridge_galactic'
[2.604s] INFO:colcon.colcon_core.shell:Skip shell extension 'powershell' for command environment: Not usable outside of PowerShell
[2.605s] DEBUG:colcon.colcon_core.shell:Skip shell extension 'dsv' for command environment
[2.619s] INFO:colcon.colcon_ros.task.ament_cmake.build:Building ROS package in '/home/hwl/per_workspace/control_plan/chapter4/ros2_lqr/lqr_galactic_wtih_todo_ws/src/lqr_controller' with build type 'ament_cmake'
[2.620s] INFO:colcon.colcon_cmake.task.cmake.build:Building CMake package in '/home/hwl/per_workspace/control_plan/chapter4/ros2_lqr/lqr_galactic_wtih_todo_ws/src/lqr_controller'
[2.621s] INFO:colcon.colcon_core.shell:Skip shell extension 'powershell' for command environment: Not usable outside of PowerShell
[2.621s] DEBUG:colcon.colcon_core.shell:Skip shell extension 'dsv' for command environment
[2.635s] INFO:colcon.colcon_ros.task.ament_cmake.build:Building ROS package in '/home/hwl/per_workspace/control_plan/chapter4/ros2_lqr/lqr_galactic_wtih_todo_ws/src/stanley_control' with build type 'ament_cmake'
[2.635s] INFO:colcon.colcon_cmake.task.cmake.build:Building CMake package in '/home/hwl/per_workspace/control_plan/chapter4/ros2_lqr/lqr_galactic_wtih_todo_ws/src/stanley_control'
[2.636s] INFO:colcon.colcon_core.shell:Skip shell extension 'powershell' for command environment: Not usable outside of PowerShell
[2.636s] DEBUG:colcon.colcon_core.shell:Skip shell extension 'dsv' for command environment
[2.650s] INFO:colcon.colcon_ros.task.ament_cmake.build:Building ROS package in '/home/hwl/per_workspace/control_plan/chapter4/ros2_lqr/lqr_galactic_wtih_todo_ws/src/vehicle_control' with build type 'ament_cmake'
[2.650s] INFO:colcon.colcon_cmake.task.cmake.build:Building CMake package in '/home/hwl/per_workspace/control_plan/chapter4/ros2_lqr/lqr_galactic_wtih_todo_ws/src/vehicle_control'
[2.652s] INFO:colcon.colcon_core.shell:Skip shell extension 'powershell' for command environment: Not usable outside of PowerShell
[2.652s] DEBUG:colcon.colcon_core.shell:Skip shell extension 'dsv' for command environment
[2.674s] DEBUG:colcon.colcon_core.event_handler.log_command:Invoking command in '/home/hwl/per_workspace/control_plan/chapter4/ros2_lqr/build/lgsvl_bridge_galactic': AMENT_PREFIX_PATH=/home/hwl/per_workspace/control_plan/chapter4/ros2_lqr/install/lgsvl_msgs:${AMENT_PREFIX_PATH} CMAKE_PREFIX_PATH=/home/hwl/per_workspace/control_plan/chapter4/ros2_lqr/install/lgsvl_msgs:${CMAKE_PREFIX_PATH} LD_LIBRARY_PATH=/home/hwl/per_workspace/control_plan/chapter4/ros2_lqr/install/lgsvl_msgs/lib:${LD_LIBRARY_PATH} PYTHONPATH=/home/hwl/per_workspace/control_plan/chapter4/ros2_lqr/install/lgsvl_msgs/lib/python3.8/site-packages:${PYTHONPATH} /usr/bin/cmake --build /home/hwl/per_workspace/control_plan/chapter4/ros2_lqr/build/lgsvl_bridge_galactic -- -j16 -l16
[2.679s] DEBUG:colcon.colcon_core.event_handler.log_command:Invoking command in '/home/hwl/per_workspace/control_plan/chapter4/ros2_lqr/build/lqr_controller': AMENT_PREFIX_PATH=/home/hwl/per_workspace/control_plan/chapter4/ros2_lqr/install/lgsvl_msgs:${AMENT_PREFIX_PATH} CMAKE_PREFIX_PATH=/home/hwl/per_workspace/control_plan/chapter4/ros2_lqr/install/lgsvl_msgs:${CMAKE_PREFIX_PATH} LD_LIBRARY_PATH=/home/hwl/per_workspace/control_plan/chapter4/ros2_lqr/install/lgsvl_msgs/lib:${LD_LIBRARY_PATH} PYTHONPATH=/home/hwl/per_workspace/control_plan/chapter4/ros2_lqr/install/lgsvl_msgs/lib/python3.8/site-packages:${PYTHONPATH} /usr/bin/cmake --build /home/hwl/per_workspace/control_plan/chapter4/ros2_lqr/build/lqr_controller -- -j16 -l16
[2.684s] DEBUG:colcon.colcon_core.event_handler.log_command:Invoking command in '/home/hwl/per_workspace/control_plan/chapter4/ros2_lqr/build/stanley_control': AMENT_PREFIX_PATH=/home/hwl/per_workspace/control_plan/chapter4/ros2_lqr/install/lgsvl_msgs:${AMENT_PREFIX_PATH} CMAKE_PREFIX_PATH=/home/hwl/per_workspace/control_plan/chapter4/ros2_lqr/install/lgsvl_msgs:${CMAKE_PREFIX_PATH} LD_LIBRARY_PATH=/home/hwl/per_workspace/control_plan/chapter4/ros2_lqr/install/lgsvl_msgs/lib:${LD_LIBRARY_PATH} PYTHONPATH=/home/hwl/per_workspace/control_plan/chapter4/ros2_lqr/install/lgsvl_msgs/lib/python3.8/site-packages:${PYTHONPATH} /usr/bin/cmake --build /home/hwl/per_workspace/control_plan/chapter4/ros2_lqr/build/stanley_control -- -j16 -l16
[2.698s] DEBUG:colcon.colcon_core.event_handler.log_command:Invoking command in '/home/hwl/per_workspace/control_plan/chapter4/ros2_lqr/build/vehicle_control': AMENT_PREFIX_PATH=/home/hwl/per_workspace/control_plan/chapter4/ros2_lqr/install/lgsvl_msgs:${AMENT_PREFIX_PATH} CMAKE_PREFIX_PATH=/home/hwl/per_workspace/control_plan/chapter4/ros2_lqr/install/lgsvl_msgs:${CMAKE_PREFIX_PATH} LD_LIBRARY_PATH=/home/hwl/per_workspace/control_plan/chapter4/ros2_lqr/install/lgsvl_msgs/lib:${LD_LIBRARY_PATH} PYTHONPATH=/home/hwl/per_workspace/control_plan/chapter4/ros2_lqr/install/lgsvl_msgs/lib/python3.8/site-packages:${PYTHONPATH} /usr/bin/cmake --build /home/hwl/per_workspace/control_plan/chapter4/ros2_lqr/build/vehicle_control -- -j16 -l16
[2.827s] DEBUG:colcon.colcon_core.event_handler.log_command:Invoked command in '/home/hwl/per_workspace/control_plan/chapter4/ros2_lqr/build/lgsvl_bridge_galactic' returned '0': AMENT_PREFIX_PATH=/home/hwl/per_workspace/control_plan/chapter4/ros2_lqr/install/lgsvl_msgs:${AMENT_PREFIX_PATH} CMAKE_PREFIX_PATH=/home/hwl/per_workspace/control_plan/chapter4/ros2_lqr/install/lgsvl_msgs:${CMAKE_PREFIX_PATH} LD_LIBRARY_PATH=/home/hwl/per_workspace/control_plan/chapter4/ros2_lqr/install/lgsvl_msgs/lib:${LD_LIBRARY_PATH} PYTHONPATH=/home/hwl/per_workspace/control_plan/chapter4/ros2_lqr/install/lgsvl_msgs/lib/python3.8/site-packages:${PYTHONPATH} /usr/bin/cmake --build /home/hwl/per_workspace/control_plan/chapter4/ros2_lqr/build/lgsvl_bridge_galactic -- -j16 -l16
[2.864s] DEBUG:colcon.colcon_core.event_handler.log_command:Invoked command in '/home/hwl/per_workspace/control_plan/chapter4/ros2_lqr/build/stanley_control' returned '0': AMENT_PREFIX_PATH=/home/hwl/per_workspace/control_plan/chapter4/ros2_lqr/install/lgsvl_msgs:${AMENT_PREFIX_PATH} CMAKE_PREFIX_PATH=/home/hwl/per_workspace/control_plan/chapter4/ros2_lqr/install/lgsvl_msgs:${CMAKE_PREFIX_PATH} LD_LIBRARY_PATH=/home/hwl/per_workspace/control_plan/chapter4/ros2_lqr/install/lgsvl_msgs/lib:${LD_LIBRARY_PATH} PYTHONPATH=/home/hwl/per_workspace/control_plan/chapter4/ros2_lqr/install/lgsvl_msgs/lib/python3.8/site-packages:${PYTHONPATH} /usr/bin/cmake --build /home/hwl/per_workspace/control_plan/chapter4/ros2_lqr/build/stanley_control -- -j16 -l16
[2.874s] DEBUG:colcon.colcon_core.event_handler.log_command:Invoked command in '/home/hwl/per_workspace/control_plan/chapter4/ros2_lqr/build/vehicle_control' returned '0': AMENT_PREFIX_PATH=/home/hwl/per_workspace/control_plan/chapter4/ros2_lqr/install/lgsvl_msgs:${AMENT_PREFIX_PATH} CMAKE_PREFIX_PATH=/home/hwl/per_workspace/control_plan/chapter4/ros2_lqr/install/lgsvl_msgs:${CMAKE_PREFIX_PATH} LD_LIBRARY_PATH=/home/hwl/per_workspace/control_plan/chapter4/ros2_lqr/install/lgsvl_msgs/lib:${LD_LIBRARY_PATH} PYTHONPATH=/home/hwl/per_workspace/control_plan/chapter4/ros2_lqr/install/lgsvl_msgs/lib/python3.8/site-packages:${PYTHONPATH} /usr/bin/cmake --build /home/hwl/per_workspace/control_plan/chapter4/ros2_lqr/build/vehicle_control -- -j16 -l16
[2.895s] DEBUG:colcon.colcon_core.event_handler.log_command:Invoking command in '/home/hwl/per_workspace/control_plan/chapter4/ros2_lqr/build/lgsvl_bridge_galactic': AMENT_PREFIX_PATH=/home/hwl/per_workspace/control_plan/chapter4/ros2_lqr/install/lgsvl_msgs:${AMENT_PREFIX_PATH} CMAKE_PREFIX_PATH=/home/hwl/per_workspace/control_plan/chapter4/ros2_lqr/install/lgsvl_msgs:${CMAKE_PREFIX_PATH} LD_LIBRARY_PATH=/home/hwl/per_workspace/control_plan/chapter4/ros2_lqr/install/lgsvl_msgs/lib:${LD_LIBRARY_PATH} PYTHONPATH=/home/hwl/per_workspace/control_plan/chapter4/ros2_lqr/install/lgsvl_msgs/lib/python3.8/site-packages:${PYTHONPATH} /usr/bin/cmake --install /home/hwl/per_workspace/control_plan/chapter4/ros2_lqr/build/lgsvl_bridge_galactic
[2.914s] Level 1:colcon.colcon_core.environment:create_environment_scripts_only(lgsvl_bridge_galactic)
[2.916s] Level 1:colcon.colcon_core.environment:checking '/home/hwl/per_workspace/control_plan/chapter4/ros2_lqr/install/lgsvl_bridge_galactic' for CMake module files
[2.918s] Level 1:colcon.colcon_core.environment:checking '/home/hwl/per_workspace/control_plan/chapter4/ros2_lqr/install/lgsvl_bridge_galactic' for CMake config files
[2.919s] Level 1:colcon.colcon_core.shell:create_environment_hook('lgsvl_bridge_galactic', 'cmake_prefix_path')
[2.920s] INFO:colcon.colcon_core.shell:Creating environment hook '/home/hwl/per_workspace/control_plan/chapter4/ros2_lqr/install/lgsvl_bridge_galactic/share/lgsvl_bridge_galactic/hook/cmake_prefix_path.ps1'
[2.922s] INFO:colcon.colcon_core.shell:Creating environment descriptor '/home/hwl/per_workspace/control_plan/chapter4/ros2_lqr/install/lgsvl_bridge_galactic/share/lgsvl_bridge_galactic/hook/cmake_prefix_path.dsv'
[2.924s] DEBUG:colcon.colcon_core.event_handler.log_command:Invoked command in '/home/hwl/per_workspace/control_plan/chapter4/ros2_lqr/build/lgsvl_bridge_galactic' returned '0': AMENT_PREFIX_PATH=/home/hwl/per_workspace/control_plan/chapter4/ros2_lqr/install/lgsvl_msgs:${AMENT_PREFIX_PATH} CMAKE_PREFIX_PATH=/home/hwl/per_workspace/control_plan/chapter4/ros2_lqr/install/lgsvl_msgs:${CMAKE_PREFIX_PATH} LD_LIBRARY_PATH=/home/hwl/per_workspace/control_plan/chapter4/ros2_lqr/install/lgsvl_msgs/lib:${LD_LIBRARY_PATH} PYTHONPATH=/home/hwl/per_workspace/control_plan/chapter4/ros2_lqr/install/lgsvl_msgs/lib/python3.8/site-packages:${PYTHONPATH} /usr/bin/cmake --install /home/hwl/per_workspace/control_plan/chapter4/ros2_lqr/build/lgsvl_bridge_galactic
[2.924s] INFO:colcon.colcon_core.shell:Creating environment hook '/home/hwl/per_workspace/control_plan/chapter4/ros2_lqr/install/lgsvl_bridge_galactic/share/lgsvl_bridge_galactic/hook/cmake_prefix_path.sh'
[2.925s] Level 1:colcon.colcon_core.environment:checking '/home/hwl/per_workspace/control_plan/chapter4/ros2_lqr/install/lgsvl_bridge_galactic/lib'
[2.925s] Level 1:colcon.colcon_core.environment:checking '/home/hwl/per_workspace/control_plan/chapter4/ros2_lqr/install/lgsvl_bridge_galactic/bin'
[2.925s] Level 1:colcon.colcon_core.environment:checking '/home/hwl/per_workspace/control_plan/chapter4/ros2_lqr/install/lgsvl_bridge_galactic/lib/pkgconfig/lgsvl_bridge_galactic.pc'
[2.926s] Level 1:colcon.colcon_core.environment:checking '/home/hwl/per_workspace/control_plan/chapter4/ros2_lqr/install/lgsvl_bridge_galactic/lib/python3.8/site-packages'
[2.927s] INFO:colcon.colcon_core.shell:Creating package script '/home/hwl/per_workspace/control_plan/chapter4/ros2_lqr/install/lgsvl_bridge_galactic/share/lgsvl_bridge_galactic/package.ps1'
[2.927s] INFO:colcon.colcon_core.shell:Creating package descriptor '/home/hwl/per_workspace/control_plan/chapter4/ros2_lqr/install/lgsvl_bridge_galactic/share/lgsvl_bridge_galactic/package.dsv'
[2.928s] INFO:colcon.colcon_core.shell:Creating package script '/home/hwl/per_workspace/control_plan/chapter4/ros2_lqr/install/lgsvl_bridge_galactic/share/lgsvl_bridge_galactic/package.sh'
[2.928s] INFO:colcon.colcon_core.shell:Creating package script '/home/hwl/per_workspace/control_plan/chapter4/ros2_lqr/install/lgsvl_bridge_galactic/share/lgsvl_bridge_galactic/package.bash'
[2.929s] INFO:colcon.colcon_core.shell:Creating package script '/home/hwl/per_workspace/control_plan/chapter4/ros2_lqr/install/lgsvl_bridge_galactic/share/lgsvl_bridge_galactic/package.zsh'
[2.929s] Level 1:colcon.colcon_core.environment:create_file_with_runtime_dependencies(/home/hwl/per_workspace/control_plan/chapter4/ros2_lqr/install/lgsvl_bridge_galactic/share/colcon-core/packages/lgsvl_bridge_galactic)
[2.939s] DEBUG:colcon.colcon_core.event_handler.log_command:Invoking command in '/home/hwl/per_workspace/control_plan/chapter4/ros2_lqr/build/vehicle_control': AMENT_PREFIX_PATH=/home/hwl/per_workspace/control_plan/chapter4/ros2_lqr/install/lgsvl_msgs:${AMENT_PREFIX_PATH} CMAKE_PREFIX_PATH=/home/hwl/per_workspace/control_plan/chapter4/ros2_lqr/install/lgsvl_msgs:${CMAKE_PREFIX_PATH} LD_LIBRARY_PATH=/home/hwl/per_workspace/control_plan/chapter4/ros2_lqr/install/lgsvl_msgs/lib:${LD_LIBRARY_PATH} PYTHONPATH=/home/hwl/per_workspace/control_plan/chapter4/ros2_lqr/install/lgsvl_msgs/lib/python3.8/site-packages:${PYTHONPATH} /usr/bin/cmake --install /home/hwl/per_workspace/control_plan/chapter4/ros2_lqr/build/vehicle_control
[2.944s] DEBUG:colcon.colcon_core.event_handler.log_command:Invoking command in '/home/hwl/per_workspace/control_plan/chapter4/ros2_lqr/build/stanley_control': AMENT_PREFIX_PATH=/home/hwl/per_workspace/control_plan/chapter4/ros2_lqr/install/lgsvl_msgs:${AMENT_PREFIX_PATH} CMAKE_PREFIX_PATH=/home/hwl/per_workspace/control_plan/chapter4/ros2_lqr/install/lgsvl_msgs:${CMAKE_PREFIX_PATH} LD_LIBRARY_PATH=/home/hwl/per_workspace/control_plan/chapter4/ros2_lqr/install/lgsvl_msgs/lib:${LD_LIBRARY_PATH} PYTHONPATH=/home/hwl/per_workspace/control_plan/chapter4/ros2_lqr/install/lgsvl_msgs/lib/python3.8/site-packages:${PYTHONPATH} /usr/bin/cmake --install /home/hwl/per_workspace/control_plan/chapter4/ros2_lqr/build/stanley_control
[2.966s] Level 1:colcon.colcon_core.environment:create_environment_scripts_only(vehicle_control)
[2.970s] Level 1:colcon.colcon_core.environment:checking '/home/hwl/per_workspace/control_plan/chapter4/ros2_lqr/install/vehicle_control' for CMake module files
[2.974s] Level 1:colcon.colcon_core.environment:checking '/home/hwl/per_workspace/control_plan/chapter4/ros2_lqr/install/vehicle_control' for CMake config files
[2.976s] Level 1:colcon.colcon_core.shell:create_environment_hook('vehicle_control', 'cmake_prefix_path')
[2.978s] INFO:colcon.colcon_core.shell:Creating environment hook '/home/hwl/per_workspace/control_plan/chapter4/ros2_lqr/install/vehicle_control/share/vehicle_control/hook/cmake_prefix_path.ps1'
[2.979s] DEBUG:colcon.colcon_core.event_handler.log_command:Invoked command in '/home/hwl/per_workspace/control_plan/chapter4/ros2_lqr/build/vehicle_control' returned '0': AMENT_PREFIX_PATH=/home/hwl/per_workspace/control_plan/chapter4/ros2_lqr/install/lgsvl_msgs:${AMENT_PREFIX_PATH} CMAKE_PREFIX_PATH=/home/hwl/per_workspace/control_plan/chapter4/ros2_lqr/install/lgsvl_msgs:${CMAKE_PREFIX_PATH} LD_LIBRARY_PATH=/home/hwl/per_workspace/control_plan/chapter4/ros2_lqr/install/lgsvl_msgs/lib:${LD_LIBRARY_PATH} PYTHONPATH=/home/hwl/per_workspace/control_plan/chapter4/ros2_lqr/install/lgsvl_msgs/lib/python3.8/site-packages:${PYTHONPATH} /usr/bin/cmake --install /home/hwl/per_workspace/control_plan/chapter4/ros2_lqr/build/vehicle_control
[2.980s] INFO:colcon.colcon_core.shell:Creating environment descriptor '/home/hwl/per_workspace/control_plan/chapter4/ros2_lqr/install/vehicle_control/share/vehicle_control/hook/cmake_prefix_path.dsv'
[2.981s] INFO:colcon.colcon_core.shell:Creating environment hook '/home/hwl/per_workspace/control_plan/chapter4/ros2_lqr/install/vehicle_control/share/vehicle_control/hook/cmake_prefix_path.sh'
[2.982s] Level 1:colcon.colcon_core.environment:checking '/home/hwl/per_workspace/control_plan/chapter4/ros2_lqr/install/vehicle_control/lib'
[2.983s] Level 1:colcon.colcon_core.environment:checking '/home/hwl/per_workspace/control_plan/chapter4/ros2_lqr/install/vehicle_control/bin'
[2.983s] Level 1:colcon.colcon_core.environment:checking '/home/hwl/per_workspace/control_plan/chapter4/ros2_lqr/install/vehicle_control/lib/pkgconfig/vehicle_control.pc'
[2.984s] Level 1:colcon.colcon_core.environment:checking '/home/hwl/per_workspace/control_plan/chapter4/ros2_lqr/install/vehicle_control/lib/python3.8/site-packages'
[2.985s] INFO:colcon.colcon_core.shell:Creating package script '/home/hwl/per_workspace/control_plan/chapter4/ros2_lqr/install/vehicle_control/share/vehicle_control/package.ps1'
[2.986s] INFO:colcon.colcon_core.shell:Creating package descriptor '/home/hwl/per_workspace/control_plan/chapter4/ros2_lqr/install/vehicle_control/share/vehicle_control/package.dsv'
[2.987s] INFO:colcon.colcon_core.shell:Creating package script '/home/hwl/per_workspace/control_plan/chapter4/ros2_lqr/install/vehicle_control/share/vehicle_control/package.sh'
[2.988s] INFO:colcon.colcon_core.shell:Creating package script '/home/hwl/per_workspace/control_plan/chapter4/ros2_lqr/install/vehicle_control/share/vehicle_control/package.bash'
[2.989s] INFO:colcon.colcon_core.shell:Creating package script '/home/hwl/per_workspace/control_plan/chapter4/ros2_lqr/install/vehicle_control/share/vehicle_control/package.zsh'
[2.990s] Level 1:colcon.colcon_core.environment:create_file_with_runtime_dependencies(/home/hwl/per_workspace/control_plan/chapter4/ros2_lqr/install/vehicle_control/share/colcon-core/packages/vehicle_control)
[2.995s] Level 1:colcon.colcon_core.environment:create_environment_scripts_only(stanley_control)
[2.998s] Level 1:colcon.colcon_core.environment:checking '/home/hwl/per_workspace/control_plan/chapter4/ros2_lqr/install/stanley_control' for CMake module files
[2.999s] DEBUG:colcon.colcon_core.event_handler.log_command:Invoked command in '/home/hwl/per_workspace/control_plan/chapter4/ros2_lqr/build/stanley_control' returned '0': AMENT_PREFIX_PATH=/home/hwl/per_workspace/control_plan/chapter4/ros2_lqr/install/lgsvl_msgs:${AMENT_PREFIX_PATH} CMAKE_PREFIX_PATH=/home/hwl/per_workspace/control_plan/chapter4/ros2_lqr/install/lgsvl_msgs:${CMAKE_PREFIX_PATH} LD_LIBRARY_PATH=/home/hwl/per_workspace/control_plan/chapter4/ros2_lqr/install/lgsvl_msgs/lib:${LD_LIBRARY_PATH} PYTHONPATH=/home/hwl/per_workspace/control_plan/chapter4/ros2_lqr/install/lgsvl_msgs/lib/python3.8/site-packages:${PYTHONPATH} /usr/bin/cmake --install /home/hwl/per_workspace/control_plan/chapter4/ros2_lqr/build/stanley_control
[3.000s] Level 1:colcon.colcon_core.environment:checking '/home/hwl/per_workspace/control_plan/chapter4/ros2_lqr/install/stanley_control' for CMake config files
[3.000s] Level 1:colcon.colcon_core.shell:create_environment_hook('stanley_control', 'cmake_prefix_path')
[3.001s] INFO:colcon.colcon_core.shell:Creating environment hook '/home/hwl/per_workspace/control_plan/chapter4/ros2_lqr/install/stanley_control/share/stanley_control/hook/cmake_prefix_path.ps1'
[3.002s] INFO:colcon.colcon_core.shell:Creating environment descriptor '/home/hwl/per_workspace/control_plan/chapter4/ros2_lqr/install/stanley_control/share/stanley_control/hook/cmake_prefix_path.dsv'
[3.003s] INFO:colcon.colcon_core.shell:Creating environment hook '/home/hwl/per_workspace/control_plan/chapter4/ros2_lqr/install/stanley_control/share/stanley_control/hook/cmake_prefix_path.sh'
[3.003s] Level 1:colcon.colcon_core.environment:checking '/home/hwl/per_workspace/control_plan/chapter4/ros2_lqr/install/stanley_control/lib'
[3.004s] Level 1:colcon.colcon_core.environment:checking '/home/hwl/per_workspace/control_plan/chapter4/ros2_lqr/install/stanley_control/bin'
[3.004s] Level 1:colcon.colcon_core.environment:checking '/home/hwl/per_workspace/control_plan/chapter4/ros2_lqr/install/stanley_control/lib/pkgconfig/stanley_control.pc'
[3.004s] Level 1:colcon.colcon_core.environment:checking '/home/hwl/per_workspace/control_plan/chapter4/ros2_lqr/install/stanley_control/lib/python3.8/site-packages'
[3.005s] INFO:colcon.colcon_core.shell:Creating package script '/home/hwl/per_workspace/control_plan/chapter4/ros2_lqr/install/stanley_control/share/stanley_control/package.ps1'
[3.006s] INFO:colcon.colcon_core.shell:Creating package descriptor '/home/hwl/per_workspace/control_plan/chapter4/ros2_lqr/install/stanley_control/share/stanley_control/package.dsv'
[3.006s] INFO:colcon.colcon_core.shell:Creating package script '/home/hwl/per_workspace/control_plan/chapter4/ros2_lqr/install/stanley_control/share/stanley_control/package.sh'
[3.007s] INFO:colcon.colcon_core.shell:Creating package script '/home/hwl/per_workspace/control_plan/chapter4/ros2_lqr/install/stanley_control/share/stanley_control/package.bash'
[3.008s] INFO:colcon.colcon_core.shell:Creating package script '/home/hwl/per_workspace/control_plan/chapter4/ros2_lqr/install/stanley_control/share/stanley_control/package.zsh'
[3.008s] Level 1:colcon.colcon_core.environment:create_file_with_runtime_dependencies(/home/hwl/per_workspace/control_plan/chapter4/ros2_lqr/install/stanley_control/share/colcon-core/packages/stanley_control)
[3.018s] Level 1:colcon.colcon_core.environment:create_environment_scripts_only(lgsvl_bridge_galactic)
[3.019s] Level 1:colcon.colcon_core.environment:checking '/home/hwl/per_workspace/control_plan/chapter4/ros2_lqr/install/lgsvl_bridge_galactic' for CMake module files
[3.019s] Level 1:colcon.colcon_core.environment:checking '/home/hwl/per_workspace/control_plan/chapter4/ros2_lqr/install/lgsvl_bridge_galactic' for CMake config files
[3.020s] Level 1:colcon.colcon_core.shell:create_environment_hook('lgsvl_bridge_galactic', 'cmake_prefix_path')
[3.020s] INFO:colcon.colcon_core.shell:Creating environment hook '/home/hwl/per_workspace/control_plan/chapter4/ros2_lqr/install/lgsvl_bridge_galactic/share/lgsvl_bridge_galactic/hook/cmake_prefix_path.ps1'
[3.021s] INFO:colcon.colcon_core.shell:Creating environment descriptor '/home/hwl/per_workspace/control_plan/chapter4/ros2_lqr/install/lgsvl_bridge_galactic/share/lgsvl_bridge_galactic/hook/cmake_prefix_path.dsv'
[3.021s] INFO:colcon.colcon_core.shell:Creating environment hook '/home/hwl/per_workspace/control_plan/chapter4/ros2_lqr/install/lgsvl_bridge_galactic/share/lgsvl_bridge_galactic/hook/cmake_prefix_path.sh'
[3.022s] Level 1:colcon.colcon_core.environment:checking '/home/hwl/per_workspace/control_plan/chapter4/ros2_lqr/install/lgsvl_bridge_galactic/lib'
[3.022s] Level 1:colcon.colcon_core.environment:checking '/home/hwl/per_workspace/control_plan/chapter4/ros2_lqr/install/lgsvl_bridge_galactic/bin'
[3.022s] Level 1:colcon.colcon_core.environment:checking '/home/hwl/per_workspace/control_plan/chapter4/ros2_lqr/install/lgsvl_bridge_galactic/lib/pkgconfig/lgsvl_bridge_galactic.pc'
[3.022s] Level 1:colcon.colcon_core.environment:checking '/home/hwl/per_workspace/control_plan/chapter4/ros2_lqr/install/lgsvl_bridge_galactic/lib/python3.8/site-packages'
[3.023s] INFO:colcon.colcon_core.shell:Creating package script '/home/hwl/per_workspace/control_plan/chapter4/ros2_lqr/install/lgsvl_bridge_galactic/share/lgsvl_bridge_galactic/package.ps1'
[3.024s] INFO:colcon.colcon_core.shell:Creating package descriptor '/home/hwl/per_workspace/control_plan/chapter4/ros2_lqr/install/lgsvl_bridge_galactic/share/lgsvl_bridge_galactic/package.dsv'
[3.024s] INFO:colcon.colcon_core.shell:Creating package script '/home/hwl/per_workspace/control_plan/chapter4/ros2_lqr/install/lgsvl_bridge_galactic/share/lgsvl_bridge_galactic/package.sh'
[3.025s] INFO:colcon.colcon_core.shell:Creating package script '/home/hwl/per_workspace/control_plan/chapter4/ros2_lqr/install/lgsvl_bridge_galactic/share/lgsvl_bridge_galactic/package.bash'
[3.025s] INFO:colcon.colcon_core.shell:Creating package script '/home/hwl/per_workspace/control_plan/chapter4/ros2_lqr/install/lgsvl_bridge_galactic/share/lgsvl_bridge_galactic/package.zsh'
[3.025s] Level 1:colcon.colcon_core.environment:create_file_with_runtime_dependencies(/home/hwl/per_workspace/control_plan/chapter4/ros2_lqr/install/lgsvl_bridge_galactic/share/colcon-core/packages/lgsvl_bridge_galactic)
[3.054s] Level 1:colcon.colcon_core.environment:create_environment_scripts_only(vehicle_control)
[3.057s] Level 1:colcon.colcon_core.environment:checking '/home/hwl/per_workspace/control_plan/chapter4/ros2_lqr/install/vehicle_control' for CMake module files
[3.058s] Level 1:colcon.colcon_core.environment:checking '/home/hwl/per_workspace/control_plan/chapter4/ros2_lqr/install/vehicle_control' for CMake config files
[3.059s] Level 1:colcon.colcon_core.shell:create_environment_hook('vehicle_control', 'cmake_prefix_path')
[3.060s] INFO:colcon.colcon_core.shell:Creating environment hook '/home/hwl/per_workspace/control_plan/chapter4/ros2_lqr/install/vehicle_control/share/vehicle_control/hook/cmake_prefix_path.ps1'
[3.062s] INFO:colcon.colcon_core.shell:Creating environment descriptor '/home/hwl/per_workspace/control_plan/chapter4/ros2_lqr/install/vehicle_control/share/vehicle_control/hook/cmake_prefix_path.dsv'
[3.062s] INFO:colcon.colcon_core.shell:Creating environment hook '/home/hwl/per_workspace/control_plan/chapter4/ros2_lqr/install/vehicle_control/share/vehicle_control/hook/cmake_prefix_path.sh'
[3.064s] Level 1:colcon.colcon_core.environment:checking '/home/hwl/per_workspace/control_plan/chapter4/ros2_lqr/install/vehicle_control/lib'
[3.064s] Level 1:colcon.colcon_core.environment:checking '/home/hwl/per_workspace/control_plan/chapter4/ros2_lqr/install/vehicle_control/bin'
[3.064s] Level 1:colcon.colcon_core.environment:checking '/home/hwl/per_workspace/control_plan/chapter4/ros2_lqr/install/vehicle_control/lib/pkgconfig/vehicle_control.pc'
[3.064s] Level 1:colcon.colcon_core.environment:checking '/home/hwl/per_workspace/control_plan/chapter4/ros2_lqr/install/vehicle_control/lib/python3.8/site-packages'
[3.066s] INFO:colcon.colcon_core.shell:Creating package script '/home/hwl/per_workspace/control_plan/chapter4/ros2_lqr/install/vehicle_control/share/vehicle_control/package.ps1'
[3.067s] INFO:colcon.colcon_core.shell:Creating package descriptor '/home/hwl/per_workspace/control_plan/chapter4/ros2_lqr/install/vehicle_control/share/vehicle_control/package.dsv'
[3.068s] INFO:colcon.colcon_core.shell:Creating package script '/home/hwl/per_workspace/control_plan/chapter4/ros2_lqr/install/vehicle_control/share/vehicle_control/package.sh'
[3.069s] INFO:colcon.colcon_core.shell:Creating package script '/home/hwl/per_workspace/control_plan/chapter4/ros2_lqr/install/vehicle_control/share/vehicle_control/package.bash'
[3.070s] INFO:colcon.colcon_core.shell:Creating package script '/home/hwl/per_workspace/control_plan/chapter4/ros2_lqr/install/vehicle_control/share/vehicle_control/package.zsh'
[3.071s] Level 1:colcon.colcon_core.environment:create_file_with_runtime_dependencies(/home/hwl/per_workspace/control_plan/chapter4/ros2_lqr/install/vehicle_control/share/colcon-core/packages/vehicle_control)
[3.087s] Level 1:colcon.colcon_core.environment:create_environment_scripts_only(stanley_control)
[3.089s] Level 1:colcon.colcon_core.environment:checking '/home/hwl/per_workspace/control_plan/chapter4/ros2_lqr/install/stanley_control' for CMake module files
[3.091s] Level 1:colcon.colcon_core.environment:checking '/home/hwl/per_workspace/control_plan/chapter4/ros2_lqr/install/stanley_control' for CMake config files
[3.091s] Level 1:colcon.colcon_core.shell:create_environment_hook('stanley_control', 'cmake_prefix_path')
[3.093s] INFO:colcon.colcon_core.shell:Creating environment hook '/home/hwl/per_workspace/control_plan/chapter4/ros2_lqr/install/stanley_control/share/stanley_control/hook/cmake_prefix_path.ps1'
[3.094s] INFO:colcon.colcon_core.shell:Creating environment descriptor '/home/hwl/per_workspace/control_plan/chapter4/ros2_lqr/install/stanley_control/share/stanley_control/hook/cmake_prefix_path.dsv'
[3.095s] INFO:colcon.colcon_core.shell:Creating environment hook '/home/hwl/per_workspace/control_plan/chapter4/ros2_lqr/install/stanley_control/share/stanley_control/hook/cmake_prefix_path.sh'
[3.096s] Level 1:colcon.colcon_core.environment:checking '/home/hwl/per_workspace/control_plan/chapter4/ros2_lqr/install/stanley_control/lib'
[3.096s] Level 1:colcon.colcon_core.environment:checking '/home/hwl/per_workspace/control_plan/chapter4/ros2_lqr/install/stanley_control/bin'
[3.097s] Level 1:colcon.colcon_core.environment:checking '/home/hwl/per_workspace/control_plan/chapter4/ros2_lqr/install/stanley_control/lib/pkgconfig/stanley_control.pc'
[3.097s] Level 1:colcon.colcon_core.environment:checking '/home/hwl/per_workspace/control_plan/chapter4/ros2_lqr/install/stanley_control/lib/python3.8/site-packages'
[3.099s] INFO:colcon.colcon_core.shell:Creating package script '/home/hwl/per_workspace/control_plan/chapter4/ros2_lqr/install/stanley_control/share/stanley_control/package.ps1'
[3.100s] INFO:colcon.colcon_core.shell:Creating package descriptor '/home/hwl/per_workspace/control_plan/chapter4/ros2_lqr/install/stanley_control/share/stanley_control/package.dsv'
[3.101s] INFO:colcon.colcon_core.shell:Creating package script '/home/hwl/per_workspace/control_plan/chapter4/ros2_lqr/install/stanley_control/share/stanley_control/package.sh'
[3.102s] INFO:colcon.colcon_core.shell:Creating package script '/home/hwl/per_workspace/control_plan/chapter4/ros2_lqr/install/stanley_control/share/stanley_control/package.bash'
[3.103s] INFO:colcon.colcon_core.shell:Creating package script '/home/hwl/per_workspace/control_plan/chapter4/ros2_lqr/install/stanley_control/share/stanley_control/package.zsh'
[3.104s] Level 1:colcon.colcon_core.environment:create_file_with_runtime_dependencies(/home/hwl/per_workspace/control_plan/chapter4/ros2_lqr/install/stanley_control/share/colcon-core/packages/stanley_control)
[12.424s] DEBUG:colcon.colcon_core.event_handler.log_command:Invoked command in '/home/hwl/per_workspace/control_plan/chapter4/ros2_lqr/build/lqr_controller' returned '2': AMENT_PREFIX_PATH=/home/hwl/per_workspace/control_plan/chapter4/ros2_lqr/install/lgsvl_msgs:${AMENT_PREFIX_PATH} CMAKE_PREFIX_PATH=/home/hwl/per_workspace/control_plan/chapter4/ros2_lqr/install/lgsvl_msgs:${CMAKE_PREFIX_PATH} LD_LIBRARY_PATH=/home/hwl/per_workspace/control_plan/chapter4/ros2_lqr/install/lgsvl_msgs/lib:${LD_LIBRARY_PATH} PYTHONPATH=/home/hwl/per_workspace/control_plan/chapter4/ros2_lqr/install/lgsvl_msgs/lib/python3.8/site-packages:${PYTHONPATH} /usr/bin/cmake --build /home/hwl/per_workspace/control_plan/chapter4/ros2_lqr/build/lqr_controller -- -j16 -l16
[12.510s] Level 1:colcon.colcon_core.environment:create_environment_scripts_only(lqr_controller)
[12.513s] Level 1:colcon.colcon_core.environment:checking '/home/hwl/per_workspace/control_plan/chapter4/ros2_lqr/install/lqr_controller' for CMake module files
[12.514s] Level 1:colcon.colcon_core.environment:checking '/home/hwl/per_workspace/control_plan/chapter4/ros2_lqr/install/lqr_controller' for CMake config files
[12.515s] Level 1:colcon.colcon_core.shell:create_environment_hook('lqr_controller', 'cmake_prefix_path')
[12.517s] INFO:colcon.colcon_core.shell:Creating environment hook '/home/hwl/per_workspace/control_plan/chapter4/ros2_lqr/install/lqr_controller/share/lqr_controller/hook/cmake_prefix_path.ps1'
[12.519s] INFO:colcon.colcon_core.shell:Creating environment descriptor '/home/hwl/per_workspace/control_plan/chapter4/ros2_lqr/install/lqr_controller/share/lqr_controller/hook/cmake_prefix_path.dsv'
[12.520s] INFO:colcon.colcon_core.shell:Creating environment hook '/home/hwl/per_workspace/control_plan/chapter4/ros2_lqr/install/lqr_controller/share/lqr_controller/hook/cmake_prefix_path.sh'
[12.522s] Level 1:colcon.colcon_core.environment:checking '/home/hwl/per_workspace/control_plan/chapter4/ros2_lqr/install/lqr_controller/lib'
[12.522s] Level 1:colcon.colcon_core.environment:checking '/home/hwl/per_workspace/control_plan/chapter4/ros2_lqr/install/lqr_controller/bin'
[12.522s] Level 1:colcon.colcon_core.environment:checking '/home/hwl/per_workspace/control_plan/chapter4/ros2_lqr/install/lqr_controller/lib/pkgconfig/lqr_controller.pc'
[12.523s] Level 1:colcon.colcon_core.environment:checking '/home/hwl/per_workspace/control_plan/chapter4/ros2_lqr/install/lqr_controller/lib/python3.8/site-packages'
[12.524s] INFO:colcon.colcon_core.shell:Creating package script '/home/hwl/per_workspace/control_plan/chapter4/ros2_lqr/install/lqr_controller/share/lqr_controller/package.ps1'
[12.525s] INFO:colcon.colcon_core.shell:Creating package descriptor '/home/hwl/per_workspace/control_plan/chapter4/ros2_lqr/install/lqr_controller/share/lqr_controller/package.dsv'
[12.526s] INFO:colcon.colcon_core.shell:Creating package script '/home/hwl/per_workspace/control_plan/chapter4/ros2_lqr/install/lqr_controller/share/lqr_controller/package.sh'
[12.527s] INFO:colcon.colcon_core.shell:Creating package script '/home/hwl/per_workspace/control_plan/chapter4/ros2_lqr/install/lqr_controller/share/lqr_controller/package.bash'
[12.528s] INFO:colcon.colcon_core.shell:Creating package script '/home/hwl/per_workspace/control_plan/chapter4/ros2_lqr/install/lqr_controller/share/lqr_controller/package.zsh'
[12.528s] Level 1:colcon.colcon_core.environment:create_file_with_runtime_dependencies(/home/hwl/per_workspace/control_plan/chapter4/ros2_lqr/install/lqr_controller/share/colcon-core/packages/lqr_controller)
[12.539s] DEBUG:colcon.colcon_parallel_executor.executor.parallel:closing loop
[12.540s] DEBUG:colcon.colcon_parallel_executor.executor.parallel:loop closed
[12.540s] DEBUG:colcon.colcon_parallel_executor.executor.parallel:run_until_complete finished with '2'
[12.540s] DEBUG:colcon.colcon_core.event_reactor:joining thread
[12.562s] INFO:colcon.colcon_core.plugin_system:Skipping extension 'colcon_notification.desktop_notification.notify_send': Could not find 'notify-send'
[12.562s] INFO:colcon.colcon_core.plugin_system:Skipping extension 'colcon_notification.desktop_notification.terminal_notifier': Not used on non-Darwin systems
[12.562s] INFO:colcon.colcon_core.plugin_system:Skipping extension 'colcon_notification.desktop_notification.win32': Not used on non-Windows systems
[12.562s] INFO:colcon.colcon_notification.desktop_notification:Sending desktop notification using 'notify2'
[12.577s] DEBUG:colcon.colcon_notification.desktop_notification.notify2:Failed to initialize notify2: org.freedesktop.DBus.Error.ServiceUnknown: The name org.freedesktop.Notifications was not provided by any .service files
[12.578s] DEBUG:colcon.colcon_core.event_reactor:joined thread
[12.581s] INFO:colcon.colcon_core.shell:Creating prefix script '/home/hwl/per_workspace/control_plan/chapter4/ros2_lqr/install/local_setup.ps1'
[12.585s] INFO:colcon.colcon_core.shell:Creating prefix util module '/home/hwl/per_workspace/control_plan/chapter4/ros2_lqr/install/_local_setup_util_ps1.py'
[12.589s] INFO:colcon.colcon_core.shell:Creating prefix chain script '/home/hwl/per_workspace/control_plan/chapter4/ros2_lqr/install/setup.ps1'
[12.593s] INFO:colcon.colcon_core.shell:Creating prefix script '/home/hwl/per_workspace/control_plan/chapter4/ros2_lqr/install/local_setup.sh'
[12.594s] INFO:colcon.colcon_core.shell:Creating prefix util module '/home/hwl/per_workspace/control_plan/chapter4/ros2_lqr/install/_local_setup_util_sh.py'
[12.595s] INFO:colcon.colcon_core.shell:Creating prefix chain script '/home/hwl/per_workspace/control_plan/chapter4/ros2_lqr/install/setup.sh'
[12.597s] INFO:colcon.colcon_core.shell:Creating prefix script '/home/hwl/per_workspace/control_plan/chapter4/ros2_lqr/install/local_setup.bash'
[12.598s] INFO:colcon.colcon_core.shell:Creating prefix chain script '/home/hwl/per_workspace/control_plan/chapter4/ros2_lqr/install/setup.bash'
[12.600s] INFO:colcon.colcon_core.shell:Creating prefix script '/home/hwl/per_workspace/control_plan/chapter4/ros2_lqr/install/local_setup.zsh'
[12.601s] INFO:colcon.colcon_core.shell:Creating prefix chain script '/home/hwl/per_workspace/control_plan/chapter4/ros2_lqr/install/setup.zsh'
