[0.052s] Invoking command in '/home/hwl/per_workspace/control_plan/chapter4/ros2_lqr/build/stanley_control': AMENT_PREFIX_PATH=/home/hwl/per_workspace/control_plan/chapter4/ros2_lqr/install/lgsvl_msgs:${AMENT_PREFIX_PATH} CMAKE_PREFIX_PATH=/home/hwl/per_workspace/control_plan/chapter4/ros2_lqr/install/lgsvl_msgs:${CMAKE_PREFIX_PATH} LD_LIBRARY_PATH=/home/hwl/per_workspace/control_plan/chapter4/ros2_lqr/install/lgsvl_msgs/lib:${LD_LIBRARY_PATH} PYTHONPATH=/home/hwl/per_workspace/control_plan/chapter4/ros2_lqr/install/lgsvl_msgs/lib/python3.8/site-packages:${PYTHONPATH} /usr/bin/cmake --build /home/hwl/per_workspace/control_plan/chapter4/ros2_lqr/build/stanley_control -- -j16 -l16
[0.224s] [100%] Built target stanley_control
[0.252s] Invoked command in '/home/hwl/per_workspace/control_plan/chapter4/ros2_lqr/build/stanley_control' returned '0': AMENT_PREFIX_PATH=/home/hwl/per_workspace/control_plan/chapter4/ros2_lqr/install/lgsvl_msgs:${AMENT_PREFIX_PATH} CMAKE_PREFIX_PATH=/home/hwl/per_workspace/control_plan/chapter4/ros2_lqr/install/lgsvl_msgs:${CMAKE_PREFIX_PATH} LD_LIBRARY_PATH=/home/hwl/per_workspace/control_plan/chapter4/ros2_lqr/install/lgsvl_msgs/lib:${LD_LIBRARY_PATH} PYTHONPATH=/home/hwl/per_workspace/control_plan/chapter4/ros2_lqr/install/lgsvl_msgs/lib/python3.8/site-packages:${PYTHONPATH} /usr/bin/cmake --build /home/hwl/per_workspace/control_plan/chapter4/ros2_lqr/build/stanley_control -- -j16 -l16
[0.332s] Invoking command in '/home/hwl/per_workspace/control_plan/chapter4/ros2_lqr/build/stanley_control': AMENT_PREFIX_PATH=/home/hwl/per_workspace/control_plan/chapter4/ros2_lqr/install/lgsvl_msgs:${AMENT_PREFIX_PATH} CMAKE_PREFIX_PATH=/home/hwl/per_workspace/control_plan/chapter4/ros2_lqr/install/lgsvl_msgs:${CMAKE_PREFIX_PATH} LD_LIBRARY_PATH=/home/hwl/per_workspace/control_plan/chapter4/ros2_lqr/install/lgsvl_msgs/lib:${LD_LIBRARY_PATH} PYTHONPATH=/home/hwl/per_workspace/control_plan/chapter4/ros2_lqr/install/lgsvl_msgs/lib/python3.8/site-packages:${PYTHONPATH} /usr/bin/cmake --install /home/hwl/per_workspace/control_plan/chapter4/ros2_lqr/build/stanley_control
[0.353s] -- Install configuration: ""
[0.354s] -- Up-to-date: /home/hwl/per_workspace/control_plan/chapter4/ros2_lqr/install/stanley_control/lib/stanley_control/stanley_control
[0.354s] -- Up-to-date: /home/hwl/per_workspace/control_plan/chapter4/ros2_lqr/install/stanley_control/share/ament_index/resource_index/package_run_dependencies/stanley_control
[0.355s] -- Up-to-date: /home/hwl/per_workspace/control_plan/chapter4/ros2_lqr/install/stanley_control/share/ament_index/resource_index/parent_prefix_path/stanley_control
[0.355s] -- Up-to-date: /home/hwl/per_workspace/control_plan/chapter4/ros2_lqr/install/stanley_control/share/stanley_control/environment/ament_prefix_path.sh
[0.355s] -- Up-to-date: /home/hwl/per_workspace/control_plan/chapter4/ros2_lqr/install/stanley_control/share/stanley_control/environment/ament_prefix_path.dsv
[0.355s] -- Up-to-date: /home/hwl/per_workspace/control_plan/chapter4/ros2_lqr/install/stanley_control/share/stanley_control/environment/path.sh
[0.356s] -- Up-to-date: /home/hwl/per_workspace/control_plan/chapter4/ros2_lqr/install/stanley_control/share/stanley_control/environment/path.dsv
[0.356s] -- Up-to-date: /home/hwl/per_workspace/control_plan/chapter4/ros2_lqr/install/stanley_control/share/stanley_control/local_setup.bash
[0.356s] -- Up-to-date: /home/hwl/per_workspace/control_plan/chapter4/ros2_lqr/install/stanley_control/share/stanley_control/local_setup.sh
[0.357s] -- Up-to-date: /home/hwl/per_workspace/control_plan/chapter4/ros2_lqr/install/stanley_control/share/stanley_control/local_setup.zsh
[0.357s] -- Up-to-date: /home/hwl/per_workspace/control_plan/chapter4/ros2_lqr/install/stanley_control/share/stanley_control/local_setup.dsv
[0.358s] -- Installing: /home/hwl/per_workspace/control_plan/chapter4/ros2_lqr/install/stanley_control/share/stanley_control/package.dsv
[0.361s] -- Up-to-date: /home/hwl/per_workspace/control_plan/chapter4/ros2_lqr/install/stanley_control/share/ament_index/resource_index/packages/stanley_control
[0.362s] -- Up-to-date: /home/hwl/per_workspace/control_plan/chapter4/ros2_lqr/install/stanley_control/share/stanley_control/cmake/stanley_controlConfig.cmake
[0.362s] -- Up-to-date: /home/hwl/per_workspace/control_plan/chapter4/ros2_lqr/install/stanley_control/share/stanley_control/cmake/stanley_controlConfig-version.cmake
[0.363s] -- Up-to-date: /home/hwl/per_workspace/control_plan/chapter4/ros2_lqr/install/stanley_control/share/stanley_control/package.xml
[0.363s] Invoked command in '/home/hwl/per_workspace/control_plan/chapter4/ros2_lqr/build/stanley_control' returned '0': AMENT_PREFIX_PATH=/home/hwl/per_workspace/control_plan/chapter4/ros2_lqr/install/lgsvl_msgs:${AMENT_PREFIX_PATH} CMAKE_PREFIX_PATH=/home/hwl/per_workspace/control_plan/chapter4/ros2_lqr/install/lgsvl_msgs:${CMAKE_PREFIX_PATH} LD_LIBRARY_PATH=/home/hwl/per_workspace/control_plan/chapter4/ros2_lqr/install/lgsvl_msgs/lib:${LD_LIBRARY_PATH} PYTHONPATH=/home/hwl/per_workspace/control_plan/chapter4/ros2_lqr/install/lgsvl_msgs/lib/python3.8/site-packages:${PYTHONPATH} /usr/bin/cmake --install /home/hwl/per_workspace/control_plan/chapter4/ros2_lqr/build/stanley_control
