[0.052s] Invoking command in '/home/hwl/per_workspace/control_plan/chapter4/ros2_lqr/lqr_galactic_wtih_todo_ws/build/stanley_control': AMENT_PREFIX_PATH=/home/hwl/per_workspace/control_plan/chapter4/ros2_lqr/lqr_galactic_wtih_todo_ws/install/lgsvl_msgs:${AMENT_PREFIX_PATH} CMAKE_PREFIX_PATH=/home/hwl/per_workspace/control_plan/chapter4/ros2_lqr/lqr_galactic_wtih_todo_ws/install/lgsvl_msgs:${CMAKE_PREFIX_PATH} LD_LIBRARY_PATH=/home/hwl/per_workspace/control_plan/chapter4/ros2_lqr/lqr_galactic_wtih_todo_ws/install/lgsvl_msgs/lib:${LD_LIBRARY_PATH} PYTHONPATH=/home/hwl/per_workspace/control_plan/chapter4/ros2_lqr/lqr_galactic_wtih_todo_ws/install/lgsvl_msgs/lib/python3.8/site-packages:${PYTHONPATH} /usr/bin/cmake /home/hwl/per_workspace/control_plan/chapter4/ros2_lqr/lqr_galactic_wtih_todo_ws/src/stanley_control -DCMAKE_INSTALL_PREFIX=/home/hwl/per_workspace/control_plan/chapter4/ros2_lqr/lqr_galactic_wtih_todo_ws/install/stanley_control
[0.163s] -- The C compiler identification is GNU 9.4.0
[0.254s] -- The CXX compiler identification is GNU 9.4.0
[0.267s] -- Check for working C compiler: /usr/bin/cc
[0.433s] -- Check for working C compiler: /usr/bin/cc -- works
[0.437s] -- Detecting C compiler ABI info
[0.578s] -- Detecting C compiler ABI info - done
[0.592s] -- Detecting C compile features
[0.593s] -- Detecting C compile features - done
[0.596s] -- Check for working CXX compiler: /usr/bin/c++
[0.769s] -- Check for working CXX compiler: /usr/bin/c++ -- works
[0.773s] -- Detecting CXX compiler ABI info
[0.931s] -- Detecting CXX compiler ABI info - done
[0.960s] -- Detecting CXX compile features
[0.961s] -- Detecting CXX compile features - done
[0.965s] -- Found ament_cmake: 1.5.1 (/opt/ros/rolling/share/ament_cmake/cmake)
[1.171s] -- Found Python3: /usr/bin/python3.8 (found version "3.8.10") found components: Interpreter 
[1.314s] -- Found std_msgs: 4.6.0 (/opt/ros/rolling/share/std_msgs/cmake)
[1.372s] -- Found rosidl_generator_c: 3.3.0 (/opt/ros/rolling/share/rosidl_generator_c/cmake)
[1.388s] -- Found rosidl_generator_cpp: 3.3.0 (/opt/ros/rolling/share/rosidl_generator_cpp/cmake)
[1.411s] -- Using all available rosidl_typesupport_c: rosidl_typesupport_fastrtps_c;rosidl_typesupport_introspection_c
[1.445s] -- Using all available rosidl_typesupport_cpp: rosidl_typesupport_fastrtps_cpp;rosidl_typesupport_introspection_cpp
[1.547s] -- Found nav_msgs: 4.6.0 (/opt/ros/rolling/share/nav_msgs/cmake)
[1.746s] -- Found visualization_msgs: 4.6.0 (/opt/ros/rolling/share/visualization_msgs/cmake)
[2.128s] -- Found rclcpp: 17.1.0 (/opt/ros/rolling/share/rclcpp/cmake)
[2.249s] -- Found rmw_implementation_cmake: 6.3.1 (/opt/ros/rolling/share/rmw_implementation_cmake/cmake)
[2.253s] -- Found rmw_cyclonedds_cpp: 1.4.1 (/opt/ros/rolling/share/rmw_cyclonedds_cpp/cmake)
[2.318s] -- Using RMW implementation 'rmw_cyclonedds_cpp' as default
[2.332s] -- Looking for pthread.h
[2.481s] -- Looking for pthread.h - found
[2.481s] -- Performing Test CMAKE_HAVE_LIBC_PTHREAD
[2.625s] -- Performing Test CMAKE_HAVE_LIBC_PTHREAD - Failed
[2.625s] -- Looking for pthread_create in pthreads
[2.728s] -- Looking for pthread_create in pthreads - not found
[2.729s] -- Looking for pthread_create in pthread
[2.864s] -- Looking for pthread_create in pthread - found
[2.866s] -- Found Threads: TRUE  
[3.235s] -- Found tf2: 0.27.0 (/opt/ros/rolling/share/tf2/cmake)
[3.264s] -- Found tf2_ros: 0.27.0 (/opt/ros/rolling/share/tf2_ros/cmake)
[3.944s] -- Found tf2_geometry_msgs: 0.27.0 (/opt/ros/rolling/share/tf2_geometry_msgs/cmake)
[3.956s] -- Found eigen3_cmake_module: 0.2.1 (/opt/ros/rolling/share/eigen3_cmake_module/cmake)
[3.958s] -- Found Eigen3: TRUE (found version "3.3.7") 
[3.958s] -- Ensuring Eigen3 include directory is part of orocos-kdl CMake target
[3.974s] -- Found lgsvl_msgs: 0.0.4 (/home/hwl/per_workspace/control_plan/chapter4/ros2_lqr/lqr_galactic_wtih_todo_ws/install/lgsvl_msgs/share/lgsvl_msgs/cmake)
[4.180s] -- Found ament_lint_auto: 0.13.2 (/opt/ros/rolling/share/ament_lint_auto/cmake)
[4.308s] -- Added test 'copyright' to check source files copyright and LICENSE
[4.310s] -- Added test 'cppcheck' to perform static code analysis on C / C++ code
[4.311s] -- Configured cppcheck include dirs: $<BUILD_INTERFACE:/home/hwl/per_workspace/control_plan/chapter4/ros2_lqr/lqr_galactic_wtih_todo_ws/src/stanley_control/include>
[4.311s] -- Configured cppcheck exclude dirs and/or files: 
[4.313s] -- Added test 'cpplint' to check C / C++ code against the Google style
[4.313s] -- Configured cpplint exclude dirs and/or files: 
[4.314s] -- Added test 'lint_cmake' to check CMake code style
[4.316s] -- Added test 'uncrustify' to check C / C++ code style
[4.316s] -- Configured uncrustify additional arguments: 
[4.317s] -- Added test 'xmllint' to check XML markup files
[4.322s] -- Configuring done
[4.346s] -- Generating done
[4.348s] -- Build files have been written to: /home/hwl/per_workspace/control_plan/chapter4/ros2_lqr/lqr_galactic_wtih_todo_ws/build/stanley_control
[4.361s] Invoked command in '/home/hwl/per_workspace/control_plan/chapter4/ros2_lqr/lqr_galactic_wtih_todo_ws/build/stanley_control' returned '0': AMENT_PREFIX_PATH=/home/hwl/per_workspace/control_plan/chapter4/ros2_lqr/lqr_galactic_wtih_todo_ws/install/lgsvl_msgs:${AMENT_PREFIX_PATH} CMAKE_PREFIX_PATH=/home/hwl/per_workspace/control_plan/chapter4/ros2_lqr/lqr_galactic_wtih_todo_ws/install/lgsvl_msgs:${CMAKE_PREFIX_PATH} LD_LIBRARY_PATH=/home/hwl/per_workspace/control_plan/chapter4/ros2_lqr/lqr_galactic_wtih_todo_ws/install/lgsvl_msgs/lib:${LD_LIBRARY_PATH} PYTHONPATH=/home/hwl/per_workspace/control_plan/chapter4/ros2_lqr/lqr_galactic_wtih_todo_ws/install/lgsvl_msgs/lib/python3.8/site-packages:${PYTHONPATH} /usr/bin/cmake /home/hwl/per_workspace/control_plan/chapter4/ros2_lqr/lqr_galactic_wtih_todo_ws/src/stanley_control -DCMAKE_INSTALL_PREFIX=/home/hwl/per_workspace/control_plan/chapter4/ros2_lqr/lqr_galactic_wtih_todo_ws/install/stanley_control
[4.366s] Invoking command in '/home/hwl/per_workspace/control_plan/chapter4/ros2_lqr/lqr_galactic_wtih_todo_ws/build/stanley_control': AMENT_PREFIX_PATH=/home/hwl/per_workspace/control_plan/chapter4/ros2_lqr/lqr_galactic_wtih_todo_ws/install/lgsvl_msgs:${AMENT_PREFIX_PATH} CMAKE_PREFIX_PATH=/home/hwl/per_workspace/control_plan/chapter4/ros2_lqr/lqr_galactic_wtih_todo_ws/install/lgsvl_msgs:${CMAKE_PREFIX_PATH} LD_LIBRARY_PATH=/home/hwl/per_workspace/control_plan/chapter4/ros2_lqr/lqr_galactic_wtih_todo_ws/install/lgsvl_msgs/lib:${LD_LIBRARY_PATH} PYTHONPATH=/home/hwl/per_workspace/control_plan/chapter4/ros2_lqr/lqr_galactic_wtih_todo_ws/install/lgsvl_msgs/lib/python3.8/site-packages:${PYTHONPATH} /usr/bin/cmake --build /home/hwl/per_workspace/control_plan/chapter4/ros2_lqr/lqr_galactic_wtih_todo_ws/build/stanley_control -- -j16 -l16
[4.438s] [35m[1mScanning dependencies of target stanley_control[0m
[4.724s] [ 60%] [32mBuilding CXX object CMakeFiles/stanley_control.dir/src/pid_controller.cpp.o[0m
[4.724s] [ 60%] [32mBuilding CXX object CMakeFiles/stanley_control.dir/src/reference_line.cpp.o[0m
[4.724s] [ 60%] [32mBuilding CXX object CMakeFiles/stanley_control.dir/src/lat_lon_coupled_controller.cpp.o[0m
[4.727s] [ 80%] [32mBuilding CXX object CMakeFiles/stanley_control.dir/src/stanley_controller.cpp.o[0m
[5.654s] In file included from [01m[K/home/hwl/per_workspace/control_plan/chapter4/ros2_lqr/lqr_galactic_wtih_todo_ws/src/stanley_control/include/stanely_control/common.h:19[m[K,
[5.655s]                  from [01m[K/home/hwl/per_workspace/control_plan/chapter4/ros2_lqr/lqr_galactic_wtih_todo_ws/src/stanley_control/include/stanely_control/lat_lon_coupled_controller.h:4[m[K,
[5.655s]                  from [01m[K/home/hwl/per_workspace/control_plan/chapter4/ros2_lqr/lqr_galactic_wtih_todo_ws/src/stanley_control/src/lat_lon_coupled_controller.cpp:1[m[K:
[5.655s] [01m[K/opt/ros/rolling/include/tf2_geometry_msgs/tf2_geometry_msgs/tf2_geometry_msgs.h:35:2:[m[K [01;35m[Kwarning: [m[K#warning This header is obsolete, please include tf2_geometry_msgs/tf2_geometry_msgs.hpp instead [[01;35m[K-Wcpp[m[K]
[5.655s]    35 | #[01;35m[Kwarning[m[K This header is obsolete, please include tf2_geometry_msgs/tf2_geometry_msgs.hpp instead
[5.655s]       |  [01;35m[K^~~~~~~[m[K
[5.699s] In file included from [01m[K/home/hwl/per_workspace/control_plan/chapter4/ros2_lqr/lqr_galactic_wtih_todo_ws/src/stanley_control/include/stanely_control/common.h:19[m[K,
[5.700s]                  from [01m[K/home/hwl/per_workspace/control_plan/chapter4/ros2_lqr/lqr_galactic_wtih_todo_ws/src/stanley_control/include/stanely_control/stanely_controller.h:10[m[K,
[5.700s]                  from [01m[K/home/hwl/per_workspace/control_plan/chapter4/ros2_lqr/lqr_galactic_wtih_todo_ws/src/stanley_control/src/stanley_controller.cpp:1[m[K:
[5.700s] [01m[K/opt/ros/rolling/include/tf2_geometry_msgs/tf2_geometry_msgs/tf2_geometry_msgs.h:35:2:[m[K [01;35m[Kwarning: [m[K#warning This header is obsolete, please include tf2_geometry_msgs/tf2_geometry_msgs.hpp instead [[01;35m[K-Wcpp[m[K]
[5.700s]    35 | #[01;35m[Kwarning[m[K This header is obsolete, please include tf2_geometry_msgs/tf2_geometry_msgs.hpp instead
[5.700s]       |  [01;35m[K^~~~~~~[m[K
[18.665s] [100%] [32m[1mLinking CXX executable stanley_control[0m
[19.338s] [100%] Built target stanley_control
[19.365s] Invoked command in '/home/hwl/per_workspace/control_plan/chapter4/ros2_lqr/lqr_galactic_wtih_todo_ws/build/stanley_control' returned '0': AMENT_PREFIX_PATH=/home/hwl/per_workspace/control_plan/chapter4/ros2_lqr/lqr_galactic_wtih_todo_ws/install/lgsvl_msgs:${AMENT_PREFIX_PATH} CMAKE_PREFIX_PATH=/home/hwl/per_workspace/control_plan/chapter4/ros2_lqr/lqr_galactic_wtih_todo_ws/install/lgsvl_msgs:${CMAKE_PREFIX_PATH} LD_LIBRARY_PATH=/home/hwl/per_workspace/control_plan/chapter4/ros2_lqr/lqr_galactic_wtih_todo_ws/install/lgsvl_msgs/lib:${LD_LIBRARY_PATH} PYTHONPATH=/home/hwl/per_workspace/control_plan/chapter4/ros2_lqr/lqr_galactic_wtih_todo_ws/install/lgsvl_msgs/lib/python3.8/site-packages:${PYTHONPATH} /usr/bin/cmake --build /home/hwl/per_workspace/control_plan/chapter4/ros2_lqr/lqr_galactic_wtih_todo_ws/build/stanley_control -- -j16 -l16
[19.450s] Invoking command in '/home/hwl/per_workspace/control_plan/chapter4/ros2_lqr/lqr_galactic_wtih_todo_ws/build/stanley_control': AMENT_PREFIX_PATH=/home/hwl/per_workspace/control_plan/chapter4/ros2_lqr/lqr_galactic_wtih_todo_ws/install/lgsvl_msgs:${AMENT_PREFIX_PATH} CMAKE_PREFIX_PATH=/home/hwl/per_workspace/control_plan/chapter4/ros2_lqr/lqr_galactic_wtih_todo_ws/install/lgsvl_msgs:${CMAKE_PREFIX_PATH} LD_LIBRARY_PATH=/home/hwl/per_workspace/control_plan/chapter4/ros2_lqr/lqr_galactic_wtih_todo_ws/install/lgsvl_msgs/lib:${LD_LIBRARY_PATH} PYTHONPATH=/home/hwl/per_workspace/control_plan/chapter4/ros2_lqr/lqr_galactic_wtih_todo_ws/install/lgsvl_msgs/lib/python3.8/site-packages:${PYTHONPATH} /usr/bin/cmake --install /home/hwl/per_workspace/control_plan/chapter4/ros2_lqr/lqr_galactic_wtih_todo_ws/build/stanley_control
[19.472s] -- Install configuration: ""
[19.472s] -- Installing: /home/hwl/per_workspace/control_plan/chapter4/ros2_lqr/lqr_galactic_wtih_todo_ws/install/stanley_control/lib/stanley_control/stanley_control
[19.477s] -- Set runtime path of "/home/hwl/per_workspace/control_plan/chapter4/ros2_lqr/lqr_galactic_wtih_todo_ws/install/stanley_control/lib/stanley_control/stanley_control" to ""
[19.478s] -- Installing: /home/hwl/per_workspace/control_plan/chapter4/ros2_lqr/lqr_galactic_wtih_todo_ws/install/stanley_control/share/ament_index/resource_index/package_run_dependencies/stanley_control
[19.478s] -- Installing: /home/hwl/per_workspace/control_plan/chapter4/ros2_lqr/lqr_galactic_wtih_todo_ws/install/stanley_control/share/ament_index/resource_index/parent_prefix_path/stanley_control
[19.478s] -- Installing: /home/hwl/per_workspace/control_plan/chapter4/ros2_lqr/lqr_galactic_wtih_todo_ws/install/stanley_control/share/stanley_control/environment/ament_prefix_path.sh
[19.478s] -- Installing: /home/hwl/per_workspace/control_plan/chapter4/ros2_lqr/lqr_galactic_wtih_todo_ws/install/stanley_control/share/stanley_control/environment/ament_prefix_path.dsv
[19.479s] -- Installing: /home/hwl/per_workspace/control_plan/chapter4/ros2_lqr/lqr_galactic_wtih_todo_ws/install/stanley_control/share/stanley_control/environment/path.sh
[19.479s] -- Installing: /home/hwl/per_workspace/control_plan/chapter4/ros2_lqr/lqr_galactic_wtih_todo_ws/install/stanley_control/share/stanley_control/environment/path.dsv
[19.479s] -- Installing: /home/hwl/per_workspace/control_plan/chapter4/ros2_lqr/lqr_galactic_wtih_todo_ws/install/stanley_control/share/stanley_control/local_setup.bash
[19.480s] -- Installing: /home/hwl/per_workspace/control_plan/chapter4/ros2_lqr/lqr_galactic_wtih_todo_ws/install/stanley_control/share/stanley_control/local_setup.sh
[19.480s] -- Installing: /home/hwl/per_workspace/control_plan/chapter4/ros2_lqr/lqr_galactic_wtih_todo_ws/install/stanley_control/share/stanley_control/local_setup.zsh
[19.480s] -- Installing: /home/hwl/per_workspace/control_plan/chapter4/ros2_lqr/lqr_galactic_wtih_todo_ws/install/stanley_control/share/stanley_control/local_setup.dsv
[19.480s] -- Installing: /home/hwl/per_workspace/control_plan/chapter4/ros2_lqr/lqr_galactic_wtih_todo_ws/install/stanley_control/share/stanley_control/package.dsv
[19.480s] -- Installing: /home/hwl/per_workspace/control_plan/chapter4/ros2_lqr/lqr_galactic_wtih_todo_ws/install/stanley_control/share/ament_index/resource_index/packages/stanley_control
[19.481s] -- Installing: /home/hwl/per_workspace/control_plan/chapter4/ros2_lqr/lqr_galactic_wtih_todo_ws/install/stanley_control/share/stanley_control/cmake/stanley_controlConfig.cmake
[19.481s] -- Installing: /home/hwl/per_workspace/control_plan/chapter4/ros2_lqr/lqr_galactic_wtih_todo_ws/install/stanley_control/share/stanley_control/cmake/stanley_controlConfig-version.cmake
[19.481s] -- Installing: /home/hwl/per_workspace/control_plan/chapter4/ros2_lqr/lqr_galactic_wtih_todo_ws/install/stanley_control/share/stanley_control/package.xml
[19.488s] Invoked command in '/home/hwl/per_workspace/control_plan/chapter4/ros2_lqr/lqr_galactic_wtih_todo_ws/build/stanley_control' returned '0': AMENT_PREFIX_PATH=/home/hwl/per_workspace/control_plan/chapter4/ros2_lqr/lqr_galactic_wtih_todo_ws/install/lgsvl_msgs:${AMENT_PREFIX_PATH} CMAKE_PREFIX_PATH=/home/hwl/per_workspace/control_plan/chapter4/ros2_lqr/lqr_galactic_wtih_todo_ws/install/lgsvl_msgs:${CMAKE_PREFIX_PATH} LD_LIBRARY_PATH=/home/hwl/per_workspace/control_plan/chapter4/ros2_lqr/lqr_galactic_wtih_todo_ws/install/lgsvl_msgs/lib:${LD_LIBRARY_PATH} PYTHONPATH=/home/hwl/per_workspace/control_plan/chapter4/ros2_lqr/lqr_galactic_wtih_todo_ws/install/lgsvl_msgs/lib/python3.8/site-packages:${PYTHONPATH} /usr/bin/cmake --install /home/hwl/per_workspace/control_plan/chapter4/ros2_lqr/lqr_galactic_wtih_todo_ws/build/stanley_control
