-- The C compiler identification is GNU 9.4.0
-- The CXX compiler identification is GNU 9.4.0
-- Check for working C compiler: /usr/bin/cc
-- Check for working C compiler: /usr/bin/cc -- works
-- Detecting C compiler ABI info
-- Detecting C compiler ABI info - done
-- Detecting C compile features
-- Detecting C compile features - done
-- Check for working CXX compiler: /usr/bin/c++
-- Check for working CXX compiler: /usr/bin/c++ -- works
-- Detecting CXX compiler ABI info
-- Detecting CXX compiler ABI info - done
-- Detecting CXX compile features
-- Detecting CXX compile features - done
-- Found ament_cmake: 1.5.1 (/opt/ros/rolling/share/ament_cmake/cmake)
-- Found Python3: /usr/bin/python3.8 (found version "3.8.10") found components: Interpreter 
-- Found std_msgs: 4.6.0 (/opt/ros/rolling/share/std_msgs/cmake)
-- Found rosidl_generator_c: 3.3.0 (/opt/ros/rolling/share/rosidl_generator_c/cmake)
-- Found rosidl_generator_cpp: 3.3.0 (/opt/ros/rolling/share/rosidl_generator_cpp/cmake)
-- Using all available rosidl_typesupport_c: rosidl_typesupport_fastrtps_c;rosidl_typesupport_introspection_c
-- Using all available rosidl_typesupport_cpp: rosidl_typesupport_fastrtps_cpp;rosidl_typesupport_introspection_cpp
-- Found nav_msgs: 4.6.0 (/opt/ros/rolling/share/nav_msgs/cmake)
-- Found visualization_msgs: 4.6.0 (/opt/ros/rolling/share/visualization_msgs/cmake)
-- Found rclcpp: 17.1.0 (/opt/ros/rolling/share/rclcpp/cmake)
-- Found rmw_implementation_cmake: 6.3.1 (/opt/ros/rolling/share/rmw_implementation_cmake/cmake)
-- Found rmw_cyclonedds_cpp: 1.4.1 (/opt/ros/rolling/share/rmw_cyclonedds_cpp/cmake)
-- Using RMW implementation 'rmw_cyclonedds_cpp' as default
-- Looking for pthread.h
-- Looking for pthread.h - found
-- Performing Test CMAKE_HAVE_LIBC_PTHREAD
-- Performing Test CMAKE_HAVE_LIBC_PTHREAD - Failed
-- Looking for pthread_create in pthreads
-- Looking for pthread_create in pthreads - not found
-- Looking for pthread_create in pthread
-- Looking for pthread_create in pthread - found
-- Found Threads: TRUE  
-- Found tf2: 0.27.0 (/opt/ros/rolling/share/tf2/cmake)
-- Found tf2_ros: 0.27.0 (/opt/ros/rolling/share/tf2_ros/cmake)
-- Found tf2_geometry_msgs: 0.27.0 (/opt/ros/rolling/share/tf2_geometry_msgs/cmake)
-- Found eigen3_cmake_module: 0.2.1 (/opt/ros/rolling/share/eigen3_cmake_module/cmake)
-- Found Eigen3: TRUE (found version "3.3.7") 
-- Ensuring Eigen3 include directory is part of orocos-kdl CMake target
-- Found lgsvl_msgs: 0.0.4 (/home/hwl/per_workspace/control_plan/chapter4/ros2_lqr/lqr_galactic_wtih_todo_ws/install/lgsvl_msgs/share/lgsvl_msgs/cmake)
-- Found ament_lint_auto: 0.13.2 (/opt/ros/rolling/share/ament_lint_auto/cmake)
-- Added test 'copyright' to check source files copyright and LICENSE
-- Added test 'cppcheck' to perform static code analysis on C / C++ code
-- Configured cppcheck include dirs: $<BUILD_INTERFACE:/home/hwl/per_workspace/control_plan/chapter4/ros2_lqr/lqr_galactic_wtih_todo_ws/src/lqr_controller/include>
-- Configured cppcheck exclude dirs and/or files: 
-- Added test 'cpplint' to check C / C++ code against the Google style
-- Configured cpplint exclude dirs and/or files: 
-- Added test 'flake8' to check Python code syntax and style conventions
-- Added test 'lint_cmake' to check CMake code style
-- Added test 'pep257' to check Python code against some of the docstring style conventions in PEP 257
-- Added test 'uncrustify' to check C / C++ code style
-- Configured uncrustify additional arguments: 
-- Added test 'xmllint' to check XML markup files
-- Configuring done
-- Generating done
-- Build files have been written to: /home/hwl/per_workspace/control_plan/chapter4/ros2_lqr/lqr_galactic_wtih_todo_ws/build/lqr_controller
[35m[1mScanning dependencies of target lqr_lateral_pid_longitudinal[0m
[ 40%] [32mBuilding CXX object CMakeFiles/lqr_lateral_pid_longitudinal.dir/src/reference_line.cpp.o[0m
[ 40%] [32mBuilding CXX object CMakeFiles/lqr_lateral_pid_longitudinal.dir/src/lqr_lateral_pid_longitudinal.cpp.o[0m
[ 60%] [32mBuilding CXX object CMakeFiles/lqr_lateral_pid_longitudinal.dir/src/pid_controller.cpp.o[0m
[ 80%] [32mBuilding CXX object CMakeFiles/lqr_lateral_pid_longitudinal.dir/src/lqr_controller.cpp.o[0m
In file included from [01m[K/home/hwl/per_workspace/control_plan/chapter4/ros2_lqr/lqr_galactic_wtih_todo_ws/src/lqr_controller/include/lqr_controller/common.h:19[m[K,
                 from [01m[K/home/hwl/per_workspace/control_plan/chapter4/ros2_lqr/lqr_galactic_wtih_todo_ws/src/lqr_controller/include/lqr_controller/lqr_controller.h:12[m[K,
                 from [01m[K/home/hwl/per_workspace/control_plan/chapter4/ros2_lqr/lqr_galactic_wtih_todo_ws/src/lqr_controller/src/lqr_controller.cpp:1[m[K:
[01m[K/opt/ros/rolling/include/tf2_geometry_msgs/tf2_geometry_msgs/tf2_geometry_msgs.h:35:2:[m[K [01;35m[Kwarning: [m[K#warning This header is obsolete, please include tf2_geometry_msgs/tf2_geometry_msgs.hpp instead [[01;35m[K-Wcpp[m[K]
   35 | #[01;35m[Kwarning[m[K This header is obsolete, please include tf2_geometry_msgs/tf2_geometry_msgs.hpp instead
      |  [01;35m[K^~~~~~~[m[K
In file included from [01m[K/home/hwl/per_workspace/control_plan/chapter4/ros2_lqr/lqr_galactic_wtih_todo_ws/src/lqr_controller/include/lqr_controller/common.h:19[m[K,
                 from [01m[K/home/hwl/per_workspace/control_plan/chapter4/ros2_lqr/lqr_galactic_wtih_todo_ws/src/lqr_controller/include/lqr_controller/lqr_controller.h:12[m[K,
                 from [01m[K/home/hwl/per_workspace/control_plan/chapter4/ros2_lqr/lqr_galactic_wtih_todo_ws/src/lqr_controller/include/lqr_controller/lqr_lateral_pid_longitudinal.h:12[m[K,
                 from [01m[K/home/hwl/per_workspace/control_plan/chapter4/ros2_lqr/lqr_galactic_wtih_todo_ws/src/lqr_controller/src/lqr_lateral_pid_longitudinal.cpp:1[m[K:
[01m[K/opt/ros/rolling/include/tf2_geometry_msgs/tf2_geometry_msgs/tf2_geometry_msgs.h:35:2:[m[K [01;35m[Kwarning: [m[K#warning This header is obsolete, please include tf2_geometry_msgs/tf2_geometry_msgs.hpp instead [[01;35m[K-Wcpp[m[K]
   35 | #[01;35m[Kwarning[m[K This header is obsolete, please include tf2_geometry_msgs/tf2_geometry_msgs.hpp instead
      |  [01;35m[K^~~~~~~[m[K
[01m[K/home/hwl/per_workspace/control_plan/chapter4/ros2_lqr/lqr_galactic_wtih_todo_ws/src/lqr_controller/src/lqr_controller.cpp:[m[K In member function ‘[01m[Kvoid shenlan::control::LqrController::UpdateMatrix(const VehicleState&)[m[K’:
[01m[K/home/hwl/per_workspace/control_plan/chapter4/ros2_lqr/lqr_galactic_wtih_todo_ws/src/lqr_controller/src/lqr_controller.cpp:192:54:[m[K [01;35m[Kwarning: [m[Kunused parameter ‘[01m[Kvehicle_state[m[K’ [[01;35m[K-Wunused-parameter[m[K]
  192 | void LqrController::UpdateMatrix([01;35m[Kconst VehicleState &vehicle_state[m[K) {}
      |                                  [01;35m[K~~~~~~~~~~~~~~~~~~~~^~~~~~~~~~~~~[m[K
[01m[K/home/hwl/per_workspace/control_plan/chapter4/ros2_lqr/lqr_galactic_wtih_todo_ws/src/lqr_controller/src/lqr_controller.cpp:[m[K In member function ‘[01m[Kdouble shenlan::control::LqrController::ComputeFeedForward(const VehicleState&, double)[m[K’:
[01m[K/home/hwl/per_workspace/control_plan/chapter4/ros2_lqr/lqr_galactic_wtih_todo_ws/src/lqr_controller/src/lqr_controller.cpp:195:105:[m[K [01;35m[Kwarning: [m[Kno return statement in function returning non-void [[01;35m[K-Wreturn-type[m[K]
  195 | double LqrController::ComputeFeedForward(const VehicleState &localization, const double ref_curvature) {[01;35m[K}[m[K
      |                                                                                                         [01;35m[K^[m[K
[01m[K/home/hwl/per_workspace/control_plan/chapter4/ros2_lqr/lqr_galactic_wtih_todo_ws/src/lqr_controller/src/lqr_controller.cpp:195:62:[m[K [01;35m[Kwarning: [m[Kunused parameter ‘[01m[Klocalization[m[K’ [[01;35m[K-Wunused-parameter[m[K]
  195 | double LqrController::ComputeFeedForward([01;35m[Kconst VehicleState &localization[m[K, const double ref_curvature) {}
      |                                          [01;35m[K~~~~~~~~~~~~~~~~~~~~^~~~~~~~~~~~[m[K
[01m[K/home/hwl/per_workspace/control_plan/chapter4/ros2_lqr/lqr_galactic_wtih_todo_ws/src/lqr_controller/src/lqr_controller.cpp:195:89:[m[K [01;35m[Kwarning: [m[Kunused parameter ‘[01m[Kref_curvature[m[K’ [[01;35m[K-Wunused-parameter[m[K]
  195 | double LqrController::ComputeFeedForward(const VehicleState &localization, [01;35m[Kconst double ref_curvature[m[K) {}
      |                                                                            [01;35m[K~~~~~~~~~~~~~^~~~~~~~~~~~~[m[K
[01m[K/home/hwl/per_workspace/control_plan/chapter4/ros2_lqr/lqr_galactic_wtih_todo_ws/src/lqr_controller/src/lqr_controller.cpp:[m[K In member function ‘[01m[Kvoid shenlan::control::LqrController::ComputeLateralErrors(double, double, double, double, double, double, LateralControlErrorPtr&)[m[K’:
[01m[K/home/hwl/per_workspace/control_plan/chapter4/ros2_lqr/lqr_galactic_wtih_todo_ws/src/lqr_controller/src/lqr_controller.cpp:198:55:[m[K [01;35m[Kwarning: [m[Kunused parameter ‘[01m[Kx[m[K’ [[01;35m[K-Wunused-parameter[m[K]
  198 | void LqrController::ComputeLateralErrors([01;35m[Kconst double x[m[K, const double y, const double theta, const double linear_v, const double angular_v, const double linear_a, LateralControlErrorPtr &lat_con_err) {}
      |                                          [01;35m[K~~~~~~~~~~~~~^[m[K
[01m[K/home/hwl/per_workspace/control_plan/chapter4/ros2_lqr/lqr_galactic_wtih_todo_ws/src/lqr_controller/src/lqr_controller.cpp:198:71:[m[K [01;35m[Kwarning: [m[Kunused parameter ‘[01m[Ky[m[K’ [[01;35m[K-Wunused-parameter[m[K]
  198 | void LqrController::ComputeLateralErrors(const double x, [01;35m[Kconst double y[m[K, const double theta, const double linear_v, const double angular_v, const double linear_a, LateralControlErrorPtr &lat_con_err) {}
      |                                                          [01;35m[K~~~~~~~~~~~~~^[m[K
[01m[K/home/hwl/per_workspace/control_plan/chapter4/ros2_lqr/lqr_galactic_wtih_todo_ws/src/lqr_controller/src/lqr_controller.cpp:198:87:[m[K [01;35m[Kwarning: [m[Kunused parameter ‘[01m[Ktheta[m[K’ [[01;35m[K-Wunused-parameter[m[K]
  198 | void LqrController::ComputeLateralErrors(const double x, const double y, [01;35m[Kconst double theta[m[K, const double linear_v, const double angular_v, const double linear_a, LateralControlErrorPtr &lat_con_err) {}
      |                                                                          [01;35m[K~~~~~~~~~~~~~^~~~~[m[K
[01m[K/home/hwl/per_workspace/control_plan/chapter4/ros2_lqr/lqr_galactic_wtih_todo_ws/src/lqr_controller/src/lqr_controller.cpp:198:107:[m[K [01;35m[Kwarning: [m[Kunused parameter ‘[01m[Klinear_v[m[K’ [[01;35m[K-Wunused-parameter[m[K]
  198 | void LqrController::ComputeLateralErrors(const double x, const double y, const double theta, [01;35m[Kconst double linear_v[m[K, const double angular_v, const double linear_a, LateralControlErrorPtr &lat_con_err) {}
      |                                                                                              [01;35m[K~~~~~~~~~~~~~^~~~~~~~[m[K
[01m[K/home/hwl/per_workspace/control_plan/chapter4/ros2_lqr/lqr_galactic_wtih_todo_ws/src/lqr_controller/src/lqr_controller.cpp:198:130:[m[K [01;35m[Kwarning: [m[Kunused parameter ‘[01m[Kangular_v[m[K’ [[01;35m[K-Wunused-parameter[m[K]
  198 | void LqrController::ComputeLateralErrors(const double x, const double y, const double theta, const double linear_v, [01;35m[Kconst double angular_v[m[K, const double linear_a, LateralControlErrorPtr &lat_con_err) {}
      |                                                                                                                     [01;35m[K~~~~~~~~~~~~~^~~~~~~~~[m[K
[01m[K/home/hwl/per_workspace/control_plan/chapter4/ros2_lqr/lqr_galactic_wtih_todo_ws/src/lqr_controller/src/lqr_controller.cpp:198:154:[m[K [01;35m[Kwarning: [m[Kunused parameter ‘[01m[Klinear_a[m[K’ [[01;35m[K-Wunused-parameter[m[K]
  198 | void LqrController::ComputeLateralErrors(const double x, const double y, const double theta, const double linear_v, const double angular_v, [01;35m[Kconst double linear_a[m[K, LateralControlErrorPtr &lat_con_err) {}
      |                                                                                                                                             [01;35m[K~~~~~~~~~~~~~^~~~~~~~[m[K
[01m[K/home/hwl/per_workspace/control_plan/chapter4/ros2_lqr/lqr_galactic_wtih_todo_ws/src/lqr_controller/src/lqr_controller.cpp:198:188:[m[K [01;35m[Kwarning: [m[Kunused parameter ‘[01m[Klat_con_err[m[K’ [[01;35m[K-Wunused-parameter[m[K]
  198 | void LqrController::ComputeLateralErrors(const double x, const double y, const double theta, const double linear_v, const double angular_v, const double linear_a, [01;35m[KLateralControlErrorPtr &lat_con_err[m[K) {}
      |                                                                                                                                                                    [01;35m[K~~~~~~~~~~~~~~~~~~~~~~~~^~~~~~~~~~~[m[K
[01m[K/home/hwl/per_workspace/control_plan/chapter4/ros2_lqr/lqr_galactic_wtih_todo_ws/src/lqr_controller/src/lqr_controller.cpp:[m[K In member function ‘[01m[Kvoid shenlan::control::LqrController::SolveLQRProblem(const Matrix&, const Matrix&, const Matrix&, const Matrix&, double, uint, shenlan::control::Matrix*)[m[K’:
[01m[K/home/hwl/per_workspace/control_plan/chapter4/ros2_lqr/lqr_galactic_wtih_todo_ws/src/lqr_controller/src/lqr_controller.cpp:223:118:[m[K [01;35m[Kwarning: [m[Kunused parameter ‘[01m[Ktolerance[m[K’ [[01;35m[K-Wunused-parameter[m[K]
  223 | void LqrController::SolveLQRProblem(const Matrix &A, const Matrix &B, const Matrix &Q, const Matrix &R, [01;35m[Kconst double tolerance[m[K, const uint max_num_iteration, Matrix *ptr_K) {
      |                                                                                                         [01;35m[K~~~~~~~~~~~~~^~~~~~~~~[m[K
[01m[K/home/hwl/per_workspace/control_plan/chapter4/ros2_lqr/lqr_galactic_wtih_todo_ws/src/lqr_controller/src/lqr_controller.cpp:223:140:[m[K [01;35m[Kwarning: [m[Kunused parameter ‘[01m[Kmax_num_iteration[m[K’ [[01;35m[K-Wunused-parameter[m[K]
  223 | void LqrController::SolveLQRProblem(const Matrix &A, const Matrix &B, const Matrix &Q, const Matrix &R, const double tolerance, [01;35m[Kconst uint max_num_iteration[m[K, Matrix *ptr_K) {
      |                                                                                                                                 [01;35m[K~~~~~~~~~~~^~~~~~~~~~~~~~~~~[m[K
[01m[K/home/hwl/per_workspace/control_plan/chapter4/ros2_lqr/lqr_galactic_wtih_todo_ws/src/lqr_controller/src/lqr_controller.cpp:223:167:[m[K [01;35m[Kwarning: [m[Kunused parameter ‘[01m[Kptr_K[m[K’ [[01;35m[K-Wunused-parameter[m[K]
  223 | void LqrController::SolveLQRProblem(const Matrix &A, const Matrix &B, const Matrix &Q, const Matrix &R, const double tolerance, const uint max_num_iteration, [01;35m[KMatrix *ptr_K[m[K) {
      |                                                                                                                                                               [01;35m[K~~~~~~~~^~~~~[m[K
[100%] [32m[1mLinking CXX executable lqr_lateral_pid_longitudinal[0m
[100%] Built target lqr_lateral_pid_longitudinal
-- Install configuration: ""
-- Installing: /home/hwl/per_workspace/control_plan/chapter4/ros2_lqr/lqr_galactic_wtih_todo_ws/install/lqr_controller/lib/lqr_controller/lqr_lateral_pid_longitudinal
-- Set runtime path of "/home/hwl/per_workspace/control_plan/chapter4/ros2_lqr/lqr_galactic_wtih_todo_ws/install/lqr_controller/lib/lqr_controller/lqr_lateral_pid_longitudinal" to ""
-- Installing: /home/hwl/per_workspace/control_plan/chapter4/ros2_lqr/lqr_galactic_wtih_todo_ws/install/lqr_controller/share/lqr_controller//launch
-- Installing: /home/hwl/per_workspace/control_plan/chapter4/ros2_lqr/lqr_galactic_wtih_todo_ws/install/lqr_controller/share/lqr_controller//launch/lqr_launch.py
-- Installing: /home/hwl/per_workspace/control_plan/chapter4/ros2_lqr/lqr_galactic_wtih_todo_ws/install/lqr_controller/share/lqr_controller//config
-- Installing: /home/hwl/per_workspace/control_plan/chapter4/ros2_lqr/lqr_galactic_wtih_todo_ws/install/lqr_controller/share/lqr_controller//config/lqr_parameters_configuration.yaml
-- Installing: /home/hwl/per_workspace/control_plan/chapter4/ros2_lqr/lqr_galactic_wtih_todo_ws/install/lqr_controller/share/lqr_controller//rviz
-- Installing: /home/hwl/per_workspace/control_plan/chapter4/ros2_lqr/lqr_galactic_wtih_todo_ws/install/lqr_controller/share/lqr_controller//rviz/lqr_vis.rviz
-- Installing: /home/hwl/per_workspace/control_plan/chapter4/ros2_lqr/lqr_galactic_wtih_todo_ws/install/lqr_controller/share/ament_index/resource_index/package_run_dependencies/lqr_controller
-- Installing: /home/hwl/per_workspace/control_plan/chapter4/ros2_lqr/lqr_galactic_wtih_todo_ws/install/lqr_controller/share/ament_index/resource_index/parent_prefix_path/lqr_controller
-- Installing: /home/hwl/per_workspace/control_plan/chapter4/ros2_lqr/lqr_galactic_wtih_todo_ws/install/lqr_controller/share/lqr_controller/environment/ament_prefix_path.sh
-- Installing: /home/hwl/per_workspace/control_plan/chapter4/ros2_lqr/lqr_galactic_wtih_todo_ws/install/lqr_controller/share/lqr_controller/environment/ament_prefix_path.dsv
-- Installing: /home/hwl/per_workspace/control_plan/chapter4/ros2_lqr/lqr_galactic_wtih_todo_ws/install/lqr_controller/share/lqr_controller/environment/path.sh
-- Installing: /home/hwl/per_workspace/control_plan/chapter4/ros2_lqr/lqr_galactic_wtih_todo_ws/install/lqr_controller/share/lqr_controller/environment/path.dsv
-- Installing: /home/hwl/per_workspace/control_plan/chapter4/ros2_lqr/lqr_galactic_wtih_todo_ws/install/lqr_controller/share/lqr_controller/local_setup.bash
-- Installing: /home/hwl/per_workspace/control_plan/chapter4/ros2_lqr/lqr_galactic_wtih_todo_ws/install/lqr_controller/share/lqr_controller/local_setup.sh
-- Installing: /home/hwl/per_workspace/control_plan/chapter4/ros2_lqr/lqr_galactic_wtih_todo_ws/install/lqr_controller/share/lqr_controller/local_setup.zsh
-- Installing: /home/hwl/per_workspace/control_plan/chapter4/ros2_lqr/lqr_galactic_wtih_todo_ws/install/lqr_controller/share/lqr_controller/local_setup.dsv
-- Installing: /home/hwl/per_workspace/control_plan/chapter4/ros2_lqr/lqr_galactic_wtih_todo_ws/install/lqr_controller/share/lqr_controller/package.dsv
-- Installing: /home/hwl/per_workspace/control_plan/chapter4/ros2_lqr/lqr_galactic_wtih_todo_ws/install/lqr_controller/share/ament_index/resource_index/packages/lqr_controller
-- Installing: /home/hwl/per_workspace/control_plan/chapter4/ros2_lqr/lqr_galactic_wtih_todo_ws/install/lqr_controller/share/lqr_controller/cmake/lqr_controllerConfig.cmake
-- Installing: /home/hwl/per_workspace/control_plan/chapter4/ros2_lqr/lqr_galactic_wtih_todo_ws/install/lqr_controller/share/lqr_controller/cmake/lqr_controllerConfig-version.cmake
-- Installing: /home/hwl/per_workspace/control_plan/chapter4/ros2_lqr/lqr_galactic_wtih_todo_ws/install/lqr_controller/share/lqr_controller/package.xml
