[0.061s] Invoking command in '/home/hwl/per_workspace/control_plan/chapter4/ros2_lqr/lqr_galactic_wtih_todo_ws/build/lqr_controller': AMENT_PREFIX_PATH=/home/hwl/per_workspace/control_plan/chapter4/ros2_lqr/lqr_galactic_wtih_todo_ws/install/lgsvl_msgs:${AMENT_PREFIX_PATH} CMAKE_PREFIX_PATH=/home/hwl/per_workspace/control_plan/chapter4/ros2_lqr/lqr_galactic_wtih_todo_ws/install/lgsvl_msgs:${CMAKE_PREFIX_PATH} LD_LIBRARY_PATH=/home/hwl/per_workspace/control_plan/chapter4/ros2_lqr/lqr_galactic_wtih_todo_ws/install/lgsvl_msgs/lib:${LD_LIBRARY_PATH} PYTHONPATH=/home/hwl/per_workspace/control_plan/chapter4/ros2_lqr/lqr_galactic_wtih_todo_ws/install/lgsvl_msgs/lib/python3.8/site-packages:${PYTHONPATH} /usr/bin/cmake /home/hwl/per_workspace/control_plan/chapter4/ros2_lqr/lqr_galactic_wtih_todo_ws/src/lqr_controller -DCMAKE_INSTALL_PREFIX=/home/hwl/per_workspace/control_plan/chapter4/ros2_lqr/lqr_galactic_wtih_todo_ws/install/lqr_controller
[0.168s] -- The C compiler identification is GNU 9.4.0
[0.266s] -- The CXX compiler identification is GNU 9.4.0
[0.275s] -- Check for working C compiler: /usr/bin/cc
[0.404s] -- Check for working C compiler: /usr/bin/cc -- works
[0.407s] -- Detecting C compiler ABI info
[0.542s] -- Detecting C compiler ABI info - done
[0.570s] -- Detecting C compile features
[0.570s] -- Detecting C compile features - done
[0.575s] -- Check for working CXX compiler: /usr/bin/c++
[0.743s] -- Check for working CXX compiler: /usr/bin/c++ -- works
[0.745s] -- Detecting CXX compiler ABI info
[0.911s] -- Detecting CXX compiler ABI info - done
[0.938s] -- Detecting CXX compile features
[0.939s] -- Detecting CXX compile features - done
[0.942s] -- Found ament_cmake: 1.5.1 (/opt/ros/rolling/share/ament_cmake/cmake)
[1.172s] -- Found Python3: /usr/bin/python3.8 (found version "3.8.10") found components: Interpreter 
[1.333s] -- Found std_msgs: 4.6.0 (/opt/ros/rolling/share/std_msgs/cmake)
[1.388s] -- Found rosidl_generator_c: 3.3.0 (/opt/ros/rolling/share/rosidl_generator_c/cmake)
[1.404s] -- Found rosidl_generator_cpp: 3.3.0 (/opt/ros/rolling/share/rosidl_generator_cpp/cmake)
[1.426s] -- Using all available rosidl_typesupport_c: rosidl_typesupport_fastrtps_c;rosidl_typesupport_introspection_c
[1.458s] -- Using all available rosidl_typesupport_cpp: rosidl_typesupport_fastrtps_cpp;rosidl_typesupport_introspection_cpp
[1.556s] -- Found nav_msgs: 4.6.0 (/opt/ros/rolling/share/nav_msgs/cmake)
[1.757s] -- Found visualization_msgs: 4.6.0 (/opt/ros/rolling/share/visualization_msgs/cmake)
[2.133s] -- Found rclcpp: 17.1.0 (/opt/ros/rolling/share/rclcpp/cmake)
[2.246s] -- Found rmw_implementation_cmake: 6.3.1 (/opt/ros/rolling/share/rmw_implementation_cmake/cmake)
[2.250s] -- Found rmw_cyclonedds_cpp: 1.4.1 (/opt/ros/rolling/share/rmw_cyclonedds_cpp/cmake)
[2.317s] -- Using RMW implementation 'rmw_cyclonedds_cpp' as default
[2.331s] -- Looking for pthread.h
[2.477s] -- Looking for pthread.h - found
[2.477s] -- Performing Test CMAKE_HAVE_LIBC_PTHREAD
[2.626s] -- Performing Test CMAKE_HAVE_LIBC_PTHREAD - Failed
[2.627s] -- Looking for pthread_create in pthreads
[2.745s] -- Looking for pthread_create in pthreads - not found
[2.745s] -- Looking for pthread_create in pthread
[2.872s] -- Looking for pthread_create in pthread - found
[2.876s] -- Found Threads: TRUE  
[3.196s] -- Found tf2: 0.27.0 (/opt/ros/rolling/share/tf2/cmake)
[3.215s] -- Found tf2_ros: 0.27.0 (/opt/ros/rolling/share/tf2_ros/cmake)
[3.774s] -- Found tf2_geometry_msgs: 0.27.0 (/opt/ros/rolling/share/tf2_geometry_msgs/cmake)
[3.786s] -- Found eigen3_cmake_module: 0.2.1 (/opt/ros/rolling/share/eigen3_cmake_module/cmake)
[3.788s] -- Found Eigen3: TRUE (found version "3.3.7") 
[3.788s] -- Ensuring Eigen3 include directory is part of orocos-kdl CMake target
[3.804s] -- Found lgsvl_msgs: 0.0.4 (/home/hwl/per_workspace/control_plan/chapter4/ros2_lqr/lqr_galactic_wtih_todo_ws/install/lgsvl_msgs/share/lgsvl_msgs/cmake)
[4.010s] -- Found ament_lint_auto: 0.13.2 (/opt/ros/rolling/share/ament_lint_auto/cmake)
[4.155s] -- Added test 'copyright' to check source files copyright and LICENSE
[4.157s] -- Added test 'cppcheck' to perform static code analysis on C / C++ code
[4.157s] -- Configured cppcheck include dirs: $<BUILD_INTERFACE:/home/hwl/per_workspace/control_plan/chapter4/ros2_lqr/lqr_galactic_wtih_todo_ws/src/lqr_controller/include>
[4.158s] -- Configured cppcheck exclude dirs and/or files: 
[4.159s] -- Added test 'cpplint' to check C / C++ code against the Google style
[4.160s] -- Configured cpplint exclude dirs and/or files: 
[4.160s] -- Added test 'flake8' to check Python code syntax and style conventions
[4.161s] -- Added test 'lint_cmake' to check CMake code style
[4.162s] -- Added test 'pep257' to check Python code against some of the docstring style conventions in PEP 257
[4.164s] -- Added test 'uncrustify' to check C / C++ code style
[4.164s] -- Configured uncrustify additional arguments: 
[4.165s] -- Added test 'xmllint' to check XML markup files
[4.171s] -- Configuring done
[4.193s] -- Generating done
[4.196s] -- Build files have been written to: /home/hwl/per_workspace/control_plan/chapter4/ros2_lqr/lqr_galactic_wtih_todo_ws/build/lqr_controller
[4.208s] Invoked command in '/home/hwl/per_workspace/control_plan/chapter4/ros2_lqr/lqr_galactic_wtih_todo_ws/build/lqr_controller' returned '0': AMENT_PREFIX_PATH=/home/hwl/per_workspace/control_plan/chapter4/ros2_lqr/lqr_galactic_wtih_todo_ws/install/lgsvl_msgs:${AMENT_PREFIX_PATH} CMAKE_PREFIX_PATH=/home/hwl/per_workspace/control_plan/chapter4/ros2_lqr/lqr_galactic_wtih_todo_ws/install/lgsvl_msgs:${CMAKE_PREFIX_PATH} LD_LIBRARY_PATH=/home/hwl/per_workspace/control_plan/chapter4/ros2_lqr/lqr_galactic_wtih_todo_ws/install/lgsvl_msgs/lib:${LD_LIBRARY_PATH} PYTHONPATH=/home/hwl/per_workspace/control_plan/chapter4/ros2_lqr/lqr_galactic_wtih_todo_ws/install/lgsvl_msgs/lib/python3.8/site-packages:${PYTHONPATH} /usr/bin/cmake /home/hwl/per_workspace/control_plan/chapter4/ros2_lqr/lqr_galactic_wtih_todo_ws/src/lqr_controller -DCMAKE_INSTALL_PREFIX=/home/hwl/per_workspace/control_plan/chapter4/ros2_lqr/lqr_galactic_wtih_todo_ws/install/lqr_controller
[4.211s] Invoking command in '/home/hwl/per_workspace/control_plan/chapter4/ros2_lqr/lqr_galactic_wtih_todo_ws/build/lqr_controller': AMENT_PREFIX_PATH=/home/hwl/per_workspace/control_plan/chapter4/ros2_lqr/lqr_galactic_wtih_todo_ws/install/lgsvl_msgs:${AMENT_PREFIX_PATH} CMAKE_PREFIX_PATH=/home/hwl/per_workspace/control_plan/chapter4/ros2_lqr/lqr_galactic_wtih_todo_ws/install/lgsvl_msgs:${CMAKE_PREFIX_PATH} LD_LIBRARY_PATH=/home/hwl/per_workspace/control_plan/chapter4/ros2_lqr/lqr_galactic_wtih_todo_ws/install/lgsvl_msgs/lib:${LD_LIBRARY_PATH} PYTHONPATH=/home/hwl/per_workspace/control_plan/chapter4/ros2_lqr/lqr_galactic_wtih_todo_ws/install/lgsvl_msgs/lib/python3.8/site-packages:${PYTHONPATH} /usr/bin/cmake --build /home/hwl/per_workspace/control_plan/chapter4/ros2_lqr/lqr_galactic_wtih_todo_ws/build/lqr_controller -- -j16 -l16
[4.292s] [35m[1mScanning dependencies of target lqr_lateral_pid_longitudinal[0m
[4.563s] [ 40%] [32mBuilding CXX object CMakeFiles/lqr_lateral_pid_longitudinal.dir/src/reference_line.cpp.o[0m
[4.563s] [ 40%] [32mBuilding CXX object CMakeFiles/lqr_lateral_pid_longitudinal.dir/src/lqr_lateral_pid_longitudinal.cpp.o[0m
[4.569s] [ 60%] [32mBuilding CXX object CMakeFiles/lqr_lateral_pid_longitudinal.dir/src/pid_controller.cpp.o[0m
[4.570s] [ 80%] [32mBuilding CXX object CMakeFiles/lqr_lateral_pid_longitudinal.dir/src/lqr_controller.cpp.o[0m
[5.476s] In file included from [01m[K/home/hwl/per_workspace/control_plan/chapter4/ros2_lqr/lqr_galactic_wtih_todo_ws/src/lqr_controller/include/lqr_controller/common.h:19[m[K,
[5.476s]                  from [01m[K/home/hwl/per_workspace/control_plan/chapter4/ros2_lqr/lqr_galactic_wtih_todo_ws/src/lqr_controller/include/lqr_controller/lqr_controller.h:12[m[K,
[5.477s]                  from [01m[K/home/hwl/per_workspace/control_plan/chapter4/ros2_lqr/lqr_galactic_wtih_todo_ws/src/lqr_controller/src/lqr_controller.cpp:1[m[K:
[5.477s] [01m[K/opt/ros/rolling/include/tf2_geometry_msgs/tf2_geometry_msgs/tf2_geometry_msgs.h:35:2:[m[K [01;35m[Kwarning: [m[K#warning This header is obsolete, please include tf2_geometry_msgs/tf2_geometry_msgs.hpp instead [[01;35m[K-Wcpp[m[K]
[5.477s]    35 | #[01;35m[Kwarning[m[K This header is obsolete, please include tf2_geometry_msgs/tf2_geometry_msgs.hpp instead
[5.477s]       |  [01;35m[K^~~~~~~[m[K
[5.613s] In file included from [01m[K/home/hwl/per_workspace/control_plan/chapter4/ros2_lqr/lqr_galactic_wtih_todo_ws/src/lqr_controller/include/lqr_controller/common.h:19[m[K,
[5.613s]                  from [01m[K/home/hwl/per_workspace/control_plan/chapter4/ros2_lqr/lqr_galactic_wtih_todo_ws/src/lqr_controller/include/lqr_controller/lqr_controller.h:12[m[K,
[5.613s]                  from [01m[K/home/hwl/per_workspace/control_plan/chapter4/ros2_lqr/lqr_galactic_wtih_todo_ws/src/lqr_controller/include/lqr_controller/lqr_lateral_pid_longitudinal.h:12[m[K,
[5.614s]                  from [01m[K/home/hwl/per_workspace/control_plan/chapter4/ros2_lqr/lqr_galactic_wtih_todo_ws/src/lqr_controller/src/lqr_lateral_pid_longitudinal.cpp:1[m[K:
[5.614s] [01m[K/opt/ros/rolling/include/tf2_geometry_msgs/tf2_geometry_msgs/tf2_geometry_msgs.h:35:2:[m[K [01;35m[Kwarning: [m[K#warning This header is obsolete, please include tf2_geometry_msgs/tf2_geometry_msgs.hpp instead [[01;35m[K-Wcpp[m[K]
[5.614s]    35 | #[01;35m[Kwarning[m[K This header is obsolete, please include tf2_geometry_msgs/tf2_geometry_msgs.hpp instead
[5.614s]       |  [01;35m[K^~~~~~~[m[K
[9.026s] [01m[K/home/hwl/per_workspace/control_plan/chapter4/ros2_lqr/lqr_galactic_wtih_todo_ws/src/lqr_controller/src/lqr_controller.cpp:[m[K In member function ‘[01m[Kvoid shenlan::control::LqrController::UpdateMatrix(const VehicleState&)[m[K’:
[9.027s] [01m[K/home/hwl/per_workspace/control_plan/chapter4/ros2_lqr/lqr_galactic_wtih_todo_ws/src/lqr_controller/src/lqr_controller.cpp:192:54:[m[K [01;35m[Kwarning: [m[Kunused parameter ‘[01m[Kvehicle_state[m[K’ [[01;35m[K-Wunused-parameter[m[K]
[9.027s]   192 | void LqrController::UpdateMatrix([01;35m[Kconst VehicleState &vehicle_state[m[K) {}
[9.027s]       |                                  [01;35m[K~~~~~~~~~~~~~~~~~~~~^~~~~~~~~~~~~[m[K
[9.028s] [01m[K/home/hwl/per_workspace/control_plan/chapter4/ros2_lqr/lqr_galactic_wtih_todo_ws/src/lqr_controller/src/lqr_controller.cpp:[m[K In member function ‘[01m[Kdouble shenlan::control::LqrController::ComputeFeedForward(const VehicleState&, double)[m[K’:
[9.028s] [01m[K/home/hwl/per_workspace/control_plan/chapter4/ros2_lqr/lqr_galactic_wtih_todo_ws/src/lqr_controller/src/lqr_controller.cpp:195:105:[m[K [01;35m[Kwarning: [m[Kno return statement in function returning non-void [[01;35m[K-Wreturn-type[m[K]
[9.028s]   195 | double LqrController::ComputeFeedForward(const VehicleState &localization, const double ref_curvature) {[01;35m[K}[m[K
[9.029s]       |                                                                                                         [01;35m[K^[m[K
[9.029s] [01m[K/home/hwl/per_workspace/control_plan/chapter4/ros2_lqr/lqr_galactic_wtih_todo_ws/src/lqr_controller/src/lqr_controller.cpp:195:62:[m[K [01;35m[Kwarning: [m[Kunused parameter ‘[01m[Klocalization[m[K’ [[01;35m[K-Wunused-parameter[m[K]
[9.029s]   195 | double LqrController::ComputeFeedForward([01;35m[Kconst VehicleState &localization[m[K, const double ref_curvature) {}
[9.029s]       |                                          [01;35m[K~~~~~~~~~~~~~~~~~~~~^~~~~~~~~~~~[m[K
[9.029s] [01m[K/home/hwl/per_workspace/control_plan/chapter4/ros2_lqr/lqr_galactic_wtih_todo_ws/src/lqr_controller/src/lqr_controller.cpp:195:89:[m[K [01;35m[Kwarning: [m[Kunused parameter ‘[01m[Kref_curvature[m[K’ [[01;35m[K-Wunused-parameter[m[K]
[9.030s]   195 | double LqrController::ComputeFeedForward(const VehicleState &localization, [01;35m[Kconst double ref_curvature[m[K) {}
[9.030s]       |                                                                            [01;35m[K~~~~~~~~~~~~~^~~~~~~~~~~~~[m[K
[9.030s] [01m[K/home/hwl/per_workspace/control_plan/chapter4/ros2_lqr/lqr_galactic_wtih_todo_ws/src/lqr_controller/src/lqr_controller.cpp:[m[K In member function ‘[01m[Kvoid shenlan::control::LqrController::ComputeLateralErrors(double, double, double, double, double, double, LateralControlErrorPtr&)[m[K’:
[9.030s] [01m[K/home/hwl/per_workspace/control_plan/chapter4/ros2_lqr/lqr_galactic_wtih_todo_ws/src/lqr_controller/src/lqr_controller.cpp:198:55:[m[K [01;35m[Kwarning: [m[Kunused parameter ‘[01m[Kx[m[K’ [[01;35m[K-Wunused-parameter[m[K]
[9.030s]   198 | void LqrController::ComputeLateralErrors([01;35m[Kconst double x[m[K, const double y, const double theta, const double linear_v, const double angular_v, const double linear_a, LateralControlErrorPtr &lat_con_err) {}
[9.031s]       |                                          [01;35m[K~~~~~~~~~~~~~^[m[K
[9.031s] [01m[K/home/hwl/per_workspace/control_plan/chapter4/ros2_lqr/lqr_galactic_wtih_todo_ws/src/lqr_controller/src/lqr_controller.cpp:198:71:[m[K [01;35m[Kwarning: [m[Kunused parameter ‘[01m[Ky[m[K’ [[01;35m[K-Wunused-parameter[m[K]
[9.031s]   198 | void LqrController::ComputeLateralErrors(const double x, [01;35m[Kconst double y[m[K, const double theta, const double linear_v, const double angular_v, const double linear_a, LateralControlErrorPtr &lat_con_err) {}
[9.031s]       |                                                          [01;35m[K~~~~~~~~~~~~~^[m[K
[9.031s] [01m[K/home/hwl/per_workspace/control_plan/chapter4/ros2_lqr/lqr_galactic_wtih_todo_ws/src/lqr_controller/src/lqr_controller.cpp:198:87:[m[K [01;35m[Kwarning: [m[Kunused parameter ‘[01m[Ktheta[m[K’ [[01;35m[K-Wunused-parameter[m[K]
[9.032s]   198 | void LqrController::ComputeLateralErrors(const double x, const double y, [01;35m[Kconst double theta[m[K, const double linear_v, const double angular_v, const double linear_a, LateralControlErrorPtr &lat_con_err) {}
[9.032s]       |                                                                          [01;35m[K~~~~~~~~~~~~~^~~~~[m[K
[9.032s] [01m[K/home/hwl/per_workspace/control_plan/chapter4/ros2_lqr/lqr_galactic_wtih_todo_ws/src/lqr_controller/src/lqr_controller.cpp:198:107:[m[K [01;35m[Kwarning: [m[Kunused parameter ‘[01m[Klinear_v[m[K’ [[01;35m[K-Wunused-parameter[m[K]
[9.032s]   198 | void LqrController::ComputeLateralErrors(const double x, const double y, const double theta, [01;35m[Kconst double linear_v[m[K, const double angular_v, const double linear_a, LateralControlErrorPtr &lat_con_err) {}
[9.032s]       |                                                                                              [01;35m[K~~~~~~~~~~~~~^~~~~~~~[m[K
[9.033s] [01m[K/home/hwl/per_workspace/control_plan/chapter4/ros2_lqr/lqr_galactic_wtih_todo_ws/src/lqr_controller/src/lqr_controller.cpp:198:130:[m[K [01;35m[Kwarning: [m[Kunused parameter ‘[01m[Kangular_v[m[K’ [[01;35m[K-Wunused-parameter[m[K]
[9.033s]   198 | void LqrController::ComputeLateralErrors(const double x, const double y, const double theta, const double linear_v, [01;35m[Kconst double angular_v[m[K, const double linear_a, LateralControlErrorPtr &lat_con_err) {}
[9.033s]       |                                                                                                                     [01;35m[K~~~~~~~~~~~~~^~~~~~~~~[m[K
[9.033s] [01m[K/home/hwl/per_workspace/control_plan/chapter4/ros2_lqr/lqr_galactic_wtih_todo_ws/src/lqr_controller/src/lqr_controller.cpp:198:154:[m[K [01;35m[Kwarning: [m[Kunused parameter ‘[01m[Klinear_a[m[K’ [[01;35m[K-Wunused-parameter[m[K]
[9.033s]   198 | void LqrController::ComputeLateralErrors(const double x, const double y, const double theta, const double linear_v, const double angular_v, [01;35m[Kconst double linear_a[m[K, LateralControlErrorPtr &lat_con_err) {}
[9.034s]       |                                                                                                                                             [01;35m[K~~~~~~~~~~~~~^~~~~~~~[m[K
[9.034s] [01m[K/home/hwl/per_workspace/control_plan/chapter4/ros2_lqr/lqr_galactic_wtih_todo_ws/src/lqr_controller/src/lqr_controller.cpp:198:188:[m[K [01;35m[Kwarning: [m[Kunused parameter ‘[01m[Klat_con_err[m[K’ [[01;35m[K-Wunused-parameter[m[K]
[9.034s]   198 | void LqrController::ComputeLateralErrors(const double x, const double y, const double theta, const double linear_v, const double angular_v, const double linear_a, [01;35m[KLateralControlErrorPtr &lat_con_err[m[K) {}
[9.034s]       |                                                                                                                                                                    [01;35m[K~~~~~~~~~~~~~~~~~~~~~~~~^~~~~~~~~~~[m[K
[9.035s] [01m[K/home/hwl/per_workspace/control_plan/chapter4/ros2_lqr/lqr_galactic_wtih_todo_ws/src/lqr_controller/src/lqr_controller.cpp:[m[K In member function ‘[01m[Kvoid shenlan::control::LqrController::SolveLQRProblem(const Matrix&, const Matrix&, const Matrix&, const Matrix&, double, uint, shenlan::control::Matrix*)[m[K’:
[9.035s] [01m[K/home/hwl/per_workspace/control_plan/chapter4/ros2_lqr/lqr_galactic_wtih_todo_ws/src/lqr_controller/src/lqr_controller.cpp:223:118:[m[K [01;35m[Kwarning: [m[Kunused parameter ‘[01m[Ktolerance[m[K’ [[01;35m[K-Wunused-parameter[m[K]
[9.035s]   223 | void LqrController::SolveLQRProblem(const Matrix &A, const Matrix &B, const Matrix &Q, const Matrix &R, [01;35m[Kconst double tolerance[m[K, const uint max_num_iteration, Matrix *ptr_K) {
[9.035s]       |                                                                                                         [01;35m[K~~~~~~~~~~~~~^~~~~~~~~[m[K
[9.035s] [01m[K/home/hwl/per_workspace/control_plan/chapter4/ros2_lqr/lqr_galactic_wtih_todo_ws/src/lqr_controller/src/lqr_controller.cpp:223:140:[m[K [01;35m[Kwarning: [m[Kunused parameter ‘[01m[Kmax_num_iteration[m[K’ [[01;35m[K-Wunused-parameter[m[K]
[9.036s]   223 | void LqrController::SolveLQRProblem(const Matrix &A, const Matrix &B, const Matrix &Q, const Matrix &R, const double tolerance, [01;35m[Kconst uint max_num_iteration[m[K, Matrix *ptr_K) {
[9.036s]       |                                                                                                                                 [01;35m[K~~~~~~~~~~~^~~~~~~~~~~~~~~~~[m[K
[9.036s] [01m[K/home/hwl/per_workspace/control_plan/chapter4/ros2_lqr/lqr_galactic_wtih_todo_ws/src/lqr_controller/src/lqr_controller.cpp:223:167:[m[K [01;35m[Kwarning: [m[Kunused parameter ‘[01m[Kptr_K[m[K’ [[01;35m[K-Wunused-parameter[m[K]
[9.036s]   223 | void LqrController::SolveLQRProblem(const Matrix &A, const Matrix &B, const Matrix &Q, const Matrix &R, const double tolerance, const uint max_num_iteration, [01;35m[KMatrix *ptr_K[m[K) {
[9.036s]       |                                                                                                                                                               [01;35m[K~~~~~~~~^~~~~[m[K
[22.665s] [100%] [32m[1mLinking CXX executable lqr_lateral_pid_longitudinal[0m
[23.520s] [100%] Built target lqr_lateral_pid_longitudinal
[23.543s] Invoked command in '/home/hwl/per_workspace/control_plan/chapter4/ros2_lqr/lqr_galactic_wtih_todo_ws/build/lqr_controller' returned '0': AMENT_PREFIX_PATH=/home/hwl/per_workspace/control_plan/chapter4/ros2_lqr/lqr_galactic_wtih_todo_ws/install/lgsvl_msgs:${AMENT_PREFIX_PATH} CMAKE_PREFIX_PATH=/home/hwl/per_workspace/control_plan/chapter4/ros2_lqr/lqr_galactic_wtih_todo_ws/install/lgsvl_msgs:${CMAKE_PREFIX_PATH} LD_LIBRARY_PATH=/home/hwl/per_workspace/control_plan/chapter4/ros2_lqr/lqr_galactic_wtih_todo_ws/install/lgsvl_msgs/lib:${LD_LIBRARY_PATH} PYTHONPATH=/home/hwl/per_workspace/control_plan/chapter4/ros2_lqr/lqr_galactic_wtih_todo_ws/install/lgsvl_msgs/lib/python3.8/site-packages:${PYTHONPATH} /usr/bin/cmake --build /home/hwl/per_workspace/control_plan/chapter4/ros2_lqr/lqr_galactic_wtih_todo_ws/build/lqr_controller -- -j16 -l16
[23.632s] Invoking command in '/home/hwl/per_workspace/control_plan/chapter4/ros2_lqr/lqr_galactic_wtih_todo_ws/build/lqr_controller': AMENT_PREFIX_PATH=/home/hwl/per_workspace/control_plan/chapter4/ros2_lqr/lqr_galactic_wtih_todo_ws/install/lgsvl_msgs:${AMENT_PREFIX_PATH} CMAKE_PREFIX_PATH=/home/hwl/per_workspace/control_plan/chapter4/ros2_lqr/lqr_galactic_wtih_todo_ws/install/lgsvl_msgs:${CMAKE_PREFIX_PATH} LD_LIBRARY_PATH=/home/hwl/per_workspace/control_plan/chapter4/ros2_lqr/lqr_galactic_wtih_todo_ws/install/lgsvl_msgs/lib:${LD_LIBRARY_PATH} PYTHONPATH=/home/hwl/per_workspace/control_plan/chapter4/ros2_lqr/lqr_galactic_wtih_todo_ws/install/lgsvl_msgs/lib/python3.8/site-packages:${PYTHONPATH} /usr/bin/cmake --install /home/hwl/per_workspace/control_plan/chapter4/ros2_lqr/lqr_galactic_wtih_todo_ws/build/lqr_controller
[23.654s] -- Install configuration: ""
[23.654s] -- Installing: /home/hwl/per_workspace/control_plan/chapter4/ros2_lqr/lqr_galactic_wtih_todo_ws/install/lqr_controller/lib/lqr_controller/lqr_lateral_pid_longitudinal
[23.662s] -- Set runtime path of "/home/hwl/per_workspace/control_plan/chapter4/ros2_lqr/lqr_galactic_wtih_todo_ws/install/lqr_controller/lib/lqr_controller/lqr_lateral_pid_longitudinal" to ""
[23.662s] -- Installing: /home/hwl/per_workspace/control_plan/chapter4/ros2_lqr/lqr_galactic_wtih_todo_ws/install/lqr_controller/share/lqr_controller//launch
[23.662s] -- Installing: /home/hwl/per_workspace/control_plan/chapter4/ros2_lqr/lqr_galactic_wtih_todo_ws/install/lqr_controller/share/lqr_controller//launch/lqr_launch.py
[23.665s] -- Installing: /home/hwl/per_workspace/control_plan/chapter4/ros2_lqr/lqr_galactic_wtih_todo_ws/install/lqr_controller/share/lqr_controller//config
[23.665s] -- Installing: /home/hwl/per_workspace/control_plan/chapter4/ros2_lqr/lqr_galactic_wtih_todo_ws/install/lqr_controller/share/lqr_controller//config/lqr_parameters_configuration.yaml
[23.665s] -- Installing: /home/hwl/per_workspace/control_plan/chapter4/ros2_lqr/lqr_galactic_wtih_todo_ws/install/lqr_controller/share/lqr_controller//rviz
[23.666s] -- Installing: /home/hwl/per_workspace/control_plan/chapter4/ros2_lqr/lqr_galactic_wtih_todo_ws/install/lqr_controller/share/lqr_controller//rviz/lqr_vis.rviz
[23.666s] -- Installing: /home/hwl/per_workspace/control_plan/chapter4/ros2_lqr/lqr_galactic_wtih_todo_ws/install/lqr_controller/share/ament_index/resource_index/package_run_dependencies/lqr_controller
[23.666s] -- Installing: /home/hwl/per_workspace/control_plan/chapter4/ros2_lqr/lqr_galactic_wtih_todo_ws/install/lqr_controller/share/ament_index/resource_index/parent_prefix_path/lqr_controller
[23.666s] -- Installing: /home/hwl/per_workspace/control_plan/chapter4/ros2_lqr/lqr_galactic_wtih_todo_ws/install/lqr_controller/share/lqr_controller/environment/ament_prefix_path.sh
[23.667s] -- Installing: /home/hwl/per_workspace/control_plan/chapter4/ros2_lqr/lqr_galactic_wtih_todo_ws/install/lqr_controller/share/lqr_controller/environment/ament_prefix_path.dsv
[23.667s] -- Installing: /home/hwl/per_workspace/control_plan/chapter4/ros2_lqr/lqr_galactic_wtih_todo_ws/install/lqr_controller/share/lqr_controller/environment/path.sh
[23.667s] -- Installing: /home/hwl/per_workspace/control_plan/chapter4/ros2_lqr/lqr_galactic_wtih_todo_ws/install/lqr_controller/share/lqr_controller/environment/path.dsv
[23.668s] -- Installing: /home/hwl/per_workspace/control_plan/chapter4/ros2_lqr/lqr_galactic_wtih_todo_ws/install/lqr_controller/share/lqr_controller/local_setup.bash
[23.668s] -- Installing: /home/hwl/per_workspace/control_plan/chapter4/ros2_lqr/lqr_galactic_wtih_todo_ws/install/lqr_controller/share/lqr_controller/local_setup.sh
[23.668s] -- Installing: /home/hwl/per_workspace/control_plan/chapter4/ros2_lqr/lqr_galactic_wtih_todo_ws/install/lqr_controller/share/lqr_controller/local_setup.zsh
[23.668s] -- Installing: /home/hwl/per_workspace/control_plan/chapter4/ros2_lqr/lqr_galactic_wtih_todo_ws/install/lqr_controller/share/lqr_controller/local_setup.dsv
[23.668s] -- Installing: /home/hwl/per_workspace/control_plan/chapter4/ros2_lqr/lqr_galactic_wtih_todo_ws/install/lqr_controller/share/lqr_controller/package.dsv
[23.669s] -- Installing: /home/hwl/per_workspace/control_plan/chapter4/ros2_lqr/lqr_galactic_wtih_todo_ws/install/lqr_controller/share/ament_index/resource_index/packages/lqr_controller
[23.669s] -- Installing: /home/hwl/per_workspace/control_plan/chapter4/ros2_lqr/lqr_galactic_wtih_todo_ws/install/lqr_controller/share/lqr_controller/cmake/lqr_controllerConfig.cmake
[23.670s] -- Installing: /home/hwl/per_workspace/control_plan/chapter4/ros2_lqr/lqr_galactic_wtih_todo_ws/install/lqr_controller/share/lqr_controller/cmake/lqr_controllerConfig-version.cmake
[23.670s] -- Installing: /home/hwl/per_workspace/control_plan/chapter4/ros2_lqr/lqr_galactic_wtih_todo_ws/install/lqr_controller/share/lqr_controller/package.xml
[23.676s] Invoked command in '/home/hwl/per_workspace/control_plan/chapter4/ros2_lqr/lqr_galactic_wtih_todo_ws/build/lqr_controller' returned '0': AMENT_PREFIX_PATH=/home/hwl/per_workspace/control_plan/chapter4/ros2_lqr/lqr_galactic_wtih_todo_ws/install/lgsvl_msgs:${AMENT_PREFIX_PATH} CMAKE_PREFIX_PATH=/home/hwl/per_workspace/control_plan/chapter4/ros2_lqr/lqr_galactic_wtih_todo_ws/install/lgsvl_msgs:${CMAKE_PREFIX_PATH} LD_LIBRARY_PATH=/home/hwl/per_workspace/control_plan/chapter4/ros2_lqr/lqr_galactic_wtih_todo_ws/install/lgsvl_msgs/lib:${LD_LIBRARY_PATH} PYTHONPATH=/home/hwl/per_workspace/control_plan/chapter4/ros2_lqr/lqr_galactic_wtih_todo_ws/install/lgsvl_msgs/lib/python3.8/site-packages:${PYTHONPATH} /usr/bin/cmake --install /home/hwl/per_workspace/control_plan/chapter4/ros2_lqr/lqr_galactic_wtih_todo_ws/build/lqr_controller
