[35m[1mScanning dependencies of target ament_cmake_python_copy_lgsvl_msgs[0m
[35m[1mScanning dependencies of target lgsvl_msgs__cpp[0m
[  1%] [34m[1mGenerating C code for ROS interfaces[0m
[  1%] [34m[1mGenerating C++ code for ROS interfaces[0m
[  1%] Built target ament_cmake_python_copy_lgsvl_msgs
[35m[1mScanning dependencies of target ament_cmake_python_build_lgsvl_msgs_egg[0m
running egg_info
creating lgsvl_msgs.egg-info
writing lgsvl_msgs.egg-info/PKG-INFO
writing dependency_links to lgsvl_msgs.egg-info/dependency_links.txt
writing top-level names to lgsvl_msgs.egg-info/top_level.txt
writing manifest file 'lgsvl_msgs.egg-info/SOURCES.txt'
reading manifest file 'lgsvl_msgs.egg-info/SOURCES.txt'
writing manifest file 'lgsvl_msgs.egg-info/SOURCES.txt'
[  1%] Built target ament_cmake_python_build_lgsvl_msgs_egg
[  1%] Built target lgsvl_msgs__cpp
[  3%] [34m[1mGenerating C++ type support dispatch for ROS interfaces[0m
[  3%] [34m[1mGenerating C++ type support for eProsima Fast-RTPS[0m
[  3%] [34m[1mGenerating C++ introspection for ROS interfaces[0m
[35m[1mScanning dependencies of target lgsvl_msgs__rosidl_generator_c[0m
[  4%] [32mBuilding C object CMakeFiles/lgsvl_msgs__rosidl_generator_c.dir/rosidl_generator_c/lgsvl_msgs/msg/detail/bounding_box3_d__functions.c.o[0m
[  5%] [32mBuilding C object CMakeFiles/lgsvl_msgs__rosidl_generator_c.dir/rosidl_generator_c/lgsvl_msgs/msg/detail/detection2_d__functions.c.o[0m
[  6%] [32mBuilding C object CMakeFiles/lgsvl_msgs__rosidl_generator_c.dir/rosidl_generator_c/lgsvl_msgs/msg/detail/detection3_d__functions.c.o[0m
[  6%] [32mBuilding C object CMakeFiles/lgsvl_msgs__rosidl_generator_c.dir/rosidl_generator_c/lgsvl_msgs/msg/detail/detection2_d_array__functions.c.o[0m
[  6%] [32mBuilding C object CMakeFiles/lgsvl_msgs__rosidl_generator_c.dir/rosidl_generator_c/lgsvl_msgs/msg/detail/bounding_box2_d__functions.c.o[0m
[  7%] [32mBuilding C object CMakeFiles/lgsvl_msgs__rosidl_generator_c.dir/rosidl_generator_c/lgsvl_msgs/msg/detail/detection3_d_array__functions.c.o[0m
[  8%] [32mBuilding C object CMakeFiles/lgsvl_msgs__rosidl_generator_c.dir/rosidl_generator_c/lgsvl_msgs/msg/detail/detected_radar_object__functions.c.o[0m
[  9%] [32mBuilding C object CMakeFiles/lgsvl_msgs__rosidl_generator_c.dir/rosidl_generator_c/lgsvl_msgs/msg/detail/can_bus_data__functions.c.o[0m
[  9%] [32mBuilding C object CMakeFiles/lgsvl_msgs__rosidl_generator_c.dir/rosidl_generator_c/lgsvl_msgs/msg/detail/detected_radar_object_array__functions.c.o[0m
[ 10%] [32mBuilding C object CMakeFiles/lgsvl_msgs__rosidl_generator_c.dir/rosidl_generator_c/lgsvl_msgs/msg/detail/signal__functions.c.o[0m
[ 11%] [32mBuilding C object CMakeFiles/lgsvl_msgs__rosidl_generator_c.dir/rosidl_generator_c/lgsvl_msgs/msg/detail/signal_array__functions.c.o[0m
[ 11%] [32mBuilding C object CMakeFiles/lgsvl_msgs__rosidl_generator_c.dir/rosidl_generator_c/lgsvl_msgs/msg/detail/ultrasonic__functions.c.o[0m
[ 12%] [32mBuilding C object CMakeFiles/lgsvl_msgs__rosidl_generator_c.dir/rosidl_generator_c/lgsvl_msgs/msg/detail/vehicle_control_data__functions.c.o[0m
[ 12%] [32mBuilding C object CMakeFiles/lgsvl_msgs__rosidl_generator_c.dir/rosidl_generator_c/lgsvl_msgs/msg/detail/vehicle_state_data__functions.c.o[0m
[ 13%] [32mBuilding C object CMakeFiles/lgsvl_msgs__rosidl_generator_c.dir/rosidl_generator_c/lgsvl_msgs/msg/detail/vehicle_odometry__functions.c.o[0m
[ 14%] [32m[1mLinking C shared library liblgsvl_msgs__rosidl_generator_c.so[0m
[ 14%] Built target lgsvl_msgs__rosidl_generator_c
[ 15%] [34m[1mGenerating C introspection for ROS interfaces[0m
[ 16%] [34m[1mGenerating C type support dispatch for ROS interfaces[0m
[ 17%] [34m[1mGenerating C type support for eProsima Fast-RTPS[0m
[35m[1mScanning dependencies of target lgsvl_msgs__rosidl_typesupport_cpp[0m
[ 17%] [32mBuilding CXX object CMakeFiles/lgsvl_msgs__rosidl_typesupport_cpp.dir/rosidl_typesupport_cpp/lgsvl_msgs/msg/bounding_box3_d__type_support.cpp.o[0m
[ 18%] [32mBuilding CXX object CMakeFiles/lgsvl_msgs__rosidl_typesupport_cpp.dir/rosidl_typesupport_cpp/lgsvl_msgs/msg/detected_radar_object_array__type_support.cpp.o[0m
[ 18%] [32mBuilding CXX object CMakeFiles/lgsvl_msgs__rosidl_typesupport_cpp.dir/rosidl_typesupport_cpp/lgsvl_msgs/msg/detected_radar_object__type_support.cpp.o[0m
[ 19%] [32mBuilding CXX object CMakeFiles/lgsvl_msgs__rosidl_typesupport_cpp.dir/rosidl_typesupport_cpp/lgsvl_msgs/msg/detection3_d__type_support.cpp.o[0m
[ 20%] [32mBuilding CXX object CMakeFiles/lgsvl_msgs__rosidl_typesupport_cpp.dir/rosidl_typesupport_cpp/lgsvl_msgs/msg/detection2_d_array__type_support.cpp.o[0m
[ 21%] [32mBuilding CXX object CMakeFiles/lgsvl_msgs__rosidl_typesupport_cpp.dir/rosidl_typesupport_cpp/lgsvl_msgs/msg/can_bus_data__type_support.cpp.o[0m
[ 22%] [32mBuilding CXX object CMakeFiles/lgsvl_msgs__rosidl_typesupport_cpp.dir/rosidl_typesupport_cpp/lgsvl_msgs/msg/detection2_d__type_support.cpp.o[0m
[ 22%] [32mBuilding CXX object CMakeFiles/lgsvl_msgs__rosidl_typesupport_cpp.dir/rosidl_typesupport_cpp/lgsvl_msgs/msg/detection3_d_array__type_support.cpp.o[0m
[ 23%] [32mBuilding CXX object CMakeFiles/lgsvl_msgs__rosidl_typesupport_cpp.dir/rosidl_typesupport_cpp/lgsvl_msgs/msg/bounding_box2_d__type_support.cpp.o[0m
[ 24%] [32mBuilding CXX object CMakeFiles/lgsvl_msgs__rosidl_typesupport_cpp.dir/rosidl_typesupport_cpp/lgsvl_msgs/msg/signal_array__type_support.cpp.o[0m
[ 25%] [32mBuilding CXX object CMakeFiles/lgsvl_msgs__rosidl_typesupport_cpp.dir/rosidl_typesupport_cpp/lgsvl_msgs/msg/signal__type_support.cpp.o[0m
[35m[1mScanning dependencies of target lgsvl_msgs__rosidl_typesupport_c[0m
[ 25%] [32mBuilding CXX object CMakeFiles/lgsvl_msgs__rosidl_typesupport_cpp.dir/rosidl_typesupport_cpp/lgsvl_msgs/msg/ultrasonic__type_support.cpp.o[0m
[ 25%] [32mBuilding CXX object CMakeFiles/lgsvl_msgs__rosidl_typesupport_c.dir/rosidl_typesupport_c/lgsvl_msgs/msg/bounding_box2_d__type_support.cpp.o[0m
[ 26%] [32mBuilding CXX object CMakeFiles/lgsvl_msgs__rosidl_typesupport_cpp.dir/rosidl_typesupport_cpp/lgsvl_msgs/msg/vehicle_control_data__type_support.cpp.o[0m
[ 27%] [32mBuilding CXX object CMakeFiles/lgsvl_msgs__rosidl_typesupport_cpp.dir/rosidl_typesupport_cpp/lgsvl_msgs/msg/vehicle_state_data__type_support.cpp.o[0m
[ 27%] [32mBuilding CXX object CMakeFiles/lgsvl_msgs__rosidl_typesupport_cpp.dir/rosidl_typesupport_cpp/lgsvl_msgs/msg/vehicle_odometry__type_support.cpp.o[0m
[ 28%] [32mBuilding CXX object CMakeFiles/lgsvl_msgs__rosidl_typesupport_c.dir/rosidl_typesupport_c/lgsvl_msgs/msg/bounding_box3_d__type_support.cpp.o[0m
[ 28%] [32mBuilding CXX object CMakeFiles/lgsvl_msgs__rosidl_typesupport_c.dir/rosidl_typesupport_c/lgsvl_msgs/msg/detected_radar_object_array__type_support.cpp.o[0m
[ 29%] [32mBuilding CXX object CMakeFiles/lgsvl_msgs__rosidl_typesupport_c.dir/rosidl_typesupport_c/lgsvl_msgs/msg/can_bus_data__type_support.cpp.o[0m
[ 30%] [32mBuilding CXX object CMakeFiles/lgsvl_msgs__rosidl_typesupport_c.dir/rosidl_typesupport_c/lgsvl_msgs/msg/detected_radar_object__type_support.cpp.o[0m
[ 31%] [32mBuilding CXX object CMakeFiles/lgsvl_msgs__rosidl_typesupport_c.dir/rosidl_typesupport_c/lgsvl_msgs/msg/detection2_d__type_support.cpp.o[0m
[35m[1mScanning dependencies of target lgsvl_msgs__rosidl_typesupport_introspection_cpp[0m
[ 32%] [32mBuilding CXX object CMakeFiles/lgsvl_msgs__rosidl_typesupport_c.dir/rosidl_typesupport_c/lgsvl_msgs/msg/detection2_d_array__type_support.cpp.o[0m
[ 32%] [32mBuilding CXX object CMakeFiles/lgsvl_msgs__rosidl_typesupport_c.dir/rosidl_typesupport_c/lgsvl_msgs/msg/detection3_d__type_support.cpp.o[0m
[ 33%] [32mBuilding CXX object CMakeFiles/lgsvl_msgs__rosidl_typesupport_c.dir/rosidl_typesupport_c/lgsvl_msgs/msg/detection3_d_array__type_support.cpp.o[0m
[35m[1mScanning dependencies of target lgsvl_msgs__rosidl_typesupport_fastrtps_cpp[0m
[ 34%] [32mBuilding CXX object CMakeFiles/lgsvl_msgs__rosidl_typesupport_c.dir/rosidl_typesupport_c/lgsvl_msgs/msg/signal__type_support.cpp.o[0m
[ 34%] [32mBuilding CXX object CMakeFiles/lgsvl_msgs__rosidl_typesupport_c.dir/rosidl_typesupport_c/lgsvl_msgs/msg/signal_array__type_support.cpp.o[0m
[ 35%] [32mBuilding CXX object CMakeFiles/lgsvl_msgs__rosidl_typesupport_introspection_cpp.dir/rosidl_typesupport_introspection_cpp/lgsvl_msgs/msg/detail/bounding_box2_d__type_support.cpp.o[0m
[ 36%] [32mBuilding CXX object CMakeFiles/lgsvl_msgs__rosidl_typesupport_c.dir/rosidl_typesupport_c/lgsvl_msgs/msg/ultrasonic__type_support.cpp.o[0m
[ 37%] [32mBuilding CXX object CMakeFiles/lgsvl_msgs__rosidl_typesupport_c.dir/rosidl_typesupport_c/lgsvl_msgs/msg/vehicle_control_data__type_support.cpp.o[0m
[ 37%] [32mBuilding CXX object CMakeFiles/lgsvl_msgs__rosidl_typesupport_c.dir/rosidl_typesupport_c/lgsvl_msgs/msg/vehicle_state_data__type_support.cpp.o[0m
[ 38%] [32mBuilding CXX object CMakeFiles/lgsvl_msgs__rosidl_typesupport_c.dir/rosidl_typesupport_c/lgsvl_msgs/msg/vehicle_odometry__type_support.cpp.o[0m
[ 39%] [32mBuilding CXX object CMakeFiles/lgsvl_msgs__rosidl_typesupport_introspection_cpp.dir/rosidl_typesupport_introspection_cpp/lgsvl_msgs/msg/detail/bounding_box3_d__type_support.cpp.o[0m
[ 39%] [32mBuilding CXX object CMakeFiles/lgsvl_msgs__rosidl_typesupport_introspection_cpp.dir/rosidl_typesupport_introspection_cpp/lgsvl_msgs/msg/detail/can_bus_data__type_support.cpp.o[0m
[ 40%] [32mBuilding CXX object CMakeFiles/lgsvl_msgs__rosidl_typesupport_fastrtps_cpp.dir/rosidl_typesupport_fastrtps_cpp/lgsvl_msgs/msg/detail/dds_fastrtps/bounding_box2_d__type_support.cpp.o[0m
[ 41%] [32mBuilding CXX object CMakeFiles/lgsvl_msgs__rosidl_typesupport_introspection_cpp.dir/rosidl_typesupport_introspection_cpp/lgsvl_msgs/msg/detail/detected_radar_object_array__type_support.cpp.o[0m
[ 42%] [32mBuilding CXX object CMakeFiles/lgsvl_msgs__rosidl_typesupport_fastrtps_cpp.dir/rosidl_typesupport_fastrtps_cpp/lgsvl_msgs/msg/detail/dds_fastrtps/bounding_box3_d__type_support.cpp.o[0m
[ 43%] [32mBuilding CXX object CMakeFiles/lgsvl_msgs__rosidl_typesupport_introspection_cpp.dir/rosidl_typesupport_introspection_cpp/lgsvl_msgs/msg/detail/detected_radar_object__type_support.cpp.o[0m
[ 43%] [32mBuilding CXX object CMakeFiles/lgsvl_msgs__rosidl_typesupport_fastrtps_cpp.dir/rosidl_typesupport_fastrtps_cpp/lgsvl_msgs/msg/detail/dds_fastrtps/can_bus_data__type_support.cpp.o[0m
[ 44%] [32m[1mLinking CXX shared library liblgsvl_msgs__rosidl_typesupport_c.so[0m
[ 45%] [32mBuilding CXX object CMakeFiles/lgsvl_msgs__rosidl_typesupport_fastrtps_cpp.dir/rosidl_typesupport_fastrtps_cpp/lgsvl_msgs/msg/detail/dds_fastrtps/detected_radar_object_array__type_support.cpp.o[0m
[ 45%] Built target lgsvl_msgs__rosidl_typesupport_c
[ 46%] [32mBuilding CXX object CMakeFiles/lgsvl_msgs__rosidl_typesupport_fastrtps_cpp.dir/rosidl_typesupport_fastrtps_cpp/lgsvl_msgs/msg/detail/dds_fastrtps/detected_radar_object__type_support.cpp.o[0m
[35m[1mScanning dependencies of target lgsvl_msgs__rosidl_typesupport_introspection_c[0m
[ 46%] [32mBuilding CXX object CMakeFiles/lgsvl_msgs__rosidl_typesupport_fastrtps_cpp.dir/rosidl_typesupport_fastrtps_cpp/lgsvl_msgs/msg/detail/dds_fastrtps/detection2_d__type_support.cpp.o[0m
[ 47%] [32m[1mLinking CXX shared library liblgsvl_msgs__rosidl_typesupport_cpp.so[0m
[ 48%] [32mBuilding CXX object CMakeFiles/lgsvl_msgs__rosidl_typesupport_fastrtps_cpp.dir/rosidl_typesupport_fastrtps_cpp/lgsvl_msgs/msg/detail/dds_fastrtps/detection2_d_array__type_support.cpp.o[0m
[ 49%] [32mBuilding CXX object CMakeFiles/lgsvl_msgs__rosidl_typesupport_introspection_cpp.dir/rosidl_typesupport_introspection_cpp/lgsvl_msgs/msg/detail/detection2_d__type_support.cpp.o[0m
[35m[1mScanning dependencies of target lgsvl_msgs__rosidl_typesupport_fastrtps_c[0m
[ 50%] [32mBuilding C object CMakeFiles/lgsvl_msgs__rosidl_typesupport_introspection_c.dir/rosidl_typesupport_introspection_c/lgsvl_msgs/msg/detail/bounding_box2_d__type_support.c.o[0m
[ 50%] Built target lgsvl_msgs__rosidl_typesupport_cpp
[ 51%] [32mBuilding CXX object CMakeFiles/lgsvl_msgs__rosidl_typesupport_fastrtps_c.dir/rosidl_typesupport_fastrtps_c/lgsvl_msgs/msg/detail/bounding_box2_d__type_support_c.cpp.o[0m
[ 51%] [32mBuilding CXX object CMakeFiles/lgsvl_msgs__rosidl_typesupport_introspection_cpp.dir/rosidl_typesupport_introspection_cpp/lgsvl_msgs/msg/detail/detection2_d_array__type_support.cpp.o[0m
[ 51%] [32mBuilding C object CMakeFiles/lgsvl_msgs__rosidl_typesupport_introspection_c.dir/rosidl_typesupport_introspection_c/lgsvl_msgs/msg/detail/bounding_box3_d__type_support.c.o[0m
[ 52%] [32mBuilding CXX object CMakeFiles/lgsvl_msgs__rosidl_typesupport_introspection_cpp.dir/rosidl_typesupport_introspection_cpp/lgsvl_msgs/msg/detail/detection3_d__type_support.cpp.o[0m
[ 53%] [32mBuilding CXX object CMakeFiles/lgsvl_msgs__rosidl_typesupport_introspection_cpp.dir/rosidl_typesupport_introspection_cpp/lgsvl_msgs/msg/detail/detection3_d_array__type_support.cpp.o[0m
[ 54%] [32mBuilding C object CMakeFiles/lgsvl_msgs__rosidl_typesupport_introspection_c.dir/rosidl_typesupport_introspection_c/lgsvl_msgs/msg/detail/can_bus_data__type_support.c.o[0m
[ 55%] [32mBuilding C object CMakeFiles/lgsvl_msgs__rosidl_typesupport_introspection_c.dir/rosidl_typesupport_introspection_c/lgsvl_msgs/msg/detail/detected_radar_object_array__type_support.c.o[0m
[ 56%] [32mBuilding CXX object CMakeFiles/lgsvl_msgs__rosidl_typesupport_fastrtps_cpp.dir/rosidl_typesupport_fastrtps_cpp/lgsvl_msgs/msg/detail/dds_fastrtps/detection3_d__type_support.cpp.o[0m
[ 56%] [32mBuilding CXX object CMakeFiles/lgsvl_msgs__rosidl_typesupport_introspection_cpp.dir/rosidl_typesupport_introspection_cpp/lgsvl_msgs/msg/detail/signal__type_support.cpp.o[0m
[ 56%] [32mBuilding CXX object CMakeFiles/lgsvl_msgs__rosidl_typesupport_fastrtps_cpp.dir/rosidl_typesupport_fastrtps_cpp/lgsvl_msgs/msg/detail/dds_fastrtps/detection3_d_array__type_support.cpp.o[0m
[ 57%] [32mBuilding CXX object CMakeFiles/lgsvl_msgs__rosidl_typesupport_fastrtps_cpp.dir/rosidl_typesupport_fastrtps_cpp/lgsvl_msgs/msg/detail/dds_fastrtps/signal__type_support.cpp.o[0m
[ 58%] [32mBuilding CXX object CMakeFiles/lgsvl_msgs__rosidl_typesupport_introspection_cpp.dir/rosidl_typesupport_introspection_cpp/lgsvl_msgs/msg/detail/signal_array__type_support.cpp.o[0m
[ 59%] [32mBuilding C object CMakeFiles/lgsvl_msgs__rosidl_typesupport_introspection_c.dir/rosidl_typesupport_introspection_c/lgsvl_msgs/msg/detail/detected_radar_object__type_support.c.o[0m
[ 59%] [32mBuilding C object CMakeFiles/lgsvl_msgs__rosidl_typesupport_introspection_c.dir/rosidl_typesupport_introspection_c/lgsvl_msgs/msg/detail/detection2_d__type_support.c.o[0m
[ 60%] [32mBuilding CXX object CMakeFiles/lgsvl_msgs__rosidl_typesupport_fastrtps_cpp.dir/rosidl_typesupport_fastrtps_cpp/lgsvl_msgs/msg/detail/dds_fastrtps/signal_array__type_support.cpp.o[0m
[ 61%] [32mBuilding CXX object CMakeFiles/lgsvl_msgs__rosidl_typesupport_fastrtps_cpp.dir/rosidl_typesupport_fastrtps_cpp/lgsvl_msgs/msg/detail/dds_fastrtps/ultrasonic__type_support.cpp.o[0m
[ 62%] [32mBuilding C object CMakeFiles/lgsvl_msgs__rosidl_typesupport_introspection_c.dir/rosidl_typesupport_introspection_c/lgsvl_msgs/msg/detail/detection2_d_array__type_support.c.o[0m
[ 63%] [32mBuilding C object CMakeFiles/lgsvl_msgs__rosidl_typesupport_introspection_c.dir/rosidl_typesupport_introspection_c/lgsvl_msgs/msg/detail/detection3_d__type_support.c.o[0m
[ 63%] [32mBuilding CXX object CMakeFiles/lgsvl_msgs__rosidl_typesupport_fastrtps_cpp.dir/rosidl_typesupport_fastrtps_cpp/lgsvl_msgs/msg/detail/dds_fastrtps/vehicle_control_data__type_support.cpp.o[0m
[ 63%] [32mBuilding C object CMakeFiles/lgsvl_msgs__rosidl_typesupport_introspection_c.dir/rosidl_typesupport_introspection_c/lgsvl_msgs/msg/detail/detection3_d_array__type_support.c.o[0m
[ 64%] [32mBuilding CXX object CMakeFiles/lgsvl_msgs__rosidl_typesupport_fastrtps_cpp.dir/rosidl_typesupport_fastrtps_cpp/lgsvl_msgs/msg/detail/dds_fastrtps/vehicle_state_data__type_support.cpp.o[0m
[ 64%] [32mBuilding CXX object CMakeFiles/lgsvl_msgs__rosidl_typesupport_fastrtps_c.dir/rosidl_typesupport_fastrtps_c/lgsvl_msgs/msg/detail/bounding_box3_d__type_support_c.cpp.o[0m
[ 65%] [32mBuilding C object CMakeFiles/lgsvl_msgs__rosidl_typesupport_introspection_c.dir/rosidl_typesupport_introspection_c/lgsvl_msgs/msg/detail/signal__type_support.c.o[0m
[ 66%] [32mBuilding CXX object CMakeFiles/lgsvl_msgs__rosidl_typesupport_introspection_cpp.dir/rosidl_typesupport_introspection_cpp/lgsvl_msgs/msg/detail/ultrasonic__type_support.cpp.o[0m
[ 67%] [32mBuilding CXX object CMakeFiles/lgsvl_msgs__rosidl_typesupport_fastrtps_cpp.dir/rosidl_typesupport_fastrtps_cpp/lgsvl_msgs/msg/detail/dds_fastrtps/vehicle_odometry__type_support.cpp.o[0m
[ 68%] [32mBuilding C object CMakeFiles/lgsvl_msgs__rosidl_typesupport_introspection_c.dir/rosidl_typesupport_introspection_c/lgsvl_msgs/msg/detail/signal_array__type_support.c.o[0m
[ 68%] [32mBuilding C object CMakeFiles/lgsvl_msgs__rosidl_typesupport_introspection_c.dir/rosidl_typesupport_introspection_c/lgsvl_msgs/msg/detail/ultrasonic__type_support.c.o[0m
[ 68%] [32mBuilding CXX object CMakeFiles/lgsvl_msgs__rosidl_typesupport_introspection_cpp.dir/rosidl_typesupport_introspection_cpp/lgsvl_msgs/msg/detail/vehicle_control_data__type_support.cpp.o[0m
[ 69%] [32mBuilding C object CMakeFiles/lgsvl_msgs__rosidl_typesupport_introspection_c.dir/rosidl_typesupport_introspection_c/lgsvl_msgs/msg/detail/vehicle_control_data__type_support.c.o[0m
[ 70%] [32mBuilding CXX object CMakeFiles/lgsvl_msgs__rosidl_typesupport_introspection_cpp.dir/rosidl_typesupport_introspection_cpp/lgsvl_msgs/msg/detail/vehicle_state_data__type_support.cpp.o[0m
[ 71%] [32mBuilding C object CMakeFiles/lgsvl_msgs__rosidl_typesupport_introspection_c.dir/rosidl_typesupport_introspection_c/lgsvl_msgs/msg/detail/vehicle_state_data__type_support.c.o[0m
[ 72%] [32mBuilding C object CMakeFiles/lgsvl_msgs__rosidl_typesupport_introspection_c.dir/rosidl_typesupport_introspection_c/lgsvl_msgs/msg/detail/vehicle_odometry__type_support.c.o[0m
[ 73%] [32mBuilding CXX object CMakeFiles/lgsvl_msgs__rosidl_typesupport_introspection_cpp.dir/rosidl_typesupport_introspection_cpp/lgsvl_msgs/msg/detail/vehicle_odometry__type_support.cpp.o[0m
[ 74%] [32mBuilding CXX object CMakeFiles/lgsvl_msgs__rosidl_typesupport_fastrtps_c.dir/rosidl_typesupport_fastrtps_c/lgsvl_msgs/msg/detail/can_bus_data__type_support_c.cpp.o[0m
[ 75%] [32mBuilding CXX object CMakeFiles/lgsvl_msgs__rosidl_typesupport_fastrtps_c.dir/rosidl_typesupport_fastrtps_c/lgsvl_msgs/msg/detail/detected_radar_object_array__type_support_c.cpp.o[0m
[ 75%] [32mBuilding CXX object CMakeFiles/lgsvl_msgs__rosidl_typesupport_fastrtps_c.dir/rosidl_typesupport_fastrtps_c/lgsvl_msgs/msg/detail/detected_radar_object__type_support_c.cpp.o[0m
[ 75%] [32m[1mLinking C shared library liblgsvl_msgs__rosidl_typesupport_introspection_c.so[0m
[ 76%] [32mBuilding CXX object CMakeFiles/lgsvl_msgs__rosidl_typesupport_fastrtps_c.dir/rosidl_typesupport_fastrtps_c/lgsvl_msgs/msg/detail/detection2_d__type_support_c.cpp.o[0m
[ 77%] [32mBuilding CXX object CMakeFiles/lgsvl_msgs__rosidl_typesupport_fastrtps_c.dir/rosidl_typesupport_fastrtps_c/lgsvl_msgs/msg/detail/detection2_d_array__type_support_c.cpp.o[0m
[ 77%] [32mBuilding CXX object CMakeFiles/lgsvl_msgs__rosidl_typesupport_fastrtps_c.dir/rosidl_typesupport_fastrtps_c/lgsvl_msgs/msg/detail/detection3_d__type_support_c.cpp.o[0m
[ 77%] Built target lgsvl_msgs__rosidl_typesupport_introspection_c
[ 79%] [32mBuilding CXX object CMakeFiles/lgsvl_msgs__rosidl_typesupport_fastrtps_c.dir/rosidl_typesupport_fastrtps_c/lgsvl_msgs/msg/detail/signal__type_support_c.cpp.o[0m
[ 79%] [32mBuilding CXX object CMakeFiles/lgsvl_msgs__rosidl_typesupport_fastrtps_c.dir/rosidl_typesupport_fastrtps_c/lgsvl_msgs/msg/detail/detection3_d_array__type_support_c.cpp.o[0m
[ 80%] [32mBuilding CXX object CMakeFiles/lgsvl_msgs__rosidl_typesupport_fastrtps_c.dir/rosidl_typesupport_fastrtps_c/lgsvl_msgs/msg/detail/signal_array__type_support_c.cpp.o[0m
[ 80%] [32mBuilding CXX object CMakeFiles/lgsvl_msgs__rosidl_typesupport_fastrtps_c.dir/rosidl_typesupport_fastrtps_c/lgsvl_msgs/msg/detail/ultrasonic__type_support_c.cpp.o[0m
[ 81%] [32mBuilding CXX object CMakeFiles/lgsvl_msgs__rosidl_typesupport_fastrtps_c.dir/rosidl_typesupport_fastrtps_c/lgsvl_msgs/msg/detail/vehicle_control_data__type_support_c.cpp.o[0m
[ 82%] [32mBuilding CXX object CMakeFiles/lgsvl_msgs__rosidl_typesupport_fastrtps_c.dir/rosidl_typesupport_fastrtps_c/lgsvl_msgs/msg/detail/vehicle_state_data__type_support_c.cpp.o[0m
[ 82%] [32m[1mLinking CXX shared library liblgsvl_msgs__rosidl_typesupport_fastrtps_cpp.so[0m
[ 82%] [32mBuilding CXX object CMakeFiles/lgsvl_msgs__rosidl_typesupport_fastrtps_c.dir/rosidl_typesupport_fastrtps_c/lgsvl_msgs/msg/detail/vehicle_odometry__type_support_c.cpp.o[0m
[ 82%] Built target lgsvl_msgs__rosidl_typesupport_fastrtps_cpp
[ 83%] [32m[1mLinking CXX shared library liblgsvl_msgs__rosidl_typesupport_introspection_cpp.so[0m
[ 83%] Built target lgsvl_msgs__rosidl_typesupport_introspection_cpp
[ 84%] [32m[1mLinking CXX shared library liblgsvl_msgs__rosidl_typesupport_fastrtps_c.so[0m
[ 84%] Built target lgsvl_msgs__rosidl_typesupport_fastrtps_c
[35m[1mScanning dependencies of target lgsvl_msgs[0m
[ 84%] Built target lgsvl_msgs
[35m[1mScanning dependencies of target lgsvl_msgs__py[0m
[ 85%] [34m[1mGenerating Python code for ROS interfaces[0m
[ 85%] Built target lgsvl_msgs__py
[35m[1mScanning dependencies of target lgsvl_msgs__rosidl_generator_py[0m
[ 85%] [32mBuilding C object CMakeFiles/lgsvl_msgs__rosidl_generator_py.dir/rosidl_generator_py/lgsvl_msgs/msg/_detection3_d_s.c.o[0m
[ 85%] [32mBuilding C object CMakeFiles/lgsvl_msgs__rosidl_generator_py.dir/rosidl_generator_py/lgsvl_msgs/msg/_bounding_box2_d_s.c.o[0m
[ 86%] [32mBuilding C object CMakeFiles/lgsvl_msgs__rosidl_generator_py.dir/rosidl_generator_py/lgsvl_msgs/msg/_detection2_d_array_s.c.o[0m
[ 87%] [32mBuilding C object CMakeFiles/lgsvl_msgs__rosidl_generator_py.dir/rosidl_generator_py/lgsvl_msgs/msg/_detection3_d_array_s.c.o[0m
[ 88%] [32mBuilding C object CMakeFiles/lgsvl_msgs__rosidl_generator_py.dir/rosidl_generator_py/lgsvl_msgs/msg/_bounding_box3_d_s.c.o[0m
[ 88%] [32mBuilding C object CMakeFiles/lgsvl_msgs__rosidl_generator_py.dir/rosidl_generator_py/lgsvl_msgs/msg/_detected_radar_object_s.c.o[0m
[ 89%] [32mBuilding C object CMakeFiles/lgsvl_msgs__rosidl_generator_py.dir/rosidl_generator_py/lgsvl_msgs/msg/_vehicle_state_data_s.c.o[0m
[ 90%] [32mBuilding C object CMakeFiles/lgsvl_msgs__rosidl_generator_py.dir/rosidl_generator_py/lgsvl_msgs/msg/_can_bus_data_s.c.o[0m
[ 91%] [32mBuilding C object CMakeFiles/lgsvl_msgs__rosidl_generator_py.dir/rosidl_generator_py/lgsvl_msgs/msg/_detection2_d_s.c.o[0m
[ 92%] [32mBuilding C object CMakeFiles/lgsvl_msgs__rosidl_generator_py.dir/rosidl_generator_py/lgsvl_msgs/msg/_signal_array_s.c.o[0m
[ 92%] [32mBuilding C object CMakeFiles/lgsvl_msgs__rosidl_generator_py.dir/rosidl_generator_py/lgsvl_msgs/msg/_signal_s.c.o[0m
[ 93%] [32mBuilding C object CMakeFiles/lgsvl_msgs__rosidl_generator_py.dir/rosidl_generator_py/lgsvl_msgs/msg/_detected_radar_object_array_s.c.o[0m
[ 93%] [32mBuilding C object CMakeFiles/lgsvl_msgs__rosidl_generator_py.dir/rosidl_generator_py/lgsvl_msgs/msg/_vehicle_odometry_s.c.o[0m
[ 94%] [32mBuilding C object CMakeFiles/lgsvl_msgs__rosidl_generator_py.dir/rosidl_generator_py/lgsvl_msgs/msg/_ultrasonic_s.c.o[0m
[ 95%] [32mBuilding C object CMakeFiles/lgsvl_msgs__rosidl_generator_py.dir/rosidl_generator_py/lgsvl_msgs/msg/_vehicle_control_data_s.c.o[0m
[ 96%] [32m[1mLinking C shared library rosidl_generator_py/lgsvl_msgs/liblgsvl_msgs__rosidl_generator_py.so[0m
[ 96%] Built target lgsvl_msgs__rosidl_generator_py
[35m[1mScanning dependencies of target lgsvl_msgs__rosidl_typesupport_introspection_c__pyext[0m
[35m[1mScanning dependencies of target lgsvl_msgs__rosidl_typesupport_c__pyext[0m
[35m[1mScanning dependencies of target lgsvl_msgs__rosidl_typesupport_fastrtps_c__pyext[0m
[ 97%] [32mBuilding C object CMakeFiles/lgsvl_msgs__rosidl_typesupport_introspection_c__pyext.dir/rosidl_generator_py/lgsvl_msgs/_lgsvl_msgs_s.ep.rosidl_typesupport_introspection_c.c.o[0m
[ 98%] [32mBuilding C object CMakeFiles/lgsvl_msgs__rosidl_typesupport_c__pyext.dir/rosidl_generator_py/lgsvl_msgs/_lgsvl_msgs_s.ep.rosidl_typesupport_c.c.o[0m
[ 99%] [32mBuilding C object CMakeFiles/lgsvl_msgs__rosidl_typesupport_fastrtps_c__pyext.dir/rosidl_generator_py/lgsvl_msgs/_lgsvl_msgs_s.ep.rosidl_typesupport_fastrtps_c.c.o[0m
[ 99%] [32m[1mLinking C shared library rosidl_generator_py/lgsvl_msgs/lgsvl_msgs_s__rosidl_typesupport_fastrtps_c.cpython-38-x86_64-linux-gnu.so[0m
[ 99%] [32m[1mLinking C shared library rosidl_generator_py/lgsvl_msgs/lgsvl_msgs_s__rosidl_typesupport_c.cpython-38-x86_64-linux-gnu.so[0m
[100%] [32m[1mLinking C shared library rosidl_generator_py/lgsvl_msgs/lgsvl_msgs_s__rosidl_typesupport_introspection_c.cpython-38-x86_64-linux-gnu.so[0m
[100%] Built target lgsvl_msgs__rosidl_typesupport_c__pyext
[100%] Built target lgsvl_msgs__rosidl_typesupport_fastrtps_c__pyext
[100%] Built target lgsvl_msgs__rosidl_typesupport_introspection_c__pyext
-- Install configuration: ""
-- Installing: /home/hwl/per_workspace/control_plan/chapter4/ros2_lqr/install/lgsvl_msgs/share/ament_index/resource_index/rosidl_interfaces/lgsvl_msgs
-- Installing: /home/hwl/per_workspace/control_plan/chapter4/ros2_lqr/install/lgsvl_msgs/include/lgsvl_msgs/lgsvl_msgs
-- Installing: /home/hwl/per_workspace/control_plan/chapter4/ros2_lqr/install/lgsvl_msgs/include/lgsvl_msgs/lgsvl_msgs/msg
-- Installing: /home/hwl/per_workspace/control_plan/chapter4/ros2_lqr/install/lgsvl_msgs/include/lgsvl_msgs/lgsvl_msgs/msg/bounding_box2_d.h
-- Installing: /home/hwl/per_workspace/control_plan/chapter4/ros2_lqr/install/lgsvl_msgs/include/lgsvl_msgs/lgsvl_msgs/msg/vehicle_odometry.h
-- Installing: /home/hwl/per_workspace/control_plan/chapter4/ros2_lqr/install/lgsvl_msgs/include/lgsvl_msgs/lgsvl_msgs/msg/detection3_d_array.h
-- Installing: /home/hwl/per_workspace/control_plan/chapter4/ros2_lqr/install/lgsvl_msgs/include/lgsvl_msgs/lgsvl_msgs/msg/detail
-- Installing: /home/hwl/per_workspace/control_plan/chapter4/ros2_lqr/install/lgsvl_msgs/include/lgsvl_msgs/lgsvl_msgs/msg/detail/detection3_d__functions.h
-- Installing: /home/hwl/per_workspace/control_plan/chapter4/ros2_lqr/install/lgsvl_msgs/include/lgsvl_msgs/lgsvl_msgs/msg/detail/detection3_d__struct.h
-- Installing: /home/hwl/per_workspace/control_plan/chapter4/ros2_lqr/install/lgsvl_msgs/include/lgsvl_msgs/lgsvl_msgs/msg/detail/signal__functions.c
-- Installing: /home/hwl/per_workspace/control_plan/chapter4/ros2_lqr/install/lgsvl_msgs/include/lgsvl_msgs/lgsvl_msgs/msg/detail/bounding_box3_d__functions.c
-- Installing: /home/hwl/per_workspace/control_plan/chapter4/ros2_lqr/install/lgsvl_msgs/include/lgsvl_msgs/lgsvl_msgs/msg/detail/vehicle_odometry__functions.h
-- Installing: /home/hwl/per_workspace/control_plan/chapter4/ros2_lqr/install/lgsvl_msgs/include/lgsvl_msgs/lgsvl_msgs/msg/detail/detection2_d_array__functions.c
-- Installing: /home/hwl/per_workspace/control_plan/chapter4/ros2_lqr/install/lgsvl_msgs/include/lgsvl_msgs/lgsvl_msgs/msg/detail/vehicle_state_data__functions.c
-- Installing: /home/hwl/per_workspace/control_plan/chapter4/ros2_lqr/install/lgsvl_msgs/include/lgsvl_msgs/lgsvl_msgs/msg/detail/detected_radar_object__functions.c
-- Installing: /home/hwl/per_workspace/control_plan/chapter4/ros2_lqr/install/lgsvl_msgs/include/lgsvl_msgs/lgsvl_msgs/msg/detail/bounding_box2_d__struct.h
-- Installing: /home/hwl/per_workspace/control_plan/chapter4/ros2_lqr/install/lgsvl_msgs/include/lgsvl_msgs/lgsvl_msgs/msg/detail/signal_array__functions.c
-- Installing: /home/hwl/per_workspace/control_plan/chapter4/ros2_lqr/install/lgsvl_msgs/include/lgsvl_msgs/lgsvl_msgs/msg/detail/detection3_d_array__struct.h
-- Installing: /home/hwl/per_workspace/control_plan/chapter4/ros2_lqr/install/lgsvl_msgs/include/lgsvl_msgs/lgsvl_msgs/msg/detail/detection3_d__functions.c
-- Installing: /home/hwl/per_workspace/control_plan/chapter4/ros2_lqr/install/lgsvl_msgs/include/lgsvl_msgs/lgsvl_msgs/msg/detail/detection2_d_array__type_support.h
-- Installing: /home/hwl/per_workspace/control_plan/chapter4/ros2_lqr/install/lgsvl_msgs/include/lgsvl_msgs/lgsvl_msgs/msg/detail/vehicle_odometry__functions.c
-- Installing: /home/hwl/per_workspace/control_plan/chapter4/ros2_lqr/install/lgsvl_msgs/include/lgsvl_msgs/lgsvl_msgs/msg/detail/can_bus_data__functions.h
-- Installing: /home/hwl/per_workspace/control_plan/chapter4/ros2_lqr/install/lgsvl_msgs/include/lgsvl_msgs/lgsvl_msgs/msg/detail/detected_radar_object__struct.h
-- Installing: /home/hwl/per_workspace/control_plan/chapter4/ros2_lqr/install/lgsvl_msgs/include/lgsvl_msgs/lgsvl_msgs/msg/detail/ultrasonic__struct.h
-- Installing: /home/hwl/per_workspace/control_plan/chapter4/ros2_lqr/install/lgsvl_msgs/include/lgsvl_msgs/lgsvl_msgs/msg/detail/detected_radar_object_array__struct.h
-- Installing: /home/hwl/per_workspace/control_plan/chapter4/ros2_lqr/install/lgsvl_msgs/include/lgsvl_msgs/lgsvl_msgs/msg/detail/signal_array__struct.h
-- Installing: /home/hwl/per_workspace/control_plan/chapter4/ros2_lqr/install/lgsvl_msgs/include/lgsvl_msgs/lgsvl_msgs/msg/detail/vehicle_control_data__functions.h
-- Installing: /home/hwl/per_workspace/control_plan/chapter4/ros2_lqr/install/lgsvl_msgs/include/lgsvl_msgs/lgsvl_msgs/msg/detail/vehicle_control_data__type_support.h
-- Installing: /home/hwl/per_workspace/control_plan/chapter4/ros2_lqr/install/lgsvl_msgs/include/lgsvl_msgs/lgsvl_msgs/msg/detail/can_bus_data__functions.c
-- Installing: /home/hwl/per_workspace/control_plan/chapter4/ros2_lqr/install/lgsvl_msgs/include/lgsvl_msgs/lgsvl_msgs/msg/detail/bounding_box2_d__functions.c
-- Installing: /home/hwl/per_workspace/control_plan/chapter4/ros2_lqr/install/lgsvl_msgs/include/lgsvl_msgs/lgsvl_msgs/msg/detail/vehicle_control_data__functions.c
-- Installing: /home/hwl/per_workspace/control_plan/chapter4/ros2_lqr/install/lgsvl_msgs/include/lgsvl_msgs/lgsvl_msgs/msg/detail/detected_radar_object_array__type_support.h
-- Installing: /home/hwl/per_workspace/control_plan/chapter4/ros2_lqr/install/lgsvl_msgs/include/lgsvl_msgs/lgsvl_msgs/msg/detail/can_bus_data__type_support.h
-- Installing: /home/hwl/per_workspace/control_plan/chapter4/ros2_lqr/install/lgsvl_msgs/include/lgsvl_msgs/lgsvl_msgs/msg/detail/detection3_d_array__type_support.h
-- Installing: /home/hwl/per_workspace/control_plan/chapter4/ros2_lqr/install/lgsvl_msgs/include/lgsvl_msgs/lgsvl_msgs/msg/detail/signal__struct.h
-- Installing: /home/hwl/per_workspace/control_plan/chapter4/ros2_lqr/install/lgsvl_msgs/include/lgsvl_msgs/lgsvl_msgs/msg/detail/detected_radar_object__functions.h
-- Installing: /home/hwl/per_workspace/control_plan/chapter4/ros2_lqr/install/lgsvl_msgs/include/lgsvl_msgs/lgsvl_msgs/msg/detail/ultrasonic__functions.h
-- Installing: /home/hwl/per_workspace/control_plan/chapter4/ros2_lqr/install/lgsvl_msgs/include/lgsvl_msgs/lgsvl_msgs/msg/detail/detection3_d_array__functions.c
-- Installing: /home/hwl/per_workspace/control_plan/chapter4/ros2_lqr/install/lgsvl_msgs/include/lgsvl_msgs/lgsvl_msgs/msg/detail/detection2_d_array__struct.h
-- Installing: /home/hwl/per_workspace/control_plan/chapter4/ros2_lqr/install/lgsvl_msgs/include/lgsvl_msgs/lgsvl_msgs/msg/detail/detection3_d_array__functions.h
-- Installing: /home/hwl/per_workspace/control_plan/chapter4/ros2_lqr/install/lgsvl_msgs/include/lgsvl_msgs/lgsvl_msgs/msg/detail/bounding_box3_d__functions.h
-- Installing: /home/hwl/per_workspace/control_plan/chapter4/ros2_lqr/install/lgsvl_msgs/include/lgsvl_msgs/lgsvl_msgs/msg/detail/bounding_box2_d__type_support.h
-- Installing: /home/hwl/per_workspace/control_plan/chapter4/ros2_lqr/install/lgsvl_msgs/include/lgsvl_msgs/lgsvl_msgs/msg/detail/detection3_d__type_support.h
-- Installing: /home/hwl/per_workspace/control_plan/chapter4/ros2_lqr/install/lgsvl_msgs/include/lgsvl_msgs/lgsvl_msgs/msg/detail/bounding_box2_d__functions.h
-- Installing: /home/hwl/per_workspace/control_plan/chapter4/ros2_lqr/install/lgsvl_msgs/include/lgsvl_msgs/lgsvl_msgs/msg/detail/detection2_d__struct.h
-- Installing: /home/hwl/per_workspace/control_plan/chapter4/ros2_lqr/install/lgsvl_msgs/include/lgsvl_msgs/lgsvl_msgs/msg/detail/vehicle_odometry__struct.h
-- Installing: /home/hwl/per_workspace/control_plan/chapter4/ros2_lqr/install/lgsvl_msgs/include/lgsvl_msgs/lgsvl_msgs/msg/detail/detection2_d__functions.h
-- Installing: /home/hwl/per_workspace/control_plan/chapter4/ros2_lqr/install/lgsvl_msgs/include/lgsvl_msgs/lgsvl_msgs/msg/detail/detection2_d__type_support.h
-- Installing: /home/hwl/per_workspace/control_plan/chapter4/ros2_lqr/install/lgsvl_msgs/include/lgsvl_msgs/lgsvl_msgs/msg/detail/vehicle_control_data__struct.h
-- Installing: /home/hwl/per_workspace/control_plan/chapter4/ros2_lqr/install/lgsvl_msgs/include/lgsvl_msgs/lgsvl_msgs/msg/detail/signal_array__type_support.h
-- Installing: /home/hwl/per_workspace/control_plan/chapter4/ros2_lqr/install/lgsvl_msgs/include/lgsvl_msgs/lgsvl_msgs/msg/detail/ultrasonic__type_support.h
-- Installing: /home/hwl/per_workspace/control_plan/chapter4/ros2_lqr/install/lgsvl_msgs/include/lgsvl_msgs/lgsvl_msgs/msg/detail/detection2_d__functions.c
-- Installing: /home/hwl/per_workspace/control_plan/chapter4/ros2_lqr/install/lgsvl_msgs/include/lgsvl_msgs/lgsvl_msgs/msg/detail/bounding_box3_d__struct.h
-- Installing: /home/hwl/per_workspace/control_plan/chapter4/ros2_lqr/install/lgsvl_msgs/include/lgsvl_msgs/lgsvl_msgs/msg/detail/vehicle_odometry__type_support.h
-- Installing: /home/hwl/per_workspace/control_plan/chapter4/ros2_lqr/install/lgsvl_msgs/include/lgsvl_msgs/lgsvl_msgs/msg/detail/signal_array__functions.h
-- Installing: /home/hwl/per_workspace/control_plan/chapter4/ros2_lqr/install/lgsvl_msgs/include/lgsvl_msgs/lgsvl_msgs/msg/detail/signal__functions.h
-- Installing: /home/hwl/per_workspace/control_plan/chapter4/ros2_lqr/install/lgsvl_msgs/include/lgsvl_msgs/lgsvl_msgs/msg/detail/vehicle_state_data__type_support.h
-- Installing: /home/hwl/per_workspace/control_plan/chapter4/ros2_lqr/install/lgsvl_msgs/include/lgsvl_msgs/lgsvl_msgs/msg/detail/detected_radar_object_array__functions.h
-- Installing: /home/hwl/per_workspace/control_plan/chapter4/ros2_lqr/install/lgsvl_msgs/include/lgsvl_msgs/lgsvl_msgs/msg/detail/signal__type_support.h
-- Installing: /home/hwl/per_workspace/control_plan/chapter4/ros2_lqr/install/lgsvl_msgs/include/lgsvl_msgs/lgsvl_msgs/msg/detail/can_bus_data__struct.h
-- Installing: /home/hwl/per_workspace/control_plan/chapter4/ros2_lqr/install/lgsvl_msgs/include/lgsvl_msgs/lgsvl_msgs/msg/detail/ultrasonic__functions.c
-- Installing: /home/hwl/per_workspace/control_plan/chapter4/ros2_lqr/install/lgsvl_msgs/include/lgsvl_msgs/lgsvl_msgs/msg/detail/vehicle_state_data__functions.h
-- Installing: /home/hwl/per_workspace/control_plan/chapter4/ros2_lqr/install/lgsvl_msgs/include/lgsvl_msgs/lgsvl_msgs/msg/detail/detected_radar_object__type_support.h
-- Installing: /home/hwl/per_workspace/control_plan/chapter4/ros2_lqr/install/lgsvl_msgs/include/lgsvl_msgs/lgsvl_msgs/msg/detail/vehicle_state_data__struct.h
-- Installing: /home/hwl/per_workspace/control_plan/chapter4/ros2_lqr/install/lgsvl_msgs/include/lgsvl_msgs/lgsvl_msgs/msg/detail/detection2_d_array__functions.h
-- Installing: /home/hwl/per_workspace/control_plan/chapter4/ros2_lqr/install/lgsvl_msgs/include/lgsvl_msgs/lgsvl_msgs/msg/detail/detected_radar_object_array__functions.c
-- Installing: /home/hwl/per_workspace/control_plan/chapter4/ros2_lqr/install/lgsvl_msgs/include/lgsvl_msgs/lgsvl_msgs/msg/detail/bounding_box3_d__type_support.h
-- Installing: /home/hwl/per_workspace/control_plan/chapter4/ros2_lqr/install/lgsvl_msgs/include/lgsvl_msgs/lgsvl_msgs/msg/signal_array.h
-- Installing: /home/hwl/per_workspace/control_plan/chapter4/ros2_lqr/install/lgsvl_msgs/include/lgsvl_msgs/lgsvl_msgs/msg/ultrasonic.h
-- Installing: /home/hwl/per_workspace/control_plan/chapter4/ros2_lqr/install/lgsvl_msgs/include/lgsvl_msgs/lgsvl_msgs/msg/rosidl_generator_c__visibility_control.h
-- Installing: /home/hwl/per_workspace/control_plan/chapter4/ros2_lqr/install/lgsvl_msgs/include/lgsvl_msgs/lgsvl_msgs/msg/signal.h
-- Installing: /home/hwl/per_workspace/control_plan/chapter4/ros2_lqr/install/lgsvl_msgs/include/lgsvl_msgs/lgsvl_msgs/msg/detection2_d_array.h
-- Installing: /home/hwl/per_workspace/control_plan/chapter4/ros2_lqr/install/lgsvl_msgs/include/lgsvl_msgs/lgsvl_msgs/msg/detected_radar_object.h
-- Installing: /home/hwl/per_workspace/control_plan/chapter4/ros2_lqr/install/lgsvl_msgs/include/lgsvl_msgs/lgsvl_msgs/msg/can_bus_data.h
-- Installing: /home/hwl/per_workspace/control_plan/chapter4/ros2_lqr/install/lgsvl_msgs/include/lgsvl_msgs/lgsvl_msgs/msg/detected_radar_object_array.h
-- Installing: /home/hwl/per_workspace/control_plan/chapter4/ros2_lqr/install/lgsvl_msgs/include/lgsvl_msgs/lgsvl_msgs/msg/bounding_box3_d.h
-- Installing: /home/hwl/per_workspace/control_plan/chapter4/ros2_lqr/install/lgsvl_msgs/include/lgsvl_msgs/lgsvl_msgs/msg/vehicle_control_data.h
-- Installing: /home/hwl/per_workspace/control_plan/chapter4/ros2_lqr/install/lgsvl_msgs/include/lgsvl_msgs/lgsvl_msgs/msg/detection3_d.h
-- Installing: /home/hwl/per_workspace/control_plan/chapter4/ros2_lqr/install/lgsvl_msgs/include/lgsvl_msgs/lgsvl_msgs/msg/vehicle_state_data.h
-- Installing: /home/hwl/per_workspace/control_plan/chapter4/ros2_lqr/install/lgsvl_msgs/include/lgsvl_msgs/lgsvl_msgs/msg/detection2_d.h
-- Installing: /home/hwl/per_workspace/control_plan/chapter4/ros2_lqr/install/lgsvl_msgs/share/lgsvl_msgs/environment/library_path.sh
-- Installing: /home/hwl/per_workspace/control_plan/chapter4/ros2_lqr/install/lgsvl_msgs/share/lgsvl_msgs/environment/library_path.dsv
-- Installing: /home/hwl/per_workspace/control_plan/chapter4/ros2_lqr/install/lgsvl_msgs/lib/liblgsvl_msgs__rosidl_generator_c.so
-- Set runtime path of "/home/hwl/per_workspace/control_plan/chapter4/ros2_lqr/install/lgsvl_msgs/lib/liblgsvl_msgs__rosidl_generator_c.so" to ""
-- Up-to-date: /home/hwl/per_workspace/control_plan/chapter4/ros2_lqr/install/lgsvl_msgs/include/lgsvl_msgs/lgsvl_msgs
-- Up-to-date: /home/hwl/per_workspace/control_plan/chapter4/ros2_lqr/install/lgsvl_msgs/include/lgsvl_msgs/lgsvl_msgs/msg
-- Up-to-date: /home/hwl/per_workspace/control_plan/chapter4/ros2_lqr/install/lgsvl_msgs/include/lgsvl_msgs/lgsvl_msgs/msg/detail
-- Installing: /home/hwl/per_workspace/control_plan/chapter4/ros2_lqr/install/lgsvl_msgs/include/lgsvl_msgs/lgsvl_msgs/msg/detail/detection2_d_array__rosidl_typesupport_fastrtps_c.h
-- Installing: /home/hwl/per_workspace/control_plan/chapter4/ros2_lqr/install/lgsvl_msgs/include/lgsvl_msgs/lgsvl_msgs/msg/detail/signal__rosidl_typesupport_fastrtps_c.h
-- Installing: /home/hwl/per_workspace/control_plan/chapter4/ros2_lqr/install/lgsvl_msgs/include/lgsvl_msgs/lgsvl_msgs/msg/detail/bounding_box2_d__rosidl_typesupport_fastrtps_c.h
-- Installing: /home/hwl/per_workspace/control_plan/chapter4/ros2_lqr/install/lgsvl_msgs/include/lgsvl_msgs/lgsvl_msgs/msg/detail/detection2_d__rosidl_typesupport_fastrtps_c.h
-- Installing: /home/hwl/per_workspace/control_plan/chapter4/ros2_lqr/install/lgsvl_msgs/include/lgsvl_msgs/lgsvl_msgs/msg/detail/vehicle_odometry__rosidl_typesupport_fastrtps_c.h
-- Installing: /home/hwl/per_workspace/control_plan/chapter4/ros2_lqr/install/lgsvl_msgs/include/lgsvl_msgs/lgsvl_msgs/msg/detail/detection3_d_array__rosidl_typesupport_fastrtps_c.h
-- Installing: /home/hwl/per_workspace/control_plan/chapter4/ros2_lqr/install/lgsvl_msgs/include/lgsvl_msgs/lgsvl_msgs/msg/detail/bounding_box3_d__rosidl_typesupport_fastrtps_c.h
-- Installing: /home/hwl/per_workspace/control_plan/chapter4/ros2_lqr/install/lgsvl_msgs/include/lgsvl_msgs/lgsvl_msgs/msg/detail/vehicle_state_data__rosidl_typesupport_fastrtps_c.h
-- Installing: /home/hwl/per_workspace/control_plan/chapter4/ros2_lqr/install/lgsvl_msgs/include/lgsvl_msgs/lgsvl_msgs/msg/detail/signal_array__rosidl_typesupport_fastrtps_c.h
-- Installing: /home/hwl/per_workspace/control_plan/chapter4/ros2_lqr/install/lgsvl_msgs/include/lgsvl_msgs/lgsvl_msgs/msg/detail/detected_radar_object__rosidl_typesupport_fastrtps_c.h
-- Installing: /home/hwl/per_workspace/control_plan/chapter4/ros2_lqr/install/lgsvl_msgs/include/lgsvl_msgs/lgsvl_msgs/msg/detail/ultrasonic__rosidl_typesupport_fastrtps_c.h
-- Installing: /home/hwl/per_workspace/control_plan/chapter4/ros2_lqr/install/lgsvl_msgs/include/lgsvl_msgs/lgsvl_msgs/msg/detail/can_bus_data__rosidl_typesupport_fastrtps_c.h
-- Installing: /home/hwl/per_workspace/control_plan/chapter4/ros2_lqr/install/lgsvl_msgs/include/lgsvl_msgs/lgsvl_msgs/msg/detail/vehicle_control_data__rosidl_typesupport_fastrtps_c.h
-- Installing: /home/hwl/per_workspace/control_plan/chapter4/ros2_lqr/install/lgsvl_msgs/include/lgsvl_msgs/lgsvl_msgs/msg/detail/detected_radar_object_array__rosidl_typesupport_fastrtps_c.h
-- Installing: /home/hwl/per_workspace/control_plan/chapter4/ros2_lqr/install/lgsvl_msgs/include/lgsvl_msgs/lgsvl_msgs/msg/detail/detection3_d__rosidl_typesupport_fastrtps_c.h
-- Installing: /home/hwl/per_workspace/control_plan/chapter4/ros2_lqr/install/lgsvl_msgs/include/lgsvl_msgs/lgsvl_msgs/msg/rosidl_typesupport_fastrtps_c__visibility_control.h
-- Installing: /home/hwl/per_workspace/control_plan/chapter4/ros2_lqr/install/lgsvl_msgs/lib/liblgsvl_msgs__rosidl_typesupport_fastrtps_c.so
-- Set runtime path of "/home/hwl/per_workspace/control_plan/chapter4/ros2_lqr/install/lgsvl_msgs/lib/liblgsvl_msgs__rosidl_typesupport_fastrtps_c.so" to ""
-- Up-to-date: /home/hwl/per_workspace/control_plan/chapter4/ros2_lqr/install/lgsvl_msgs/include/lgsvl_msgs/lgsvl_msgs
-- Up-to-date: /home/hwl/per_workspace/control_plan/chapter4/ros2_lqr/install/lgsvl_msgs/include/lgsvl_msgs/lgsvl_msgs/msg
-- Installing: /home/hwl/per_workspace/control_plan/chapter4/ros2_lqr/install/lgsvl_msgs/include/lgsvl_msgs/lgsvl_msgs/msg/detected_radar_object.hpp
-- Up-to-date: /home/hwl/per_workspace/control_plan/chapter4/ros2_lqr/install/lgsvl_msgs/include/lgsvl_msgs/lgsvl_msgs/msg/detail
-- Installing: /home/hwl/per_workspace/control_plan/chapter4/ros2_lqr/install/lgsvl_msgs/include/lgsvl_msgs/lgsvl_msgs/msg/detail/can_bus_data__traits.hpp
-- Installing: /home/hwl/per_workspace/control_plan/chapter4/ros2_lqr/install/lgsvl_msgs/include/lgsvl_msgs/lgsvl_msgs/msg/detail/bounding_box2_d__struct.hpp
-- Installing: /home/hwl/per_workspace/control_plan/chapter4/ros2_lqr/install/lgsvl_msgs/include/lgsvl_msgs/lgsvl_msgs/msg/detail/vehicle_control_data__struct.hpp
-- Installing: /home/hwl/per_workspace/control_plan/chapter4/ros2_lqr/install/lgsvl_msgs/include/lgsvl_msgs/lgsvl_msgs/msg/detail/detection2_d_array__struct.hpp
-- Installing: /home/hwl/per_workspace/control_plan/chapter4/ros2_lqr/install/lgsvl_msgs/include/lgsvl_msgs/lgsvl_msgs/msg/detail/detected_radar_object__struct.hpp
-- Installing: /home/hwl/per_workspace/control_plan/chapter4/ros2_lqr/install/lgsvl_msgs/include/lgsvl_msgs/lgsvl_msgs/msg/detail/signal_array__traits.hpp
-- Installing: /home/hwl/per_workspace/control_plan/chapter4/ros2_lqr/install/lgsvl_msgs/include/lgsvl_msgs/lgsvl_msgs/msg/detail/vehicle_control_data__builder.hpp
-- Installing: /home/hwl/per_workspace/control_plan/chapter4/ros2_lqr/install/lgsvl_msgs/include/lgsvl_msgs/lgsvl_msgs/msg/detail/detection2_d__struct.hpp
-- Installing: /home/hwl/per_workspace/control_plan/chapter4/ros2_lqr/install/lgsvl_msgs/include/lgsvl_msgs/lgsvl_msgs/msg/detail/vehicle_odometry__traits.hpp
-- Installing: /home/hwl/per_workspace/control_plan/chapter4/ros2_lqr/install/lgsvl_msgs/include/lgsvl_msgs/lgsvl_msgs/msg/detail/bounding_box2_d__builder.hpp
-- Installing: /home/hwl/per_workspace/control_plan/chapter4/ros2_lqr/install/lgsvl_msgs/include/lgsvl_msgs/lgsvl_msgs/msg/detail/detection2_d_array__builder.hpp
-- Installing: /home/hwl/per_workspace/control_plan/chapter4/ros2_lqr/install/lgsvl_msgs/include/lgsvl_msgs/lgsvl_msgs/msg/detail/ultrasonic__struct.hpp
-- Installing: /home/hwl/per_workspace/control_plan/chapter4/ros2_lqr/install/lgsvl_msgs/include/lgsvl_msgs/lgsvl_msgs/msg/detail/detection3_d__struct.hpp
-- Installing: /home/hwl/per_workspace/control_plan/chapter4/ros2_lqr/install/lgsvl_msgs/include/lgsvl_msgs/lgsvl_msgs/msg/detail/signal_array__builder.hpp
-- Installing: /home/hwl/per_workspace/control_plan/chapter4/ros2_lqr/install/lgsvl_msgs/include/lgsvl_msgs/lgsvl_msgs/msg/detail/detected_radar_object_array__traits.hpp
-- Installing: /home/hwl/per_workspace/control_plan/chapter4/ros2_lqr/install/lgsvl_msgs/include/lgsvl_msgs/lgsvl_msgs/msg/detail/detection3_d__builder.hpp
-- Installing: /home/hwl/per_workspace/control_plan/chapter4/ros2_lqr/install/lgsvl_msgs/include/lgsvl_msgs/lgsvl_msgs/msg/detail/can_bus_data__builder.hpp
-- Installing: /home/hwl/per_workspace/control_plan/chapter4/ros2_lqr/install/lgsvl_msgs/include/lgsvl_msgs/lgsvl_msgs/msg/detail/detected_radar_object__builder.hpp
-- Installing: /home/hwl/per_workspace/control_plan/chapter4/ros2_lqr/install/lgsvl_msgs/include/lgsvl_msgs/lgsvl_msgs/msg/detail/vehicle_odometry__struct.hpp
-- Installing: /home/hwl/per_workspace/control_plan/chapter4/ros2_lqr/install/lgsvl_msgs/include/lgsvl_msgs/lgsvl_msgs/msg/detail/signal__struct.hpp
-- Installing: /home/hwl/per_workspace/control_plan/chapter4/ros2_lqr/install/lgsvl_msgs/include/lgsvl_msgs/lgsvl_msgs/msg/detail/vehicle_odometry__builder.hpp
-- Installing: /home/hwl/per_workspace/control_plan/chapter4/ros2_lqr/install/lgsvl_msgs/include/lgsvl_msgs/lgsvl_msgs/msg/detail/vehicle_state_data__builder.hpp
-- Installing: /home/hwl/per_workspace/control_plan/chapter4/ros2_lqr/install/lgsvl_msgs/include/lgsvl_msgs/lgsvl_msgs/msg/detail/can_bus_data__struct.hpp
-- Installing: /home/hwl/per_workspace/control_plan/chapter4/ros2_lqr/install/lgsvl_msgs/include/lgsvl_msgs/lgsvl_msgs/msg/detail/vehicle_control_data__traits.hpp
-- Installing: /home/hwl/per_workspace/control_plan/chapter4/ros2_lqr/install/lgsvl_msgs/include/lgsvl_msgs/lgsvl_msgs/msg/detail/detection3_d_array__traits.hpp
-- Installing: /home/hwl/per_workspace/control_plan/chapter4/ros2_lqr/install/lgsvl_msgs/include/lgsvl_msgs/lgsvl_msgs/msg/detail/bounding_box3_d__traits.hpp
-- Installing: /home/hwl/per_workspace/control_plan/chapter4/ros2_lqr/install/lgsvl_msgs/include/lgsvl_msgs/lgsvl_msgs/msg/detail/signal__traits.hpp
-- Installing: /home/hwl/per_workspace/control_plan/chapter4/ros2_lqr/install/lgsvl_msgs/include/lgsvl_msgs/lgsvl_msgs/msg/detail/signal_array__struct.hpp
-- Installing: /home/hwl/per_workspace/control_plan/chapter4/ros2_lqr/install/lgsvl_msgs/include/lgsvl_msgs/lgsvl_msgs/msg/detail/detection3_d_array__builder.hpp
-- Installing: /home/hwl/per_workspace/control_plan/chapter4/ros2_lqr/install/lgsvl_msgs/include/lgsvl_msgs/lgsvl_msgs/msg/detail/detection3_d_array__struct.hpp
-- Installing: /home/hwl/per_workspace/control_plan/chapter4/ros2_lqr/install/lgsvl_msgs/include/lgsvl_msgs/lgsvl_msgs/msg/detail/detection2_d__builder.hpp
-- Installing: /home/hwl/per_workspace/control_plan/chapter4/ros2_lqr/install/lgsvl_msgs/include/lgsvl_msgs/lgsvl_msgs/msg/detail/ultrasonic__traits.hpp
-- Installing: /home/hwl/per_workspace/control_plan/chapter4/ros2_lqr/install/lgsvl_msgs/include/lgsvl_msgs/lgsvl_msgs/msg/detail/detected_radar_object__traits.hpp
-- Installing: /home/hwl/per_workspace/control_plan/chapter4/ros2_lqr/install/lgsvl_msgs/include/lgsvl_msgs/lgsvl_msgs/msg/detail/detected_radar_object_array__struct.hpp
-- Installing: /home/hwl/per_workspace/control_plan/chapter4/ros2_lqr/install/lgsvl_msgs/include/lgsvl_msgs/lgsvl_msgs/msg/detail/bounding_box3_d__builder.hpp
-- Installing: /home/hwl/per_workspace/control_plan/chapter4/ros2_lqr/install/lgsvl_msgs/include/lgsvl_msgs/lgsvl_msgs/msg/detail/vehicle_state_data__traits.hpp
-- Installing: /home/hwl/per_workspace/control_plan/chapter4/ros2_lqr/install/lgsvl_msgs/include/lgsvl_msgs/lgsvl_msgs/msg/detail/detected_radar_object_array__builder.hpp
-- Installing: /home/hwl/per_workspace/control_plan/chapter4/ros2_lqr/install/lgsvl_msgs/include/lgsvl_msgs/lgsvl_msgs/msg/detail/ultrasonic__builder.hpp
-- Installing: /home/hwl/per_workspace/control_plan/chapter4/ros2_lqr/install/lgsvl_msgs/include/lgsvl_msgs/lgsvl_msgs/msg/detail/vehicle_state_data__struct.hpp
-- Installing: /home/hwl/per_workspace/control_plan/chapter4/ros2_lqr/install/lgsvl_msgs/include/lgsvl_msgs/lgsvl_msgs/msg/detail/signal__builder.hpp
-- Installing: /home/hwl/per_workspace/control_plan/chapter4/ros2_lqr/install/lgsvl_msgs/include/lgsvl_msgs/lgsvl_msgs/msg/detail/detection2_d__traits.hpp
-- Installing: /home/hwl/per_workspace/control_plan/chapter4/ros2_lqr/install/lgsvl_msgs/include/lgsvl_msgs/lgsvl_msgs/msg/detail/detection2_d_array__traits.hpp
-- Installing: /home/hwl/per_workspace/control_plan/chapter4/ros2_lqr/install/lgsvl_msgs/include/lgsvl_msgs/lgsvl_msgs/msg/detail/bounding_box2_d__traits.hpp
-- Installing: /home/hwl/per_workspace/control_plan/chapter4/ros2_lqr/install/lgsvl_msgs/include/lgsvl_msgs/lgsvl_msgs/msg/detail/bounding_box3_d__struct.hpp
-- Installing: /home/hwl/per_workspace/control_plan/chapter4/ros2_lqr/install/lgsvl_msgs/include/lgsvl_msgs/lgsvl_msgs/msg/detail/detection3_d__traits.hpp
-- Installing: /home/hwl/per_workspace/control_plan/chapter4/ros2_lqr/install/lgsvl_msgs/include/lgsvl_msgs/lgsvl_msgs/msg/can_bus_data.hpp
-- Installing: /home/hwl/per_workspace/control_plan/chapter4/ros2_lqr/install/lgsvl_msgs/include/lgsvl_msgs/lgsvl_msgs/msg/bounding_box3_d.hpp
-- Installing: /home/hwl/per_workspace/control_plan/chapter4/ros2_lqr/install/lgsvl_msgs/include/lgsvl_msgs/lgsvl_msgs/msg/detection3_d_array.hpp
-- Installing: /home/hwl/per_workspace/control_plan/chapter4/ros2_lqr/install/lgsvl_msgs/include/lgsvl_msgs/lgsvl_msgs/msg/detection2_d.hpp
-- Installing: /home/hwl/per_workspace/control_plan/chapter4/ros2_lqr/install/lgsvl_msgs/include/lgsvl_msgs/lgsvl_msgs/msg/signal.hpp
-- Installing: /home/hwl/per_workspace/control_plan/chapter4/ros2_lqr/install/lgsvl_msgs/include/lgsvl_msgs/lgsvl_msgs/msg/vehicle_control_data.hpp
-- Installing: /home/hwl/per_workspace/control_plan/chapter4/ros2_lqr/install/lgsvl_msgs/include/lgsvl_msgs/lgsvl_msgs/msg/ultrasonic.hpp
-- Installing: /home/hwl/per_workspace/control_plan/chapter4/ros2_lqr/install/lgsvl_msgs/include/lgsvl_msgs/lgsvl_msgs/msg/detection2_d_array.hpp
-- Installing: /home/hwl/per_workspace/control_plan/chapter4/ros2_lqr/install/lgsvl_msgs/include/lgsvl_msgs/lgsvl_msgs/msg/detected_radar_object_array.hpp
-- Installing: /home/hwl/per_workspace/control_plan/chapter4/ros2_lqr/install/lgsvl_msgs/include/lgsvl_msgs/lgsvl_msgs/msg/signal_array.hpp
-- Installing: /home/hwl/per_workspace/control_plan/chapter4/ros2_lqr/install/lgsvl_msgs/include/lgsvl_msgs/lgsvl_msgs/msg/vehicle_state_data.hpp
-- Installing: /home/hwl/per_workspace/control_plan/chapter4/ros2_lqr/install/lgsvl_msgs/include/lgsvl_msgs/lgsvl_msgs/msg/vehicle_odometry.hpp
-- Installing: /home/hwl/per_workspace/control_plan/chapter4/ros2_lqr/install/lgsvl_msgs/include/lgsvl_msgs/lgsvl_msgs/msg/bounding_box2_d.hpp
-- Installing: /home/hwl/per_workspace/control_plan/chapter4/ros2_lqr/install/lgsvl_msgs/include/lgsvl_msgs/lgsvl_msgs/msg/detection3_d.hpp
-- Up-to-date: /home/hwl/per_workspace/control_plan/chapter4/ros2_lqr/install/lgsvl_msgs/include/lgsvl_msgs/lgsvl_msgs
-- Up-to-date: /home/hwl/per_workspace/control_plan/chapter4/ros2_lqr/install/lgsvl_msgs/include/lgsvl_msgs/lgsvl_msgs/msg
-- Installing: /home/hwl/per_workspace/control_plan/chapter4/ros2_lqr/install/lgsvl_msgs/include/lgsvl_msgs/lgsvl_msgs/msg/rosidl_typesupport_fastrtps_cpp__visibility_control.h
-- Up-to-date: /home/hwl/per_workspace/control_plan/chapter4/ros2_lqr/install/lgsvl_msgs/include/lgsvl_msgs/lgsvl_msgs/msg/detail
-- Installing: /home/hwl/per_workspace/control_plan/chapter4/ros2_lqr/install/lgsvl_msgs/include/lgsvl_msgs/lgsvl_msgs/msg/detail/bounding_box2_d__rosidl_typesupport_fastrtps_cpp.hpp
-- Installing: /home/hwl/per_workspace/control_plan/chapter4/ros2_lqr/install/lgsvl_msgs/include/lgsvl_msgs/lgsvl_msgs/msg/detail/vehicle_control_data__rosidl_typesupport_fastrtps_cpp.hpp
-- Installing: /home/hwl/per_workspace/control_plan/chapter4/ros2_lqr/install/lgsvl_msgs/include/lgsvl_msgs/lgsvl_msgs/msg/detail/signal__rosidl_typesupport_fastrtps_cpp.hpp
-- Installing: /home/hwl/per_workspace/control_plan/chapter4/ros2_lqr/install/lgsvl_msgs/include/lgsvl_msgs/lgsvl_msgs/msg/detail/dds_fastrtps
-- Installing: /home/hwl/per_workspace/control_plan/chapter4/ros2_lqr/install/lgsvl_msgs/include/lgsvl_msgs/lgsvl_msgs/msg/detail/can_bus_data__rosidl_typesupport_fastrtps_cpp.hpp
-- Installing: /home/hwl/per_workspace/control_plan/chapter4/ros2_lqr/install/lgsvl_msgs/include/lgsvl_msgs/lgsvl_msgs/msg/detail/detection3_d__rosidl_typesupport_fastrtps_cpp.hpp
-- Installing: /home/hwl/per_workspace/control_plan/chapter4/ros2_lqr/install/lgsvl_msgs/include/lgsvl_msgs/lgsvl_msgs/msg/detail/detection3_d_array__rosidl_typesupport_fastrtps_cpp.hpp
-- Installing: /home/hwl/per_workspace/control_plan/chapter4/ros2_lqr/install/lgsvl_msgs/include/lgsvl_msgs/lgsvl_msgs/msg/detail/vehicle_odometry__rosidl_typesupport_fastrtps_cpp.hpp
-- Installing: /home/hwl/per_workspace/control_plan/chapter4/ros2_lqr/install/lgsvl_msgs/include/lgsvl_msgs/lgsvl_msgs/msg/detail/detected_radar_object_array__rosidl_typesupport_fastrtps_cpp.hpp
-- Installing: /home/hwl/per_workspace/control_plan/chapter4/ros2_lqr/install/lgsvl_msgs/include/lgsvl_msgs/lgsvl_msgs/msg/detail/detection2_d__rosidl_typesupport_fastrtps_cpp.hpp
-- Installing: /home/hwl/per_workspace/control_plan/chapter4/ros2_lqr/install/lgsvl_msgs/include/lgsvl_msgs/lgsvl_msgs/msg/detail/ultrasonic__rosidl_typesupport_fastrtps_cpp.hpp
-- Installing: /home/hwl/per_workspace/control_plan/chapter4/ros2_lqr/install/lgsvl_msgs/include/lgsvl_msgs/lgsvl_msgs/msg/detail/detection2_d_array__rosidl_typesupport_fastrtps_cpp.hpp
-- Installing: /home/hwl/per_workspace/control_plan/chapter4/ros2_lqr/install/lgsvl_msgs/include/lgsvl_msgs/lgsvl_msgs/msg/detail/signal_array__rosidl_typesupport_fastrtps_cpp.hpp
-- Installing: /home/hwl/per_workspace/control_plan/chapter4/ros2_lqr/install/lgsvl_msgs/include/lgsvl_msgs/lgsvl_msgs/msg/detail/vehicle_state_data__rosidl_typesupport_fastrtps_cpp.hpp
-- Installing: /home/hwl/per_workspace/control_plan/chapter4/ros2_lqr/install/lgsvl_msgs/include/lgsvl_msgs/lgsvl_msgs/msg/detail/detected_radar_object__rosidl_typesupport_fastrtps_cpp.hpp
-- Installing: /home/hwl/per_workspace/control_plan/chapter4/ros2_lqr/install/lgsvl_msgs/include/lgsvl_msgs/lgsvl_msgs/msg/detail/bounding_box3_d__rosidl_typesupport_fastrtps_cpp.hpp
-- Installing: /home/hwl/per_workspace/control_plan/chapter4/ros2_lqr/install/lgsvl_msgs/lib/liblgsvl_msgs__rosidl_typesupport_fastrtps_cpp.so
-- Set runtime path of "/home/hwl/per_workspace/control_plan/chapter4/ros2_lqr/install/lgsvl_msgs/lib/liblgsvl_msgs__rosidl_typesupport_fastrtps_cpp.so" to ""
-- Up-to-date: /home/hwl/per_workspace/control_plan/chapter4/ros2_lqr/install/lgsvl_msgs/include/lgsvl_msgs/lgsvl_msgs
-- Up-to-date: /home/hwl/per_workspace/control_plan/chapter4/ros2_lqr/install/lgsvl_msgs/include/lgsvl_msgs/lgsvl_msgs/msg
-- Up-to-date: /home/hwl/per_workspace/control_plan/chapter4/ros2_lqr/install/lgsvl_msgs/include/lgsvl_msgs/lgsvl_msgs/msg/detail
-- Installing: /home/hwl/per_workspace/control_plan/chapter4/ros2_lqr/install/lgsvl_msgs/include/lgsvl_msgs/lgsvl_msgs/msg/detail/signal__type_support.c
-- Installing: /home/hwl/per_workspace/control_plan/chapter4/ros2_lqr/install/lgsvl_msgs/include/lgsvl_msgs/lgsvl_msgs/msg/detail/ultrasonic__rosidl_typesupport_introspection_c.h
-- Installing: /home/hwl/per_workspace/control_plan/chapter4/ros2_lqr/install/lgsvl_msgs/include/lgsvl_msgs/lgsvl_msgs/msg/detail/detection2_d__type_support.c
-- Installing: /home/hwl/per_workspace/control_plan/chapter4/ros2_lqr/install/lgsvl_msgs/include/lgsvl_msgs/lgsvl_msgs/msg/detail/detected_radar_object_array__type_support.c
-- Installing: /home/hwl/per_workspace/control_plan/chapter4/ros2_lqr/install/lgsvl_msgs/include/lgsvl_msgs/lgsvl_msgs/msg/detail/can_bus_data__rosidl_typesupport_introspection_c.h
-- Installing: /home/hwl/per_workspace/control_plan/chapter4/ros2_lqr/install/lgsvl_msgs/include/lgsvl_msgs/lgsvl_msgs/msg/detail/detection3_d_array__type_support.c
-- Installing: /home/hwl/per_workspace/control_plan/chapter4/ros2_lqr/install/lgsvl_msgs/include/lgsvl_msgs/lgsvl_msgs/msg/detail/signal_array__type_support.c
-- Installing: /home/hwl/per_workspace/control_plan/chapter4/ros2_lqr/install/lgsvl_msgs/include/lgsvl_msgs/lgsvl_msgs/msg/detail/detection3_d_array__rosidl_typesupport_introspection_c.h
-- Installing: /home/hwl/per_workspace/control_plan/chapter4/ros2_lqr/install/lgsvl_msgs/include/lgsvl_msgs/lgsvl_msgs/msg/detail/vehicle_state_data__type_support.c
-- Installing: /home/hwl/per_workspace/control_plan/chapter4/ros2_lqr/install/lgsvl_msgs/include/lgsvl_msgs/lgsvl_msgs/msg/detail/bounding_box3_d__rosidl_typesupport_introspection_c.h
-- Installing: /home/hwl/per_workspace/control_plan/chapter4/ros2_lqr/install/lgsvl_msgs/include/lgsvl_msgs/lgsvl_msgs/msg/detail/vehicle_control_data__type_support.c
-- Installing: /home/hwl/per_workspace/control_plan/chapter4/ros2_lqr/install/lgsvl_msgs/include/lgsvl_msgs/lgsvl_msgs/msg/detail/vehicle_control_data__rosidl_typesupport_introspection_c.h
-- Installing: /home/hwl/per_workspace/control_plan/chapter4/ros2_lqr/install/lgsvl_msgs/include/lgsvl_msgs/lgsvl_msgs/msg/detail/can_bus_data__type_support.c
-- Installing: /home/hwl/per_workspace/control_plan/chapter4/ros2_lqr/install/lgsvl_msgs/include/lgsvl_msgs/lgsvl_msgs/msg/detail/detection2_d__rosidl_typesupport_introspection_c.h
-- Installing: /home/hwl/per_workspace/control_plan/chapter4/ros2_lqr/install/lgsvl_msgs/include/lgsvl_msgs/lgsvl_msgs/msg/detail/detection3_d__rosidl_typesupport_introspection_c.h
-- Installing: /home/hwl/per_workspace/control_plan/chapter4/ros2_lqr/install/lgsvl_msgs/include/lgsvl_msgs/lgsvl_msgs/msg/detail/signal_array__rosidl_typesupport_introspection_c.h
-- Installing: /home/hwl/per_workspace/control_plan/chapter4/ros2_lqr/install/lgsvl_msgs/include/lgsvl_msgs/lgsvl_msgs/msg/detail/detected_radar_object__rosidl_typesupport_introspection_c.h
-- Installing: /home/hwl/per_workspace/control_plan/chapter4/ros2_lqr/install/lgsvl_msgs/include/lgsvl_msgs/lgsvl_msgs/msg/detail/detection3_d__type_support.c
-- Installing: /home/hwl/per_workspace/control_plan/chapter4/ros2_lqr/install/lgsvl_msgs/include/lgsvl_msgs/lgsvl_msgs/msg/detail/bounding_box3_d__type_support.c
-- Installing: /home/hwl/per_workspace/control_plan/chapter4/ros2_lqr/install/lgsvl_msgs/include/lgsvl_msgs/lgsvl_msgs/msg/detail/signal__rosidl_typesupport_introspection_c.h
-- Installing: /home/hwl/per_workspace/control_plan/chapter4/ros2_lqr/install/lgsvl_msgs/include/lgsvl_msgs/lgsvl_msgs/msg/detail/vehicle_odometry__type_support.c
-- Installing: /home/hwl/per_workspace/control_plan/chapter4/ros2_lqr/install/lgsvl_msgs/include/lgsvl_msgs/lgsvl_msgs/msg/detail/ultrasonic__type_support.c
-- Installing: /home/hwl/per_workspace/control_plan/chapter4/ros2_lqr/install/lgsvl_msgs/include/lgsvl_msgs/lgsvl_msgs/msg/detail/detected_radar_object_array__rosidl_typesupport_introspection_c.h
-- Installing: /home/hwl/per_workspace/control_plan/chapter4/ros2_lqr/install/lgsvl_msgs/include/lgsvl_msgs/lgsvl_msgs/msg/detail/detection2_d_array__rosidl_typesupport_introspection_c.h
-- Installing: /home/hwl/per_workspace/control_plan/chapter4/ros2_lqr/install/lgsvl_msgs/include/lgsvl_msgs/lgsvl_msgs/msg/detail/detected_radar_object__type_support.c
-- Installing: /home/hwl/per_workspace/control_plan/chapter4/ros2_lqr/install/lgsvl_msgs/include/lgsvl_msgs/lgsvl_msgs/msg/detail/bounding_box2_d__rosidl_typesupport_introspection_c.h
-- Installing: /home/hwl/per_workspace/control_plan/chapter4/ros2_lqr/install/lgsvl_msgs/include/lgsvl_msgs/lgsvl_msgs/msg/detail/detection2_d_array__type_support.c
-- Installing: /home/hwl/per_workspace/control_plan/chapter4/ros2_lqr/install/lgsvl_msgs/include/lgsvl_msgs/lgsvl_msgs/msg/detail/bounding_box2_d__type_support.c
-- Installing: /home/hwl/per_workspace/control_plan/chapter4/ros2_lqr/install/lgsvl_msgs/include/lgsvl_msgs/lgsvl_msgs/msg/detail/vehicle_state_data__rosidl_typesupport_introspection_c.h
-- Installing: /home/hwl/per_workspace/control_plan/chapter4/ros2_lqr/install/lgsvl_msgs/include/lgsvl_msgs/lgsvl_msgs/msg/detail/vehicle_odometry__rosidl_typesupport_introspection_c.h
-- Installing: /home/hwl/per_workspace/control_plan/chapter4/ros2_lqr/install/lgsvl_msgs/include/lgsvl_msgs/lgsvl_msgs/msg/rosidl_typesupport_introspection_c__visibility_control.h
-- Installing: /home/hwl/per_workspace/control_plan/chapter4/ros2_lqr/install/lgsvl_msgs/lib/liblgsvl_msgs__rosidl_typesupport_introspection_c.so
-- Set runtime path of "/home/hwl/per_workspace/control_plan/chapter4/ros2_lqr/install/lgsvl_msgs/lib/liblgsvl_msgs__rosidl_typesupport_introspection_c.so" to ""
-- Installing: /home/hwl/per_workspace/control_plan/chapter4/ros2_lqr/install/lgsvl_msgs/lib/liblgsvl_msgs__rosidl_typesupport_c.so
-- Set runtime path of "/home/hwl/per_workspace/control_plan/chapter4/ros2_lqr/install/lgsvl_msgs/lib/liblgsvl_msgs__rosidl_typesupport_c.so" to ""
-- Up-to-date: /home/hwl/per_workspace/control_plan/chapter4/ros2_lqr/install/lgsvl_msgs/include/lgsvl_msgs/lgsvl_msgs
-- Up-to-date: /home/hwl/per_workspace/control_plan/chapter4/ros2_lqr/install/lgsvl_msgs/include/lgsvl_msgs/lgsvl_msgs/msg
-- Up-to-date: /home/hwl/per_workspace/control_plan/chapter4/ros2_lqr/install/lgsvl_msgs/include/lgsvl_msgs/lgsvl_msgs/msg/detail
-- Installing: /home/hwl/per_workspace/control_plan/chapter4/ros2_lqr/install/lgsvl_msgs/include/lgsvl_msgs/lgsvl_msgs/msg/detail/bounding_box3_d__type_support.cpp
-- Installing: /home/hwl/per_workspace/control_plan/chapter4/ros2_lqr/install/lgsvl_msgs/include/lgsvl_msgs/lgsvl_msgs/msg/detail/detection2_d__type_support.cpp
-- Installing: /home/hwl/per_workspace/control_plan/chapter4/ros2_lqr/install/lgsvl_msgs/include/lgsvl_msgs/lgsvl_msgs/msg/detail/vehicle_state_data__type_support.cpp
-- Installing: /home/hwl/per_workspace/control_plan/chapter4/ros2_lqr/install/lgsvl_msgs/include/lgsvl_msgs/lgsvl_msgs/msg/detail/ultrasonic__rosidl_typesupport_introspection_cpp.hpp
-- Installing: /home/hwl/per_workspace/control_plan/chapter4/ros2_lqr/install/lgsvl_msgs/include/lgsvl_msgs/lgsvl_msgs/msg/detail/vehicle_control_data__type_support.cpp
-- Installing: /home/hwl/per_workspace/control_plan/chapter4/ros2_lqr/install/lgsvl_msgs/include/lgsvl_msgs/lgsvl_msgs/msg/detail/bounding_box2_d__type_support.cpp
-- Installing: /home/hwl/per_workspace/control_plan/chapter4/ros2_lqr/install/lgsvl_msgs/include/lgsvl_msgs/lgsvl_msgs/msg/detail/signal__rosidl_typesupport_introspection_cpp.hpp
-- Installing: /home/hwl/per_workspace/control_plan/chapter4/ros2_lqr/install/lgsvl_msgs/include/lgsvl_msgs/lgsvl_msgs/msg/detail/detection2_d_array__rosidl_typesupport_introspection_cpp.hpp
-- Installing: /home/hwl/per_workspace/control_plan/chapter4/ros2_lqr/install/lgsvl_msgs/include/lgsvl_msgs/lgsvl_msgs/msg/detail/ultrasonic__type_support.cpp
-- Installing: /home/hwl/per_workspace/control_plan/chapter4/ros2_lqr/install/lgsvl_msgs/include/lgsvl_msgs/lgsvl_msgs/msg/detail/signal_array__rosidl_typesupport_introspection_cpp.hpp
-- Installing: /home/hwl/per_workspace/control_plan/chapter4/ros2_lqr/install/lgsvl_msgs/include/lgsvl_msgs/lgsvl_msgs/msg/detail/bounding_box2_d__rosidl_typesupport_introspection_cpp.hpp
-- Installing: /home/hwl/per_workspace/control_plan/chapter4/ros2_lqr/install/lgsvl_msgs/include/lgsvl_msgs/lgsvl_msgs/msg/detail/vehicle_odometry__rosidl_typesupport_introspection_cpp.hpp
-- Installing: /home/hwl/per_workspace/control_plan/chapter4/ros2_lqr/install/lgsvl_msgs/include/lgsvl_msgs/lgsvl_msgs/msg/detail/detected_radar_object__rosidl_typesupport_introspection_cpp.hpp
-- Installing: /home/hwl/per_workspace/control_plan/chapter4/ros2_lqr/install/lgsvl_msgs/include/lgsvl_msgs/lgsvl_msgs/msg/detail/detection3_d_array__type_support.cpp
-- Installing: /home/hwl/per_workspace/control_plan/chapter4/ros2_lqr/install/lgsvl_msgs/include/lgsvl_msgs/lgsvl_msgs/msg/detail/can_bus_data__type_support.cpp
-- Installing: /home/hwl/per_workspace/control_plan/chapter4/ros2_lqr/install/lgsvl_msgs/include/lgsvl_msgs/lgsvl_msgs/msg/detail/signal_array__type_support.cpp
-- Installing: /home/hwl/per_workspace/control_plan/chapter4/ros2_lqr/install/lgsvl_msgs/include/lgsvl_msgs/lgsvl_msgs/msg/detail/detection2_d__rosidl_typesupport_introspection_cpp.hpp
-- Installing: /home/hwl/per_workspace/control_plan/chapter4/ros2_lqr/install/lgsvl_msgs/include/lgsvl_msgs/lgsvl_msgs/msg/detail/detection3_d__type_support.cpp
-- Installing: /home/hwl/per_workspace/control_plan/chapter4/ros2_lqr/install/lgsvl_msgs/include/lgsvl_msgs/lgsvl_msgs/msg/detail/vehicle_state_data__rosidl_typesupport_introspection_cpp.hpp
-- Installing: /home/hwl/per_workspace/control_plan/chapter4/ros2_lqr/install/lgsvl_msgs/include/lgsvl_msgs/lgsvl_msgs/msg/detail/detection3_d__rosidl_typesupport_introspection_cpp.hpp
-- Installing: /home/hwl/per_workspace/control_plan/chapter4/ros2_lqr/install/lgsvl_msgs/include/lgsvl_msgs/lgsvl_msgs/msg/detail/vehicle_control_data__rosidl_typesupport_introspection_cpp.hpp
-- Installing: /home/hwl/per_workspace/control_plan/chapter4/ros2_lqr/install/lgsvl_msgs/include/lgsvl_msgs/lgsvl_msgs/msg/detail/detection2_d_array__type_support.cpp
-- Installing: /home/hwl/per_workspace/control_plan/chapter4/ros2_lqr/install/lgsvl_msgs/include/lgsvl_msgs/lgsvl_msgs/msg/detail/detection3_d_array__rosidl_typesupport_introspection_cpp.hpp
-- Installing: /home/hwl/per_workspace/control_plan/chapter4/ros2_lqr/install/lgsvl_msgs/include/lgsvl_msgs/lgsvl_msgs/msg/detail/vehicle_odometry__type_support.cpp
-- Installing: /home/hwl/per_workspace/control_plan/chapter4/ros2_lqr/install/lgsvl_msgs/include/lgsvl_msgs/lgsvl_msgs/msg/detail/detected_radar_object__type_support.cpp
-- Installing: /home/hwl/per_workspace/control_plan/chapter4/ros2_lqr/install/lgsvl_msgs/include/lgsvl_msgs/lgsvl_msgs/msg/detail/detected_radar_object_array__rosidl_typesupport_introspection_cpp.hpp
-- Installing: /home/hwl/per_workspace/control_plan/chapter4/ros2_lqr/install/lgsvl_msgs/include/lgsvl_msgs/lgsvl_msgs/msg/detail/signal__type_support.cpp
-- Installing: /home/hwl/per_workspace/control_plan/chapter4/ros2_lqr/install/lgsvl_msgs/include/lgsvl_msgs/lgsvl_msgs/msg/detail/detected_radar_object_array__type_support.cpp
-- Installing: /home/hwl/per_workspace/control_plan/chapter4/ros2_lqr/install/lgsvl_msgs/include/lgsvl_msgs/lgsvl_msgs/msg/detail/bounding_box3_d__rosidl_typesupport_introspection_cpp.hpp
-- Installing: /home/hwl/per_workspace/control_plan/chapter4/ros2_lqr/install/lgsvl_msgs/include/lgsvl_msgs/lgsvl_msgs/msg/detail/can_bus_data__rosidl_typesupport_introspection_cpp.hpp
-- Installing: /home/hwl/per_workspace/control_plan/chapter4/ros2_lqr/install/lgsvl_msgs/lib/liblgsvl_msgs__rosidl_typesupport_introspection_cpp.so
-- Set runtime path of "/home/hwl/per_workspace/control_plan/chapter4/ros2_lqr/install/lgsvl_msgs/lib/liblgsvl_msgs__rosidl_typesupport_introspection_cpp.so" to ""
-- Installing: /home/hwl/per_workspace/control_plan/chapter4/ros2_lqr/install/lgsvl_msgs/lib/liblgsvl_msgs__rosidl_typesupport_cpp.so
-- Set runtime path of "/home/hwl/per_workspace/control_plan/chapter4/ros2_lqr/install/lgsvl_msgs/lib/liblgsvl_msgs__rosidl_typesupport_cpp.so" to ""
-- Installing: /home/hwl/per_workspace/control_plan/chapter4/ros2_lqr/install/lgsvl_msgs/share/lgsvl_msgs/environment/pythonpath.sh
-- Installing: /home/hwl/per_workspace/control_plan/chapter4/ros2_lqr/install/lgsvl_msgs/share/lgsvl_msgs/environment/pythonpath.dsv
-- Installing: /home/hwl/per_workspace/control_plan/chapter4/ros2_lqr/install/lgsvl_msgs/lib/python3.8/site-packages/lgsvl_msgs-0.0.4-py3.8.egg-info
-- Installing: /home/hwl/per_workspace/control_plan/chapter4/ros2_lqr/install/lgsvl_msgs/lib/python3.8/site-packages/lgsvl_msgs-0.0.4-py3.8.egg-info/SOURCES.txt
-- Installing: /home/hwl/per_workspace/control_plan/chapter4/ros2_lqr/install/lgsvl_msgs/lib/python3.8/site-packages/lgsvl_msgs-0.0.4-py3.8.egg-info/top_level.txt
-- Installing: /home/hwl/per_workspace/control_plan/chapter4/ros2_lqr/install/lgsvl_msgs/lib/python3.8/site-packages/lgsvl_msgs-0.0.4-py3.8.egg-info/PKG-INFO
-- Installing: /home/hwl/per_workspace/control_plan/chapter4/ros2_lqr/install/lgsvl_msgs/lib/python3.8/site-packages/lgsvl_msgs-0.0.4-py3.8.egg-info/dependency_links.txt
-- Installing: /home/hwl/per_workspace/control_plan/chapter4/ros2_lqr/install/lgsvl_msgs/lib/python3.8/site-packages/lgsvl_msgs
-- Installing: /home/hwl/per_workspace/control_plan/chapter4/ros2_lqr/install/lgsvl_msgs/lib/python3.8/site-packages/lgsvl_msgs/lgsvl_msgs_s__rosidl_typesupport_fastrtps_c.cpython-38-x86_64-linux-gnu.so
-- Installing: /home/hwl/per_workspace/control_plan/chapter4/ros2_lqr/install/lgsvl_msgs/lib/python3.8/site-packages/lgsvl_msgs/lgsvl_msgs_s__rosidl_typesupport_c.cpython-38-x86_64-linux-gnu.so
-- Installing: /home/hwl/per_workspace/control_plan/chapter4/ros2_lqr/install/lgsvl_msgs/lib/python3.8/site-packages/lgsvl_msgs/_lgsvl_msgs_s.ep.rosidl_typesupport_c.c
-- Installing: /home/hwl/per_workspace/control_plan/chapter4/ros2_lqr/install/lgsvl_msgs/lib/python3.8/site-packages/lgsvl_msgs/liblgsvl_msgs__rosidl_generator_py.so
-- Installing: /home/hwl/per_workspace/control_plan/chapter4/ros2_lqr/install/lgsvl_msgs/lib/python3.8/site-packages/lgsvl_msgs/__init__.py
-- Installing: /home/hwl/per_workspace/control_plan/chapter4/ros2_lqr/install/lgsvl_msgs/lib/python3.8/site-packages/lgsvl_msgs/_lgsvl_msgs_s.ep.rosidl_typesupport_fastrtps_c.c
-- Installing: /home/hwl/per_workspace/control_plan/chapter4/ros2_lqr/install/lgsvl_msgs/lib/python3.8/site-packages/lgsvl_msgs/_lgsvl_msgs_s.ep.rosidl_typesupport_introspection_c.c
-- Installing: /home/hwl/per_workspace/control_plan/chapter4/ros2_lqr/install/lgsvl_msgs/lib/python3.8/site-packages/lgsvl_msgs/msg
-- Installing: /home/hwl/per_workspace/control_plan/chapter4/ros2_lqr/install/lgsvl_msgs/lib/python3.8/site-packages/lgsvl_msgs/msg/_vehicle_state_data_s.c
-- Installing: /home/hwl/per_workspace/control_plan/chapter4/ros2_lqr/install/lgsvl_msgs/lib/python3.8/site-packages/lgsvl_msgs/msg/_detection3_d_s.c
-- Installing: /home/hwl/per_workspace/control_plan/chapter4/ros2_lqr/install/lgsvl_msgs/lib/python3.8/site-packages/lgsvl_msgs/msg/_detection2_d.py
-- Installing: /home/hwl/per_workspace/control_plan/chapter4/ros2_lqr/install/lgsvl_msgs/lib/python3.8/site-packages/lgsvl_msgs/msg/_signal_s.c
-- Installing: /home/hwl/per_workspace/control_plan/chapter4/ros2_lqr/install/lgsvl_msgs/lib/python3.8/site-packages/lgsvl_msgs/msg/_vehicle_control_data_s.c
-- Installing: /home/hwl/per_workspace/control_plan/chapter4/ros2_lqr/install/lgsvl_msgs/lib/python3.8/site-packages/lgsvl_msgs/msg/_vehicle_control_data.py
-- Installing: /home/hwl/per_workspace/control_plan/chapter4/ros2_lqr/install/lgsvl_msgs/lib/python3.8/site-packages/lgsvl_msgs/msg/_detected_radar_object_s.c
-- Installing: /home/hwl/per_workspace/control_plan/chapter4/ros2_lqr/install/lgsvl_msgs/lib/python3.8/site-packages/lgsvl_msgs/msg/_bounding_box2_d_s.c
-- Installing: /home/hwl/per_workspace/control_plan/chapter4/ros2_lqr/install/lgsvl_msgs/lib/python3.8/site-packages/lgsvl_msgs/msg/_ultrasonic.py
-- Installing: /home/hwl/per_workspace/control_plan/chapter4/ros2_lqr/install/lgsvl_msgs/lib/python3.8/site-packages/lgsvl_msgs/msg/_detection2_d_array_s.c
-- Installing: /home/hwl/per_workspace/control_plan/chapter4/ros2_lqr/install/lgsvl_msgs/lib/python3.8/site-packages/lgsvl_msgs/msg/_detection3_d_array.py
-- Installing: /home/hwl/per_workspace/control_plan/chapter4/ros2_lqr/install/lgsvl_msgs/lib/python3.8/site-packages/lgsvl_msgs/msg/_signal_array_s.c
-- Installing: /home/hwl/per_workspace/control_plan/chapter4/ros2_lqr/install/lgsvl_msgs/lib/python3.8/site-packages/lgsvl_msgs/msg/_bounding_box3_d_s.c
-- Installing: /home/hwl/per_workspace/control_plan/chapter4/ros2_lqr/install/lgsvl_msgs/lib/python3.8/site-packages/lgsvl_msgs/msg/_ultrasonic_s.c
-- Installing: /home/hwl/per_workspace/control_plan/chapter4/ros2_lqr/install/lgsvl_msgs/lib/python3.8/site-packages/lgsvl_msgs/msg/_bounding_box2_d.py
-- Installing: /home/hwl/per_workspace/control_plan/chapter4/ros2_lqr/install/lgsvl_msgs/lib/python3.8/site-packages/lgsvl_msgs/msg/_detection3_d.py
-- Installing: /home/hwl/per_workspace/control_plan/chapter4/ros2_lqr/install/lgsvl_msgs/lib/python3.8/site-packages/lgsvl_msgs/msg/_can_bus_data_s.c
-- Installing: /home/hwl/per_workspace/control_plan/chapter4/ros2_lqr/install/lgsvl_msgs/lib/python3.8/site-packages/lgsvl_msgs/msg/_signal_array.py
-- Installing: /home/hwl/per_workspace/control_plan/chapter4/ros2_lqr/install/lgsvl_msgs/lib/python3.8/site-packages/lgsvl_msgs/msg/__init__.py
-- Installing: /home/hwl/per_workspace/control_plan/chapter4/ros2_lqr/install/lgsvl_msgs/lib/python3.8/site-packages/lgsvl_msgs/msg/_bounding_box3_d.py
-- Installing: /home/hwl/per_workspace/control_plan/chapter4/ros2_lqr/install/lgsvl_msgs/lib/python3.8/site-packages/lgsvl_msgs/msg/_vehicle_state_data.py
-- Installing: /home/hwl/per_workspace/control_plan/chapter4/ros2_lqr/install/lgsvl_msgs/lib/python3.8/site-packages/lgsvl_msgs/msg/_detected_radar_object_array.py
-- Installing: /home/hwl/per_workspace/control_plan/chapter4/ros2_lqr/install/lgsvl_msgs/lib/python3.8/site-packages/lgsvl_msgs/msg/_detection2_d_s.c
-- Installing: /home/hwl/per_workspace/control_plan/chapter4/ros2_lqr/install/lgsvl_msgs/lib/python3.8/site-packages/lgsvl_msgs/msg/_detection2_d_array.py
-- Installing: /home/hwl/per_workspace/control_plan/chapter4/ros2_lqr/install/lgsvl_msgs/lib/python3.8/site-packages/lgsvl_msgs/msg/_detection3_d_array_s.c
-- Installing: /home/hwl/per_workspace/control_plan/chapter4/ros2_lqr/install/lgsvl_msgs/lib/python3.8/site-packages/lgsvl_msgs/msg/_detected_radar_object.py
-- Installing: /home/hwl/per_workspace/control_plan/chapter4/ros2_lqr/install/lgsvl_msgs/lib/python3.8/site-packages/lgsvl_msgs/msg/_detected_radar_object_array_s.c
-- Installing: /home/hwl/per_workspace/control_plan/chapter4/ros2_lqr/install/lgsvl_msgs/lib/python3.8/site-packages/lgsvl_msgs/msg/_can_bus_data.py
-- Installing: /home/hwl/per_workspace/control_plan/chapter4/ros2_lqr/install/lgsvl_msgs/lib/python3.8/site-packages/lgsvl_msgs/msg/_vehicle_odometry.py
-- Installing: /home/hwl/per_workspace/control_plan/chapter4/ros2_lqr/install/lgsvl_msgs/lib/python3.8/site-packages/lgsvl_msgs/msg/_signal.py
-- Installing: /home/hwl/per_workspace/control_plan/chapter4/ros2_lqr/install/lgsvl_msgs/lib/python3.8/site-packages/lgsvl_msgs/msg/_vehicle_odometry_s.c
-- Installing: /home/hwl/per_workspace/control_plan/chapter4/ros2_lqr/install/lgsvl_msgs/lib/python3.8/site-packages/lgsvl_msgs/lgsvl_msgs_s__rosidl_typesupport_introspection_c.cpython-38-x86_64-linux-gnu.so
Listing '/home/hwl/per_workspace/control_plan/chapter4/ros2_lqr/install/lgsvl_msgs/lib/python3.8/site-packages/lgsvl_msgs'...
Compiling '/home/hwl/per_workspace/control_plan/chapter4/ros2_lqr/install/lgsvl_msgs/lib/python3.8/site-packages/lgsvl_msgs/__init__.py'...
Listing '/home/hwl/per_workspace/control_plan/chapter4/ros2_lqr/install/lgsvl_msgs/lib/python3.8/site-packages/lgsvl_msgs/msg'...
Compiling '/home/hwl/per_workspace/control_plan/chapter4/ros2_lqr/install/lgsvl_msgs/lib/python3.8/site-packages/lgsvl_msgs/msg/__init__.py'...
Compiling '/home/hwl/per_workspace/control_plan/chapter4/ros2_lqr/install/lgsvl_msgs/lib/python3.8/site-packages/lgsvl_msgs/msg/_bounding_box2_d.py'...
Compiling '/home/hwl/per_workspace/control_plan/chapter4/ros2_lqr/install/lgsvl_msgs/lib/python3.8/site-packages/lgsvl_msgs/msg/_bounding_box3_d.py'...
Compiling '/home/hwl/per_workspace/control_plan/chapter4/ros2_lqr/install/lgsvl_msgs/lib/python3.8/site-packages/lgsvl_msgs/msg/_can_bus_data.py'...
Compiling '/home/hwl/per_workspace/control_plan/chapter4/ros2_lqr/install/lgsvl_msgs/lib/python3.8/site-packages/lgsvl_msgs/msg/_detected_radar_object.py'...
Compiling '/home/hwl/per_workspace/control_plan/chapter4/ros2_lqr/install/lgsvl_msgs/lib/python3.8/site-packages/lgsvl_msgs/msg/_detected_radar_object_array.py'...
Compiling '/home/hwl/per_workspace/control_plan/chapter4/ros2_lqr/install/lgsvl_msgs/lib/python3.8/site-packages/lgsvl_msgs/msg/_detection2_d.py'...
Compiling '/home/hwl/per_workspace/control_plan/chapter4/ros2_lqr/install/lgsvl_msgs/lib/python3.8/site-packages/lgsvl_msgs/msg/_detection2_d_array.py'...
Compiling '/home/hwl/per_workspace/control_plan/chapter4/ros2_lqr/install/lgsvl_msgs/lib/python3.8/site-packages/lgsvl_msgs/msg/_detection3_d.py'...
Compiling '/home/hwl/per_workspace/control_plan/chapter4/ros2_lqr/install/lgsvl_msgs/lib/python3.8/site-packages/lgsvl_msgs/msg/_detection3_d_array.py'...
Compiling '/home/hwl/per_workspace/control_plan/chapter4/ros2_lqr/install/lgsvl_msgs/lib/python3.8/site-packages/lgsvl_msgs/msg/_signal.py'...
Compiling '/home/hwl/per_workspace/control_plan/chapter4/ros2_lqr/install/lgsvl_msgs/lib/python3.8/site-packages/lgsvl_msgs/msg/_signal_array.py'...
Compiling '/home/hwl/per_workspace/control_plan/chapter4/ros2_lqr/install/lgsvl_msgs/lib/python3.8/site-packages/lgsvl_msgs/msg/_ultrasonic.py'...
Compiling '/home/hwl/per_workspace/control_plan/chapter4/ros2_lqr/install/lgsvl_msgs/lib/python3.8/site-packages/lgsvl_msgs/msg/_vehicle_control_data.py'...
Compiling '/home/hwl/per_workspace/control_plan/chapter4/ros2_lqr/install/lgsvl_msgs/lib/python3.8/site-packages/lgsvl_msgs/msg/_vehicle_odometry.py'...
Compiling '/home/hwl/per_workspace/control_plan/chapter4/ros2_lqr/install/lgsvl_msgs/lib/python3.8/site-packages/lgsvl_msgs/msg/_vehicle_state_data.py'...
-- Installing: /home/hwl/per_workspace/control_plan/chapter4/ros2_lqr/install/lgsvl_msgs/lib/python3.8/site-packages/lgsvl_msgs/lgsvl_msgs_s__rosidl_typesupport_fastrtps_c.cpython-38-x86_64-linux-gnu.so
-- Set runtime path of "/home/hwl/per_workspace/control_plan/chapter4/ros2_lqr/install/lgsvl_msgs/lib/python3.8/site-packages/lgsvl_msgs/lgsvl_msgs_s__rosidl_typesupport_fastrtps_c.cpython-38-x86_64-linux-gnu.so" to ""
-- Installing: /home/hwl/per_workspace/control_plan/chapter4/ros2_lqr/install/lgsvl_msgs/lib/python3.8/site-packages/lgsvl_msgs/lgsvl_msgs_s__rosidl_typesupport_introspection_c.cpython-38-x86_64-linux-gnu.so
-- Set runtime path of "/home/hwl/per_workspace/control_plan/chapter4/ros2_lqr/install/lgsvl_msgs/lib/python3.8/site-packages/lgsvl_msgs/lgsvl_msgs_s__rosidl_typesupport_introspection_c.cpython-38-x86_64-linux-gnu.so" to ""
-- Installing: /home/hwl/per_workspace/control_plan/chapter4/ros2_lqr/install/lgsvl_msgs/lib/python3.8/site-packages/lgsvl_msgs/lgsvl_msgs_s__rosidl_typesupport_c.cpython-38-x86_64-linux-gnu.so
-- Set runtime path of "/home/hwl/per_workspace/control_plan/chapter4/ros2_lqr/install/lgsvl_msgs/lib/python3.8/site-packages/lgsvl_msgs/lgsvl_msgs_s__rosidl_typesupport_c.cpython-38-x86_64-linux-gnu.so" to ""
-- Installing: /home/hwl/per_workspace/control_plan/chapter4/ros2_lqr/install/lgsvl_msgs/lib/liblgsvl_msgs__rosidl_generator_py.so
-- Set runtime path of "/home/hwl/per_workspace/control_plan/chapter4/ros2_lqr/install/lgsvl_msgs/lib/liblgsvl_msgs__rosidl_generator_py.so" to ""
-- Installing: /home/hwl/per_workspace/control_plan/chapter4/ros2_lqr/install/lgsvl_msgs/share/lgsvl_msgs/msg/BoundingBox2D.idl
-- Installing: /home/hwl/per_workspace/control_plan/chapter4/ros2_lqr/install/lgsvl_msgs/share/lgsvl_msgs/msg/BoundingBox3D.idl
-- Installing: /home/hwl/per_workspace/control_plan/chapter4/ros2_lqr/install/lgsvl_msgs/share/lgsvl_msgs/msg/CanBusData.idl
-- Installing: /home/hwl/per_workspace/control_plan/chapter4/ros2_lqr/install/lgsvl_msgs/share/lgsvl_msgs/msg/DetectedRadarObjectArray.idl
-- Installing: /home/hwl/per_workspace/control_plan/chapter4/ros2_lqr/install/lgsvl_msgs/share/lgsvl_msgs/msg/DetectedRadarObject.idl
-- Installing: /home/hwl/per_workspace/control_plan/chapter4/ros2_lqr/install/lgsvl_msgs/share/lgsvl_msgs/msg/Detection2D.idl
-- Installing: /home/hwl/per_workspace/control_plan/chapter4/ros2_lqr/install/lgsvl_msgs/share/lgsvl_msgs/msg/Detection2DArray.idl
-- Installing: /home/hwl/per_workspace/control_plan/chapter4/ros2_lqr/install/lgsvl_msgs/share/lgsvl_msgs/msg/Detection3D.idl
-- Installing: /home/hwl/per_workspace/control_plan/chapter4/ros2_lqr/install/lgsvl_msgs/share/lgsvl_msgs/msg/Detection3DArray.idl
-- Installing: /home/hwl/per_workspace/control_plan/chapter4/ros2_lqr/install/lgsvl_msgs/share/lgsvl_msgs/msg/Signal.idl
-- Installing: /home/hwl/per_workspace/control_plan/chapter4/ros2_lqr/install/lgsvl_msgs/share/lgsvl_msgs/msg/SignalArray.idl
-- Installing: /home/hwl/per_workspace/control_plan/chapter4/ros2_lqr/install/lgsvl_msgs/share/lgsvl_msgs/msg/Ultrasonic.idl
-- Installing: /home/hwl/per_workspace/control_plan/chapter4/ros2_lqr/install/lgsvl_msgs/share/lgsvl_msgs/msg/VehicleControlData.idl
-- Installing: /home/hwl/per_workspace/control_plan/chapter4/ros2_lqr/install/lgsvl_msgs/share/lgsvl_msgs/msg/VehicleStateData.idl
-- Installing: /home/hwl/per_workspace/control_plan/chapter4/ros2_lqr/install/lgsvl_msgs/share/lgsvl_msgs/msg/VehicleOdometry.idl
-- Installing: /home/hwl/per_workspace/control_plan/chapter4/ros2_lqr/install/lgsvl_msgs/share/lgsvl_msgs/msg/BoundingBox2D.msg
-- Installing: /home/hwl/per_workspace/control_plan/chapter4/ros2_lqr/install/lgsvl_msgs/share/lgsvl_msgs/msg/BoundingBox3D.msg
-- Installing: /home/hwl/per_workspace/control_plan/chapter4/ros2_lqr/install/lgsvl_msgs/share/lgsvl_msgs/msg/CanBusData.msg
-- Installing: /home/hwl/per_workspace/control_plan/chapter4/ros2_lqr/install/lgsvl_msgs/share/lgsvl_msgs/msg/DetectedRadarObjectArray.msg
-- Installing: /home/hwl/per_workspace/control_plan/chapter4/ros2_lqr/install/lgsvl_msgs/share/lgsvl_msgs/msg/DetectedRadarObject.msg
-- Installing: /home/hwl/per_workspace/control_plan/chapter4/ros2_lqr/install/lgsvl_msgs/share/lgsvl_msgs/msg/Detection2D.msg
-- Installing: /home/hwl/per_workspace/control_plan/chapter4/ros2_lqr/install/lgsvl_msgs/share/lgsvl_msgs/msg/Detection2DArray.msg
-- Installing: /home/hwl/per_workspace/control_plan/chapter4/ros2_lqr/install/lgsvl_msgs/share/lgsvl_msgs/msg/Detection3D.msg
-- Installing: /home/hwl/per_workspace/control_plan/chapter4/ros2_lqr/install/lgsvl_msgs/share/lgsvl_msgs/msg/Detection3DArray.msg
-- Installing: /home/hwl/per_workspace/control_plan/chapter4/ros2_lqr/install/lgsvl_msgs/share/lgsvl_msgs/msg/Signal.msg
-- Installing: /home/hwl/per_workspace/control_plan/chapter4/ros2_lqr/install/lgsvl_msgs/share/lgsvl_msgs/msg/SignalArray.msg
-- Installing: /home/hwl/per_workspace/control_plan/chapter4/ros2_lqr/install/lgsvl_msgs/share/lgsvl_msgs/msg/Ultrasonic.msg
-- Installing: /home/hwl/per_workspace/control_plan/chapter4/ros2_lqr/install/lgsvl_msgs/share/lgsvl_msgs/msg/VehicleControlData.msg
-- Installing: /home/hwl/per_workspace/control_plan/chapter4/ros2_lqr/install/lgsvl_msgs/share/lgsvl_msgs/msg/VehicleStateData.msg
-- Installing: /home/hwl/per_workspace/control_plan/chapter4/ros2_lqr/install/lgsvl_msgs/share/lgsvl_msgs/msg/VehicleOdometry.msg
-- Installing: /home/hwl/per_workspace/control_plan/chapter4/ros2_lqr/install/lgsvl_msgs/share/ament_index/resource_index/package_run_dependencies/lgsvl_msgs
-- Installing: /home/hwl/per_workspace/control_plan/chapter4/ros2_lqr/install/lgsvl_msgs/share/ament_index/resource_index/parent_prefix_path/lgsvl_msgs
-- Installing: /home/hwl/per_workspace/control_plan/chapter4/ros2_lqr/install/lgsvl_msgs/share/lgsvl_msgs/environment/ament_prefix_path.sh
-- Installing: /home/hwl/per_workspace/control_plan/chapter4/ros2_lqr/install/lgsvl_msgs/share/lgsvl_msgs/environment/ament_prefix_path.dsv
-- Installing: /home/hwl/per_workspace/control_plan/chapter4/ros2_lqr/install/lgsvl_msgs/share/lgsvl_msgs/environment/path.sh
-- Installing: /home/hwl/per_workspace/control_plan/chapter4/ros2_lqr/install/lgsvl_msgs/share/lgsvl_msgs/environment/path.dsv
-- Installing: /home/hwl/per_workspace/control_plan/chapter4/ros2_lqr/install/lgsvl_msgs/share/lgsvl_msgs/local_setup.bash
-- Installing: /home/hwl/per_workspace/control_plan/chapter4/ros2_lqr/install/lgsvl_msgs/share/lgsvl_msgs/local_setup.sh
-- Installing: /home/hwl/per_workspace/control_plan/chapter4/ros2_lqr/install/lgsvl_msgs/share/lgsvl_msgs/local_setup.zsh
-- Installing: /home/hwl/per_workspace/control_plan/chapter4/ros2_lqr/install/lgsvl_msgs/share/lgsvl_msgs/local_setup.dsv
-- Installing: /home/hwl/per_workspace/control_plan/chapter4/ros2_lqr/install/lgsvl_msgs/share/lgsvl_msgs/package.dsv
-- Installing: /home/hwl/per_workspace/control_plan/chapter4/ros2_lqr/install/lgsvl_msgs/share/ament_index/resource_index/packages/lgsvl_msgs
-- Installing: /home/hwl/per_workspace/control_plan/chapter4/ros2_lqr/install/lgsvl_msgs/share/lgsvl_msgs/cmake/export_lgsvl_msgs__rosidl_generator_cExport.cmake
-- Installing: /home/hwl/per_workspace/control_plan/chapter4/ros2_lqr/install/lgsvl_msgs/share/lgsvl_msgs/cmake/export_lgsvl_msgs__rosidl_generator_cExport-noconfig.cmake
-- Installing: /home/hwl/per_workspace/control_plan/chapter4/ros2_lqr/install/lgsvl_msgs/share/lgsvl_msgs/cmake/export_lgsvl_msgs__rosidl_typesupport_fastrtps_cExport.cmake
-- Installing: /home/hwl/per_workspace/control_plan/chapter4/ros2_lqr/install/lgsvl_msgs/share/lgsvl_msgs/cmake/export_lgsvl_msgs__rosidl_typesupport_fastrtps_cExport-noconfig.cmake
-- Installing: /home/hwl/per_workspace/control_plan/chapter4/ros2_lqr/install/lgsvl_msgs/share/lgsvl_msgs/cmake/export_lgsvl_msgs__rosidl_generator_cppExport.cmake
-- Installing: /home/hwl/per_workspace/control_plan/chapter4/ros2_lqr/install/lgsvl_msgs/share/lgsvl_msgs/cmake/export_lgsvl_msgs__rosidl_typesupport_fastrtps_cppExport.cmake
-- Installing: /home/hwl/per_workspace/control_plan/chapter4/ros2_lqr/install/lgsvl_msgs/share/lgsvl_msgs/cmake/export_lgsvl_msgs__rosidl_typesupport_fastrtps_cppExport-noconfig.cmake
-- Installing: /home/hwl/per_workspace/control_plan/chapter4/ros2_lqr/install/lgsvl_msgs/share/lgsvl_msgs/cmake/lgsvl_msgs__rosidl_typesupport_introspection_cExport.cmake
-- Installing: /home/hwl/per_workspace/control_plan/chapter4/ros2_lqr/install/lgsvl_msgs/share/lgsvl_msgs/cmake/lgsvl_msgs__rosidl_typesupport_introspection_cExport-noconfig.cmake
-- Installing: /home/hwl/per_workspace/control_plan/chapter4/ros2_lqr/install/lgsvl_msgs/share/lgsvl_msgs/cmake/lgsvl_msgs__rosidl_typesupport_cExport.cmake
-- Installing: /home/hwl/per_workspace/control_plan/chapter4/ros2_lqr/install/lgsvl_msgs/share/lgsvl_msgs/cmake/lgsvl_msgs__rosidl_typesupport_cExport-noconfig.cmake
-- Installing: /home/hwl/per_workspace/control_plan/chapter4/ros2_lqr/install/lgsvl_msgs/share/lgsvl_msgs/cmake/lgsvl_msgs__rosidl_typesupport_introspection_cppExport.cmake
-- Installing: /home/hwl/per_workspace/control_plan/chapter4/ros2_lqr/install/lgsvl_msgs/share/lgsvl_msgs/cmake/lgsvl_msgs__rosidl_typesupport_introspection_cppExport-noconfig.cmake
-- Installing: /home/hwl/per_workspace/control_plan/chapter4/ros2_lqr/install/lgsvl_msgs/share/lgsvl_msgs/cmake/lgsvl_msgs__rosidl_typesupport_cppExport.cmake
-- Installing: /home/hwl/per_workspace/control_plan/chapter4/ros2_lqr/install/lgsvl_msgs/share/lgsvl_msgs/cmake/lgsvl_msgs__rosidl_typesupport_cppExport-noconfig.cmake
-- Installing: /home/hwl/per_workspace/control_plan/chapter4/ros2_lqr/install/lgsvl_msgs/share/lgsvl_msgs/cmake/export_lgsvl_msgs__rosidl_generator_pyExport.cmake
-- Installing: /home/hwl/per_workspace/control_plan/chapter4/ros2_lqr/install/lgsvl_msgs/share/lgsvl_msgs/cmake/export_lgsvl_msgs__rosidl_generator_pyExport-noconfig.cmake
-- Installing: /home/hwl/per_workspace/control_plan/chapter4/ros2_lqr/install/lgsvl_msgs/share/lgsvl_msgs/cmake/rosidl_cmake-extras.cmake
-- Installing: /home/hwl/per_workspace/control_plan/chapter4/ros2_lqr/install/lgsvl_msgs/share/lgsvl_msgs/cmake/ament_cmake_export_dependencies-extras.cmake
-- Installing: /home/hwl/per_workspace/control_plan/chapter4/ros2_lqr/install/lgsvl_msgs/share/lgsvl_msgs/cmake/ament_cmake_export_include_directories-extras.cmake
-- Installing: /home/hwl/per_workspace/control_plan/chapter4/ros2_lqr/install/lgsvl_msgs/share/lgsvl_msgs/cmake/ament_cmake_export_libraries-extras.cmake
-- Installing: /home/hwl/per_workspace/control_plan/chapter4/ros2_lqr/install/lgsvl_msgs/share/lgsvl_msgs/cmake/ament_cmake_export_targets-extras.cmake
-- Installing: /home/hwl/per_workspace/control_plan/chapter4/ros2_lqr/install/lgsvl_msgs/share/lgsvl_msgs/cmake/rosidl_cmake_export_typesupport_targets-extras.cmake
-- Installing: /home/hwl/per_workspace/control_plan/chapter4/ros2_lqr/install/lgsvl_msgs/share/lgsvl_msgs/cmake/rosidl_cmake_export_typesupport_libraries-extras.cmake
-- Installing: /home/hwl/per_workspace/control_plan/chapter4/ros2_lqr/install/lgsvl_msgs/share/lgsvl_msgs/cmake/lgsvl_msgsConfig.cmake
-- Installing: /home/hwl/per_workspace/control_plan/chapter4/ros2_lqr/install/lgsvl_msgs/share/lgsvl_msgs/cmake/lgsvl_msgsConfig-version.cmake
-- Installing: /home/hwl/per_workspace/control_plan/chapter4/ros2_lqr/install/lgsvl_msgs/share/lgsvl_msgs/package.xml
