[0.034s] Invoking command in '/home/hwl/per_workspace/control_plan/chapter4/ros2_lqr/build/lgsvl_msgs': /usr/bin/cmake --build /home/hwl/per_workspace/control_plan/chapter4/ros2_lqr/build/lgsvl_msgs -- -j16 -l16
[0.251s] [  0%] Built target lgsvl_msgs__cpp
[0.261s] [  0%] Built target ament_cmake_python_copy_lgsvl_msgs
[0.265s] [ 12%] Built target lgsvl_msgs__rosidl_generator_c
[0.310s] [ 24%] Built target lgsvl_msgs__rosidl_typesupport_introspection_cpp
[0.321s] [ 46%] Built target lgsvl_msgs__rosidl_typesupport_fastrtps_cpp
[0.321s] [ 48%] Built target lgsvl_msgs__rosidl_typesupport_cpp
[0.332s] [ 60%] Built target lgsvl_msgs__rosidl_typesupport_introspection_c
[0.337s] [ 72%] Built target lgsvl_msgs__rosidl_typesupport_fastrtps_c
[0.349s] [ 84%] Built target lgsvl_msgs__rosidl_typesupport_c
[0.399s] [ 84%] Built target lgsvl_msgs
[0.464s] [ 85%] Built target lgsvl_msgs__py
[0.556s] running egg_info
[0.556s] writing lgsvl_msgs.egg-info/PKG-INFO
[0.557s] writing dependency_links to lgsvl_msgs.egg-info/dependency_links.txt
[0.557s] writing top-level names to lgsvl_msgs.egg-info/top_level.txt
[0.574s] [ 96%] Built target lgsvl_msgs__rosidl_generator_py
[0.626s] reading manifest file 'lgsvl_msgs.egg-info/SOURCES.txt'
[0.627s] writing manifest file 'lgsvl_msgs.egg-info/SOURCES.txt'
[0.630s] [ 97%] Built target lgsvl_msgs__rosidl_typesupport_fastrtps_c__pyext
[0.634s] [ 98%] Built target lgsvl_msgs__rosidl_typesupport_c__pyext
[0.651s] [100%] Built target lgsvl_msgs__rosidl_typesupport_introspection_c__pyext
[0.672s] [100%] Built target ament_cmake_python_build_lgsvl_msgs_egg
[0.701s] Invoked command in '/home/hwl/per_workspace/control_plan/chapter4/ros2_lqr/build/lgsvl_msgs' returned '0': /usr/bin/cmake --build /home/hwl/per_workspace/control_plan/chapter4/ros2_lqr/build/lgsvl_msgs -- -j16 -l16
[1.523s] Invoking command in '/home/hwl/per_workspace/control_plan/chapter4/ros2_lqr/build/lgsvl_msgs': /usr/bin/cmake --install /home/hwl/per_workspace/control_plan/chapter4/ros2_lqr/build/lgsvl_msgs
[1.542s] -- Install configuration: ""
[1.543s] -- Up-to-date: /home/hwl/per_workspace/control_plan/chapter4/ros2_lqr/install/lgsvl_msgs/share/ament_index/resource_index/rosidl_interfaces/lgsvl_msgs
[1.544s] -- Up-to-date: /home/hwl/per_workspace/control_plan/chapter4/ros2_lqr/install/lgsvl_msgs/include/lgsvl_msgs/lgsvl_msgs
[1.544s] -- Up-to-date: /home/hwl/per_workspace/control_plan/chapter4/ros2_lqr/install/lgsvl_msgs/include/lgsvl_msgs/lgsvl_msgs/msg
[1.545s] -- Up-to-date: /home/hwl/per_workspace/control_plan/chapter4/ros2_lqr/install/lgsvl_msgs/include/lgsvl_msgs/lgsvl_msgs/msg/bounding_box2_d.h
[1.546s] -- Up-to-date: /home/hwl/per_workspace/control_plan/chapter4/ros2_lqr/install/lgsvl_msgs/include/lgsvl_msgs/lgsvl_msgs/msg/vehicle_odometry.h
[1.547s] -- Up-to-date: /home/hwl/per_workspace/control_plan/chapter4/ros2_lqr/install/lgsvl_msgs/include/lgsvl_msgs/lgsvl_msgs/msg/detection3_d_array.h
[1.548s] -- Up-to-date: /home/hwl/per_workspace/control_plan/chapter4/ros2_lqr/install/lgsvl_msgs/include/lgsvl_msgs/lgsvl_msgs/msg/detail
[1.549s] -- Up-to-date: /home/hwl/per_workspace/control_plan/chapter4/ros2_lqr/install/lgsvl_msgs/include/lgsvl_msgs/lgsvl_msgs/msg/detail/detection3_d__functions.h
[1.549s] -- Up-to-date: /home/hwl/per_workspace/control_plan/chapter4/ros2_lqr/install/lgsvl_msgs/include/lgsvl_msgs/lgsvl_msgs/msg/detail/detection3_d__struct.h
[1.550s] -- Up-to-date: /home/hwl/per_workspace/control_plan/chapter4/ros2_lqr/install/lgsvl_msgs/include/lgsvl_msgs/lgsvl_msgs/msg/detail/signal__functions.c
[1.550s] -- Up-to-date: /home/hwl/per_workspace/control_plan/chapter4/ros2_lqr/install/lgsvl_msgs/include/lgsvl_msgs/lgsvl_msgs/msg/detail/bounding_box3_d__functions.c
[1.550s] -- Up-to-date: /home/hwl/per_workspace/control_plan/chapter4/ros2_lqr/install/lgsvl_msgs/include/lgsvl_msgs/lgsvl_msgs/msg/detail/vehicle_odometry__functions.h
[1.551s] -- Up-to-date: /home/hwl/per_workspace/control_plan/chapter4/ros2_lqr/install/lgsvl_msgs/include/lgsvl_msgs/lgsvl_msgs/msg/detail/detection2_d_array__functions.c
[1.551s] -- Up-to-date: /home/hwl/per_workspace/control_plan/chapter4/ros2_lqr/install/lgsvl_msgs/include/lgsvl_msgs/lgsvl_msgs/msg/detail/vehicle_state_data__functions.c
[1.551s] -- Up-to-date: /home/hwl/per_workspace/control_plan/chapter4/ros2_lqr/install/lgsvl_msgs/include/lgsvl_msgs/lgsvl_msgs/msg/detail/detected_radar_object__functions.c
[1.552s] -- Up-to-date: /home/hwl/per_workspace/control_plan/chapter4/ros2_lqr/install/lgsvl_msgs/include/lgsvl_msgs/lgsvl_msgs/msg/detail/bounding_box2_d__struct.h
[1.552s] -- Up-to-date: /home/hwl/per_workspace/control_plan/chapter4/ros2_lqr/install/lgsvl_msgs/include/lgsvl_msgs/lgsvl_msgs/msg/detail/signal_array__functions.c
[1.553s] -- Up-to-date: /home/hwl/per_workspace/control_plan/chapter4/ros2_lqr/install/lgsvl_msgs/include/lgsvl_msgs/lgsvl_msgs/msg/detail/detection3_d_array__struct.h
[1.553s] -- Up-to-date: /home/hwl/per_workspace/control_plan/chapter4/ros2_lqr/install/lgsvl_msgs/include/lgsvl_msgs/lgsvl_msgs/msg/detail/detection3_d__functions.c
[1.553s] -- Up-to-date: /home/hwl/per_workspace/control_plan/chapter4/ros2_lqr/install/lgsvl_msgs/include/lgsvl_msgs/lgsvl_msgs/msg/detail/detection2_d_array__type_support.h
[1.554s] -- Up-to-date: /home/hwl/per_workspace/control_plan/chapter4/ros2_lqr/install/lgsvl_msgs/include/lgsvl_msgs/lgsvl_msgs/msg/detail/vehicle_odometry__functions.c
[1.554s] -- Up-to-date: /home/hwl/per_workspace/control_plan/chapter4/ros2_lqr/install/lgsvl_msgs/include/lgsvl_msgs/lgsvl_msgs/msg/detail/can_bus_data__functions.h
[1.555s] -- Up-to-date: /home/hwl/per_workspace/control_plan/chapter4/ros2_lqr/install/lgsvl_msgs/include/lgsvl_msgs/lgsvl_msgs/msg/detail/detected_radar_object__struct.h
[1.555s] -- Up-to-date: /home/hwl/per_workspace/control_plan/chapter4/ros2_lqr/install/lgsvl_msgs/include/lgsvl_msgs/lgsvl_msgs/msg/detail/ultrasonic__struct.h
[1.555s] -- Up-to-date: /home/hwl/per_workspace/control_plan/chapter4/ros2_lqr/install/lgsvl_msgs/include/lgsvl_msgs/lgsvl_msgs/msg/detail/detected_radar_object_array__struct.h
[1.556s] -- Up-to-date: /home/hwl/per_workspace/control_plan/chapter4/ros2_lqr/install/lgsvl_msgs/include/lgsvl_msgs/lgsvl_msgs/msg/detail/signal_array__struct.h
[1.556s] -- Up-to-date: /home/hwl/per_workspace/control_plan/chapter4/ros2_lqr/install/lgsvl_msgs/include/lgsvl_msgs/lgsvl_msgs/msg/detail/vehicle_control_data__functions.h
[1.556s] -- Up-to-date: /home/hwl/per_workspace/control_plan/chapter4/ros2_lqr/install/lgsvl_msgs/include/lgsvl_msgs/lgsvl_msgs/msg/detail/vehicle_control_data__type_support.h
[1.557s] -- Up-to-date: /home/hwl/per_workspace/control_plan/chapter4/ros2_lqr/install/lgsvl_msgs/include/lgsvl_msgs/lgsvl_msgs/msg/detail/can_bus_data__functions.c
[1.557s] -- Up-to-date: /home/hwl/per_workspace/control_plan/chapter4/ros2_lqr/install/lgsvl_msgs/include/lgsvl_msgs/lgsvl_msgs/msg/detail/bounding_box2_d__functions.c
[1.557s] -- Up-to-date: /home/hwl/per_workspace/control_plan/chapter4/ros2_lqr/install/lgsvl_msgs/include/lgsvl_msgs/lgsvl_msgs/msg/detail/vehicle_control_data__functions.c
[1.558s] -- Up-to-date: /home/hwl/per_workspace/control_plan/chapter4/ros2_lqr/install/lgsvl_msgs/include/lgsvl_msgs/lgsvl_msgs/msg/detail/detected_radar_object_array__type_support.h
[1.558s] -- Up-to-date: /home/hwl/per_workspace/control_plan/chapter4/ros2_lqr/install/lgsvl_msgs/include/lgsvl_msgs/lgsvl_msgs/msg/detail/can_bus_data__type_support.h
[1.558s] -- Up-to-date: /home/hwl/per_workspace/control_plan/chapter4/ros2_lqr/install/lgsvl_msgs/include/lgsvl_msgs/lgsvl_msgs/msg/detail/detection3_d_array__type_support.h
[1.559s] -- Up-to-date: /home/hwl/per_workspace/control_plan/chapter4/ros2_lqr/install/lgsvl_msgs/include/lgsvl_msgs/lgsvl_msgs/msg/detail/signal__struct.h
[1.559s] -- Up-to-date: /home/hwl/per_workspace/control_plan/chapter4/ros2_lqr/install/lgsvl_msgs/include/lgsvl_msgs/lgsvl_msgs/msg/detail/detected_radar_object__functions.h
[1.560s] -- Up-to-date: /home/hwl/per_workspace/control_plan/chapter4/ros2_lqr/install/lgsvl_msgs/include/lgsvl_msgs/lgsvl_msgs/msg/detail/ultrasonic__functions.h
[1.560s] -- Up-to-date: /home/hwl/per_workspace/control_plan/chapter4/ros2_lqr/install/lgsvl_msgs/include/lgsvl_msgs/lgsvl_msgs/msg/detail/detection3_d_array__functions.c
[1.561s] -- Up-to-date: /home/hwl/per_workspace/control_plan/chapter4/ros2_lqr/install/lgsvl_msgs/include/lgsvl_msgs/lgsvl_msgs/msg/detail/detection2_d_array__struct.h
[1.561s] -- Up-to-date: /home/hwl/per_workspace/control_plan/chapter4/ros2_lqr/install/lgsvl_msgs/include/lgsvl_msgs/lgsvl_msgs/msg/detail/detection3_d_array__functions.h
[1.562s] -- Up-to-date: /home/hwl/per_workspace/control_plan/chapter4/ros2_lqr/install/lgsvl_msgs/include/lgsvl_msgs/lgsvl_msgs/msg/detail/bounding_box3_d__functions.h
[1.562s] -- Up-to-date: /home/hwl/per_workspace/control_plan/chapter4/ros2_lqr/install/lgsvl_msgs/include/lgsvl_msgs/lgsvl_msgs/msg/detail/bounding_box2_d__type_support.h
[1.563s] -- Up-to-date: /home/hwl/per_workspace/control_plan/chapter4/ros2_lqr/install/lgsvl_msgs/include/lgsvl_msgs/lgsvl_msgs/msg/detail/detection3_d__type_support.h
[1.563s] -- Up-to-date: /home/hwl/per_workspace/control_plan/chapter4/ros2_lqr/install/lgsvl_msgs/include/lgsvl_msgs/lgsvl_msgs/msg/detail/bounding_box2_d__functions.h
[1.563s] -- Up-to-date: /home/hwl/per_workspace/control_plan/chapter4/ros2_lqr/install/lgsvl_msgs/include/lgsvl_msgs/lgsvl_msgs/msg/detail/detection2_d__struct.h
[1.564s] -- Up-to-date: /home/hwl/per_workspace/control_plan/chapter4/ros2_lqr/install/lgsvl_msgs/include/lgsvl_msgs/lgsvl_msgs/msg/detail/vehicle_odometry__struct.h
[1.564s] -- Up-to-date: /home/hwl/per_workspace/control_plan/chapter4/ros2_lqr/install/lgsvl_msgs/include/lgsvl_msgs/lgsvl_msgs/msg/detail/detection2_d__functions.h
[1.565s] -- Up-to-date: /home/hwl/per_workspace/control_plan/chapter4/ros2_lqr/install/lgsvl_msgs/include/lgsvl_msgs/lgsvl_msgs/msg/detail/detection2_d__type_support.h
[1.565s] -- Up-to-date: /home/hwl/per_workspace/control_plan/chapter4/ros2_lqr/install/lgsvl_msgs/include/lgsvl_msgs/lgsvl_msgs/msg/detail/vehicle_control_data__struct.h
[1.565s] -- Up-to-date: /home/hwl/per_workspace/control_plan/chapter4/ros2_lqr/install/lgsvl_msgs/include/lgsvl_msgs/lgsvl_msgs/msg/detail/signal_array__type_support.h
[1.565s] -- Up-to-date: /home/hwl/per_workspace/control_plan/chapter4/ros2_lqr/install/lgsvl_msgs/include/lgsvl_msgs/lgsvl_msgs/msg/detail/ultrasonic__type_support.h
[1.565s] -- Up-to-date: /home/hwl/per_workspace/control_plan/chapter4/ros2_lqr/install/lgsvl_msgs/include/lgsvl_msgs/lgsvl_msgs/msg/detail/detection2_d__functions.c
[1.566s] -- Up-to-date: /home/hwl/per_workspace/control_plan/chapter4/ros2_lqr/install/lgsvl_msgs/include/lgsvl_msgs/lgsvl_msgs/msg/detail/bounding_box3_d__struct.h
[1.566s] -- Up-to-date: /home/hwl/per_workspace/control_plan/chapter4/ros2_lqr/install/lgsvl_msgs/include/lgsvl_msgs/lgsvl_msgs/msg/detail/vehicle_odometry__type_support.h
[1.566s] -- Up-to-date: /home/hwl/per_workspace/control_plan/chapter4/ros2_lqr/install/lgsvl_msgs/include/lgsvl_msgs/lgsvl_msgs/msg/detail/signal_array__functions.h
[1.566s] -- Up-to-date: /home/hwl/per_workspace/control_plan/chapter4/ros2_lqr/install/lgsvl_msgs/include/lgsvl_msgs/lgsvl_msgs/msg/detail/signal__functions.h
[1.567s] -- Up-to-date: /home/hwl/per_workspace/control_plan/chapter4/ros2_lqr/install/lgsvl_msgs/include/lgsvl_msgs/lgsvl_msgs/msg/detail/vehicle_state_data__type_support.h
[1.567s] -- Up-to-date: /home/hwl/per_workspace/control_plan/chapter4/ros2_lqr/install/lgsvl_msgs/include/lgsvl_msgs/lgsvl_msgs/msg/detail/detected_radar_object_array__functions.h
[1.567s] -- Up-to-date: /home/hwl/per_workspace/control_plan/chapter4/ros2_lqr/install/lgsvl_msgs/include/lgsvl_msgs/lgsvl_msgs/msg/detail/signal__type_support.h
[1.568s] -- Up-to-date: /home/hwl/per_workspace/control_plan/chapter4/ros2_lqr/install/lgsvl_msgs/include/lgsvl_msgs/lgsvl_msgs/msg/detail/can_bus_data__struct.h
[1.568s] -- Up-to-date: /home/hwl/per_workspace/control_plan/chapter4/ros2_lqr/install/lgsvl_msgs/include/lgsvl_msgs/lgsvl_msgs/msg/detail/ultrasonic__functions.c
[1.568s] -- Up-to-date: /home/hwl/per_workspace/control_plan/chapter4/ros2_lqr/install/lgsvl_msgs/include/lgsvl_msgs/lgsvl_msgs/msg/detail/vehicle_state_data__functions.h
[1.568s] -- Up-to-date: /home/hwl/per_workspace/control_plan/chapter4/ros2_lqr/install/lgsvl_msgs/include/lgsvl_msgs/lgsvl_msgs/msg/detail/detected_radar_object__type_support.h
[1.569s] -- Up-to-date: /home/hwl/per_workspace/control_plan/chapter4/ros2_lqr/install/lgsvl_msgs/include/lgsvl_msgs/lgsvl_msgs/msg/detail/vehicle_state_data__struct.h
[1.569s] -- Up-to-date: /home/hwl/per_workspace/control_plan/chapter4/ros2_lqr/install/lgsvl_msgs/include/lgsvl_msgs/lgsvl_msgs/msg/detail/detection2_d_array__functions.h
[1.569s] -- Up-to-date: /home/hwl/per_workspace/control_plan/chapter4/ros2_lqr/install/lgsvl_msgs/include/lgsvl_msgs/lgsvl_msgs/msg/detail/detected_radar_object_array__functions.c
[1.569s] -- Up-to-date: /home/hwl/per_workspace/control_plan/chapter4/ros2_lqr/install/lgsvl_msgs/include/lgsvl_msgs/lgsvl_msgs/msg/detail/bounding_box3_d__type_support.h
[1.569s] -- Up-to-date: /home/hwl/per_workspace/control_plan/chapter4/ros2_lqr/install/lgsvl_msgs/include/lgsvl_msgs/lgsvl_msgs/msg/signal_array.h
[1.570s] -- Up-to-date: /home/hwl/per_workspace/control_plan/chapter4/ros2_lqr/install/lgsvl_msgs/include/lgsvl_msgs/lgsvl_msgs/msg/ultrasonic.h
[1.570s] -- Up-to-date: /home/hwl/per_workspace/control_plan/chapter4/ros2_lqr/install/lgsvl_msgs/include/lgsvl_msgs/lgsvl_msgs/msg/rosidl_generator_c__visibility_control.h
[1.570s] -- Up-to-date: /home/hwl/per_workspace/control_plan/chapter4/ros2_lqr/install/lgsvl_msgs/include/lgsvl_msgs/lgsvl_msgs/msg/signal.h
[1.570s] -- Up-to-date: /home/hwl/per_workspace/control_plan/chapter4/ros2_lqr/install/lgsvl_msgs/include/lgsvl_msgs/lgsvl_msgs/msg/detection2_d_array.h
[1.570s] -- Up-to-date: /home/hwl/per_workspace/control_plan/chapter4/ros2_lqr/install/lgsvl_msgs/include/lgsvl_msgs/lgsvl_msgs/msg/detected_radar_object.h
[1.571s] -- Up-to-date: /home/hwl/per_workspace/control_plan/chapter4/ros2_lqr/install/lgsvl_msgs/include/lgsvl_msgs/lgsvl_msgs/msg/can_bus_data.h
[1.571s] -- Up-to-date: /home/hwl/per_workspace/control_plan/chapter4/ros2_lqr/install/lgsvl_msgs/include/lgsvl_msgs/lgsvl_msgs/msg/detected_radar_object_array.h
[1.571s] -- Up-to-date: /home/hwl/per_workspace/control_plan/chapter4/ros2_lqr/install/lgsvl_msgs/include/lgsvl_msgs/lgsvl_msgs/msg/bounding_box3_d.h
[1.572s] -- Up-to-date: /home/hwl/per_workspace/control_plan/chapter4/ros2_lqr/install/lgsvl_msgs/include/lgsvl_msgs/lgsvl_msgs/msg/vehicle_control_data.h
[1.572s] -- Up-to-date: /home/hwl/per_workspace/control_plan/chapter4/ros2_lqr/install/lgsvl_msgs/include/lgsvl_msgs/lgsvl_msgs/msg/detection3_d.h
[1.572s] -- Up-to-date: /home/hwl/per_workspace/control_plan/chapter4/ros2_lqr/install/lgsvl_msgs/include/lgsvl_msgs/lgsvl_msgs/msg/vehicle_state_data.h
[1.573s] -- Up-to-date: /home/hwl/per_workspace/control_plan/chapter4/ros2_lqr/install/lgsvl_msgs/include/lgsvl_msgs/lgsvl_msgs/msg/detection2_d.h
[1.573s] -- Up-to-date: /home/hwl/per_workspace/control_plan/chapter4/ros2_lqr/install/lgsvl_msgs/share/lgsvl_msgs/environment/library_path.sh
[1.573s] -- Up-to-date: /home/hwl/per_workspace/control_plan/chapter4/ros2_lqr/install/lgsvl_msgs/share/lgsvl_msgs/environment/library_path.dsv
[1.573s] -- Up-to-date: /home/hwl/per_workspace/control_plan/chapter4/ros2_lqr/install/lgsvl_msgs/lib/liblgsvl_msgs__rosidl_generator_c.so
[1.573s] -- Up-to-date: /home/hwl/per_workspace/control_plan/chapter4/ros2_lqr/install/lgsvl_msgs/include/lgsvl_msgs/lgsvl_msgs
[1.574s] -- Up-to-date: /home/hwl/per_workspace/control_plan/chapter4/ros2_lqr/install/lgsvl_msgs/include/lgsvl_msgs/lgsvl_msgs/msg
[1.574s] -- Up-to-date: /home/hwl/per_workspace/control_plan/chapter4/ros2_lqr/install/lgsvl_msgs/include/lgsvl_msgs/lgsvl_msgs/msg/detail
[1.574s] -- Up-to-date: /home/hwl/per_workspace/control_plan/chapter4/ros2_lqr/install/lgsvl_msgs/include/lgsvl_msgs/lgsvl_msgs/msg/detail/detection2_d_array__rosidl_typesupport_fastrtps_c.h
[1.574s] -- Up-to-date: /home/hwl/per_workspace/control_plan/chapter4/ros2_lqr/install/lgsvl_msgs/include/lgsvl_msgs/lgsvl_msgs/msg/detail/signal__rosidl_typesupport_fastrtps_c.h
[1.574s] -- Up-to-date: /home/hwl/per_workspace/control_plan/chapter4/ros2_lqr/install/lgsvl_msgs/include/lgsvl_msgs/lgsvl_msgs/msg/detail/bounding_box2_d__rosidl_typesupport_fastrtps_c.h
[1.574s] -- Up-to-date: /home/hwl/per_workspace/control_plan/chapter4/ros2_lqr/install/lgsvl_msgs/include/lgsvl_msgs/lgsvl_msgs/msg/detail/detection2_d__rosidl_typesupport_fastrtps_c.h
[1.574s] -- Up-to-date: /home/hwl/per_workspace/control_plan/chapter4/ros2_lqr/install/lgsvl_msgs/include/lgsvl_msgs/lgsvl_msgs/msg/detail/vehicle_odometry__rosidl_typesupport_fastrtps_c.h
[1.574s] -- Up-to-date: /home/hwl/per_workspace/control_plan/chapter4/ros2_lqr/install/lgsvl_msgs/include/lgsvl_msgs/lgsvl_msgs/msg/detail/detection3_d_array__rosidl_typesupport_fastrtps_c.h
[1.575s] -- Up-to-date: /home/hwl/per_workspace/control_plan/chapter4/ros2_lqr/install/lgsvl_msgs/include/lgsvl_msgs/lgsvl_msgs/msg/detail/bounding_box3_d__rosidl_typesupport_fastrtps_c.h
[1.575s] -- Up-to-date: /home/hwl/per_workspace/control_plan/chapter4/ros2_lqr/install/lgsvl_msgs/include/lgsvl_msgs/lgsvl_msgs/msg/detail/vehicle_state_data__rosidl_typesupport_fastrtps_c.h
[1.575s] -- Up-to-date: /home/hwl/per_workspace/control_plan/chapter4/ros2_lqr/install/lgsvl_msgs/include/lgsvl_msgs/lgsvl_msgs/msg/detail/signal_array__rosidl_typesupport_fastrtps_c.h
[1.575s] -- Up-to-date: /home/hwl/per_workspace/control_plan/chapter4/ros2_lqr/install/lgsvl_msgs/include/lgsvl_msgs/lgsvl_msgs/msg/detail/detected_radar_object__rosidl_typesupport_fastrtps_c.h
[1.575s] -- Up-to-date: /home/hwl/per_workspace/control_plan/chapter4/ros2_lqr/install/lgsvl_msgs/include/lgsvl_msgs/lgsvl_msgs/msg/detail/ultrasonic__rosidl_typesupport_fastrtps_c.h
[1.575s] -- Up-to-date: /home/hwl/per_workspace/control_plan/chapter4/ros2_lqr/install/lgsvl_msgs/include/lgsvl_msgs/lgsvl_msgs/msg/detail/can_bus_data__rosidl_typesupport_fastrtps_c.h
[1.575s] -- Up-to-date: /home/hwl/per_workspace/control_plan/chapter4/ros2_lqr/install/lgsvl_msgs/include/lgsvl_msgs/lgsvl_msgs/msg/detail/vehicle_control_data__rosidl_typesupport_fastrtps_c.h
[1.576s] -- Up-to-date: /home/hwl/per_workspace/control_plan/chapter4/ros2_lqr/install/lgsvl_msgs/include/lgsvl_msgs/lgsvl_msgs/msg/detail/detected_radar_object_array__rosidl_typesupport_fastrtps_c.h
[1.576s] -- Up-to-date: /home/hwl/per_workspace/control_plan/chapter4/ros2_lqr/install/lgsvl_msgs/include/lgsvl_msgs/lgsvl_msgs/msg/detail/detection3_d__rosidl_typesupport_fastrtps_c.h
[1.576s] -- Up-to-date: /home/hwl/per_workspace/control_plan/chapter4/ros2_lqr/install/lgsvl_msgs/include/lgsvl_msgs/lgsvl_msgs/msg/rosidl_typesupport_fastrtps_c__visibility_control.h
[1.576s] -- Up-to-date: /home/hwl/per_workspace/control_plan/chapter4/ros2_lqr/install/lgsvl_msgs/lib/liblgsvl_msgs__rosidl_typesupport_fastrtps_c.so
[1.576s] -- Up-to-date: /home/hwl/per_workspace/control_plan/chapter4/ros2_lqr/install/lgsvl_msgs/include/lgsvl_msgs/lgsvl_msgs
[1.576s] -- Up-to-date: /home/hwl/per_workspace/control_plan/chapter4/ros2_lqr/install/lgsvl_msgs/include/lgsvl_msgs/lgsvl_msgs/msg
[1.576s] -- Up-to-date: /home/hwl/per_workspace/control_plan/chapter4/ros2_lqr/install/lgsvl_msgs/include/lgsvl_msgs/lgsvl_msgs/msg/detected_radar_object.hpp
[1.576s] -- Up-to-date: /home/hwl/per_workspace/control_plan/chapter4/ros2_lqr/install/lgsvl_msgs/include/lgsvl_msgs/lgsvl_msgs/msg/detail
[1.577s] -- Up-to-date: /home/hwl/per_workspace/control_plan/chapter4/ros2_lqr/install/lgsvl_msgs/include/lgsvl_msgs/lgsvl_msgs/msg/detail/can_bus_data__traits.hpp
[1.577s] -- Up-to-date: /home/hwl/per_workspace/control_plan/chapter4/ros2_lqr/install/lgsvl_msgs/include/lgsvl_msgs/lgsvl_msgs/msg/detail/bounding_box2_d__struct.hpp
[1.577s] -- Up-to-date: /home/hwl/per_workspace/control_plan/chapter4/ros2_lqr/install/lgsvl_msgs/include/lgsvl_msgs/lgsvl_msgs/msg/detail/vehicle_control_data__struct.hpp
[1.577s] -- Up-to-date: /home/hwl/per_workspace/control_plan/chapter4/ros2_lqr/install/lgsvl_msgs/include/lgsvl_msgs/lgsvl_msgs/msg/detail/detection2_d_array__struct.hpp
[1.577s] -- Up-to-date: /home/hwl/per_workspace/control_plan/chapter4/ros2_lqr/install/lgsvl_msgs/include/lgsvl_msgs/lgsvl_msgs/msg/detail/detected_radar_object__struct.hpp
[1.578s] -- Up-to-date: /home/hwl/per_workspace/control_plan/chapter4/ros2_lqr/install/lgsvl_msgs/include/lgsvl_msgs/lgsvl_msgs/msg/detail/signal_array__traits.hpp
[1.578s] -- Up-to-date: /home/hwl/per_workspace/control_plan/chapter4/ros2_lqr/install/lgsvl_msgs/include/lgsvl_msgs/lgsvl_msgs/msg/detail/vehicle_control_data__builder.hpp
[1.578s] -- Up-to-date: /home/hwl/per_workspace/control_plan/chapter4/ros2_lqr/install/lgsvl_msgs/include/lgsvl_msgs/lgsvl_msgs/msg/detail/detection2_d__struct.hpp
[1.578s] -- Up-to-date: /home/hwl/per_workspace/control_plan/chapter4/ros2_lqr/install/lgsvl_msgs/include/lgsvl_msgs/lgsvl_msgs/msg/detail/vehicle_odometry__traits.hpp
[1.579s] -- Up-to-date: /home/hwl/per_workspace/control_plan/chapter4/ros2_lqr/install/lgsvl_msgs/include/lgsvl_msgs/lgsvl_msgs/msg/detail/bounding_box2_d__builder.hpp
[1.579s] -- Up-to-date: /home/hwl/per_workspace/control_plan/chapter4/ros2_lqr/install/lgsvl_msgs/include/lgsvl_msgs/lgsvl_msgs/msg/detail/detection2_d_array__builder.hpp
[1.579s] -- Up-to-date: /home/hwl/per_workspace/control_plan/chapter4/ros2_lqr/install/lgsvl_msgs/include/lgsvl_msgs/lgsvl_msgs/msg/detail/ultrasonic__struct.hpp
[1.579s] -- Up-to-date: /home/hwl/per_workspace/control_plan/chapter4/ros2_lqr/install/lgsvl_msgs/include/lgsvl_msgs/lgsvl_msgs/msg/detail/detection3_d__struct.hpp
[1.579s] -- Up-to-date: /home/hwl/per_workspace/control_plan/chapter4/ros2_lqr/install/lgsvl_msgs/include/lgsvl_msgs/lgsvl_msgs/msg/detail/signal_array__builder.hpp
[1.579s] -- Up-to-date: /home/hwl/per_workspace/control_plan/chapter4/ros2_lqr/install/lgsvl_msgs/include/lgsvl_msgs/lgsvl_msgs/msg/detail/detected_radar_object_array__traits.hpp
[1.579s] -- Up-to-date: /home/hwl/per_workspace/control_plan/chapter4/ros2_lqr/install/lgsvl_msgs/include/lgsvl_msgs/lgsvl_msgs/msg/detail/detection3_d__builder.hpp
[1.580s] -- Up-to-date: /home/hwl/per_workspace/control_plan/chapter4/ros2_lqr/install/lgsvl_msgs/include/lgsvl_msgs/lgsvl_msgs/msg/detail/can_bus_data__builder.hpp
[1.580s] -- Up-to-date: /home/hwl/per_workspace/control_plan/chapter4/ros2_lqr/install/lgsvl_msgs/include/lgsvl_msgs/lgsvl_msgs/msg/detail/detected_radar_object__builder.hpp
[1.580s] -- Up-to-date: /home/hwl/per_workspace/control_plan/chapter4/ros2_lqr/install/lgsvl_msgs/include/lgsvl_msgs/lgsvl_msgs/msg/detail/vehicle_odometry__struct.hpp
[1.580s] -- Up-to-date: /home/hwl/per_workspace/control_plan/chapter4/ros2_lqr/install/lgsvl_msgs/include/lgsvl_msgs/lgsvl_msgs/msg/detail/signal__struct.hpp
[1.580s] -- Up-to-date: /home/hwl/per_workspace/control_plan/chapter4/ros2_lqr/install/lgsvl_msgs/include/lgsvl_msgs/lgsvl_msgs/msg/detail/vehicle_odometry__builder.hpp
[1.580s] -- Up-to-date: /home/hwl/per_workspace/control_plan/chapter4/ros2_lqr/install/lgsvl_msgs/include/lgsvl_msgs/lgsvl_msgs/msg/detail/vehicle_state_data__builder.hpp
[1.581s] -- Up-to-date: /home/hwl/per_workspace/control_plan/chapter4/ros2_lqr/install/lgsvl_msgs/include/lgsvl_msgs/lgsvl_msgs/msg/detail/can_bus_data__struct.hpp
[1.581s] -- Up-to-date: /home/hwl/per_workspace/control_plan/chapter4/ros2_lqr/install/lgsvl_msgs/include/lgsvl_msgs/lgsvl_msgs/msg/detail/vehicle_control_data__traits.hpp
[1.581s] -- Up-to-date: /home/hwl/per_workspace/control_plan/chapter4/ros2_lqr/install/lgsvl_msgs/include/lgsvl_msgs/lgsvl_msgs/msg/detail/detection3_d_array__traits.hpp
[1.581s] -- Up-to-date: /home/hwl/per_workspace/control_plan/chapter4/ros2_lqr/install/lgsvl_msgs/include/lgsvl_msgs/lgsvl_msgs/msg/detail/bounding_box3_d__traits.hpp
[1.581s] -- Up-to-date: /home/hwl/per_workspace/control_plan/chapter4/ros2_lqr/install/lgsvl_msgs/include/lgsvl_msgs/lgsvl_msgs/msg/detail/signal__traits.hpp
[1.581s] -- Up-to-date: /home/hwl/per_workspace/control_plan/chapter4/ros2_lqr/install/lgsvl_msgs/include/lgsvl_msgs/lgsvl_msgs/msg/detail/signal_array__struct.hpp
[1.581s] -- Up-to-date: /home/hwl/per_workspace/control_plan/chapter4/ros2_lqr/install/lgsvl_msgs/include/lgsvl_msgs/lgsvl_msgs/msg/detail/detection3_d_array__builder.hpp
[1.581s] -- Up-to-date: /home/hwl/per_workspace/control_plan/chapter4/ros2_lqr/install/lgsvl_msgs/include/lgsvl_msgs/lgsvl_msgs/msg/detail/detection3_d_array__struct.hpp
[1.581s] -- Up-to-date: /home/hwl/per_workspace/control_plan/chapter4/ros2_lqr/install/lgsvl_msgs/include/lgsvl_msgs/lgsvl_msgs/msg/detail/detection2_d__builder.hpp
[1.582s] -- Up-to-date: /home/hwl/per_workspace/control_plan/chapter4/ros2_lqr/install/lgsvl_msgs/include/lgsvl_msgs/lgsvl_msgs/msg/detail/ultrasonic__traits.hpp
[1.582s] -- Up-to-date: /home/hwl/per_workspace/control_plan/chapter4/ros2_lqr/install/lgsvl_msgs/include/lgsvl_msgs/lgsvl_msgs/msg/detail/detected_radar_object__traits.hpp
[1.582s] -- Up-to-date: /home/hwl/per_workspace/control_plan/chapter4/ros2_lqr/install/lgsvl_msgs/include/lgsvl_msgs/lgsvl_msgs/msg/detail/detected_radar_object_array__struct.hpp
[1.582s] -- Up-to-date: /home/hwl/per_workspace/control_plan/chapter4/ros2_lqr/install/lgsvl_msgs/include/lgsvl_msgs/lgsvl_msgs/msg/detail/bounding_box3_d__builder.hpp
[1.582s] -- Up-to-date: /home/hwl/per_workspace/control_plan/chapter4/ros2_lqr/install/lgsvl_msgs/include/lgsvl_msgs/lgsvl_msgs/msg/detail/vehicle_state_data__traits.hpp
[1.582s] -- Up-to-date: /home/hwl/per_workspace/control_plan/chapter4/ros2_lqr/install/lgsvl_msgs/include/lgsvl_msgs/lgsvl_msgs/msg/detail/detected_radar_object_array__builder.hpp
[1.582s] -- Up-to-date: /home/hwl/per_workspace/control_plan/chapter4/ros2_lqr/install/lgsvl_msgs/include/lgsvl_msgs/lgsvl_msgs/msg/detail/ultrasonic__builder.hpp
[1.582s] -- Up-to-date: /home/hwl/per_workspace/control_plan/chapter4/ros2_lqr/install/lgsvl_msgs/include/lgsvl_msgs/lgsvl_msgs/msg/detail/vehicle_state_data__struct.hpp
[1.582s] -- Up-to-date: /home/hwl/per_workspace/control_plan/chapter4/ros2_lqr/install/lgsvl_msgs/include/lgsvl_msgs/lgsvl_msgs/msg/detail/signal__builder.hpp
[1.583s] -- Up-to-date: /home/hwl/per_workspace/control_plan/chapter4/ros2_lqr/install/lgsvl_msgs/include/lgsvl_msgs/lgsvl_msgs/msg/detail/detection2_d__traits.hpp
[1.583s] -- Up-to-date: /home/hwl/per_workspace/control_plan/chapter4/ros2_lqr/install/lgsvl_msgs/include/lgsvl_msgs/lgsvl_msgs/msg/detail/detection2_d_array__traits.hpp
[1.583s] -- Up-to-date: /home/hwl/per_workspace/control_plan/chapter4/ros2_lqr/install/lgsvl_msgs/include/lgsvl_msgs/lgsvl_msgs/msg/detail/bounding_box2_d__traits.hpp
[1.583s] -- Up-to-date: /home/hwl/per_workspace/control_plan/chapter4/ros2_lqr/install/lgsvl_msgs/include/lgsvl_msgs/lgsvl_msgs/msg/detail/bounding_box3_d__struct.hpp
[1.583s] -- Up-to-date: /home/hwl/per_workspace/control_plan/chapter4/ros2_lqr/install/lgsvl_msgs/include/lgsvl_msgs/lgsvl_msgs/msg/detail/detection3_d__traits.hpp
[1.583s] -- Up-to-date: /home/hwl/per_workspace/control_plan/chapter4/ros2_lqr/install/lgsvl_msgs/include/lgsvl_msgs/lgsvl_msgs/msg/can_bus_data.hpp
[1.583s] -- Up-to-date: /home/hwl/per_workspace/control_plan/chapter4/ros2_lqr/install/lgsvl_msgs/include/lgsvl_msgs/lgsvl_msgs/msg/bounding_box3_d.hpp
[1.583s] -- Up-to-date: /home/hwl/per_workspace/control_plan/chapter4/ros2_lqr/install/lgsvl_msgs/include/lgsvl_msgs/lgsvl_msgs/msg/detection3_d_array.hpp
[1.584s] -- Up-to-date: /home/hwl/per_workspace/control_plan/chapter4/ros2_lqr/install/lgsvl_msgs/include/lgsvl_msgs/lgsvl_msgs/msg/detection2_d.hpp
[1.584s] -- Up-to-date: /home/hwl/per_workspace/control_plan/chapter4/ros2_lqr/install/lgsvl_msgs/include/lgsvl_msgs/lgsvl_msgs/msg/signal.hpp
[1.584s] -- Up-to-date: /home/hwl/per_workspace/control_plan/chapter4/ros2_lqr/install/lgsvl_msgs/include/lgsvl_msgs/lgsvl_msgs/msg/vehicle_control_data.hpp
[1.584s] -- Up-to-date: /home/hwl/per_workspace/control_plan/chapter4/ros2_lqr/install/lgsvl_msgs/include/lgsvl_msgs/lgsvl_msgs/msg/ultrasonic.hpp
[1.584s] -- Up-to-date: /home/hwl/per_workspace/control_plan/chapter4/ros2_lqr/install/lgsvl_msgs/include/lgsvl_msgs/lgsvl_msgs/msg/detection2_d_array.hpp
[1.584s] -- Up-to-date: /home/hwl/per_workspace/control_plan/chapter4/ros2_lqr/install/lgsvl_msgs/include/lgsvl_msgs/lgsvl_msgs/msg/detected_radar_object_array.hpp
[1.584s] -- Up-to-date: /home/hwl/per_workspace/control_plan/chapter4/ros2_lqr/install/lgsvl_msgs/include/lgsvl_msgs/lgsvl_msgs/msg/signal_array.hpp
[1.584s] -- Up-to-date: /home/hwl/per_workspace/control_plan/chapter4/ros2_lqr/install/lgsvl_msgs/include/lgsvl_msgs/lgsvl_msgs/msg/vehicle_state_data.hpp
[1.584s] -- Up-to-date: /home/hwl/per_workspace/control_plan/chapter4/ros2_lqr/install/lgsvl_msgs/include/lgsvl_msgs/lgsvl_msgs/msg/vehicle_odometry.hpp
[1.584s] -- Up-to-date: /home/hwl/per_workspace/control_plan/chapter4/ros2_lqr/install/lgsvl_msgs/include/lgsvl_msgs/lgsvl_msgs/msg/bounding_box2_d.hpp
[1.585s] -- Up-to-date: /home/hwl/per_workspace/control_plan/chapter4/ros2_lqr/install/lgsvl_msgs/include/lgsvl_msgs/lgsvl_msgs/msg/detection3_d.hpp
[1.585s] -- Up-to-date: /home/hwl/per_workspace/control_plan/chapter4/ros2_lqr/install/lgsvl_msgs/include/lgsvl_msgs/lgsvl_msgs
[1.585s] -- Up-to-date: /home/hwl/per_workspace/control_plan/chapter4/ros2_lqr/install/lgsvl_msgs/include/lgsvl_msgs/lgsvl_msgs/msg
[1.585s] -- Up-to-date: /home/hwl/per_workspace/control_plan/chapter4/ros2_lqr/install/lgsvl_msgs/include/lgsvl_msgs/lgsvl_msgs/msg/rosidl_typesupport_fastrtps_cpp__visibility_control.h
[1.585s] -- Up-to-date: /home/hwl/per_workspace/control_plan/chapter4/ros2_lqr/install/lgsvl_msgs/include/lgsvl_msgs/lgsvl_msgs/msg/detail
[1.585s] -- Up-to-date: /home/hwl/per_workspace/control_plan/chapter4/ros2_lqr/install/lgsvl_msgs/include/lgsvl_msgs/lgsvl_msgs/msg/detail/bounding_box2_d__rosidl_typesupport_fastrtps_cpp.hpp
[1.585s] -- Up-to-date: /home/hwl/per_workspace/control_plan/chapter4/ros2_lqr/install/lgsvl_msgs/include/lgsvl_msgs/lgsvl_msgs/msg/detail/vehicle_control_data__rosidl_typesupport_fastrtps_cpp.hpp
[1.585s] -- Up-to-date: /home/hwl/per_workspace/control_plan/chapter4/ros2_lqr/install/lgsvl_msgs/include/lgsvl_msgs/lgsvl_msgs/msg/detail/signal__rosidl_typesupport_fastrtps_cpp.hpp
[1.585s] -- Up-to-date: /home/hwl/per_workspace/control_plan/chapter4/ros2_lqr/install/lgsvl_msgs/include/lgsvl_msgs/lgsvl_msgs/msg/detail/dds_fastrtps
[1.585s] -- Up-to-date: /home/hwl/per_workspace/control_plan/chapter4/ros2_lqr/install/lgsvl_msgs/include/lgsvl_msgs/lgsvl_msgs/msg/detail/can_bus_data__rosidl_typesupport_fastrtps_cpp.hpp
[1.585s] -- Up-to-date: /home/hwl/per_workspace/control_plan/chapter4/ros2_lqr/install/lgsvl_msgs/include/lgsvl_msgs/lgsvl_msgs/msg/detail/detection3_d__rosidl_typesupport_fastrtps_cpp.hpp
[1.586s] -- Up-to-date: /home/hwl/per_workspace/control_plan/chapter4/ros2_lqr/install/lgsvl_msgs/include/lgsvl_msgs/lgsvl_msgs/msg/detail/detection3_d_array__rosidl_typesupport_fastrtps_cpp.hpp
[1.586s] -- Up-to-date: /home/hwl/per_workspace/control_plan/chapter4/ros2_lqr/install/lgsvl_msgs/include/lgsvl_msgs/lgsvl_msgs/msg/detail/vehicle_odometry__rosidl_typesupport_fastrtps_cpp.hpp
[1.586s] -- Up-to-date: /home/hwl/per_workspace/control_plan/chapter4/ros2_lqr/install/lgsvl_msgs/include/lgsvl_msgs/lgsvl_msgs/msg/detail/detected_radar_object_array__rosidl_typesupport_fastrtps_cpp.hpp
[1.586s] -- Up-to-date: /home/hwl/per_workspace/control_plan/chapter4/ros2_lqr/install/lgsvl_msgs/include/lgsvl_msgs/lgsvl_msgs/msg/detail/detection2_d__rosidl_typesupport_fastrtps_cpp.hpp
[1.586s] -- Up-to-date: /home/hwl/per_workspace/control_plan/chapter4/ros2_lqr/install/lgsvl_msgs/include/lgsvl_msgs/lgsvl_msgs/msg/detail/ultrasonic__rosidl_typesupport_fastrtps_cpp.hpp
[1.586s] -- Up-to-date: /home/hwl/per_workspace/control_plan/chapter4/ros2_lqr/install/lgsvl_msgs/include/lgsvl_msgs/lgsvl_msgs/msg/detail/detection2_d_array__rosidl_typesupport_fastrtps_cpp.hpp
[1.586s] -- Up-to-date: /home/hwl/per_workspace/control_plan/chapter4/ros2_lqr/install/lgsvl_msgs/include/lgsvl_msgs/lgsvl_msgs/msg/detail/signal_array__rosidl_typesupport_fastrtps_cpp.hpp
[1.586s] -- Up-to-date: /home/hwl/per_workspace/control_plan/chapter4/ros2_lqr/install/lgsvl_msgs/include/lgsvl_msgs/lgsvl_msgs/msg/detail/vehicle_state_data__rosidl_typesupport_fastrtps_cpp.hpp
[1.586s] -- Up-to-date: /home/hwl/per_workspace/control_plan/chapter4/ros2_lqr/install/lgsvl_msgs/include/lgsvl_msgs/lgsvl_msgs/msg/detail/detected_radar_object__rosidl_typesupport_fastrtps_cpp.hpp
[1.586s] -- Up-to-date: /home/hwl/per_workspace/control_plan/chapter4/ros2_lqr/install/lgsvl_msgs/include/lgsvl_msgs/lgsvl_msgs/msg/detail/bounding_box3_d__rosidl_typesupport_fastrtps_cpp.hpp
[1.587s] -- Up-to-date: /home/hwl/per_workspace/control_plan/chapter4/ros2_lqr/install/lgsvl_msgs/lib/liblgsvl_msgs__rosidl_typesupport_fastrtps_cpp.so
[1.587s] -- Up-to-date: /home/hwl/per_workspace/control_plan/chapter4/ros2_lqr/install/lgsvl_msgs/include/lgsvl_msgs/lgsvl_msgs
[1.587s] -- Up-to-date: /home/hwl/per_workspace/control_plan/chapter4/ros2_lqr/install/lgsvl_msgs/include/lgsvl_msgs/lgsvl_msgs/msg
[1.587s] -- Up-to-date: /home/hwl/per_workspace/control_plan/chapter4/ros2_lqr/install/lgsvl_msgs/include/lgsvl_msgs/lgsvl_msgs/msg/detail
[1.587s] -- Up-to-date: /home/hwl/per_workspace/control_plan/chapter4/ros2_lqr/install/lgsvl_msgs/include/lgsvl_msgs/lgsvl_msgs/msg/detail/signal__type_support.c
[1.587s] -- Up-to-date: /home/hwl/per_workspace/control_plan/chapter4/ros2_lqr/install/lgsvl_msgs/include/lgsvl_msgs/lgsvl_msgs/msg/detail/ultrasonic__rosidl_typesupport_introspection_c.h
[1.587s] -- Up-to-date: /home/hwl/per_workspace/control_plan/chapter4/ros2_lqr/install/lgsvl_msgs/include/lgsvl_msgs/lgsvl_msgs/msg/detail/detection2_d__type_support.c
[1.587s] -- Up-to-date: /home/hwl/per_workspace/control_plan/chapter4/ros2_lqr/install/lgsvl_msgs/include/lgsvl_msgs/lgsvl_msgs/msg/detail/detected_radar_object_array__type_support.c
[1.587s] -- Up-to-date: /home/hwl/per_workspace/control_plan/chapter4/ros2_lqr/install/lgsvl_msgs/include/lgsvl_msgs/lgsvl_msgs/msg/detail/can_bus_data__rosidl_typesupport_introspection_c.h
[1.587s] -- Up-to-date: /home/hwl/per_workspace/control_plan/chapter4/ros2_lqr/install/lgsvl_msgs/include/lgsvl_msgs/lgsvl_msgs/msg/detail/detection3_d_array__type_support.c
[1.587s] -- Up-to-date: /home/hwl/per_workspace/control_plan/chapter4/ros2_lqr/install/lgsvl_msgs/include/lgsvl_msgs/lgsvl_msgs/msg/detail/signal_array__type_support.c
[1.587s] -- Up-to-date: /home/hwl/per_workspace/control_plan/chapter4/ros2_lqr/install/lgsvl_msgs/include/lgsvl_msgs/lgsvl_msgs/msg/detail/detection3_d_array__rosidl_typesupport_introspection_c.h
[1.588s] -- Up-to-date: /home/hwl/per_workspace/control_plan/chapter4/ros2_lqr/install/lgsvl_msgs/include/lgsvl_msgs/lgsvl_msgs/msg/detail/vehicle_state_data__type_support.c
[1.588s] -- Up-to-date: /home/hwl/per_workspace/control_plan/chapter4/ros2_lqr/install/lgsvl_msgs/include/lgsvl_msgs/lgsvl_msgs/msg/detail/bounding_box3_d__rosidl_typesupport_introspection_c.h
[1.588s] -- Up-to-date: /home/hwl/per_workspace/control_plan/chapter4/ros2_lqr/install/lgsvl_msgs/include/lgsvl_msgs/lgsvl_msgs/msg/detail/vehicle_control_data__type_support.c
[1.588s] -- Up-to-date: /home/hwl/per_workspace/control_plan/chapter4/ros2_lqr/install/lgsvl_msgs/include/lgsvl_msgs/lgsvl_msgs/msg/detail/vehicle_control_data__rosidl_typesupport_introspection_c.h
[1.588s] -- Up-to-date: /home/hwl/per_workspace/control_plan/chapter4/ros2_lqr/install/lgsvl_msgs/include/lgsvl_msgs/lgsvl_msgs/msg/detail/can_bus_data__type_support.c
[1.588s] -- Up-to-date: /home/hwl/per_workspace/control_plan/chapter4/ros2_lqr/install/lgsvl_msgs/include/lgsvl_msgs/lgsvl_msgs/msg/detail/detection2_d__rosidl_typesupport_introspection_c.h
[1.588s] -- Up-to-date: /home/hwl/per_workspace/control_plan/chapter4/ros2_lqr/install/lgsvl_msgs/include/lgsvl_msgs/lgsvl_msgs/msg/detail/detection3_d__rosidl_typesupport_introspection_c.h
[1.588s] -- Up-to-date: /home/hwl/per_workspace/control_plan/chapter4/ros2_lqr/install/lgsvl_msgs/include/lgsvl_msgs/lgsvl_msgs/msg/detail/signal_array__rosidl_typesupport_introspection_c.h
[1.588s] -- Up-to-date: /home/hwl/per_workspace/control_plan/chapter4/ros2_lqr/install/lgsvl_msgs/include/lgsvl_msgs/lgsvl_msgs/msg/detail/detected_radar_object__rosidl_typesupport_introspection_c.h
[1.588s] -- Up-to-date: /home/hwl/per_workspace/control_plan/chapter4/ros2_lqr/install/lgsvl_msgs/include/lgsvl_msgs/lgsvl_msgs/msg/detail/detection3_d__type_support.c
[1.589s] -- Up-to-date: /home/hwl/per_workspace/control_plan/chapter4/ros2_lqr/install/lgsvl_msgs/include/lgsvl_msgs/lgsvl_msgs/msg/detail/bounding_box3_d__type_support.c
[1.589s] -- Up-to-date: /home/hwl/per_workspace/control_plan/chapter4/ros2_lqr/install/lgsvl_msgs/include/lgsvl_msgs/lgsvl_msgs/msg/detail/signal__rosidl_typesupport_introspection_c.h
[1.589s] -- Up-to-date: /home/hwl/per_workspace/control_plan/chapter4/ros2_lqr/install/lgsvl_msgs/include/lgsvl_msgs/lgsvl_msgs/msg/detail/vehicle_odometry__type_support.c
[1.589s] -- Up-to-date: /home/hwl/per_workspace/control_plan/chapter4/ros2_lqr/install/lgsvl_msgs/include/lgsvl_msgs/lgsvl_msgs/msg/detail/ultrasonic__type_support.c
[1.589s] -- Up-to-date: /home/hwl/per_workspace/control_plan/chapter4/ros2_lqr/install/lgsvl_msgs/include/lgsvl_msgs/lgsvl_msgs/msg/detail/detected_radar_object_array__rosidl_typesupport_introspection_c.h
[1.589s] -- Up-to-date: /home/hwl/per_workspace/control_plan/chapter4/ros2_lqr/install/lgsvl_msgs/include/lgsvl_msgs/lgsvl_msgs/msg/detail/detection2_d_array__rosidl_typesupport_introspection_c.h
[1.589s] -- Up-to-date: /home/hwl/per_workspace/control_plan/chapter4/ros2_lqr/install/lgsvl_msgs/include/lgsvl_msgs/lgsvl_msgs/msg/detail/detected_radar_object__type_support.c
[1.589s] -- Up-to-date: /home/hwl/per_workspace/control_plan/chapter4/ros2_lqr/install/lgsvl_msgs/include/lgsvl_msgs/lgsvl_msgs/msg/detail/bounding_box2_d__rosidl_typesupport_introspection_c.h
[1.589s] -- Up-to-date: /home/hwl/per_workspace/control_plan/chapter4/ros2_lqr/install/lgsvl_msgs/include/lgsvl_msgs/lgsvl_msgs/msg/detail/detection2_d_array__type_support.c
[1.589s] -- Up-to-date: /home/hwl/per_workspace/control_plan/chapter4/ros2_lqr/install/lgsvl_msgs/include/lgsvl_msgs/lgsvl_msgs/msg/detail/bounding_box2_d__type_support.c
[1.590s] -- Up-to-date: /home/hwl/per_workspace/control_plan/chapter4/ros2_lqr/install/lgsvl_msgs/include/lgsvl_msgs/lgsvl_msgs/msg/detail/vehicle_state_data__rosidl_typesupport_introspection_c.h
[1.590s] -- Up-to-date: /home/hwl/per_workspace/control_plan/chapter4/ros2_lqr/install/lgsvl_msgs/include/lgsvl_msgs/lgsvl_msgs/msg/detail/vehicle_odometry__rosidl_typesupport_introspection_c.h
[1.590s] -- Up-to-date: /home/hwl/per_workspace/control_plan/chapter4/ros2_lqr/install/lgsvl_msgs/include/lgsvl_msgs/lgsvl_msgs/msg/rosidl_typesupport_introspection_c__visibility_control.h
[1.590s] -- Up-to-date: /home/hwl/per_workspace/control_plan/chapter4/ros2_lqr/install/lgsvl_msgs/lib/liblgsvl_msgs__rosidl_typesupport_introspection_c.so
[1.590s] -- Up-to-date: /home/hwl/per_workspace/control_plan/chapter4/ros2_lqr/install/lgsvl_msgs/lib/liblgsvl_msgs__rosidl_typesupport_c.so
[1.590s] -- Up-to-date: /home/hwl/per_workspace/control_plan/chapter4/ros2_lqr/install/lgsvl_msgs/include/lgsvl_msgs/lgsvl_msgs
[1.590s] -- Up-to-date: /home/hwl/per_workspace/control_plan/chapter4/ros2_lqr/install/lgsvl_msgs/include/lgsvl_msgs/lgsvl_msgs/msg
[1.590s] -- Up-to-date: /home/hwl/per_workspace/control_plan/chapter4/ros2_lqr/install/lgsvl_msgs/include/lgsvl_msgs/lgsvl_msgs/msg/detail
[1.590s] -- Up-to-date: /home/hwl/per_workspace/control_plan/chapter4/ros2_lqr/install/lgsvl_msgs/include/lgsvl_msgs/lgsvl_msgs/msg/detail/bounding_box3_d__type_support.cpp
[1.590s] -- Up-to-date: /home/hwl/per_workspace/control_plan/chapter4/ros2_lqr/install/lgsvl_msgs/include/lgsvl_msgs/lgsvl_msgs/msg/detail/detection2_d__type_support.cpp
[1.590s] -- Up-to-date: /home/hwl/per_workspace/control_plan/chapter4/ros2_lqr/install/lgsvl_msgs/include/lgsvl_msgs/lgsvl_msgs/msg/detail/vehicle_state_data__type_support.cpp
[1.591s] -- Up-to-date: /home/hwl/per_workspace/control_plan/chapter4/ros2_lqr/install/lgsvl_msgs/include/lgsvl_msgs/lgsvl_msgs/msg/detail/ultrasonic__rosidl_typesupport_introspection_cpp.hpp
[1.591s] -- Up-to-date: /home/hwl/per_workspace/control_plan/chapter4/ros2_lqr/install/lgsvl_msgs/include/lgsvl_msgs/lgsvl_msgs/msg/detail/vehicle_control_data__type_support.cpp
[1.591s] -- Up-to-date: /home/hwl/per_workspace/control_plan/chapter4/ros2_lqr/install/lgsvl_msgs/include/lgsvl_msgs/lgsvl_msgs/msg/detail/bounding_box2_d__type_support.cpp
[1.591s] -- Up-to-date: /home/hwl/per_workspace/control_plan/chapter4/ros2_lqr/install/lgsvl_msgs/include/lgsvl_msgs/lgsvl_msgs/msg/detail/signal__rosidl_typesupport_introspection_cpp.hpp
[1.591s] -- Up-to-date: /home/hwl/per_workspace/control_plan/chapter4/ros2_lqr/install/lgsvl_msgs/include/lgsvl_msgs/lgsvl_msgs/msg/detail/detection2_d_array__rosidl_typesupport_introspection_cpp.hpp
[1.591s] -- Up-to-date: /home/hwl/per_workspace/control_plan/chapter4/ros2_lqr/install/lgsvl_msgs/include/lgsvl_msgs/lgsvl_msgs/msg/detail/ultrasonic__type_support.cpp
[1.591s] -- Up-to-date: /home/hwl/per_workspace/control_plan/chapter4/ros2_lqr/install/lgsvl_msgs/include/lgsvl_msgs/lgsvl_msgs/msg/detail/signal_array__rosidl_typesupport_introspection_cpp.hpp
[1.591s] -- Up-to-date: /home/hwl/per_workspace/control_plan/chapter4/ros2_lqr/install/lgsvl_msgs/include/lgsvl_msgs/lgsvl_msgs/msg/detail/bounding_box2_d__rosidl_typesupport_introspection_cpp.hpp
[1.591s] -- Up-to-date: /home/hwl/per_workspace/control_plan/chapter4/ros2_lqr/install/lgsvl_msgs/include/lgsvl_msgs/lgsvl_msgs/msg/detail/vehicle_odometry__rosidl_typesupport_introspection_cpp.hpp
[1.591s] -- Up-to-date: /home/hwl/per_workspace/control_plan/chapter4/ros2_lqr/install/lgsvl_msgs/include/lgsvl_msgs/lgsvl_msgs/msg/detail/detected_radar_object__rosidl_typesupport_introspection_cpp.hpp
[1.592s] -- Up-to-date: /home/hwl/per_workspace/control_plan/chapter4/ros2_lqr/install/lgsvl_msgs/include/lgsvl_msgs/lgsvl_msgs/msg/detail/detection3_d_array__type_support.cpp
[1.592s] -- Up-to-date: /home/hwl/per_workspace/control_plan/chapter4/ros2_lqr/install/lgsvl_msgs/include/lgsvl_msgs/lgsvl_msgs/msg/detail/can_bus_data__type_support.cpp
[1.592s] -- Up-to-date: /home/hwl/per_workspace/control_plan/chapter4/ros2_lqr/install/lgsvl_msgs/include/lgsvl_msgs/lgsvl_msgs/msg/detail/signal_array__type_support.cpp
[1.592s] -- Up-to-date: /home/hwl/per_workspace/control_plan/chapter4/ros2_lqr/install/lgsvl_msgs/include/lgsvl_msgs/lgsvl_msgs/msg/detail/detection2_d__rosidl_typesupport_introspection_cpp.hpp
[1.592s] -- Up-to-date: /home/hwl/per_workspace/control_plan/chapter4/ros2_lqr/install/lgsvl_msgs/include/lgsvl_msgs/lgsvl_msgs/msg/detail/detection3_d__type_support.cpp
[1.592s] -- Up-to-date: /home/hwl/per_workspace/control_plan/chapter4/ros2_lqr/install/lgsvl_msgs/include/lgsvl_msgs/lgsvl_msgs/msg/detail/vehicle_state_data__rosidl_typesupport_introspection_cpp.hpp
[1.592s] -- Up-to-date: /home/hwl/per_workspace/control_plan/chapter4/ros2_lqr/install/lgsvl_msgs/include/lgsvl_msgs/lgsvl_msgs/msg/detail/detection3_d__rosidl_typesupport_introspection_cpp.hpp
[1.592s] -- Up-to-date: /home/hwl/per_workspace/control_plan/chapter4/ros2_lqr/install/lgsvl_msgs/include/lgsvl_msgs/lgsvl_msgs/msg/detail/vehicle_control_data__rosidl_typesupport_introspection_cpp.hpp
[1.592s] -- Up-to-date: /home/hwl/per_workspace/control_plan/chapter4/ros2_lqr/install/lgsvl_msgs/include/lgsvl_msgs/lgsvl_msgs/msg/detail/detection2_d_array__type_support.cpp
[1.592s] -- Up-to-date: /home/hwl/per_workspace/control_plan/chapter4/ros2_lqr/install/lgsvl_msgs/include/lgsvl_msgs/lgsvl_msgs/msg/detail/detection3_d_array__rosidl_typesupport_introspection_cpp.hpp
[1.593s] -- Up-to-date: /home/hwl/per_workspace/control_plan/chapter4/ros2_lqr/install/lgsvl_msgs/include/lgsvl_msgs/lgsvl_msgs/msg/detail/vehicle_odometry__type_support.cpp
[1.593s] -- Up-to-date: /home/hwl/per_workspace/control_plan/chapter4/ros2_lqr/install/lgsvl_msgs/include/lgsvl_msgs/lgsvl_msgs/msg/detail/detected_radar_object__type_support.cpp
[1.593s] -- Up-to-date: /home/hwl/per_workspace/control_plan/chapter4/ros2_lqr/install/lgsvl_msgs/include/lgsvl_msgs/lgsvl_msgs/msg/detail/detected_radar_object_array__rosidl_typesupport_introspection_cpp.hpp
[1.593s] -- Up-to-date: /home/hwl/per_workspace/control_plan/chapter4/ros2_lqr/install/lgsvl_msgs/include/lgsvl_msgs/lgsvl_msgs/msg/detail/signal__type_support.cpp
[1.593s] -- Up-to-date: /home/hwl/per_workspace/control_plan/chapter4/ros2_lqr/install/lgsvl_msgs/include/lgsvl_msgs/lgsvl_msgs/msg/detail/detected_radar_object_array__type_support.cpp
[1.593s] -- Up-to-date: /home/hwl/per_workspace/control_plan/chapter4/ros2_lqr/install/lgsvl_msgs/include/lgsvl_msgs/lgsvl_msgs/msg/detail/bounding_box3_d__rosidl_typesupport_introspection_cpp.hpp
[1.593s] -- Up-to-date: /home/hwl/per_workspace/control_plan/chapter4/ros2_lqr/install/lgsvl_msgs/include/lgsvl_msgs/lgsvl_msgs/msg/detail/can_bus_data__rosidl_typesupport_introspection_cpp.hpp
[1.593s] -- Up-to-date: /home/hwl/per_workspace/control_plan/chapter4/ros2_lqr/install/lgsvl_msgs/lib/liblgsvl_msgs__rosidl_typesupport_introspection_cpp.so
[1.593s] -- Up-to-date: /home/hwl/per_workspace/control_plan/chapter4/ros2_lqr/install/lgsvl_msgs/lib/liblgsvl_msgs__rosidl_typesupport_cpp.so
[1.593s] -- Up-to-date: /home/hwl/per_workspace/control_plan/chapter4/ros2_lqr/install/lgsvl_msgs/share/lgsvl_msgs/environment/pythonpath.sh
[1.593s] -- Up-to-date: /home/hwl/per_workspace/control_plan/chapter4/ros2_lqr/install/lgsvl_msgs/share/lgsvl_msgs/environment/pythonpath.dsv
[1.594s] -- Up-to-date: /home/hwl/per_workspace/control_plan/chapter4/ros2_lqr/install/lgsvl_msgs/lib/python3.8/site-packages/lgsvl_msgs-0.0.4-py3.8.egg-info
[1.594s] -- Installing: /home/hwl/per_workspace/control_plan/chapter4/ros2_lqr/install/lgsvl_msgs/lib/python3.8/site-packages/lgsvl_msgs-0.0.4-py3.8.egg-info/SOURCES.txt
[1.594s] -- Installing: /home/hwl/per_workspace/control_plan/chapter4/ros2_lqr/install/lgsvl_msgs/lib/python3.8/site-packages/lgsvl_msgs-0.0.4-py3.8.egg-info/top_level.txt
[1.594s] -- Installing: /home/hwl/per_workspace/control_plan/chapter4/ros2_lqr/install/lgsvl_msgs/lib/python3.8/site-packages/lgsvl_msgs-0.0.4-py3.8.egg-info/PKG-INFO
[1.594s] -- Installing: /home/hwl/per_workspace/control_plan/chapter4/ros2_lqr/install/lgsvl_msgs/lib/python3.8/site-packages/lgsvl_msgs-0.0.4-py3.8.egg-info/dependency_links.txt
[1.594s] -- Up-to-date: /home/hwl/per_workspace/control_plan/chapter4/ros2_lqr/install/lgsvl_msgs/lib/python3.8/site-packages/lgsvl_msgs
[1.594s] -- Up-to-date: /home/hwl/per_workspace/control_plan/chapter4/ros2_lqr/install/lgsvl_msgs/lib/python3.8/site-packages/lgsvl_msgs/lgsvl_msgs_s__rosidl_typesupport_fastrtps_c.cpython-38-x86_64-linux-gnu.so
[1.594s] -- Up-to-date: /home/hwl/per_workspace/control_plan/chapter4/ros2_lqr/install/lgsvl_msgs/lib/python3.8/site-packages/lgsvl_msgs/lgsvl_msgs_s__rosidl_typesupport_c.cpython-38-x86_64-linux-gnu.so
[1.595s] -- Up-to-date: /home/hwl/per_workspace/control_plan/chapter4/ros2_lqr/install/lgsvl_msgs/lib/python3.8/site-packages/lgsvl_msgs/_lgsvl_msgs_s.ep.rosidl_typesupport_c.c
[1.595s] -- Up-to-date: /home/hwl/per_workspace/control_plan/chapter4/ros2_lqr/install/lgsvl_msgs/lib/python3.8/site-packages/lgsvl_msgs/liblgsvl_msgs__rosidl_generator_py.so
[1.595s] -- Up-to-date: /home/hwl/per_workspace/control_plan/chapter4/ros2_lqr/install/lgsvl_msgs/lib/python3.8/site-packages/lgsvl_msgs/__init__.py
[1.595s] -- Up-to-date: /home/hwl/per_workspace/control_plan/chapter4/ros2_lqr/install/lgsvl_msgs/lib/python3.8/site-packages/lgsvl_msgs/_lgsvl_msgs_s.ep.rosidl_typesupport_fastrtps_c.c
[1.595s] -- Up-to-date: /home/hwl/per_workspace/control_plan/chapter4/ros2_lqr/install/lgsvl_msgs/lib/python3.8/site-packages/lgsvl_msgs/_lgsvl_msgs_s.ep.rosidl_typesupport_introspection_c.c
[1.595s] -- Up-to-date: /home/hwl/per_workspace/control_plan/chapter4/ros2_lqr/install/lgsvl_msgs/lib/python3.8/site-packages/lgsvl_msgs/msg
[1.595s] -- Up-to-date: /home/hwl/per_workspace/control_plan/chapter4/ros2_lqr/install/lgsvl_msgs/lib/python3.8/site-packages/lgsvl_msgs/msg/_vehicle_state_data_s.c
[1.595s] -- Up-to-date: /home/hwl/per_workspace/control_plan/chapter4/ros2_lqr/install/lgsvl_msgs/lib/python3.8/site-packages/lgsvl_msgs/msg/_detection3_d_s.c
[1.595s] -- Up-to-date: /home/hwl/per_workspace/control_plan/chapter4/ros2_lqr/install/lgsvl_msgs/lib/python3.8/site-packages/lgsvl_msgs/msg/_detection2_d.py
[1.595s] -- Up-to-date: /home/hwl/per_workspace/control_plan/chapter4/ros2_lqr/install/lgsvl_msgs/lib/python3.8/site-packages/lgsvl_msgs/msg/_signal_s.c
[1.596s] -- Up-to-date: /home/hwl/per_workspace/control_plan/chapter4/ros2_lqr/install/lgsvl_msgs/lib/python3.8/site-packages/lgsvl_msgs/msg/_vehicle_control_data_s.c
[1.596s] -- Up-to-date: /home/hwl/per_workspace/control_plan/chapter4/ros2_lqr/install/lgsvl_msgs/lib/python3.8/site-packages/lgsvl_msgs/msg/_vehicle_control_data.py
[1.596s] -- Up-to-date: /home/hwl/per_workspace/control_plan/chapter4/ros2_lqr/install/lgsvl_msgs/lib/python3.8/site-packages/lgsvl_msgs/msg/_detected_radar_object_s.c
[1.596s] -- Up-to-date: /home/hwl/per_workspace/control_plan/chapter4/ros2_lqr/install/lgsvl_msgs/lib/python3.8/site-packages/lgsvl_msgs/msg/_bounding_box2_d_s.c
[1.596s] -- Up-to-date: /home/hwl/per_workspace/control_plan/chapter4/ros2_lqr/install/lgsvl_msgs/lib/python3.8/site-packages/lgsvl_msgs/msg/_ultrasonic.py
[1.596s] -- Up-to-date: /home/hwl/per_workspace/control_plan/chapter4/ros2_lqr/install/lgsvl_msgs/lib/python3.8/site-packages/lgsvl_msgs/msg/_detection2_d_array_s.c
[1.596s] -- Up-to-date: /home/hwl/per_workspace/control_plan/chapter4/ros2_lqr/install/lgsvl_msgs/lib/python3.8/site-packages/lgsvl_msgs/msg/_detection3_d_array.py
[1.596s] -- Up-to-date: /home/hwl/per_workspace/control_plan/chapter4/ros2_lqr/install/lgsvl_msgs/lib/python3.8/site-packages/lgsvl_msgs/msg/_signal_array_s.c
[1.596s] -- Up-to-date: /home/hwl/per_workspace/control_plan/chapter4/ros2_lqr/install/lgsvl_msgs/lib/python3.8/site-packages/lgsvl_msgs/msg/_bounding_box3_d_s.c
[1.596s] -- Up-to-date: /home/hwl/per_workspace/control_plan/chapter4/ros2_lqr/install/lgsvl_msgs/lib/python3.8/site-packages/lgsvl_msgs/msg/_ultrasonic_s.c
[1.596s] -- Up-to-date: /home/hwl/per_workspace/control_plan/chapter4/ros2_lqr/install/lgsvl_msgs/lib/python3.8/site-packages/lgsvl_msgs/msg/_bounding_box2_d.py
[1.597s] -- Up-to-date: /home/hwl/per_workspace/control_plan/chapter4/ros2_lqr/install/lgsvl_msgs/lib/python3.8/site-packages/lgsvl_msgs/msg/_detection3_d.py
[1.597s] -- Up-to-date: /home/hwl/per_workspace/control_plan/chapter4/ros2_lqr/install/lgsvl_msgs/lib/python3.8/site-packages/lgsvl_msgs/msg/_can_bus_data_s.c
[1.597s] -- Up-to-date: /home/hwl/per_workspace/control_plan/chapter4/ros2_lqr/install/lgsvl_msgs/lib/python3.8/site-packages/lgsvl_msgs/msg/_signal_array.py
[1.597s] -- Up-to-date: /home/hwl/per_workspace/control_plan/chapter4/ros2_lqr/install/lgsvl_msgs/lib/python3.8/site-packages/lgsvl_msgs/msg/__init__.py
[1.597s] -- Up-to-date: /home/hwl/per_workspace/control_plan/chapter4/ros2_lqr/install/lgsvl_msgs/lib/python3.8/site-packages/lgsvl_msgs/msg/_bounding_box3_d.py
[1.597s] -- Up-to-date: /home/hwl/per_workspace/control_plan/chapter4/ros2_lqr/install/lgsvl_msgs/lib/python3.8/site-packages/lgsvl_msgs/msg/_vehicle_state_data.py
[1.597s] -- Up-to-date: /home/hwl/per_workspace/control_plan/chapter4/ros2_lqr/install/lgsvl_msgs/lib/python3.8/site-packages/lgsvl_msgs/msg/_detected_radar_object_array.py
[1.597s] -- Up-to-date: /home/hwl/per_workspace/control_plan/chapter4/ros2_lqr/install/lgsvl_msgs/lib/python3.8/site-packages/lgsvl_msgs/msg/_detection2_d_s.c
[1.597s] -- Up-to-date: /home/hwl/per_workspace/control_plan/chapter4/ros2_lqr/install/lgsvl_msgs/lib/python3.8/site-packages/lgsvl_msgs/msg/_detection2_d_array.py
[1.597s] -- Up-to-date: /home/hwl/per_workspace/control_plan/chapter4/ros2_lqr/install/lgsvl_msgs/lib/python3.8/site-packages/lgsvl_msgs/msg/_detection3_d_array_s.c
[1.597s] -- Up-to-date: /home/hwl/per_workspace/control_plan/chapter4/ros2_lqr/install/lgsvl_msgs/lib/python3.8/site-packages/lgsvl_msgs/msg/_detected_radar_object.py
[1.597s] -- Up-to-date: /home/hwl/per_workspace/control_plan/chapter4/ros2_lqr/install/lgsvl_msgs/lib/python3.8/site-packages/lgsvl_msgs/msg/_detected_radar_object_array_s.c
[1.598s] -- Up-to-date: /home/hwl/per_workspace/control_plan/chapter4/ros2_lqr/install/lgsvl_msgs/lib/python3.8/site-packages/lgsvl_msgs/msg/_can_bus_data.py
[1.598s] -- Up-to-date: /home/hwl/per_workspace/control_plan/chapter4/ros2_lqr/install/lgsvl_msgs/lib/python3.8/site-packages/lgsvl_msgs/msg/_vehicle_odometry.py
[1.598s] -- Up-to-date: /home/hwl/per_workspace/control_plan/chapter4/ros2_lqr/install/lgsvl_msgs/lib/python3.8/site-packages/lgsvl_msgs/msg/_signal.py
[1.598s] -- Up-to-date: /home/hwl/per_workspace/control_plan/chapter4/ros2_lqr/install/lgsvl_msgs/lib/python3.8/site-packages/lgsvl_msgs/msg/_vehicle_odometry_s.c
[1.598s] -- Up-to-date: /home/hwl/per_workspace/control_plan/chapter4/ros2_lqr/install/lgsvl_msgs/lib/python3.8/site-packages/lgsvl_msgs/lgsvl_msgs_s__rosidl_typesupport_introspection_c.cpython-38-x86_64-linux-gnu.so
[1.633s] Listing '/home/hwl/per_workspace/control_plan/chapter4/ros2_lqr/install/lgsvl_msgs/lib/python3.8/site-packages/lgsvl_msgs'...
[1.633s] Listing '/home/hwl/per_workspace/control_plan/chapter4/ros2_lqr/install/lgsvl_msgs/lib/python3.8/site-packages/lgsvl_msgs/msg'...
[1.639s] -- Up-to-date: /home/hwl/per_workspace/control_plan/chapter4/ros2_lqr/install/lgsvl_msgs/lib/python3.8/site-packages/lgsvl_msgs/lgsvl_msgs_s__rosidl_typesupport_fastrtps_c.cpython-38-x86_64-linux-gnu.so
[1.642s] -- Up-to-date: /home/hwl/per_workspace/control_plan/chapter4/ros2_lqr/install/lgsvl_msgs/lib/python3.8/site-packages/lgsvl_msgs/lgsvl_msgs_s__rosidl_typesupport_introspection_c.cpython-38-x86_64-linux-gnu.so
[1.644s] -- Up-to-date: /home/hwl/per_workspace/control_plan/chapter4/ros2_lqr/install/lgsvl_msgs/lib/python3.8/site-packages/lgsvl_msgs/lgsvl_msgs_s__rosidl_typesupport_c.cpython-38-x86_64-linux-gnu.so
[1.646s] -- Up-to-date: /home/hwl/per_workspace/control_plan/chapter4/ros2_lqr/install/lgsvl_msgs/lib/liblgsvl_msgs__rosidl_generator_py.so
[1.647s] -- Up-to-date: /home/hwl/per_workspace/control_plan/chapter4/ros2_lqr/install/lgsvl_msgs/share/lgsvl_msgs/msg/BoundingBox2D.idl
[1.648s] -- Up-to-date: /home/hwl/per_workspace/control_plan/chapter4/ros2_lqr/install/lgsvl_msgs/share/lgsvl_msgs/msg/BoundingBox3D.idl
[1.648s] -- Up-to-date: /home/hwl/per_workspace/control_plan/chapter4/ros2_lqr/install/lgsvl_msgs/share/lgsvl_msgs/msg/CanBusData.idl
[1.649s] -- Up-to-date: /home/hwl/per_workspace/control_plan/chapter4/ros2_lqr/install/lgsvl_msgs/share/lgsvl_msgs/msg/DetectedRadarObjectArray.idl
[1.649s] -- Up-to-date: /home/hwl/per_workspace/control_plan/chapter4/ros2_lqr/install/lgsvl_msgs/share/lgsvl_msgs/msg/DetectedRadarObject.idl
[1.649s] -- Up-to-date: /home/hwl/per_workspace/control_plan/chapter4/ros2_lqr/install/lgsvl_msgs/share/lgsvl_msgs/msg/Detection2D.idl
[1.650s] -- Up-to-date: /home/hwl/per_workspace/control_plan/chapter4/ros2_lqr/install/lgsvl_msgs/share/lgsvl_msgs/msg/Detection2DArray.idl
[1.650s] -- Up-to-date: /home/hwl/per_workspace/control_plan/chapter4/ros2_lqr/install/lgsvl_msgs/share/lgsvl_msgs/msg/Detection3D.idl
[1.651s] -- Up-to-date: /home/hwl/per_workspace/control_plan/chapter4/ros2_lqr/install/lgsvl_msgs/share/lgsvl_msgs/msg/Detection3DArray.idl
[1.651s] -- Up-to-date: /home/hwl/per_workspace/control_plan/chapter4/ros2_lqr/install/lgsvl_msgs/share/lgsvl_msgs/msg/Signal.idl
[1.652s] -- Up-to-date: /home/hwl/per_workspace/control_plan/chapter4/ros2_lqr/install/lgsvl_msgs/share/lgsvl_msgs/msg/SignalArray.idl
[1.652s] -- Up-to-date: /home/hwl/per_workspace/control_plan/chapter4/ros2_lqr/install/lgsvl_msgs/share/lgsvl_msgs/msg/Ultrasonic.idl
[1.652s] -- Up-to-date: /home/hwl/per_workspace/control_plan/chapter4/ros2_lqr/install/lgsvl_msgs/share/lgsvl_msgs/msg/VehicleControlData.idl
[1.653s] -- Up-to-date: /home/hwl/per_workspace/control_plan/chapter4/ros2_lqr/install/lgsvl_msgs/share/lgsvl_msgs/msg/VehicleStateData.idl
[1.653s] -- Up-to-date: /home/hwl/per_workspace/control_plan/chapter4/ros2_lqr/install/lgsvl_msgs/share/lgsvl_msgs/msg/VehicleOdometry.idl
[1.653s] -- Up-to-date: /home/hwl/per_workspace/control_plan/chapter4/ros2_lqr/install/lgsvl_msgs/share/lgsvl_msgs/msg/BoundingBox2D.msg
[1.653s] -- Up-to-date: /home/hwl/per_workspace/control_plan/chapter4/ros2_lqr/install/lgsvl_msgs/share/lgsvl_msgs/msg/BoundingBox3D.msg
[1.654s] -- Up-to-date: /home/hwl/per_workspace/control_plan/chapter4/ros2_lqr/install/lgsvl_msgs/share/lgsvl_msgs/msg/CanBusData.msg
[1.654s] -- Up-to-date: /home/hwl/per_workspace/control_plan/chapter4/ros2_lqr/install/lgsvl_msgs/share/lgsvl_msgs/msg/DetectedRadarObjectArray.msg
[1.654s] -- Up-to-date: /home/hwl/per_workspace/control_plan/chapter4/ros2_lqr/install/lgsvl_msgs/share/lgsvl_msgs/msg/DetectedRadarObject.msg
[1.655s] -- Up-to-date: /home/hwl/per_workspace/control_plan/chapter4/ros2_lqr/install/lgsvl_msgs/share/lgsvl_msgs/msg/Detection2D.msg
[1.655s] -- Up-to-date: /home/hwl/per_workspace/control_plan/chapter4/ros2_lqr/install/lgsvl_msgs/share/lgsvl_msgs/msg/Detection2DArray.msg
[1.655s] -- Up-to-date: /home/hwl/per_workspace/control_plan/chapter4/ros2_lqr/install/lgsvl_msgs/share/lgsvl_msgs/msg/Detection3D.msg
[1.656s] -- Up-to-date: /home/hwl/per_workspace/control_plan/chapter4/ros2_lqr/install/lgsvl_msgs/share/lgsvl_msgs/msg/Detection3DArray.msg
[1.656s] -- Up-to-date: /home/hwl/per_workspace/control_plan/chapter4/ros2_lqr/install/lgsvl_msgs/share/lgsvl_msgs/msg/Signal.msg
[1.656s] -- Up-to-date: /home/hwl/per_workspace/control_plan/chapter4/ros2_lqr/install/lgsvl_msgs/share/lgsvl_msgs/msg/SignalArray.msg
[1.656s] -- Up-to-date: /home/hwl/per_workspace/control_plan/chapter4/ros2_lqr/install/lgsvl_msgs/share/lgsvl_msgs/msg/Ultrasonic.msg
[1.657s] -- Up-to-date: /home/hwl/per_workspace/control_plan/chapter4/ros2_lqr/install/lgsvl_msgs/share/lgsvl_msgs/msg/VehicleControlData.msg
[1.657s] -- Up-to-date: /home/hwl/per_workspace/control_plan/chapter4/ros2_lqr/install/lgsvl_msgs/share/lgsvl_msgs/msg/VehicleStateData.msg
[1.657s] -- Up-to-date: /home/hwl/per_workspace/control_plan/chapter4/ros2_lqr/install/lgsvl_msgs/share/lgsvl_msgs/msg/VehicleOdometry.msg
[1.657s] -- Up-to-date: /home/hwl/per_workspace/control_plan/chapter4/ros2_lqr/install/lgsvl_msgs/share/ament_index/resource_index/package_run_dependencies/lgsvl_msgs
[1.658s] -- Up-to-date: /home/hwl/per_workspace/control_plan/chapter4/ros2_lqr/install/lgsvl_msgs/share/ament_index/resource_index/parent_prefix_path/lgsvl_msgs
[1.658s] -- Up-to-date: /home/hwl/per_workspace/control_plan/chapter4/ros2_lqr/install/lgsvl_msgs/share/lgsvl_msgs/environment/ament_prefix_path.sh
[1.658s] -- Up-to-date: /home/hwl/per_workspace/control_plan/chapter4/ros2_lqr/install/lgsvl_msgs/share/lgsvl_msgs/environment/ament_prefix_path.dsv
[1.658s] -- Up-to-date: /home/hwl/per_workspace/control_plan/chapter4/ros2_lqr/install/lgsvl_msgs/share/lgsvl_msgs/environment/path.sh
[1.659s] -- Up-to-date: /home/hwl/per_workspace/control_plan/chapter4/ros2_lqr/install/lgsvl_msgs/share/lgsvl_msgs/environment/path.dsv
[1.659s] -- Up-to-date: /home/hwl/per_workspace/control_plan/chapter4/ros2_lqr/install/lgsvl_msgs/share/lgsvl_msgs/local_setup.bash
[1.659s] -- Up-to-date: /home/hwl/per_workspace/control_plan/chapter4/ros2_lqr/install/lgsvl_msgs/share/lgsvl_msgs/local_setup.sh
[1.659s] -- Up-to-date: /home/hwl/per_workspace/control_plan/chapter4/ros2_lqr/install/lgsvl_msgs/share/lgsvl_msgs/local_setup.zsh
[1.660s] -- Up-to-date: /home/hwl/per_workspace/control_plan/chapter4/ros2_lqr/install/lgsvl_msgs/share/lgsvl_msgs/local_setup.dsv
[1.660s] -- Installing: /home/hwl/per_workspace/control_plan/chapter4/ros2_lqr/install/lgsvl_msgs/share/lgsvl_msgs/package.dsv
[1.660s] -- Up-to-date: /home/hwl/per_workspace/control_plan/chapter4/ros2_lqr/install/lgsvl_msgs/share/ament_index/resource_index/packages/lgsvl_msgs
[1.660s] -- Up-to-date: /home/hwl/per_workspace/control_plan/chapter4/ros2_lqr/install/lgsvl_msgs/share/lgsvl_msgs/cmake/export_lgsvl_msgs__rosidl_generator_cExport.cmake
[1.661s] -- Up-to-date: /home/hwl/per_workspace/control_plan/chapter4/ros2_lqr/install/lgsvl_msgs/share/lgsvl_msgs/cmake/export_lgsvl_msgs__rosidl_generator_cExport-noconfig.cmake
[1.661s] -- Up-to-date: /home/hwl/per_workspace/control_plan/chapter4/ros2_lqr/install/lgsvl_msgs/share/lgsvl_msgs/cmake/export_lgsvl_msgs__rosidl_typesupport_fastrtps_cExport.cmake
[1.661s] -- Up-to-date: /home/hwl/per_workspace/control_plan/chapter4/ros2_lqr/install/lgsvl_msgs/share/lgsvl_msgs/cmake/export_lgsvl_msgs__rosidl_typesupport_fastrtps_cExport-noconfig.cmake
[1.661s] -- Up-to-date: /home/hwl/per_workspace/control_plan/chapter4/ros2_lqr/install/lgsvl_msgs/share/lgsvl_msgs/cmake/export_lgsvl_msgs__rosidl_generator_cppExport.cmake
[1.662s] -- Up-to-date: /home/hwl/per_workspace/control_plan/chapter4/ros2_lqr/install/lgsvl_msgs/share/lgsvl_msgs/cmake/export_lgsvl_msgs__rosidl_typesupport_fastrtps_cppExport.cmake
[1.662s] -- Up-to-date: /home/hwl/per_workspace/control_plan/chapter4/ros2_lqr/install/lgsvl_msgs/share/lgsvl_msgs/cmake/export_lgsvl_msgs__rosidl_typesupport_fastrtps_cppExport-noconfig.cmake
[1.662s] -- Up-to-date: /home/hwl/per_workspace/control_plan/chapter4/ros2_lqr/install/lgsvl_msgs/share/lgsvl_msgs/cmake/lgsvl_msgs__rosidl_typesupport_introspection_cExport.cmake
[1.662s] -- Up-to-date: /home/hwl/per_workspace/control_plan/chapter4/ros2_lqr/install/lgsvl_msgs/share/lgsvl_msgs/cmake/lgsvl_msgs__rosidl_typesupport_introspection_cExport-noconfig.cmake
[1.663s] -- Up-to-date: /home/hwl/per_workspace/control_plan/chapter4/ros2_lqr/install/lgsvl_msgs/share/lgsvl_msgs/cmake/lgsvl_msgs__rosidl_typesupport_cExport.cmake
[1.663s] -- Up-to-date: /home/hwl/per_workspace/control_plan/chapter4/ros2_lqr/install/lgsvl_msgs/share/lgsvl_msgs/cmake/lgsvl_msgs__rosidl_typesupport_cExport-noconfig.cmake
[1.663s] -- Up-to-date: /home/hwl/per_workspace/control_plan/chapter4/ros2_lqr/install/lgsvl_msgs/share/lgsvl_msgs/cmake/lgsvl_msgs__rosidl_typesupport_introspection_cppExport.cmake
[1.663s] -- Up-to-date: /home/hwl/per_workspace/control_plan/chapter4/ros2_lqr/install/lgsvl_msgs/share/lgsvl_msgs/cmake/lgsvl_msgs__rosidl_typesupport_introspection_cppExport-noconfig.cmake
[1.664s] -- Up-to-date: /home/hwl/per_workspace/control_plan/chapter4/ros2_lqr/install/lgsvl_msgs/share/lgsvl_msgs/cmake/lgsvl_msgs__rosidl_typesupport_cppExport.cmake
[1.664s] -- Up-to-date: /home/hwl/per_workspace/control_plan/chapter4/ros2_lqr/install/lgsvl_msgs/share/lgsvl_msgs/cmake/lgsvl_msgs__rosidl_typesupport_cppExport-noconfig.cmake
[1.664s] -- Up-to-date: /home/hwl/per_workspace/control_plan/chapter4/ros2_lqr/install/lgsvl_msgs/share/lgsvl_msgs/cmake/export_lgsvl_msgs__rosidl_generator_pyExport.cmake
[1.664s] -- Up-to-date: /home/hwl/per_workspace/control_plan/chapter4/ros2_lqr/install/lgsvl_msgs/share/lgsvl_msgs/cmake/export_lgsvl_msgs__rosidl_generator_pyExport-noconfig.cmake
[1.665s] -- Up-to-date: /home/hwl/per_workspace/control_plan/chapter4/ros2_lqr/install/lgsvl_msgs/share/lgsvl_msgs/cmake/rosidl_cmake-extras.cmake
[1.665s] -- Up-to-date: /home/hwl/per_workspace/control_plan/chapter4/ros2_lqr/install/lgsvl_msgs/share/lgsvl_msgs/cmake/ament_cmake_export_dependencies-extras.cmake
[1.665s] -- Up-to-date: /home/hwl/per_workspace/control_plan/chapter4/ros2_lqr/install/lgsvl_msgs/share/lgsvl_msgs/cmake/ament_cmake_export_include_directories-extras.cmake
[1.665s] -- Up-to-date: /home/hwl/per_workspace/control_plan/chapter4/ros2_lqr/install/lgsvl_msgs/share/lgsvl_msgs/cmake/ament_cmake_export_libraries-extras.cmake
[1.665s] -- Up-to-date: /home/hwl/per_workspace/control_plan/chapter4/ros2_lqr/install/lgsvl_msgs/share/lgsvl_msgs/cmake/ament_cmake_export_targets-extras.cmake
[1.666s] -- Up-to-date: /home/hwl/per_workspace/control_plan/chapter4/ros2_lqr/install/lgsvl_msgs/share/lgsvl_msgs/cmake/rosidl_cmake_export_typesupport_targets-extras.cmake
[1.666s] -- Up-to-date: /home/hwl/per_workspace/control_plan/chapter4/ros2_lqr/install/lgsvl_msgs/share/lgsvl_msgs/cmake/rosidl_cmake_export_typesupport_libraries-extras.cmake
[1.666s] -- Up-to-date: /home/hwl/per_workspace/control_plan/chapter4/ros2_lqr/install/lgsvl_msgs/share/lgsvl_msgs/cmake/lgsvl_msgsConfig.cmake
[1.666s] -- Up-to-date: /home/hwl/per_workspace/control_plan/chapter4/ros2_lqr/install/lgsvl_msgs/share/lgsvl_msgs/cmake/lgsvl_msgsConfig-version.cmake
[1.666s] -- Up-to-date: /home/hwl/per_workspace/control_plan/chapter4/ros2_lqr/install/lgsvl_msgs/share/lgsvl_msgs/package.xml
[1.671s] Invoked command in '/home/hwl/per_workspace/control_plan/chapter4/ros2_lqr/build/lgsvl_msgs' returned '0': /usr/bin/cmake --install /home/hwl/per_workspace/control_plan/chapter4/ros2_lqr/build/lgsvl_msgs
