[0.204s] DEBUG:colcon:Command line arguments: ['/usr/bin/colcon', 'build']
[0.204s] DEBUG:colcon:Parsed command line arguments: Namespace(ament_cmake_args=None, base_paths=['.'], build_base='build', catkin_cmake_args=None, catkin_skip_building_tests=False, cmake_args=None, cmake_clean_cache=False, cmake_clean_first=False, cmake_force_configure=False, cmake_target=None, cmake_target_skip_unavailable=False, continue_on_error=False, event_handlers=None, executor='parallel', ignore_user_meta=False, install_base='install', log_base=None, log_level=None, main=<bound method BuildVerb.main of <colcon_core.verb.build.BuildVerb object at 0x7f5381776a30>>, merge_install=False, metas=['./colcon.meta'], mixin=None, mixin_files=None, mixin_verb=('build',), packages_above=None, packages_above_and_dependencies=None, packages_above_depth=None, packages_end=None, packages_ignore=None, packages_ignore_regex=None, packages_select=None, packages_select_build_failed=False, packages_select_by_dep=None, packages_select_regex=None, packages_select_test_failures=False, packages_skip=None, packages_skip_build_finished=False, packages_skip_by_dep=None, packages_skip_regex=None, packages_skip_test_passed=False, packages_skip_up_to=None, packages_start=None, packages_up_to=None, packages_up_to_regex=None, parallel_workers=16, paths=None, symlink_install=False, test_result_base=None, verb_extension=<colcon_core.verb.build.BuildVerb object at 0x7f5381776a30>, verb_name='build', verb_parser=<colcon_mixin.mixin.mixin_argument.MixinArgumentDecorator object at 0x7f5381781040>)
[0.239s] Level 1:colcon.colcon_core.package_discovery:discover_packages(colcon_meta) check parameters
[0.239s] Level 1:colcon.colcon_core.package_discovery:discover_packages(recursive) check parameters
[0.239s] Level 1:colcon.colcon_core.package_discovery:discover_packages(ignore) check parameters
[0.239s] Level 1:colcon.colcon_core.package_discovery:discover_packages(path) check parameters
[0.239s] Level 1:colcon.colcon_core.package_discovery:discover_packages(colcon_meta) discover
[0.239s] Level 1:colcon.colcon_core.package_discovery:discover_packages(recursive) discover
[0.239s] INFO:colcon.colcon_core.package_discovery:Crawling recursively for packages in '/home/hwl/per_workspace/control_plan/chapter4/ros2_lqr'
[0.239s] Level 1:colcon.colcon_core.package_identification:_identify(.) by extensions ['ignore', 'ignore_ament_install']
[0.240s] Level 1:colcon.colcon_core.package_identification:_identify(.) by extension 'ignore'
[0.240s] Level 1:colcon.colcon_core.package_identification:_identify(.) by extension 'ignore_ament_install'
[0.240s] Level 1:colcon.colcon_core.package_identification:_identify(.) by extensions ['colcon_pkg']
[0.240s] Level 1:colcon.colcon_core.package_identification:_identify(.) by extension 'colcon_pkg'
[0.240s] Level 1:colcon.colcon_core.package_identification:_identify(.) by extensions ['colcon_meta']
[0.240s] Level 1:colcon.colcon_core.package_identification:_identify(.) by extension 'colcon_meta'
[0.240s] Level 1:colcon.colcon_core.package_identification:_identify(.) by extensions ['ros']
[0.240s] Level 1:colcon.colcon_core.package_identification:_identify(.) by extension 'ros'
[0.271s] Level 1:colcon.colcon_core.package_identification:_identify(.) by extensions ['cmake', 'python']
[0.271s] Level 1:colcon.colcon_core.package_identification:_identify(.) by extension 'cmake'
[0.271s] Level 1:colcon.colcon_core.package_identification:_identify(.) by extension 'python'
[0.272s] Level 1:colcon.colcon_core.package_identification:_identify(.) by extensions ['python_setup_py']
[0.272s] Level 1:colcon.colcon_core.package_identification:_identify(.) by extension 'python_setup_py'
[0.272s] Level 1:colcon.colcon_core.package_identification:_identify(build) by extensions ['ignore', 'ignore_ament_install']
[0.272s] Level 1:colcon.colcon_core.package_identification:_identify(build) by extension 'ignore'
[0.272s] Level 1:colcon.colcon_core.package_identification:_identify(build) ignored
[0.272s] Level 1:colcon.colcon_core.package_identification:_identify(install) by extensions ['ignore', 'ignore_ament_install']
[0.272s] Level 1:colcon.colcon_core.package_identification:_identify(install) by extension 'ignore'
[0.272s] Level 1:colcon.colcon_core.package_identification:_identify(install) ignored
[0.273s] Level 1:colcon.colcon_core.package_identification:_identify(log) by extensions ['ignore', 'ignore_ament_install']
[0.273s] Level 1:colcon.colcon_core.package_identification:_identify(log) by extension 'ignore'
[0.273s] Level 1:colcon.colcon_core.package_identification:_identify(log) ignored
[0.273s] Level 1:colcon.colcon_core.package_identification:_identify(lqr_galactic_wtih_todo_ws) by extensions ['ignore', 'ignore_ament_install']
[0.273s] Level 1:colcon.colcon_core.package_identification:_identify(lqr_galactic_wtih_todo_ws) by extension 'ignore'
[0.273s] Level 1:colcon.colcon_core.package_identification:_identify(lqr_galactic_wtih_todo_ws) by extension 'ignore_ament_install'
[0.273s] Level 1:colcon.colcon_core.package_identification:_identify(lqr_galactic_wtih_todo_ws) by extensions ['colcon_pkg']
[0.273s] Level 1:colcon.colcon_core.package_identification:_identify(lqr_galactic_wtih_todo_ws) by extension 'colcon_pkg'
[0.273s] Level 1:colcon.colcon_core.package_identification:_identify(lqr_galactic_wtih_todo_ws) by extensions ['colcon_meta']
[0.273s] Level 1:colcon.colcon_core.package_identification:_identify(lqr_galactic_wtih_todo_ws) by extension 'colcon_meta'
[0.273s] Level 1:colcon.colcon_core.package_identification:_identify(lqr_galactic_wtih_todo_ws) by extensions ['ros']
[0.273s] Level 1:colcon.colcon_core.package_identification:_identify(lqr_galactic_wtih_todo_ws) by extension 'ros'
[0.274s] Level 1:colcon.colcon_core.package_identification:_identify(lqr_galactic_wtih_todo_ws) by extensions ['cmake', 'python']
[0.274s] Level 1:colcon.colcon_core.package_identification:_identify(lqr_galactic_wtih_todo_ws) by extension 'cmake'
[0.274s] Level 1:colcon.colcon_core.package_identification:_identify(lqr_galactic_wtih_todo_ws) by extension 'python'
[0.274s] Level 1:colcon.colcon_core.package_identification:_identify(lqr_galactic_wtih_todo_ws) by extensions ['python_setup_py']
[0.274s] Level 1:colcon.colcon_core.package_identification:_identify(lqr_galactic_wtih_todo_ws) by extension 'python_setup_py'
[0.274s] Level 1:colcon.colcon_core.package_identification:_identify(lqr_galactic_wtih_todo_ws/build) by extensions ['ignore', 'ignore_ament_install']
[0.274s] Level 1:colcon.colcon_core.package_identification:_identify(lqr_galactic_wtih_todo_ws/build) by extension 'ignore'
[0.274s] Level 1:colcon.colcon_core.package_identification:_identify(lqr_galactic_wtih_todo_ws/build) ignored
[0.275s] Level 1:colcon.colcon_core.package_identification:_identify(lqr_galactic_wtih_todo_ws/install) by extensions ['ignore', 'ignore_ament_install']
[0.275s] Level 1:colcon.colcon_core.package_identification:_identify(lqr_galactic_wtih_todo_ws/install) by extension 'ignore'
[0.275s] Level 1:colcon.colcon_core.package_identification:_identify(lqr_galactic_wtih_todo_ws/install) ignored
[0.276s] Level 1:colcon.colcon_core.package_identification:_identify(lqr_galactic_wtih_todo_ws/log) by extensions ['ignore', 'ignore_ament_install']
[0.277s] Level 1:colcon.colcon_core.package_identification:_identify(lqr_galactic_wtih_todo_ws/log) by extension 'ignore'
[0.277s] Level 1:colcon.colcon_core.package_identification:_identify(lqr_galactic_wtih_todo_ws/log) ignored
[0.277s] Level 1:colcon.colcon_core.package_identification:_identify(lqr_galactic_wtih_todo_ws/src) by extensions ['ignore', 'ignore_ament_install']
[0.278s] Level 1:colcon.colcon_core.package_identification:_identify(lqr_galactic_wtih_todo_ws/src) by extension 'ignore'
[0.278s] Level 1:colcon.colcon_core.package_identification:_identify(lqr_galactic_wtih_todo_ws/src) by extension 'ignore_ament_install'
[0.278s] Level 1:colcon.colcon_core.package_identification:_identify(lqr_galactic_wtih_todo_ws/src) by extensions ['colcon_pkg']
[0.278s] Level 1:colcon.colcon_core.package_identification:_identify(lqr_galactic_wtih_todo_ws/src) by extension 'colcon_pkg'
[0.278s] Level 1:colcon.colcon_core.package_identification:_identify(lqr_galactic_wtih_todo_ws/src) by extensions ['colcon_meta']
[0.278s] Level 1:colcon.colcon_core.package_identification:_identify(lqr_galactic_wtih_todo_ws/src) by extension 'colcon_meta'
[0.279s] Level 1:colcon.colcon_core.package_identification:_identify(lqr_galactic_wtih_todo_ws/src) by extensions ['ros']
[0.279s] Level 1:colcon.colcon_core.package_identification:_identify(lqr_galactic_wtih_todo_ws/src) by extension 'ros'
[0.279s] Level 1:colcon.colcon_core.package_identification:_identify(lqr_galactic_wtih_todo_ws/src) by extensions ['cmake', 'python']
[0.279s] Level 1:colcon.colcon_core.package_identification:_identify(lqr_galactic_wtih_todo_ws/src) by extension 'cmake'
[0.279s] Level 1:colcon.colcon_core.package_identification:_identify(lqr_galactic_wtih_todo_ws/src) by extension 'python'
[0.279s] Level 1:colcon.colcon_core.package_identification:_identify(lqr_galactic_wtih_todo_ws/src) by extensions ['python_setup_py']
[0.280s] Level 1:colcon.colcon_core.package_identification:_identify(lqr_galactic_wtih_todo_ws/src) by extension 'python_setup_py'
[0.280s] Level 1:colcon.colcon_core.package_identification:_identify(lqr_galactic_wtih_todo_ws/src/lgsvl_bridge_galactic) by extensions ['ignore', 'ignore_ament_install']
[0.280s] Level 1:colcon.colcon_core.package_identification:_identify(lqr_galactic_wtih_todo_ws/src/lgsvl_bridge_galactic) by extension 'ignore'
[0.281s] Level 1:colcon.colcon_core.package_identification:_identify(lqr_galactic_wtih_todo_ws/src/lgsvl_bridge_galactic) by extension 'ignore_ament_install'
[0.281s] Level 1:colcon.colcon_core.package_identification:_identify(lqr_galactic_wtih_todo_ws/src/lgsvl_bridge_galactic) by extensions ['colcon_pkg']
[0.281s] Level 1:colcon.colcon_core.package_identification:_identify(lqr_galactic_wtih_todo_ws/src/lgsvl_bridge_galactic) by extension 'colcon_pkg'
[0.281s] Level 1:colcon.colcon_core.package_identification:_identify(lqr_galactic_wtih_todo_ws/src/lgsvl_bridge_galactic) by extensions ['colcon_meta']
[0.281s] Level 1:colcon.colcon_core.package_identification:_identify(lqr_galactic_wtih_todo_ws/src/lgsvl_bridge_galactic) by extension 'colcon_meta'
[0.281s] Level 1:colcon.colcon_core.package_identification:_identify(lqr_galactic_wtih_todo_ws/src/lgsvl_bridge_galactic) by extensions ['ros']
[0.282s] Level 1:colcon.colcon_core.package_identification:_identify(lqr_galactic_wtih_todo_ws/src/lgsvl_bridge_galactic) by extension 'ros'
[0.292s] DEBUG:colcon.colcon_core.package_identification:Package 'lqr_galactic_wtih_todo_ws/src/lgsvl_bridge_galactic' with type 'ros.ament_cmake' and name 'lgsvl_bridge_galactic'
[0.293s] Level 1:colcon.colcon_core.package_identification:_identify(lqr_galactic_wtih_todo_ws/src/lgsvl_msgs) by extensions ['ignore', 'ignore_ament_install']
[0.293s] Level 1:colcon.colcon_core.package_identification:_identify(lqr_galactic_wtih_todo_ws/src/lgsvl_msgs) by extension 'ignore'
[0.293s] Level 1:colcon.colcon_core.package_identification:_identify(lqr_galactic_wtih_todo_ws/src/lgsvl_msgs) by extension 'ignore_ament_install'
[0.293s] Level 1:colcon.colcon_core.package_identification:_identify(lqr_galactic_wtih_todo_ws/src/lgsvl_msgs) by extensions ['colcon_pkg']
[0.293s] Level 1:colcon.colcon_core.package_identification:_identify(lqr_galactic_wtih_todo_ws/src/lgsvl_msgs) by extension 'colcon_pkg'
[0.294s] Level 1:colcon.colcon_core.package_identification:_identify(lqr_galactic_wtih_todo_ws/src/lgsvl_msgs) by extensions ['colcon_meta']
[0.294s] Level 1:colcon.colcon_core.package_identification:_identify(lqr_galactic_wtih_todo_ws/src/lgsvl_msgs) by extension 'colcon_meta'
[0.294s] Level 1:colcon.colcon_core.package_identification:_identify(lqr_galactic_wtih_todo_ws/src/lgsvl_msgs) by extensions ['ros']
[0.294s] Level 1:colcon.colcon_core.package_identification:_identify(lqr_galactic_wtih_todo_ws/src/lgsvl_msgs) by extension 'ros'
[0.305s] DEBUG:colcon.colcon_core.package_identification:Package 'lqr_galactic_wtih_todo_ws/src/lgsvl_msgs' with type 'ros.ament_cmake' and name 'lgsvl_msgs'
[0.305s] Level 1:colcon.colcon_core.package_identification:_identify(lqr_galactic_wtih_todo_ws/src/lqr_controller) by extensions ['ignore', 'ignore_ament_install']
[0.306s] Level 1:colcon.colcon_core.package_identification:_identify(lqr_galactic_wtih_todo_ws/src/lqr_controller) by extension 'ignore'
[0.306s] Level 1:colcon.colcon_core.package_identification:_identify(lqr_galactic_wtih_todo_ws/src/lqr_controller) by extension 'ignore_ament_install'
[0.306s] Level 1:colcon.colcon_core.package_identification:_identify(lqr_galactic_wtih_todo_ws/src/lqr_controller) by extensions ['colcon_pkg']
[0.306s] Level 1:colcon.colcon_core.package_identification:_identify(lqr_galactic_wtih_todo_ws/src/lqr_controller) by extension 'colcon_pkg'
[0.306s] Level 1:colcon.colcon_core.package_identification:_identify(lqr_galactic_wtih_todo_ws/src/lqr_controller) by extensions ['colcon_meta']
[0.306s] Level 1:colcon.colcon_core.package_identification:_identify(lqr_galactic_wtih_todo_ws/src/lqr_controller) by extension 'colcon_meta'
[0.306s] Level 1:colcon.colcon_core.package_identification:_identify(lqr_galactic_wtih_todo_ws/src/lqr_controller) by extensions ['ros']
[0.306s] Level 1:colcon.colcon_core.package_identification:_identify(lqr_galactic_wtih_todo_ws/src/lqr_controller) by extension 'ros'
[0.308s] DEBUG:colcon.colcon_core.package_identification:Package 'lqr_galactic_wtih_todo_ws/src/lqr_controller' with type 'ros.ament_cmake' and name 'lqr_controller'
[0.308s] Level 1:colcon.colcon_core.package_identification:_identify(lqr_galactic_wtih_todo_ws/src/stanley_control) by extensions ['ignore', 'ignore_ament_install']
[0.308s] Level 1:colcon.colcon_core.package_identification:_identify(lqr_galactic_wtih_todo_ws/src/stanley_control) by extension 'ignore'
[0.308s] Level 1:colcon.colcon_core.package_identification:_identify(lqr_galactic_wtih_todo_ws/src/stanley_control) by extension 'ignore_ament_install'
[0.308s] Level 1:colcon.colcon_core.package_identification:_identify(lqr_galactic_wtih_todo_ws/src/stanley_control) by extensions ['colcon_pkg']
[0.308s] Level 1:colcon.colcon_core.package_identification:_identify(lqr_galactic_wtih_todo_ws/src/stanley_control) by extension 'colcon_pkg'
[0.308s] Level 1:colcon.colcon_core.package_identification:_identify(lqr_galactic_wtih_todo_ws/src/stanley_control) by extensions ['colcon_meta']
[0.309s] Level 1:colcon.colcon_core.package_identification:_identify(lqr_galactic_wtih_todo_ws/src/stanley_control) by extension 'colcon_meta'
[0.309s] Level 1:colcon.colcon_core.package_identification:_identify(lqr_galactic_wtih_todo_ws/src/stanley_control) by extensions ['ros']
[0.309s] Level 1:colcon.colcon_core.package_identification:_identify(lqr_galactic_wtih_todo_ws/src/stanley_control) by extension 'ros'
[0.310s] DEBUG:colcon.colcon_core.package_identification:Package 'lqr_galactic_wtih_todo_ws/src/stanley_control' with type 'ros.ament_cmake' and name 'stanley_control'
[0.311s] Level 1:colcon.colcon_core.package_identification:_identify(lqr_galactic_wtih_todo_ws/src/vehicle_control) by extensions ['ignore', 'ignore_ament_install']
[0.311s] Level 1:colcon.colcon_core.package_identification:_identify(lqr_galactic_wtih_todo_ws/src/vehicle_control) by extension 'ignore'
[0.311s] Level 1:colcon.colcon_core.package_identification:_identify(lqr_galactic_wtih_todo_ws/src/vehicle_control) by extension 'ignore_ament_install'
[0.311s] Level 1:colcon.colcon_core.package_identification:_identify(lqr_galactic_wtih_todo_ws/src/vehicle_control) by extensions ['colcon_pkg']
[0.311s] Level 1:colcon.colcon_core.package_identification:_identify(lqr_galactic_wtih_todo_ws/src/vehicle_control) by extension 'colcon_pkg'
[0.311s] Level 1:colcon.colcon_core.package_identification:_identify(lqr_galactic_wtih_todo_ws/src/vehicle_control) by extensions ['colcon_meta']
[0.311s] Level 1:colcon.colcon_core.package_identification:_identify(lqr_galactic_wtih_todo_ws/src/vehicle_control) by extension 'colcon_meta'
[0.311s] Level 1:colcon.colcon_core.package_identification:_identify(lqr_galactic_wtih_todo_ws/src/vehicle_control) by extensions ['ros']
[0.311s] Level 1:colcon.colcon_core.package_identification:_identify(lqr_galactic_wtih_todo_ws/src/vehicle_control) by extension 'ros'
[0.313s] DEBUG:colcon.colcon_core.package_identification:Package 'lqr_galactic_wtih_todo_ws/src/vehicle_control' with type 'ros.ament_cmake' and name 'vehicle_control'
[0.313s] Level 1:colcon.colcon_core.package_discovery:discover_packages(recursive) using defaults
[0.313s] Level 1:colcon.colcon_core.package_discovery:discover_packages(ignore) discover
[0.313s] Level 1:colcon.colcon_core.package_discovery:discover_packages(ignore) using defaults
[0.313s] Level 1:colcon.colcon_core.package_discovery:discover_packages(path) discover
[0.313s] Level 1:colcon.colcon_core.package_discovery:discover_packages(path) using defaults
[0.339s] Level 5:colcon.colcon_core.verb:set package 'lgsvl_msgs' build argument 'cmake_args' from command line to 'None'
[0.339s] Level 5:colcon.colcon_core.verb:set package 'lgsvl_msgs' build argument 'cmake_target' from command line to 'None'
[0.339s] Level 5:colcon.colcon_core.verb:set package 'lgsvl_msgs' build argument 'cmake_target_skip_unavailable' from command line to 'False'
[0.339s] Level 5:colcon.colcon_core.verb:set package 'lgsvl_msgs' build argument 'cmake_clean_cache' from command line to 'False'
[0.339s] Level 5:colcon.colcon_core.verb:set package 'lgsvl_msgs' build argument 'cmake_clean_first' from command line to 'False'
[0.339s] Level 5:colcon.colcon_core.verb:set package 'lgsvl_msgs' build argument 'cmake_force_configure' from command line to 'False'
[0.339s] Level 5:colcon.colcon_core.verb:set package 'lgsvl_msgs' build argument 'ament_cmake_args' from command line to 'None'
[0.339s] Level 5:colcon.colcon_core.verb:set package 'lgsvl_msgs' build argument 'catkin_cmake_args' from command line to 'None'
[0.339s] Level 5:colcon.colcon_core.verb:set package 'lgsvl_msgs' build argument 'catkin_skip_building_tests' from command line to 'False'
[0.339s] DEBUG:colcon.colcon_core.verb:Building package 'lgsvl_msgs' with the following arguments: {'ament_cmake_args': None, 'build_base': '/home/hwl/per_workspace/control_plan/chapter4/ros2_lqr/build/lgsvl_msgs', 'catkin_cmake_args': None, 'catkin_skip_building_tests': False, 'cmake_args': None, 'cmake_clean_cache': False, 'cmake_clean_first': False, 'cmake_force_configure': False, 'cmake_target': None, 'cmake_target_skip_unavailable': False, 'install_base': '/home/hwl/per_workspace/control_plan/chapter4/ros2_lqr/install/lgsvl_msgs', 'merge_install': False, 'path': '/home/hwl/per_workspace/control_plan/chapter4/ros2_lqr/lqr_galactic_wtih_todo_ws/src/lgsvl_msgs', 'symlink_install': False, 'test_result_base': None}
[0.340s] Level 5:colcon.colcon_core.verb:set package 'lgsvl_bridge_galactic' build argument 'cmake_args' from command line to 'None'
[0.340s] Level 5:colcon.colcon_core.verb:set package 'lgsvl_bridge_galactic' build argument 'cmake_target' from command line to 'None'
[0.340s] Level 5:colcon.colcon_core.verb:set package 'lgsvl_bridge_galactic' build argument 'cmake_target_skip_unavailable' from command line to 'False'
[0.340s] Level 5:colcon.colcon_core.verb:set package 'lgsvl_bridge_galactic' build argument 'cmake_clean_cache' from command line to 'False'
[0.340s] Level 5:colcon.colcon_core.verb:set package 'lgsvl_bridge_galactic' build argument 'cmake_clean_first' from command line to 'False'
[0.340s] Level 5:colcon.colcon_core.verb:set package 'lgsvl_bridge_galactic' build argument 'cmake_force_configure' from command line to 'False'
[0.340s] Level 5:colcon.colcon_core.verb:set package 'lgsvl_bridge_galactic' build argument 'ament_cmake_args' from command line to 'None'
[0.340s] Level 5:colcon.colcon_core.verb:set package 'lgsvl_bridge_galactic' build argument 'catkin_cmake_args' from command line to 'None'
[0.340s] Level 5:colcon.colcon_core.verb:set package 'lgsvl_bridge_galactic' build argument 'catkin_skip_building_tests' from command line to 'False'
[0.340s] DEBUG:colcon.colcon_core.verb:Building package 'lgsvl_bridge_galactic' with the following arguments: {'ament_cmake_args': None, 'build_base': '/home/hwl/per_workspace/control_plan/chapter4/ros2_lqr/build/lgsvl_bridge_galactic', 'catkin_cmake_args': None, 'catkin_skip_building_tests': False, 'cmake_args': None, 'cmake_clean_cache': False, 'cmake_clean_first': False, 'cmake_force_configure': False, 'cmake_target': None, 'cmake_target_skip_unavailable': False, 'install_base': '/home/hwl/per_workspace/control_plan/chapter4/ros2_lqr/install/lgsvl_bridge_galactic', 'merge_install': False, 'path': '/home/hwl/per_workspace/control_plan/chapter4/ros2_lqr/lqr_galactic_wtih_todo_ws/src/lgsvl_bridge_galactic', 'symlink_install': False, 'test_result_base': None}
[0.341s] Level 5:colcon.colcon_core.verb:set package 'lqr_controller' build argument 'cmake_args' from command line to 'None'
[0.341s] Level 5:colcon.colcon_core.verb:set package 'lqr_controller' build argument 'cmake_target' from command line to 'None'
[0.341s] Level 5:colcon.colcon_core.verb:set package 'lqr_controller' build argument 'cmake_target_skip_unavailable' from command line to 'False'
[0.341s] Level 5:colcon.colcon_core.verb:set package 'lqr_controller' build argument 'cmake_clean_cache' from command line to 'False'
[0.341s] Level 5:colcon.colcon_core.verb:set package 'lqr_controller' build argument 'cmake_clean_first' from command line to 'False'
[0.341s] Level 5:colcon.colcon_core.verb:set package 'lqr_controller' build argument 'cmake_force_configure' from command line to 'False'
[0.341s] Level 5:colcon.colcon_core.verb:set package 'lqr_controller' build argument 'ament_cmake_args' from command line to 'None'
[0.341s] Level 5:colcon.colcon_core.verb:set package 'lqr_controller' build argument 'catkin_cmake_args' from command line to 'None'
[0.341s] Level 5:colcon.colcon_core.verb:set package 'lqr_controller' build argument 'catkin_skip_building_tests' from command line to 'False'
[0.342s] DEBUG:colcon.colcon_core.verb:Building package 'lqr_controller' with the following arguments: {'ament_cmake_args': None, 'build_base': '/home/hwl/per_workspace/control_plan/chapter4/ros2_lqr/build/lqr_controller', 'catkin_cmake_args': None, 'catkin_skip_building_tests': False, 'cmake_args': None, 'cmake_clean_cache': False, 'cmake_clean_first': False, 'cmake_force_configure': False, 'cmake_target': None, 'cmake_target_skip_unavailable': False, 'install_base': '/home/hwl/per_workspace/control_plan/chapter4/ros2_lqr/install/lqr_controller', 'merge_install': False, 'path': '/home/hwl/per_workspace/control_plan/chapter4/ros2_lqr/lqr_galactic_wtih_todo_ws/src/lqr_controller', 'symlink_install': False, 'test_result_base': None}
[0.342s] Level 5:colcon.colcon_core.verb:set package 'stanley_control' build argument 'cmake_args' from command line to 'None'
[0.342s] Level 5:colcon.colcon_core.verb:set package 'stanley_control' build argument 'cmake_target' from command line to 'None'
[0.342s] Level 5:colcon.colcon_core.verb:set package 'stanley_control' build argument 'cmake_target_skip_unavailable' from command line to 'False'
[0.342s] Level 5:colcon.colcon_core.verb:set package 'stanley_control' build argument 'cmake_clean_cache' from command line to 'False'
[0.342s] Level 5:colcon.colcon_core.verb:set package 'stanley_control' build argument 'cmake_clean_first' from command line to 'False'
[0.342s] Level 5:colcon.colcon_core.verb:set package 'stanley_control' build argument 'cmake_force_configure' from command line to 'False'
[0.342s] Level 5:colcon.colcon_core.verb:set package 'stanley_control' build argument 'ament_cmake_args' from command line to 'None'
[0.342s] Level 5:colcon.colcon_core.verb:set package 'stanley_control' build argument 'catkin_cmake_args' from command line to 'None'
[0.342s] Level 5:colcon.colcon_core.verb:set package 'stanley_control' build argument 'catkin_skip_building_tests' from command line to 'False'
[0.343s] DEBUG:colcon.colcon_core.verb:Building package 'stanley_control' with the following arguments: {'ament_cmake_args': None, 'build_base': '/home/hwl/per_workspace/control_plan/chapter4/ros2_lqr/build/stanley_control', 'catkin_cmake_args': None, 'catkin_skip_building_tests': False, 'cmake_args': None, 'cmake_clean_cache': False, 'cmake_clean_first': False, 'cmake_force_configure': False, 'cmake_target': None, 'cmake_target_skip_unavailable': False, 'install_base': '/home/hwl/per_workspace/control_plan/chapter4/ros2_lqr/install/stanley_control', 'merge_install': False, 'path': '/home/hwl/per_workspace/control_plan/chapter4/ros2_lqr/lqr_galactic_wtih_todo_ws/src/stanley_control', 'symlink_install': False, 'test_result_base': None}
[0.343s] Level 5:colcon.colcon_core.verb:set package 'vehicle_control' build argument 'cmake_args' from command line to 'None'
[0.343s] Level 5:colcon.colcon_core.verb:set package 'vehicle_control' build argument 'cmake_target' from command line to 'None'
[0.343s] Level 5:colcon.colcon_core.verb:set package 'vehicle_control' build argument 'cmake_target_skip_unavailable' from command line to 'False'
[0.343s] Level 5:colcon.colcon_core.verb:set package 'vehicle_control' build argument 'cmake_clean_cache' from command line to 'False'
[0.343s] Level 5:colcon.colcon_core.verb:set package 'vehicle_control' build argument 'cmake_clean_first' from command line to 'False'
[0.343s] Level 5:colcon.colcon_core.verb:set package 'vehicle_control' build argument 'cmake_force_configure' from command line to 'False'
[0.343s] Level 5:colcon.colcon_core.verb:set package 'vehicle_control' build argument 'ament_cmake_args' from command line to 'None'
[0.343s] Level 5:colcon.colcon_core.verb:set package 'vehicle_control' build argument 'catkin_cmake_args' from command line to 'None'
[0.343s] Level 5:colcon.colcon_core.verb:set package 'vehicle_control' build argument 'catkin_skip_building_tests' from command line to 'False'
[0.343s] DEBUG:colcon.colcon_core.verb:Building package 'vehicle_control' with the following arguments: {'ament_cmake_args': None, 'build_base': '/home/hwl/per_workspace/control_plan/chapter4/ros2_lqr/build/vehicle_control', 'catkin_cmake_args': None, 'catkin_skip_building_tests': False, 'cmake_args': None, 'cmake_clean_cache': False, 'cmake_clean_first': False, 'cmake_force_configure': False, 'cmake_target': None, 'cmake_target_skip_unavailable': False, 'install_base': '/home/hwl/per_workspace/control_plan/chapter4/ros2_lqr/install/vehicle_control', 'merge_install': False, 'path': '/home/hwl/per_workspace/control_plan/chapter4/ros2_lqr/lqr_galactic_wtih_todo_ws/src/vehicle_control', 'symlink_install': False, 'test_result_base': None}
[0.344s] INFO:colcon.colcon_core.executor:Executing jobs using 'parallel' executor
[0.358s] DEBUG:colcon.colcon_parallel_executor.executor.parallel:run_until_complete
[0.358s] INFO:colcon.colcon_ros.task.ament_cmake.build:Building ROS package in '/home/hwl/per_workspace/control_plan/chapter4/ros2_lqr/lqr_galactic_wtih_todo_ws/src/lgsvl_msgs' with build type 'ament_cmake'
[0.359s] INFO:colcon.colcon_cmake.task.cmake.build:Building CMake package in '/home/hwl/per_workspace/control_plan/chapter4/ros2_lqr/lqr_galactic_wtih_todo_ws/src/lgsvl_msgs'
[0.364s] INFO:colcon.colcon_core.plugin_system:Skipping extension 'colcon_core.shell.bat': Not used on non-Windows systems
[0.364s] INFO:colcon.colcon_core.shell:Skip shell extension 'powershell' for command environment: Not usable outside of PowerShell
[0.364s] DEBUG:colcon.colcon_core.shell:Skip shell extension 'dsv' for command environment
[0.394s] DEBUG:colcon.colcon_core.event_handler.log_command:Invoking command in '/home/hwl/per_workspace/control_plan/chapter4/ros2_lqr/build/lgsvl_msgs': /usr/bin/cmake --build /home/hwl/per_workspace/control_plan/chapter4/ros2_lqr/build/lgsvl_msgs -- -j16 -l16
[1.061s] DEBUG:colcon.colcon_core.event_handler.log_command:Invoked command in '/home/hwl/per_workspace/control_plan/chapter4/ros2_lqr/build/lgsvl_msgs' returned '0': /usr/bin/cmake --build /home/hwl/per_workspace/control_plan/chapter4/ros2_lqr/build/lgsvl_msgs -- -j16 -l16
[1.883s] DEBUG:colcon.colcon_core.event_handler.log_command:Invoking command in '/home/hwl/per_workspace/control_plan/chapter4/ros2_lqr/build/lgsvl_msgs': /usr/bin/cmake --install /home/hwl/per_workspace/control_plan/chapter4/ros2_lqr/build/lgsvl_msgs
[2.029s] Level 1:colcon.colcon_core.environment:create_environment_scripts_only(lgsvl_msgs)
[2.031s] DEBUG:colcon.colcon_core.event_handler.log_command:Invoked command in '/home/hwl/per_workspace/control_plan/chapter4/ros2_lqr/build/lgsvl_msgs' returned '0': /usr/bin/cmake --install /home/hwl/per_workspace/control_plan/chapter4/ros2_lqr/build/lgsvl_msgs
[2.046s] Level 1:colcon.colcon_core.environment:checking '/home/hwl/per_workspace/control_plan/chapter4/ros2_lqr/install/lgsvl_msgs' for CMake module files
[2.048s] Level 1:colcon.colcon_core.environment:checking '/home/hwl/per_workspace/control_plan/chapter4/ros2_lqr/install/lgsvl_msgs' for CMake config files
[2.049s] Level 1:colcon.colcon_core.shell:create_environment_hook('lgsvl_msgs', 'cmake_prefix_path')
[2.051s] INFO:colcon.colcon_core.shell:Creating environment hook '/home/hwl/per_workspace/control_plan/chapter4/ros2_lqr/install/lgsvl_msgs/share/lgsvl_msgs/hook/cmake_prefix_path.ps1'
[2.052s] INFO:colcon.colcon_core.shell:Creating environment descriptor '/home/hwl/per_workspace/control_plan/chapter4/ros2_lqr/install/lgsvl_msgs/share/lgsvl_msgs/hook/cmake_prefix_path.dsv'
[2.053s] INFO:colcon.colcon_core.shell:Creating environment hook '/home/hwl/per_workspace/control_plan/chapter4/ros2_lqr/install/lgsvl_msgs/share/lgsvl_msgs/hook/cmake_prefix_path.sh'
[2.055s] Level 1:colcon.colcon_core.environment:checking '/home/hwl/per_workspace/control_plan/chapter4/ros2_lqr/install/lgsvl_msgs/lib'
[2.056s] Level 1:colcon.colcon_core.shell:create_environment_hook('lgsvl_msgs', 'ld_library_path_lib')
[2.057s] INFO:colcon.colcon_core.shell:Creating environment hook '/home/hwl/per_workspace/control_plan/chapter4/ros2_lqr/install/lgsvl_msgs/share/lgsvl_msgs/hook/ld_library_path_lib.ps1'
[2.057s] INFO:colcon.colcon_core.shell:Creating environment descriptor '/home/hwl/per_workspace/control_plan/chapter4/ros2_lqr/install/lgsvl_msgs/share/lgsvl_msgs/hook/ld_library_path_lib.dsv'
[2.058s] INFO:colcon.colcon_core.shell:Creating environment hook '/home/hwl/per_workspace/control_plan/chapter4/ros2_lqr/install/lgsvl_msgs/share/lgsvl_msgs/hook/ld_library_path_lib.sh'
[2.058s] Level 1:colcon.colcon_core.environment:checking '/home/hwl/per_workspace/control_plan/chapter4/ros2_lqr/install/lgsvl_msgs/bin'
[2.058s] Level 1:colcon.colcon_core.environment:checking '/home/hwl/per_workspace/control_plan/chapter4/ros2_lqr/install/lgsvl_msgs/lib/pkgconfig/lgsvl_msgs.pc'
[2.060s] Level 1:colcon.colcon_core.environment:checking '/home/hwl/per_workspace/control_plan/chapter4/ros2_lqr/install/lgsvl_msgs/lib/python3.8/site-packages'
[2.060s] Level 1:colcon.colcon_core.shell:create_environment_hook('lgsvl_msgs', 'pythonpath')
[2.061s] INFO:colcon.colcon_core.shell:Creating environment hook '/home/hwl/per_workspace/control_plan/chapter4/ros2_lqr/install/lgsvl_msgs/share/lgsvl_msgs/hook/pythonpath.ps1'
[2.062s] INFO:colcon.colcon_core.shell:Creating environment descriptor '/home/hwl/per_workspace/control_plan/chapter4/ros2_lqr/install/lgsvl_msgs/share/lgsvl_msgs/hook/pythonpath.dsv'
[2.062s] INFO:colcon.colcon_core.shell:Creating environment hook '/home/hwl/per_workspace/control_plan/chapter4/ros2_lqr/install/lgsvl_msgs/share/lgsvl_msgs/hook/pythonpath.sh'
[2.064s] INFO:colcon.colcon_core.shell:Creating package script '/home/hwl/per_workspace/control_plan/chapter4/ros2_lqr/install/lgsvl_msgs/share/lgsvl_msgs/package.ps1'
[2.065s] INFO:colcon.colcon_core.shell:Creating package descriptor '/home/hwl/per_workspace/control_plan/chapter4/ros2_lqr/install/lgsvl_msgs/share/lgsvl_msgs/package.dsv'
[2.065s] INFO:colcon.colcon_core.shell:Creating package script '/home/hwl/per_workspace/control_plan/chapter4/ros2_lqr/install/lgsvl_msgs/share/lgsvl_msgs/package.sh'
[2.066s] INFO:colcon.colcon_core.shell:Creating package script '/home/hwl/per_workspace/control_plan/chapter4/ros2_lqr/install/lgsvl_msgs/share/lgsvl_msgs/package.bash'
[2.067s] INFO:colcon.colcon_core.shell:Creating package script '/home/hwl/per_workspace/control_plan/chapter4/ros2_lqr/install/lgsvl_msgs/share/lgsvl_msgs/package.zsh'
[2.068s] Level 1:colcon.colcon_core.environment:create_file_with_runtime_dependencies(/home/hwl/per_workspace/control_plan/chapter4/ros2_lqr/install/lgsvl_msgs/share/colcon-core/packages/lgsvl_msgs)
[2.845s] Level 1:colcon.colcon_core.environment:create_environment_scripts_only(lgsvl_msgs)
[2.849s] Level 1:colcon.colcon_core.environment:checking '/home/hwl/per_workspace/control_plan/chapter4/ros2_lqr/install/lgsvl_msgs' for CMake module files
[2.851s] Level 1:colcon.colcon_core.environment:checking '/home/hwl/per_workspace/control_plan/chapter4/ros2_lqr/install/lgsvl_msgs' for CMake config files
[2.851s] Level 1:colcon.colcon_core.shell:create_environment_hook('lgsvl_msgs', 'cmake_prefix_path')
[2.853s] INFO:colcon.colcon_core.shell:Creating environment hook '/home/hwl/per_workspace/control_plan/chapter4/ros2_lqr/install/lgsvl_msgs/share/lgsvl_msgs/hook/cmake_prefix_path.ps1'
[2.854s] INFO:colcon.colcon_core.shell:Creating environment descriptor '/home/hwl/per_workspace/control_plan/chapter4/ros2_lqr/install/lgsvl_msgs/share/lgsvl_msgs/hook/cmake_prefix_path.dsv'
[2.855s] INFO:colcon.colcon_core.shell:Creating environment hook '/home/hwl/per_workspace/control_plan/chapter4/ros2_lqr/install/lgsvl_msgs/share/lgsvl_msgs/hook/cmake_prefix_path.sh'
[2.857s] Level 1:colcon.colcon_core.environment:checking '/home/hwl/per_workspace/control_plan/chapter4/ros2_lqr/install/lgsvl_msgs/lib'
[2.857s] Level 1:colcon.colcon_core.shell:create_environment_hook('lgsvl_msgs', 'ld_library_path_lib')
[2.859s] INFO:colcon.colcon_core.shell:Creating environment hook '/home/hwl/per_workspace/control_plan/chapter4/ros2_lqr/install/lgsvl_msgs/share/lgsvl_msgs/hook/ld_library_path_lib.ps1'
[2.859s] INFO:colcon.colcon_core.shell:Creating environment descriptor '/home/hwl/per_workspace/control_plan/chapter4/ros2_lqr/install/lgsvl_msgs/share/lgsvl_msgs/hook/ld_library_path_lib.dsv'
[2.860s] INFO:colcon.colcon_core.shell:Creating environment hook '/home/hwl/per_workspace/control_plan/chapter4/ros2_lqr/install/lgsvl_msgs/share/lgsvl_msgs/hook/ld_library_path_lib.sh'
[2.861s] Level 1:colcon.colcon_core.environment:checking '/home/hwl/per_workspace/control_plan/chapter4/ros2_lqr/install/lgsvl_msgs/bin'
[2.861s] Level 1:colcon.colcon_core.environment:checking '/home/hwl/per_workspace/control_plan/chapter4/ros2_lqr/install/lgsvl_msgs/lib/pkgconfig/lgsvl_msgs.pc'
[2.862s] Level 1:colcon.colcon_core.environment:checking '/home/hwl/per_workspace/control_plan/chapter4/ros2_lqr/install/lgsvl_msgs/lib/python3.8/site-packages'
[2.862s] Level 1:colcon.colcon_core.shell:create_environment_hook('lgsvl_msgs', 'pythonpath')
[2.863s] INFO:colcon.colcon_core.shell:Creating environment hook '/home/hwl/per_workspace/control_plan/chapter4/ros2_lqr/install/lgsvl_msgs/share/lgsvl_msgs/hook/pythonpath.ps1'
[2.864s] INFO:colcon.colcon_core.shell:Creating environment descriptor '/home/hwl/per_workspace/control_plan/chapter4/ros2_lqr/install/lgsvl_msgs/share/lgsvl_msgs/hook/pythonpath.dsv'
[2.864s] INFO:colcon.colcon_core.shell:Creating environment hook '/home/hwl/per_workspace/control_plan/chapter4/ros2_lqr/install/lgsvl_msgs/share/lgsvl_msgs/hook/pythonpath.sh'
[2.866s] INFO:colcon.colcon_core.shell:Creating package script '/home/hwl/per_workspace/control_plan/chapter4/ros2_lqr/install/lgsvl_msgs/share/lgsvl_msgs/package.ps1'
[2.867s] INFO:colcon.colcon_core.shell:Creating package descriptor '/home/hwl/per_workspace/control_plan/chapter4/ros2_lqr/install/lgsvl_msgs/share/lgsvl_msgs/package.dsv'
[2.868s] INFO:colcon.colcon_core.shell:Creating package script '/home/hwl/per_workspace/control_plan/chapter4/ros2_lqr/install/lgsvl_msgs/share/lgsvl_msgs/package.sh'
[2.869s] INFO:colcon.colcon_core.shell:Creating package script '/home/hwl/per_workspace/control_plan/chapter4/ros2_lqr/install/lgsvl_msgs/share/lgsvl_msgs/package.bash'
[2.870s] INFO:colcon.colcon_core.shell:Creating package script '/home/hwl/per_workspace/control_plan/chapter4/ros2_lqr/install/lgsvl_msgs/share/lgsvl_msgs/package.zsh'
[2.870s] Level 1:colcon.colcon_core.environment:create_file_with_runtime_dependencies(/home/hwl/per_workspace/control_plan/chapter4/ros2_lqr/install/lgsvl_msgs/share/colcon-core/packages/lgsvl_msgs)
[2.871s] INFO:colcon.colcon_ros.task.ament_cmake.build:Building ROS package in '/home/hwl/per_workspace/control_plan/chapter4/ros2_lqr/lqr_galactic_wtih_todo_ws/src/lgsvl_bridge_galactic' with build type 'ament_cmake'
[2.871s] INFO:colcon.colcon_cmake.task.cmake.build:Building CMake package in '/home/hwl/per_workspace/control_plan/chapter4/ros2_lqr/lqr_galactic_wtih_todo_ws/src/lgsvl_bridge_galactic'
[2.872s] INFO:colcon.colcon_core.shell:Skip shell extension 'powershell' for command environment: Not usable outside of PowerShell
[2.872s] DEBUG:colcon.colcon_core.shell:Skip shell extension 'dsv' for command environment
[2.887s] INFO:colcon.colcon_ros.task.ament_cmake.build:Building ROS package in '/home/hwl/per_workspace/control_plan/chapter4/ros2_lqr/lqr_galactic_wtih_todo_ws/src/lqr_controller' with build type 'ament_cmake'
[2.887s] INFO:colcon.colcon_cmake.task.cmake.build:Building CMake package in '/home/hwl/per_workspace/control_plan/chapter4/ros2_lqr/lqr_galactic_wtih_todo_ws/src/lqr_controller'
[2.888s] INFO:colcon.colcon_core.shell:Skip shell extension 'powershell' for command environment: Not usable outside of PowerShell
[2.889s] DEBUG:colcon.colcon_core.shell:Skip shell extension 'dsv' for command environment
[2.903s] INFO:colcon.colcon_ros.task.ament_cmake.build:Building ROS package in '/home/hwl/per_workspace/control_plan/chapter4/ros2_lqr/lqr_galactic_wtih_todo_ws/src/stanley_control' with build type 'ament_cmake'
[2.904s] INFO:colcon.colcon_cmake.task.cmake.build:Building CMake package in '/home/hwl/per_workspace/control_plan/chapter4/ros2_lqr/lqr_galactic_wtih_todo_ws/src/stanley_control'
[2.905s] INFO:colcon.colcon_core.shell:Skip shell extension 'powershell' for command environment: Not usable outside of PowerShell
[2.905s] DEBUG:colcon.colcon_core.shell:Skip shell extension 'dsv' for command environment
[2.918s] INFO:colcon.colcon_ros.task.ament_cmake.build:Building ROS package in '/home/hwl/per_workspace/control_plan/chapter4/ros2_lqr/lqr_galactic_wtih_todo_ws/src/vehicle_control' with build type 'ament_cmake'
[2.918s] INFO:colcon.colcon_cmake.task.cmake.build:Building CMake package in '/home/hwl/per_workspace/control_plan/chapter4/ros2_lqr/lqr_galactic_wtih_todo_ws/src/vehicle_control'
[2.919s] INFO:colcon.colcon_core.shell:Skip shell extension 'powershell' for command environment: Not usable outside of PowerShell
[2.920s] DEBUG:colcon.colcon_core.shell:Skip shell extension 'dsv' for command environment
[2.942s] DEBUG:colcon.colcon_core.event_handler.log_command:Invoking command in '/home/hwl/per_workspace/control_plan/chapter4/ros2_lqr/build/lgsvl_bridge_galactic': AMENT_PREFIX_PATH=/home/hwl/per_workspace/control_plan/chapter4/ros2_lqr/install/lgsvl_msgs:${AMENT_PREFIX_PATH} CMAKE_PREFIX_PATH=/home/hwl/per_workspace/control_plan/chapter4/ros2_lqr/install/lgsvl_msgs:${CMAKE_PREFIX_PATH} LD_LIBRARY_PATH=/home/hwl/per_workspace/control_plan/chapter4/ros2_lqr/install/lgsvl_msgs/lib:${LD_LIBRARY_PATH} PYTHONPATH=/home/hwl/per_workspace/control_plan/chapter4/ros2_lqr/install/lgsvl_msgs/lib/python3.8/site-packages:${PYTHONPATH} /usr/bin/cmake --build /home/hwl/per_workspace/control_plan/chapter4/ros2_lqr/build/lgsvl_bridge_galactic -- -j16 -l16
[2.949s] DEBUG:colcon.colcon_core.event_handler.log_command:Invoking command in '/home/hwl/per_workspace/control_plan/chapter4/ros2_lqr/build/lqr_controller': AMENT_PREFIX_PATH=/home/hwl/per_workspace/control_plan/chapter4/ros2_lqr/install/lgsvl_msgs:${AMENT_PREFIX_PATH} CMAKE_PREFIX_PATH=/home/hwl/per_workspace/control_plan/chapter4/ros2_lqr/install/lgsvl_msgs:${CMAKE_PREFIX_PATH} LD_LIBRARY_PATH=/home/hwl/per_workspace/control_plan/chapter4/ros2_lqr/install/lgsvl_msgs/lib:${LD_LIBRARY_PATH} PYTHONPATH=/home/hwl/per_workspace/control_plan/chapter4/ros2_lqr/install/lgsvl_msgs/lib/python3.8/site-packages:${PYTHONPATH} /usr/bin/cmake --build /home/hwl/per_workspace/control_plan/chapter4/ros2_lqr/build/lqr_controller -- -j16 -l16
[2.956s] DEBUG:colcon.colcon_core.event_handler.log_command:Invoking command in '/home/hwl/per_workspace/control_plan/chapter4/ros2_lqr/build/stanley_control': AMENT_PREFIX_PATH=/home/hwl/per_workspace/control_plan/chapter4/ros2_lqr/install/lgsvl_msgs:${AMENT_PREFIX_PATH} CMAKE_PREFIX_PATH=/home/hwl/per_workspace/control_plan/chapter4/ros2_lqr/install/lgsvl_msgs:${CMAKE_PREFIX_PATH} LD_LIBRARY_PATH=/home/hwl/per_workspace/control_plan/chapter4/ros2_lqr/install/lgsvl_msgs/lib:${LD_LIBRARY_PATH} PYTHONPATH=/home/hwl/per_workspace/control_plan/chapter4/ros2_lqr/install/lgsvl_msgs/lib/python3.8/site-packages:${PYTHONPATH} /usr/bin/cmake --build /home/hwl/per_workspace/control_plan/chapter4/ros2_lqr/build/stanley_control -- -j16 -l16
[2.970s] DEBUG:colcon.colcon_core.event_handler.log_command:Invoking command in '/home/hwl/per_workspace/control_plan/chapter4/ros2_lqr/build/vehicle_control': AMENT_PREFIX_PATH=/home/hwl/per_workspace/control_plan/chapter4/ros2_lqr/install/lgsvl_msgs:${AMENT_PREFIX_PATH} CMAKE_PREFIX_PATH=/home/hwl/per_workspace/control_plan/chapter4/ros2_lqr/install/lgsvl_msgs:${CMAKE_PREFIX_PATH} LD_LIBRARY_PATH=/home/hwl/per_workspace/control_plan/chapter4/ros2_lqr/install/lgsvl_msgs/lib:${LD_LIBRARY_PATH} PYTHONPATH=/home/hwl/per_workspace/control_plan/chapter4/ros2_lqr/install/lgsvl_msgs/lib/python3.8/site-packages:${PYTHONPATH} /usr/bin/cmake --build /home/hwl/per_workspace/control_plan/chapter4/ros2_lqr/build/vehicle_control -- -j16 -l16
[3.076s] DEBUG:colcon.colcon_core.event_handler.log_command:Invoked command in '/home/hwl/per_workspace/control_plan/chapter4/ros2_lqr/build/lgsvl_bridge_galactic' returned '0': AMENT_PREFIX_PATH=/home/hwl/per_workspace/control_plan/chapter4/ros2_lqr/install/lgsvl_msgs:${AMENT_PREFIX_PATH} CMAKE_PREFIX_PATH=/home/hwl/per_workspace/control_plan/chapter4/ros2_lqr/install/lgsvl_msgs:${CMAKE_PREFIX_PATH} LD_LIBRARY_PATH=/home/hwl/per_workspace/control_plan/chapter4/ros2_lqr/install/lgsvl_msgs/lib:${LD_LIBRARY_PATH} PYTHONPATH=/home/hwl/per_workspace/control_plan/chapter4/ros2_lqr/install/lgsvl_msgs/lib/python3.8/site-packages:${PYTHONPATH} /usr/bin/cmake --build /home/hwl/per_workspace/control_plan/chapter4/ros2_lqr/build/lgsvl_bridge_galactic -- -j16 -l16
[3.135s] DEBUG:colcon.colcon_core.event_handler.log_command:Invoked command in '/home/hwl/per_workspace/control_plan/chapter4/ros2_lqr/build/vehicle_control' returned '0': AMENT_PREFIX_PATH=/home/hwl/per_workspace/control_plan/chapter4/ros2_lqr/install/lgsvl_msgs:${AMENT_PREFIX_PATH} CMAKE_PREFIX_PATH=/home/hwl/per_workspace/control_plan/chapter4/ros2_lqr/install/lgsvl_msgs:${CMAKE_PREFIX_PATH} LD_LIBRARY_PATH=/home/hwl/per_workspace/control_plan/chapter4/ros2_lqr/install/lgsvl_msgs/lib:${LD_LIBRARY_PATH} PYTHONPATH=/home/hwl/per_workspace/control_plan/chapter4/ros2_lqr/install/lgsvl_msgs/lib/python3.8/site-packages:${PYTHONPATH} /usr/bin/cmake --build /home/hwl/per_workspace/control_plan/chapter4/ros2_lqr/build/vehicle_control -- -j16 -l16
[3.154s] DEBUG:colcon.colcon_core.event_handler.log_command:Invoking command in '/home/hwl/per_workspace/control_plan/chapter4/ros2_lqr/build/lgsvl_bridge_galactic': AMENT_PREFIX_PATH=/home/hwl/per_workspace/control_plan/chapter4/ros2_lqr/install/lgsvl_msgs:${AMENT_PREFIX_PATH} CMAKE_PREFIX_PATH=/home/hwl/per_workspace/control_plan/chapter4/ros2_lqr/install/lgsvl_msgs:${CMAKE_PREFIX_PATH} LD_LIBRARY_PATH=/home/hwl/per_workspace/control_plan/chapter4/ros2_lqr/install/lgsvl_msgs/lib:${LD_LIBRARY_PATH} PYTHONPATH=/home/hwl/per_workspace/control_plan/chapter4/ros2_lqr/install/lgsvl_msgs/lib/python3.8/site-packages:${PYTHONPATH} /usr/bin/cmake --install /home/hwl/per_workspace/control_plan/chapter4/ros2_lqr/build/lgsvl_bridge_galactic
[3.177s] Level 1:colcon.colcon_core.environment:create_environment_scripts_only(lgsvl_bridge_galactic)
[3.180s] Level 1:colcon.colcon_core.environment:checking '/home/hwl/per_workspace/control_plan/chapter4/ros2_lqr/install/lgsvl_bridge_galactic' for CMake module files
[3.182s] DEBUG:colcon.colcon_core.event_handler.log_command:Invoked command in '/home/hwl/per_workspace/control_plan/chapter4/ros2_lqr/build/lgsvl_bridge_galactic' returned '0': AMENT_PREFIX_PATH=/home/hwl/per_workspace/control_plan/chapter4/ros2_lqr/install/lgsvl_msgs:${AMENT_PREFIX_PATH} CMAKE_PREFIX_PATH=/home/hwl/per_workspace/control_plan/chapter4/ros2_lqr/install/lgsvl_msgs:${CMAKE_PREFIX_PATH} LD_LIBRARY_PATH=/home/hwl/per_workspace/control_plan/chapter4/ros2_lqr/install/lgsvl_msgs/lib:${LD_LIBRARY_PATH} PYTHONPATH=/home/hwl/per_workspace/control_plan/chapter4/ros2_lqr/install/lgsvl_msgs/lib/python3.8/site-packages:${PYTHONPATH} /usr/bin/cmake --install /home/hwl/per_workspace/control_plan/chapter4/ros2_lqr/build/lgsvl_bridge_galactic
[3.183s] Level 1:colcon.colcon_core.environment:checking '/home/hwl/per_workspace/control_plan/chapter4/ros2_lqr/install/lgsvl_bridge_galactic' for CMake config files
[3.184s] Level 1:colcon.colcon_core.shell:create_environment_hook('lgsvl_bridge_galactic', 'cmake_prefix_path')
[3.186s] INFO:colcon.colcon_core.shell:Creating environment hook '/home/hwl/per_workspace/control_plan/chapter4/ros2_lqr/install/lgsvl_bridge_galactic/share/lgsvl_bridge_galactic/hook/cmake_prefix_path.ps1'
[3.188s] INFO:colcon.colcon_core.shell:Creating environment descriptor '/home/hwl/per_workspace/control_plan/chapter4/ros2_lqr/install/lgsvl_bridge_galactic/share/lgsvl_bridge_galactic/hook/cmake_prefix_path.dsv'
[3.189s] INFO:colcon.colcon_core.shell:Creating environment hook '/home/hwl/per_workspace/control_plan/chapter4/ros2_lqr/install/lgsvl_bridge_galactic/share/lgsvl_bridge_galactic/hook/cmake_prefix_path.sh'
[3.191s] Level 1:colcon.colcon_core.environment:checking '/home/hwl/per_workspace/control_plan/chapter4/ros2_lqr/install/lgsvl_bridge_galactic/lib'
[3.191s] Level 1:colcon.colcon_core.environment:checking '/home/hwl/per_workspace/control_plan/chapter4/ros2_lqr/install/lgsvl_bridge_galactic/bin'
[3.191s] Level 1:colcon.colcon_core.environment:checking '/home/hwl/per_workspace/control_plan/chapter4/ros2_lqr/install/lgsvl_bridge_galactic/lib/pkgconfig/lgsvl_bridge_galactic.pc'
[3.192s] Level 1:colcon.colcon_core.environment:checking '/home/hwl/per_workspace/control_plan/chapter4/ros2_lqr/install/lgsvl_bridge_galactic/lib/python3.8/site-packages'
[3.193s] INFO:colcon.colcon_core.shell:Creating package script '/home/hwl/per_workspace/control_plan/chapter4/ros2_lqr/install/lgsvl_bridge_galactic/share/lgsvl_bridge_galactic/package.ps1'
[3.194s] INFO:colcon.colcon_core.shell:Creating package descriptor '/home/hwl/per_workspace/control_plan/chapter4/ros2_lqr/install/lgsvl_bridge_galactic/share/lgsvl_bridge_galactic/package.dsv'
[3.195s] INFO:colcon.colcon_core.shell:Creating package script '/home/hwl/per_workspace/control_plan/chapter4/ros2_lqr/install/lgsvl_bridge_galactic/share/lgsvl_bridge_galactic/package.sh'
[3.196s] INFO:colcon.colcon_core.shell:Creating package script '/home/hwl/per_workspace/control_plan/chapter4/ros2_lqr/install/lgsvl_bridge_galactic/share/lgsvl_bridge_galactic/package.bash'
[3.197s] INFO:colcon.colcon_core.shell:Creating package script '/home/hwl/per_workspace/control_plan/chapter4/ros2_lqr/install/lgsvl_bridge_galactic/share/lgsvl_bridge_galactic/package.zsh'
[3.198s] Level 1:colcon.colcon_core.environment:create_file_with_runtime_dependencies(/home/hwl/per_workspace/control_plan/chapter4/ros2_lqr/install/lgsvl_bridge_galactic/share/colcon-core/packages/lgsvl_bridge_galactic)
[3.210s] DEBUG:colcon.colcon_core.event_handler.log_command:Invoking command in '/home/hwl/per_workspace/control_plan/chapter4/ros2_lqr/build/vehicle_control': AMENT_PREFIX_PATH=/home/hwl/per_workspace/control_plan/chapter4/ros2_lqr/install/lgsvl_msgs:${AMENT_PREFIX_PATH} CMAKE_PREFIX_PATH=/home/hwl/per_workspace/control_plan/chapter4/ros2_lqr/install/lgsvl_msgs:${CMAKE_PREFIX_PATH} LD_LIBRARY_PATH=/home/hwl/per_workspace/control_plan/chapter4/ros2_lqr/install/lgsvl_msgs/lib:${LD_LIBRARY_PATH} PYTHONPATH=/home/hwl/per_workspace/control_plan/chapter4/ros2_lqr/install/lgsvl_msgs/lib/python3.8/site-packages:${PYTHONPATH} /usr/bin/cmake --install /home/hwl/per_workspace/control_plan/chapter4/ros2_lqr/build/vehicle_control
[3.215s] DEBUG:colcon.colcon_core.event_handler.log_command:Invoked command in '/home/hwl/per_workspace/control_plan/chapter4/ros2_lqr/build/stanley_control' returned '0': AMENT_PREFIX_PATH=/home/hwl/per_workspace/control_plan/chapter4/ros2_lqr/install/lgsvl_msgs:${AMENT_PREFIX_PATH} CMAKE_PREFIX_PATH=/home/hwl/per_workspace/control_plan/chapter4/ros2_lqr/install/lgsvl_msgs:${CMAKE_PREFIX_PATH} LD_LIBRARY_PATH=/home/hwl/per_workspace/control_plan/chapter4/ros2_lqr/install/lgsvl_msgs/lib:${LD_LIBRARY_PATH} PYTHONPATH=/home/hwl/per_workspace/control_plan/chapter4/ros2_lqr/install/lgsvl_msgs/lib/python3.8/site-packages:${PYTHONPATH} /usr/bin/cmake --build /home/hwl/per_workspace/control_plan/chapter4/ros2_lqr/build/stanley_control -- -j16 -l16
[3.226s] Level 1:colcon.colcon_core.environment:create_environment_scripts_only(vehicle_control)
[3.229s] Level 1:colcon.colcon_core.environment:checking '/home/hwl/per_workspace/control_plan/chapter4/ros2_lqr/install/vehicle_control' for CMake module files
[3.231s] DEBUG:colcon.colcon_core.event_handler.log_command:Invoked command in '/home/hwl/per_workspace/control_plan/chapter4/ros2_lqr/build/vehicle_control' returned '0': AMENT_PREFIX_PATH=/home/hwl/per_workspace/control_plan/chapter4/ros2_lqr/install/lgsvl_msgs:${AMENT_PREFIX_PATH} CMAKE_PREFIX_PATH=/home/hwl/per_workspace/control_plan/chapter4/ros2_lqr/install/lgsvl_msgs:${CMAKE_PREFIX_PATH} LD_LIBRARY_PATH=/home/hwl/per_workspace/control_plan/chapter4/ros2_lqr/install/lgsvl_msgs/lib:${LD_LIBRARY_PATH} PYTHONPATH=/home/hwl/per_workspace/control_plan/chapter4/ros2_lqr/install/lgsvl_msgs/lib/python3.8/site-packages:${PYTHONPATH} /usr/bin/cmake --install /home/hwl/per_workspace/control_plan/chapter4/ros2_lqr/build/vehicle_control
[3.232s] Level 1:colcon.colcon_core.environment:checking '/home/hwl/per_workspace/control_plan/chapter4/ros2_lqr/install/vehicle_control' for CMake config files
[3.233s] Level 1:colcon.colcon_core.shell:create_environment_hook('vehicle_control', 'cmake_prefix_path')
[3.235s] INFO:colcon.colcon_core.shell:Creating environment hook '/home/hwl/per_workspace/control_plan/chapter4/ros2_lqr/install/vehicle_control/share/vehicle_control/hook/cmake_prefix_path.ps1'
[3.237s] INFO:colcon.colcon_core.shell:Creating environment descriptor '/home/hwl/per_workspace/control_plan/chapter4/ros2_lqr/install/vehicle_control/share/vehicle_control/hook/cmake_prefix_path.dsv'
[3.238s] INFO:colcon.colcon_core.shell:Creating environment hook '/home/hwl/per_workspace/control_plan/chapter4/ros2_lqr/install/vehicle_control/share/vehicle_control/hook/cmake_prefix_path.sh'
[3.240s] Level 1:colcon.colcon_core.environment:checking '/home/hwl/per_workspace/control_plan/chapter4/ros2_lqr/install/vehicle_control/lib'
[3.240s] Level 1:colcon.colcon_core.environment:checking '/home/hwl/per_workspace/control_plan/chapter4/ros2_lqr/install/vehicle_control/bin'
[3.240s] Level 1:colcon.colcon_core.environment:checking '/home/hwl/per_workspace/control_plan/chapter4/ros2_lqr/install/vehicle_control/lib/pkgconfig/vehicle_control.pc'
[3.241s] Level 1:colcon.colcon_core.environment:checking '/home/hwl/per_workspace/control_plan/chapter4/ros2_lqr/install/vehicle_control/lib/python3.8/site-packages'
[3.243s] INFO:colcon.colcon_core.shell:Creating package script '/home/hwl/per_workspace/control_plan/chapter4/ros2_lqr/install/vehicle_control/share/vehicle_control/package.ps1'
[3.244s] INFO:colcon.colcon_core.shell:Creating package descriptor '/home/hwl/per_workspace/control_plan/chapter4/ros2_lqr/install/vehicle_control/share/vehicle_control/package.dsv'
[3.245s] INFO:colcon.colcon_core.shell:Creating package script '/home/hwl/per_workspace/control_plan/chapter4/ros2_lqr/install/vehicle_control/share/vehicle_control/package.sh'
[3.246s] INFO:colcon.colcon_core.shell:Creating package script '/home/hwl/per_workspace/control_plan/chapter4/ros2_lqr/install/vehicle_control/share/vehicle_control/package.bash'
[3.247s] INFO:colcon.colcon_core.shell:Creating package script '/home/hwl/per_workspace/control_plan/chapter4/ros2_lqr/install/vehicle_control/share/vehicle_control/package.zsh'
[3.248s] Level 1:colcon.colcon_core.environment:create_file_with_runtime_dependencies(/home/hwl/per_workspace/control_plan/chapter4/ros2_lqr/install/vehicle_control/share/colcon-core/packages/vehicle_control)
[3.270s] Level 1:colcon.colcon_core.environment:create_environment_scripts_only(lgsvl_bridge_galactic)
[3.271s] Level 1:colcon.colcon_core.environment:checking '/home/hwl/per_workspace/control_plan/chapter4/ros2_lqr/install/lgsvl_bridge_galactic' for CMake module files
[3.273s] Level 1:colcon.colcon_core.environment:checking '/home/hwl/per_workspace/control_plan/chapter4/ros2_lqr/install/lgsvl_bridge_galactic' for CMake config files
[3.273s] Level 1:colcon.colcon_core.shell:create_environment_hook('lgsvl_bridge_galactic', 'cmake_prefix_path')
[3.274s] INFO:colcon.colcon_core.shell:Creating environment hook '/home/hwl/per_workspace/control_plan/chapter4/ros2_lqr/install/lgsvl_bridge_galactic/share/lgsvl_bridge_galactic/hook/cmake_prefix_path.ps1'
[3.276s] INFO:colcon.colcon_core.shell:Creating environment descriptor '/home/hwl/per_workspace/control_plan/chapter4/ros2_lqr/install/lgsvl_bridge_galactic/share/lgsvl_bridge_galactic/hook/cmake_prefix_path.dsv'
[3.276s] INFO:colcon.colcon_core.shell:Creating environment hook '/home/hwl/per_workspace/control_plan/chapter4/ros2_lqr/install/lgsvl_bridge_galactic/share/lgsvl_bridge_galactic/hook/cmake_prefix_path.sh'
[3.277s] Level 1:colcon.colcon_core.environment:checking '/home/hwl/per_workspace/control_plan/chapter4/ros2_lqr/install/lgsvl_bridge_galactic/lib'
[3.278s] Level 1:colcon.colcon_core.environment:checking '/home/hwl/per_workspace/control_plan/chapter4/ros2_lqr/install/lgsvl_bridge_galactic/bin'
[3.278s] Level 1:colcon.colcon_core.environment:checking '/home/hwl/per_workspace/control_plan/chapter4/ros2_lqr/install/lgsvl_bridge_galactic/lib/pkgconfig/lgsvl_bridge_galactic.pc'
[3.278s] Level 1:colcon.colcon_core.environment:checking '/home/hwl/per_workspace/control_plan/chapter4/ros2_lqr/install/lgsvl_bridge_galactic/lib/python3.8/site-packages'
[3.280s] INFO:colcon.colcon_core.shell:Creating package script '/home/hwl/per_workspace/control_plan/chapter4/ros2_lqr/install/lgsvl_bridge_galactic/share/lgsvl_bridge_galactic/package.ps1'
[3.281s] INFO:colcon.colcon_core.shell:Creating package descriptor '/home/hwl/per_workspace/control_plan/chapter4/ros2_lqr/install/lgsvl_bridge_galactic/share/lgsvl_bridge_galactic/package.dsv'
[3.282s] INFO:colcon.colcon_core.shell:Creating package script '/home/hwl/per_workspace/control_plan/chapter4/ros2_lqr/install/lgsvl_bridge_galactic/share/lgsvl_bridge_galactic/package.sh'
[3.282s] INFO:colcon.colcon_core.shell:Creating package script '/home/hwl/per_workspace/control_plan/chapter4/ros2_lqr/install/lgsvl_bridge_galactic/share/lgsvl_bridge_galactic/package.bash'
[3.283s] INFO:colcon.colcon_core.shell:Creating package script '/home/hwl/per_workspace/control_plan/chapter4/ros2_lqr/install/lgsvl_bridge_galactic/share/lgsvl_bridge_galactic/package.zsh'
[3.284s] Level 1:colcon.colcon_core.environment:create_file_with_runtime_dependencies(/home/hwl/per_workspace/control_plan/chapter4/ros2_lqr/install/lgsvl_bridge_galactic/share/colcon-core/packages/lgsvl_bridge_galactic)
[3.289s] DEBUG:colcon.colcon_core.event_handler.log_command:Invoking command in '/home/hwl/per_workspace/control_plan/chapter4/ros2_lqr/build/stanley_control': AMENT_PREFIX_PATH=/home/hwl/per_workspace/control_plan/chapter4/ros2_lqr/install/lgsvl_msgs:${AMENT_PREFIX_PATH} CMAKE_PREFIX_PATH=/home/hwl/per_workspace/control_plan/chapter4/ros2_lqr/install/lgsvl_msgs:${CMAKE_PREFIX_PATH} LD_LIBRARY_PATH=/home/hwl/per_workspace/control_plan/chapter4/ros2_lqr/install/lgsvl_msgs/lib:${LD_LIBRARY_PATH} PYTHONPATH=/home/hwl/per_workspace/control_plan/chapter4/ros2_lqr/install/lgsvl_msgs/lib/python3.8/site-packages:${PYTHONPATH} /usr/bin/cmake --install /home/hwl/per_workspace/control_plan/chapter4/ros2_lqr/build/stanley_control
[3.320s] Level 1:colcon.colcon_core.environment:create_environment_scripts_only(stanley_control)
[3.323s] Level 1:colcon.colcon_core.environment:checking '/home/hwl/per_workspace/control_plan/chapter4/ros2_lqr/install/stanley_control' for CMake module files
[3.326s] DEBUG:colcon.colcon_core.event_handler.log_command:Invoked command in '/home/hwl/per_workspace/control_plan/chapter4/ros2_lqr/build/stanley_control' returned '0': AMENT_PREFIX_PATH=/home/hwl/per_workspace/control_plan/chapter4/ros2_lqr/install/lgsvl_msgs:${AMENT_PREFIX_PATH} CMAKE_PREFIX_PATH=/home/hwl/per_workspace/control_plan/chapter4/ros2_lqr/install/lgsvl_msgs:${CMAKE_PREFIX_PATH} LD_LIBRARY_PATH=/home/hwl/per_workspace/control_plan/chapter4/ros2_lqr/install/lgsvl_msgs/lib:${LD_LIBRARY_PATH} PYTHONPATH=/home/hwl/per_workspace/control_plan/chapter4/ros2_lqr/install/lgsvl_msgs/lib/python3.8/site-packages:${PYTHONPATH} /usr/bin/cmake --install /home/hwl/per_workspace/control_plan/chapter4/ros2_lqr/build/stanley_control
[3.327s] Level 1:colcon.colcon_core.environment:checking '/home/hwl/per_workspace/control_plan/chapter4/ros2_lqr/install/stanley_control' for CMake config files
[3.328s] Level 1:colcon.colcon_core.shell:create_environment_hook('stanley_control', 'cmake_prefix_path')
[3.330s] INFO:colcon.colcon_core.shell:Creating environment hook '/home/hwl/per_workspace/control_plan/chapter4/ros2_lqr/install/stanley_control/share/stanley_control/hook/cmake_prefix_path.ps1'
[3.331s] INFO:colcon.colcon_core.shell:Creating environment descriptor '/home/hwl/per_workspace/control_plan/chapter4/ros2_lqr/install/stanley_control/share/stanley_control/hook/cmake_prefix_path.dsv'
[3.332s] INFO:colcon.colcon_core.shell:Creating environment hook '/home/hwl/per_workspace/control_plan/chapter4/ros2_lqr/install/stanley_control/share/stanley_control/hook/cmake_prefix_path.sh'
[3.334s] Level 1:colcon.colcon_core.environment:checking '/home/hwl/per_workspace/control_plan/chapter4/ros2_lqr/install/stanley_control/lib'
[3.334s] Level 1:colcon.colcon_core.environment:checking '/home/hwl/per_workspace/control_plan/chapter4/ros2_lqr/install/stanley_control/bin'
[3.334s] Level 1:colcon.colcon_core.environment:checking '/home/hwl/per_workspace/control_plan/chapter4/ros2_lqr/install/stanley_control/lib/pkgconfig/stanley_control.pc'
[3.335s] Level 1:colcon.colcon_core.environment:checking '/home/hwl/per_workspace/control_plan/chapter4/ros2_lqr/install/stanley_control/lib/python3.8/site-packages'
[3.337s] INFO:colcon.colcon_core.shell:Creating package script '/home/hwl/per_workspace/control_plan/chapter4/ros2_lqr/install/stanley_control/share/stanley_control/package.ps1'
[3.338s] INFO:colcon.colcon_core.shell:Creating package descriptor '/home/hwl/per_workspace/control_plan/chapter4/ros2_lqr/install/stanley_control/share/stanley_control/package.dsv'
[3.339s] INFO:colcon.colcon_core.shell:Creating package script '/home/hwl/per_workspace/control_plan/chapter4/ros2_lqr/install/stanley_control/share/stanley_control/package.sh'
[3.340s] INFO:colcon.colcon_core.shell:Creating package script '/home/hwl/per_workspace/control_plan/chapter4/ros2_lqr/install/stanley_control/share/stanley_control/package.bash'
[3.340s] INFO:colcon.colcon_core.shell:Creating package script '/home/hwl/per_workspace/control_plan/chapter4/ros2_lqr/install/stanley_control/share/stanley_control/package.zsh'
[3.341s] Level 1:colcon.colcon_core.environment:create_file_with_runtime_dependencies(/home/hwl/per_workspace/control_plan/chapter4/ros2_lqr/install/stanley_control/share/colcon-core/packages/stanley_control)
[3.348s] Level 1:colcon.colcon_core.environment:create_environment_scripts_only(vehicle_control)
[3.350s] Level 1:colcon.colcon_core.environment:checking '/home/hwl/per_workspace/control_plan/chapter4/ros2_lqr/install/vehicle_control' for CMake module files
[3.351s] Level 1:colcon.colcon_core.environment:checking '/home/hwl/per_workspace/control_plan/chapter4/ros2_lqr/install/vehicle_control' for CMake config files
[3.351s] Level 1:colcon.colcon_core.shell:create_environment_hook('vehicle_control', 'cmake_prefix_path')
[3.352s] INFO:colcon.colcon_core.shell:Creating environment hook '/home/hwl/per_workspace/control_plan/chapter4/ros2_lqr/install/vehicle_control/share/vehicle_control/hook/cmake_prefix_path.ps1'
[3.353s] INFO:colcon.colcon_core.shell:Creating environment descriptor '/home/hwl/per_workspace/control_plan/chapter4/ros2_lqr/install/vehicle_control/share/vehicle_control/hook/cmake_prefix_path.dsv'
[3.353s] INFO:colcon.colcon_core.shell:Creating environment hook '/home/hwl/per_workspace/control_plan/chapter4/ros2_lqr/install/vehicle_control/share/vehicle_control/hook/cmake_prefix_path.sh'
[3.354s] Level 1:colcon.colcon_core.environment:checking '/home/hwl/per_workspace/control_plan/chapter4/ros2_lqr/install/vehicle_control/lib'
[3.354s] Level 1:colcon.colcon_core.environment:checking '/home/hwl/per_workspace/control_plan/chapter4/ros2_lqr/install/vehicle_control/bin'
[3.354s] Level 1:colcon.colcon_core.environment:checking '/home/hwl/per_workspace/control_plan/chapter4/ros2_lqr/install/vehicle_control/lib/pkgconfig/vehicle_control.pc'
[3.355s] Level 1:colcon.colcon_core.environment:checking '/home/hwl/per_workspace/control_plan/chapter4/ros2_lqr/install/vehicle_control/lib/python3.8/site-packages'
[3.356s] INFO:colcon.colcon_core.shell:Creating package script '/home/hwl/per_workspace/control_plan/chapter4/ros2_lqr/install/vehicle_control/share/vehicle_control/package.ps1'
[3.356s] INFO:colcon.colcon_core.shell:Creating package descriptor '/home/hwl/per_workspace/control_plan/chapter4/ros2_lqr/install/vehicle_control/share/vehicle_control/package.dsv'
[3.357s] INFO:colcon.colcon_core.shell:Creating package script '/home/hwl/per_workspace/control_plan/chapter4/ros2_lqr/install/vehicle_control/share/vehicle_control/package.sh'
[3.357s] INFO:colcon.colcon_core.shell:Creating package script '/home/hwl/per_workspace/control_plan/chapter4/ros2_lqr/install/vehicle_control/share/vehicle_control/package.bash'
[3.358s] INFO:colcon.colcon_core.shell:Creating package script '/home/hwl/per_workspace/control_plan/chapter4/ros2_lqr/install/vehicle_control/share/vehicle_control/package.zsh'
[3.359s] Level 1:colcon.colcon_core.environment:create_file_with_runtime_dependencies(/home/hwl/per_workspace/control_plan/chapter4/ros2_lqr/install/vehicle_control/share/colcon-core/packages/vehicle_control)
[3.434s] Level 1:colcon.colcon_core.environment:create_environment_scripts_only(stanley_control)
[3.437s] Level 1:colcon.colcon_core.environment:checking '/home/hwl/per_workspace/control_plan/chapter4/ros2_lqr/install/stanley_control' for CMake module files
[3.439s] Level 1:colcon.colcon_core.environment:checking '/home/hwl/per_workspace/control_plan/chapter4/ros2_lqr/install/stanley_control' for CMake config files
[3.439s] Level 1:colcon.colcon_core.shell:create_environment_hook('stanley_control', 'cmake_prefix_path')
[3.441s] INFO:colcon.colcon_core.shell:Creating environment hook '/home/hwl/per_workspace/control_plan/chapter4/ros2_lqr/install/stanley_control/share/stanley_control/hook/cmake_prefix_path.ps1'
[3.442s] INFO:colcon.colcon_core.shell:Creating environment descriptor '/home/hwl/per_workspace/control_plan/chapter4/ros2_lqr/install/stanley_control/share/stanley_control/hook/cmake_prefix_path.dsv'
[3.443s] INFO:colcon.colcon_core.shell:Creating environment hook '/home/hwl/per_workspace/control_plan/chapter4/ros2_lqr/install/stanley_control/share/stanley_control/hook/cmake_prefix_path.sh'
[3.444s] Level 1:colcon.colcon_core.environment:checking '/home/hwl/per_workspace/control_plan/chapter4/ros2_lqr/install/stanley_control/lib'
[3.444s] Level 1:colcon.colcon_core.environment:checking '/home/hwl/per_workspace/control_plan/chapter4/ros2_lqr/install/stanley_control/bin'
[3.444s] Level 1:colcon.colcon_core.environment:checking '/home/hwl/per_workspace/control_plan/chapter4/ros2_lqr/install/stanley_control/lib/pkgconfig/stanley_control.pc'
[3.445s] Level 1:colcon.colcon_core.environment:checking '/home/hwl/per_workspace/control_plan/chapter4/ros2_lqr/install/stanley_control/lib/python3.8/site-packages'
[3.446s] INFO:colcon.colcon_core.shell:Creating package script '/home/hwl/per_workspace/control_plan/chapter4/ros2_lqr/install/stanley_control/share/stanley_control/package.ps1'
[3.447s] INFO:colcon.colcon_core.shell:Creating package descriptor '/home/hwl/per_workspace/control_plan/chapter4/ros2_lqr/install/stanley_control/share/stanley_control/package.dsv'
[3.448s] INFO:colcon.colcon_core.shell:Creating package script '/home/hwl/per_workspace/control_plan/chapter4/ros2_lqr/install/stanley_control/share/stanley_control/package.sh'
[3.449s] INFO:colcon.colcon_core.shell:Creating package script '/home/hwl/per_workspace/control_plan/chapter4/ros2_lqr/install/stanley_control/share/stanley_control/package.bash'
[3.450s] INFO:colcon.colcon_core.shell:Creating package script '/home/hwl/per_workspace/control_plan/chapter4/ros2_lqr/install/stanley_control/share/stanley_control/package.zsh'
[3.451s] Level 1:colcon.colcon_core.environment:create_file_with_runtime_dependencies(/home/hwl/per_workspace/control_plan/chapter4/ros2_lqr/install/stanley_control/share/colcon-core/packages/stanley_control)
[23.260s] DEBUG:colcon.colcon_core.event_handler.log_command:Invoked command in '/home/hwl/per_workspace/control_plan/chapter4/ros2_lqr/build/lqr_controller' returned '2': AMENT_PREFIX_PATH=/home/hwl/per_workspace/control_plan/chapter4/ros2_lqr/install/lgsvl_msgs:${AMENT_PREFIX_PATH} CMAKE_PREFIX_PATH=/home/hwl/per_workspace/control_plan/chapter4/ros2_lqr/install/lgsvl_msgs:${CMAKE_PREFIX_PATH} LD_LIBRARY_PATH=/home/hwl/per_workspace/control_plan/chapter4/ros2_lqr/install/lgsvl_msgs/lib:${LD_LIBRARY_PATH} PYTHONPATH=/home/hwl/per_workspace/control_plan/chapter4/ros2_lqr/install/lgsvl_msgs/lib/python3.8/site-packages:${PYTHONPATH} /usr/bin/cmake --build /home/hwl/per_workspace/control_plan/chapter4/ros2_lqr/build/lqr_controller -- -j16 -l16
[23.345s] Level 1:colcon.colcon_core.environment:create_environment_scripts_only(lqr_controller)
[23.348s] Level 1:colcon.colcon_core.environment:checking '/home/hwl/per_workspace/control_plan/chapter4/ros2_lqr/install/lqr_controller' for CMake module files
[23.350s] Level 1:colcon.colcon_core.environment:checking '/home/hwl/per_workspace/control_plan/chapter4/ros2_lqr/install/lqr_controller' for CMake config files
[23.351s] Level 1:colcon.colcon_core.shell:create_environment_hook('lqr_controller', 'cmake_prefix_path')
[23.352s] INFO:colcon.colcon_core.shell:Creating environment hook '/home/hwl/per_workspace/control_plan/chapter4/ros2_lqr/install/lqr_controller/share/lqr_controller/hook/cmake_prefix_path.ps1'
[23.354s] INFO:colcon.colcon_core.shell:Creating environment descriptor '/home/hwl/per_workspace/control_plan/chapter4/ros2_lqr/install/lqr_controller/share/lqr_controller/hook/cmake_prefix_path.dsv'
[23.355s] INFO:colcon.colcon_core.shell:Creating environment hook '/home/hwl/per_workspace/control_plan/chapter4/ros2_lqr/install/lqr_controller/share/lqr_controller/hook/cmake_prefix_path.sh'
[23.356s] Level 1:colcon.colcon_core.environment:checking '/home/hwl/per_workspace/control_plan/chapter4/ros2_lqr/install/lqr_controller/lib'
[23.356s] Level 1:colcon.colcon_core.environment:checking '/home/hwl/per_workspace/control_plan/chapter4/ros2_lqr/install/lqr_controller/bin'
[23.357s] Level 1:colcon.colcon_core.environment:checking '/home/hwl/per_workspace/control_plan/chapter4/ros2_lqr/install/lqr_controller/lib/pkgconfig/lqr_controller.pc'
[23.357s] Level 1:colcon.colcon_core.environment:checking '/home/hwl/per_workspace/control_plan/chapter4/ros2_lqr/install/lqr_controller/lib/python3.8/site-packages'
[23.358s] INFO:colcon.colcon_core.shell:Creating package script '/home/hwl/per_workspace/control_plan/chapter4/ros2_lqr/install/lqr_controller/share/lqr_controller/package.ps1'
[23.359s] INFO:colcon.colcon_core.shell:Creating package descriptor '/home/hwl/per_workspace/control_plan/chapter4/ros2_lqr/install/lqr_controller/share/lqr_controller/package.dsv'
[23.360s] INFO:colcon.colcon_core.shell:Creating package script '/home/hwl/per_workspace/control_plan/chapter4/ros2_lqr/install/lqr_controller/share/lqr_controller/package.sh'
[23.361s] INFO:colcon.colcon_core.shell:Creating package script '/home/hwl/per_workspace/control_plan/chapter4/ros2_lqr/install/lqr_controller/share/lqr_controller/package.bash'
[23.362s] INFO:colcon.colcon_core.shell:Creating package script '/home/hwl/per_workspace/control_plan/chapter4/ros2_lqr/install/lqr_controller/share/lqr_controller/package.zsh'
[23.363s] Level 1:colcon.colcon_core.environment:create_file_with_runtime_dependencies(/home/hwl/per_workspace/control_plan/chapter4/ros2_lqr/install/lqr_controller/share/colcon-core/packages/lqr_controller)
[23.374s] DEBUG:colcon.colcon_parallel_executor.executor.parallel:closing loop
[23.374s] DEBUG:colcon.colcon_parallel_executor.executor.parallel:loop closed
[23.375s] DEBUG:colcon.colcon_parallel_executor.executor.parallel:run_until_complete finished with '2'
[23.375s] DEBUG:colcon.colcon_core.event_reactor:joining thread
[23.395s] INFO:colcon.colcon_core.plugin_system:Skipping extension 'colcon_notification.desktop_notification.notify_send': Could not find 'notify-send'
[23.395s] INFO:colcon.colcon_core.plugin_system:Skipping extension 'colcon_notification.desktop_notification.terminal_notifier': Not used on non-Darwin systems
[23.395s] INFO:colcon.colcon_core.plugin_system:Skipping extension 'colcon_notification.desktop_notification.win32': Not used on non-Windows systems
[23.395s] INFO:colcon.colcon_notification.desktop_notification:Sending desktop notification using 'notify2'
[23.411s] DEBUG:colcon.colcon_notification.desktop_notification.notify2:Failed to initialize notify2: org.freedesktop.DBus.Error.ServiceUnknown: The name org.freedesktop.Notifications was not provided by any .service files
[23.412s] DEBUG:colcon.colcon_core.event_reactor:joined thread
[23.414s] INFO:colcon.colcon_core.shell:Creating prefix script '/home/hwl/per_workspace/control_plan/chapter4/ros2_lqr/install/local_setup.ps1'
[23.417s] INFO:colcon.colcon_core.shell:Creating prefix util module '/home/hwl/per_workspace/control_plan/chapter4/ros2_lqr/install/_local_setup_util_ps1.py'
[23.422s] INFO:colcon.colcon_core.shell:Creating prefix chain script '/home/hwl/per_workspace/control_plan/chapter4/ros2_lqr/install/setup.ps1'
[23.425s] INFO:colcon.colcon_core.shell:Creating prefix script '/home/hwl/per_workspace/control_plan/chapter4/ros2_lqr/install/local_setup.sh'
[23.426s] INFO:colcon.colcon_core.shell:Creating prefix util module '/home/hwl/per_workspace/control_plan/chapter4/ros2_lqr/install/_local_setup_util_sh.py'
[23.427s] INFO:colcon.colcon_core.shell:Creating prefix chain script '/home/hwl/per_workspace/control_plan/chapter4/ros2_lqr/install/setup.sh'
[23.430s] INFO:colcon.colcon_core.shell:Creating prefix script '/home/hwl/per_workspace/control_plan/chapter4/ros2_lqr/install/local_setup.bash'
[23.431s] INFO:colcon.colcon_core.shell:Creating prefix chain script '/home/hwl/per_workspace/control_plan/chapter4/ros2_lqr/install/setup.bash'
[23.433s] INFO:colcon.colcon_core.shell:Creating prefix script '/home/hwl/per_workspace/control_plan/chapter4/ros2_lqr/install/local_setup.zsh'
[23.434s] INFO:colcon.colcon_core.shell:Creating prefix chain script '/home/hwl/per_workspace/control_plan/chapter4/ros2_lqr/install/setup.zsh'
