-- The C compiler identification is GNU 9.4.0
-- The CXX compiler identification is GNU 9.4.0
-- Check for working C compiler: /usr/bin/cc
-- Check for working C compiler: /usr/bin/cc -- works
-- Detecting C compiler ABI info
-- Detecting C compiler ABI info - done
-- Detecting C compile features
-- Detecting C compile features - done
-- Check for working CXX compiler: /usr/bin/c++
-- Check for working CXX compiler: /usr/bin/c++ -- works
-- Detecting CXX compiler ABI info
-- Detecting CXX compiler ABI info - done
-- Detecting CXX compile features
-- Detecting CXX compile features - done
-- Found ament_cmake: 1.5.1 (/opt/ros/rolling/share/ament_cmake/cmake)
-- Found Python3: /usr/bin/python3.8 (found version "3.8.10") found components: Interpreter 
-- Found std_msgs: 4.6.0 (/opt/ros/rolling/share/std_msgs/cmake)
-- Found rosidl_generator_c: 3.3.0 (/opt/ros/rolling/share/rosidl_generator_c/cmake)
-- Found rosidl_generator_cpp: 3.3.0 (/opt/ros/rolling/share/rosidl_generator_cpp/cmake)
-- Using all available rosidl_typesupport_c: rosidl_typesupport_fastrtps_c;rosidl_typesupport_introspection_c
-- Using all available rosidl_typesupport_cpp: rosidl_typesupport_fastrtps_cpp;rosidl_typesupport_introspection_cpp
-- Found nav_msgs: 4.6.0 (/opt/ros/rolling/share/nav_msgs/cmake)
-- Found rclcpp: 17.1.0 (/opt/ros/rolling/share/rclcpp/cmake)
-- Found rmw_implementation_cmake: 6.3.1 (/opt/ros/rolling/share/rmw_implementation_cmake/cmake)
-- Found rmw_cyclonedds_cpp: 1.4.1 (/opt/ros/rolling/share/rmw_cyclonedds_cpp/cmake)
-- Using RMW implementation 'rmw_cyclonedds_cpp' as default
-- Looking for pthread.h
-- Looking for pthread.h - found
-- Performing Test CMAKE_HAVE_LIBC_PTHREAD
-- Performing Test CMAKE_HAVE_LIBC_PTHREAD - Failed
-- Looking for pthread_create in pthreads
-- Looking for pthread_create in pthreads - not found
-- Looking for pthread_create in pthread
-- Looking for pthread_create in pthread - found
-- Found Threads: TRUE  
-- Found lgsvl_msgs: 0.0.4 (/home/hwl/per_workspace/control_plan/chapter4/ros2_lqr/lqr_galactic_wtih_todo_ws/install/lgsvl_msgs/share/lgsvl_msgs/cmake)
-- Found tf2: 0.27.0 (/opt/ros/rolling/share/tf2/cmake)
-- Found tf2_geometry_msgs: 0.27.0 (/opt/ros/rolling/share/tf2_geometry_msgs/cmake)
-- Found eigen3_cmake_module: 0.2.1 (/opt/ros/rolling/share/eigen3_cmake_module/cmake)
-- Found Eigen3: TRUE (found version "3.3.7") 
-- Ensuring Eigen3 include directory is part of orocos-kdl CMake target
-- Found ament_lint_auto: 0.13.2 (/opt/ros/rolling/share/ament_lint_auto/cmake)
-- Added test 'copyright' to check source files copyright and LICENSE
-- Added test 'cppcheck' to perform static code analysis on C / C++ code
-- Configured cppcheck include dirs: $<BUILD_INTERFACE:/home/hwl/per_workspace/control_plan/chapter4/ros2_lqr/lqr_galactic_wtih_todo_ws/src/vehicle_control/include>
-- Configured cppcheck exclude dirs and/or files: 
-- Added test 'cpplint' to check C / C++ code against the Google style
-- Configured cpplint exclude dirs and/or files: 
-- Added test 'lint_cmake' to check CMake code style
-- Added test 'uncrustify' to check C / C++ code style
-- Configured uncrustify additional arguments: 
-- Added test 'xmllint' to check XML markup files
-- Configuring done
-- Generating done
-- Build files have been written to: /home/hwl/per_workspace/control_plan/chapter4/ros2_lqr/lqr_galactic_wtih_todo_ws/build/vehicle_control
[35m[1mScanning dependencies of target vehicle_control_node[0m
[ 25%] [32mBuilding CXX object CMakeFiles/vehicle_control_node.dir/src/vehicle_control.cpp.o[0m
[ 50%] [32mBuilding CXX object CMakeFiles/vehicle_control_node.dir/src/pid_controller.cpp.o[0m
[ 75%] [32mBuilding CXX object CMakeFiles/vehicle_control_node.dir/src/reference_line.cpp.o[0m
[100%] [32m[1mLinking CXX executable vehicle_control_node[0m
[100%] Built target vehicle_control_node
-- Install configuration: ""
-- Installing: /home/hwl/per_workspace/control_plan/chapter4/ros2_lqr/lqr_galactic_wtih_todo_ws/install/vehicle_control/lib/vehicle_control/vehicle_control_node
-- Set runtime path of "/home/hwl/per_workspace/control_plan/chapter4/ros2_lqr/lqr_galactic_wtih_todo_ws/install/vehicle_control/lib/vehicle_control/vehicle_control_node" to ""
-- Installing: /home/hwl/per_workspace/control_plan/chapter4/ros2_lqr/lqr_galactic_wtih_todo_ws/install/vehicle_control/share/ament_index/resource_index/package_run_dependencies/vehicle_control
-- Installing: /home/hwl/per_workspace/control_plan/chapter4/ros2_lqr/lqr_galactic_wtih_todo_ws/install/vehicle_control/share/ament_index/resource_index/parent_prefix_path/vehicle_control
-- Installing: /home/hwl/per_workspace/control_plan/chapter4/ros2_lqr/lqr_galactic_wtih_todo_ws/install/vehicle_control/share/vehicle_control/environment/ament_prefix_path.sh
-- Installing: /home/hwl/per_workspace/control_plan/chapter4/ros2_lqr/lqr_galactic_wtih_todo_ws/install/vehicle_control/share/vehicle_control/environment/ament_prefix_path.dsv
-- Installing: /home/hwl/per_workspace/control_plan/chapter4/ros2_lqr/lqr_galactic_wtih_todo_ws/install/vehicle_control/share/vehicle_control/environment/path.sh
-- Installing: /home/hwl/per_workspace/control_plan/chapter4/ros2_lqr/lqr_galactic_wtih_todo_ws/install/vehicle_control/share/vehicle_control/environment/path.dsv
-- Installing: /home/hwl/per_workspace/control_plan/chapter4/ros2_lqr/lqr_galactic_wtih_todo_ws/install/vehicle_control/share/vehicle_control/local_setup.bash
-- Installing: /home/hwl/per_workspace/control_plan/chapter4/ros2_lqr/lqr_galactic_wtih_todo_ws/install/vehicle_control/share/vehicle_control/local_setup.sh
-- Installing: /home/hwl/per_workspace/control_plan/chapter4/ros2_lqr/lqr_galactic_wtih_todo_ws/install/vehicle_control/share/vehicle_control/local_setup.zsh
-- Installing: /home/hwl/per_workspace/control_plan/chapter4/ros2_lqr/lqr_galactic_wtih_todo_ws/install/vehicle_control/share/vehicle_control/local_setup.dsv
-- Installing: /home/hwl/per_workspace/control_plan/chapter4/ros2_lqr/lqr_galactic_wtih_todo_ws/install/vehicle_control/share/vehicle_control/package.dsv
-- Installing: /home/hwl/per_workspace/control_plan/chapter4/ros2_lqr/lqr_galactic_wtih_todo_ws/install/vehicle_control/share/ament_index/resource_index/packages/vehicle_control
-- Installing: /home/hwl/per_workspace/control_plan/chapter4/ros2_lqr/lqr_galactic_wtih_todo_ws/install/vehicle_control/share/vehicle_control/cmake/vehicle_controlConfig.cmake
-- Installing: /home/hwl/per_workspace/control_plan/chapter4/ros2_lqr/lqr_galactic_wtih_todo_ws/install/vehicle_control/share/vehicle_control/cmake/vehicle_controlConfig-version.cmake
-- Installing: /home/hwl/per_workspace/control_plan/chapter4/ros2_lqr/lqr_galactic_wtih_todo_ws/install/vehicle_control/share/vehicle_control/package.xml
