-- The C compiler identification is GNU 9.4.0
-- The CXX compiler identification is GNU 9.4.0
-- Check for working C compiler: /usr/bin/cc
-- Check for working C compiler: /usr/bin/cc -- works
-- Detecting C compiler ABI info
-- Detecting C compiler ABI info - done
-- Detecting C compile features
-- Detecting C compile features - done
-- Check for working CXX compiler: /usr/bin/c++
-- Check for working CXX compiler: /usr/bin/c++ -- works
-- Detecting CXX compiler ABI info
-- Detecting CXX compiler ABI info - done
-- Detecting CXX compile features
-- Detecting CXX compile features - done
-- Found ament_cmake_auto: 1.5.1 (/opt/ros/rolling/share/ament_cmake_auto/cmake)
-- Found Python3: /usr/bin/python3.8 (found version "3.8.10") found components: Interpreter 
-- Found ament_cmake_ros: 0.11.1 (/opt/ros/rolling/share/ament_cmake_ros/cmake)
-- Found Boost: /usr/lib/x86_64-linux-gnu/cmake/Boost-1.71.0/BoostConfig.cmake (found version "1.71.0") found components: system 
-- Found rcutils: 6.0.0 (/opt/ros/rolling/share/rcutils/cmake)
-- Found rcl: 5.5.0 (/opt/ros/rolling/share/rcl/cmake)
-- Found rosidl_generator_c: 3.3.0 (/opt/ros/rolling/share/rosidl_generator_c/cmake)
-- Found rosidl_generator_cpp: 3.3.0 (/opt/ros/rolling/share/rosidl_generator_cpp/cmake)
-- Using all available rosidl_typesupport_c: rosidl_typesupport_fastrtps_c;rosidl_typesupport_introspection_c
-- Using all available rosidl_typesupport_cpp: rosidl_typesupport_fastrtps_cpp;rosidl_typesupport_introspection_cpp
-- Found rmw_implementation_cmake: 6.3.1 (/opt/ros/rolling/share/rmw_implementation_cmake/cmake)
-- Found rmw_cyclonedds_cpp: 1.4.1 (/opt/ros/rolling/share/rmw_cyclonedds_cpp/cmake)
-- Using RMW implementation 'rmw_cyclonedds_cpp' as default
-- Looking for pthread.h
-- Looking for pthread.h - found
-- Performing Test CMAKE_HAVE_LIBC_PTHREAD
-- Performing Test CMAKE_HAVE_LIBC_PTHREAD - Failed
-- Looking for pthread_create in pthreads
-- Looking for pthread_create in pthreads - not found
-- Looking for pthread_create in pthread
-- Looking for pthread_create in pthread - found
-- Found Threads: TRUE  
-- Found rosidl_adapter: 3.3.0 (/opt/ros/rolling/share/rosidl_adapter/cmake)
-- Configuring done
-- Generating done
-- Build files have been written to: /home/hwl/per_workspace/control_plan/chapter4/ros2_lqr/lqr_galactic_wtih_todo_ws/build/lgsvl_bridge_galactic
[35m[1mScanning dependencies of target lgsvl_bridge[0m
[ 14%] [32mBuilding CXX object CMakeFiles/lgsvl_bridge.dir/src/server.cc.o[0m
[ 28%] [32mBuilding CXX object CMakeFiles/lgsvl_bridge.dir/src/bridge.cc.o[0m
[ 42%] [32mBuilding CXX object CMakeFiles/lgsvl_bridge.dir/src/client.cc.o[0m
[ 57%] [32mBuilding CXX object CMakeFiles/lgsvl_bridge.dir/src/node.cc.o[0m
[ 71%] [32mBuilding CXX object CMakeFiles/lgsvl_bridge.dir/src/clients.cc.o[0m
[ 85%] [32mBuilding CXX object CMakeFiles/lgsvl_bridge.dir/src/types.cc.o[0m
[100%] [32m[1mLinking CXX executable lgsvl_bridge[0m
[100%] Built target lgsvl_bridge
-- Install configuration: ""
-- Installing: /home/hwl/per_workspace/control_plan/chapter4/ros2_lqr/lqr_galactic_wtih_todo_ws/install/lgsvl_bridge_galactic/lib/lgsvl_bridge_galactic/lgsvl_bridge
-- Set runtime path of "/home/hwl/per_workspace/control_plan/chapter4/ros2_lqr/lqr_galactic_wtih_todo_ws/install/lgsvl_bridge_galactic/lib/lgsvl_bridge_galactic/lgsvl_bridge" to ""
-- Installing: /home/hwl/per_workspace/control_plan/chapter4/ros2_lqr/lqr_galactic_wtih_todo_ws/install/lgsvl_bridge_galactic/share/ament_index/resource_index/package_run_dependencies/lgsvl_bridge_galactic
-- Installing: /home/hwl/per_workspace/control_plan/chapter4/ros2_lqr/lqr_galactic_wtih_todo_ws/install/lgsvl_bridge_galactic/share/ament_index/resource_index/parent_prefix_path/lgsvl_bridge_galactic
-- Installing: /home/hwl/per_workspace/control_plan/chapter4/ros2_lqr/lqr_galactic_wtih_todo_ws/install/lgsvl_bridge_galactic/share/lgsvl_bridge_galactic/environment/ament_prefix_path.sh
-- Installing: /home/hwl/per_workspace/control_plan/chapter4/ros2_lqr/lqr_galactic_wtih_todo_ws/install/lgsvl_bridge_galactic/share/lgsvl_bridge_galactic/environment/ament_prefix_path.dsv
-- Installing: /home/hwl/per_workspace/control_plan/chapter4/ros2_lqr/lqr_galactic_wtih_todo_ws/install/lgsvl_bridge_galactic/share/lgsvl_bridge_galactic/environment/path.sh
-- Installing: /home/hwl/per_workspace/control_plan/chapter4/ros2_lqr/lqr_galactic_wtih_todo_ws/install/lgsvl_bridge_galactic/share/lgsvl_bridge_galactic/environment/path.dsv
-- Installing: /home/hwl/per_workspace/control_plan/chapter4/ros2_lqr/lqr_galactic_wtih_todo_ws/install/lgsvl_bridge_galactic/share/lgsvl_bridge_galactic/local_setup.bash
-- Installing: /home/hwl/per_workspace/control_plan/chapter4/ros2_lqr/lqr_galactic_wtih_todo_ws/install/lgsvl_bridge_galactic/share/lgsvl_bridge_galactic/local_setup.sh
-- Installing: /home/hwl/per_workspace/control_plan/chapter4/ros2_lqr/lqr_galactic_wtih_todo_ws/install/lgsvl_bridge_galactic/share/lgsvl_bridge_galactic/local_setup.zsh
-- Installing: /home/hwl/per_workspace/control_plan/chapter4/ros2_lqr/lqr_galactic_wtih_todo_ws/install/lgsvl_bridge_galactic/share/lgsvl_bridge_galactic/local_setup.dsv
-- Installing: /home/hwl/per_workspace/control_plan/chapter4/ros2_lqr/lqr_galactic_wtih_todo_ws/install/lgsvl_bridge_galactic/share/lgsvl_bridge_galactic/package.dsv
-- Installing: /home/hwl/per_workspace/control_plan/chapter4/ros2_lqr/lqr_galactic_wtih_todo_ws/install/lgsvl_bridge_galactic/share/ament_index/resource_index/packages/lgsvl_bridge_galactic
-- Installing: /home/hwl/per_workspace/control_plan/chapter4/ros2_lqr/lqr_galactic_wtih_todo_ws/install/lgsvl_bridge_galactic/share/lgsvl_bridge_galactic/cmake/ament_cmake_export_dependencies-extras.cmake
-- Installing: /home/hwl/per_workspace/control_plan/chapter4/ros2_lqr/lqr_galactic_wtih_todo_ws/install/lgsvl_bridge_galactic/share/lgsvl_bridge_galactic/cmake/lgsvl_bridge_galacticConfig.cmake
-- Installing: /home/hwl/per_workspace/control_plan/chapter4/ros2_lqr/lqr_galactic_wtih_todo_ws/install/lgsvl_bridge_galactic/share/lgsvl_bridge_galactic/cmake/lgsvl_bridge_galacticConfig-version.cmake
-- Installing: /home/hwl/per_workspace/control_plan/chapter4/ros2_lqr/lqr_galactic_wtih_todo_ws/install/lgsvl_bridge_galactic/share/lgsvl_bridge_galactic/package.xml
