[0.065s] Invoking command in '/home/hwl/per_workspace/control_plan/chapter4/ros2_lqr/lqr_galactic_wtih_todo_ws/build/lgsvl_bridge_galactic': AMENT_PREFIX_PATH=/home/hwl/per_workspace/control_plan/chapter4/ros2_lqr/lqr_galactic_wtih_todo_ws/install/lgsvl_msgs:${AMENT_PREFIX_PATH} CMAKE_PREFIX_PATH=/home/hwl/per_workspace/control_plan/chapter4/ros2_lqr/lqr_galactic_wtih_todo_ws/install/lgsvl_msgs:${CMAKE_PREFIX_PATH} LD_LIBRARY_PATH=/home/hwl/per_workspace/control_plan/chapter4/ros2_lqr/lqr_galactic_wtih_todo_ws/install/lgsvl_msgs/lib:${LD_LIBRARY_PATH} PYTHONPATH=/home/hwl/per_workspace/control_plan/chapter4/ros2_lqr/lqr_galactic_wtih_todo_ws/install/lgsvl_msgs/lib/python3.8/site-packages:${PYTHONPATH} /usr/bin/cmake /home/hwl/per_workspace/control_plan/chapter4/ros2_lqr/lqr_galactic_wtih_todo_ws/src/lgsvl_bridge_galactic -DCMAKE_INSTALL_PREFIX=/home/hwl/per_workspace/control_plan/chapter4/ros2_lqr/lqr_galactic_wtih_todo_ws/install/lgsvl_bridge_galactic
[0.188s] -- The C compiler identification is GNU 9.4.0
[0.281s] -- The CXX compiler identification is GNU 9.4.0
[0.298s] -- Check for working C compiler: /usr/bin/cc
[0.431s] -- Check for working C compiler: /usr/bin/cc -- works
[0.434s] -- Detecting C compiler ABI info
[0.589s] -- Detecting C compiler ABI info - done
[0.617s] -- Detecting C compile features
[0.618s] -- Detecting C compile features - done
[0.621s] -- Check for working CXX compiler: /usr/bin/c++
[0.785s] -- Check for working CXX compiler: /usr/bin/c++ -- works
[0.789s] -- Detecting CXX compiler ABI info
[0.945s] -- Detecting CXX compiler ABI info - done
[0.984s] -- Detecting CXX compile features
[0.985s] -- Detecting CXX compile features - done
[0.989s] -- Found ament_cmake_auto: 1.5.1 (/opt/ros/rolling/share/ament_cmake_auto/cmake)
[1.236s] -- Found Python3: /usr/bin/python3.8 (found version "3.8.10") found components: Interpreter 
[1.376s] -- Found ament_cmake_ros: 0.11.1 (/opt/ros/rolling/share/ament_cmake_ros/cmake)
[1.398s] -- Found Boost: /usr/lib/x86_64-linux-gnu/cmake/Boost-1.71.0/BoostConfig.cmake (found version "1.71.0") found components: system 
[1.402s] -- Found rcutils: 6.0.0 (/opt/ros/rolling/share/rcutils/cmake)
[1.419s] -- Found rcl: 5.5.0 (/opt/ros/rolling/share/rcl/cmake)
[1.466s] -- Found rosidl_generator_c: 3.3.0 (/opt/ros/rolling/share/rosidl_generator_c/cmake)
[1.483s] -- Found rosidl_generator_cpp: 3.3.0 (/opt/ros/rolling/share/rosidl_generator_cpp/cmake)
[1.505s] -- Using all available rosidl_typesupport_c: rosidl_typesupport_fastrtps_c;rosidl_typesupport_introspection_c
[1.537s] -- Using all available rosidl_typesupport_cpp: rosidl_typesupport_fastrtps_cpp;rosidl_typesupport_introspection_cpp
[1.648s] -- Found rmw_implementation_cmake: 6.3.1 (/opt/ros/rolling/share/rmw_implementation_cmake/cmake)
[1.652s] -- Found rmw_cyclonedds_cpp: 1.4.1 (/opt/ros/rolling/share/rmw_cyclonedds_cpp/cmake)
[1.715s] -- Using RMW implementation 'rmw_cyclonedds_cpp' as default
[1.734s] -- Looking for pthread.h
[1.875s] -- Looking for pthread.h - found
[1.876s] -- Performing Test CMAKE_HAVE_LIBC_PTHREAD
[2.042s] -- Performing Test CMAKE_HAVE_LIBC_PTHREAD - Failed
[2.043s] -- Looking for pthread_create in pthreads
[2.157s] -- Looking for pthread_create in pthreads - not found
[2.157s] -- Looking for pthread_create in pthread
[2.319s] -- Looking for pthread_create in pthread - found
[2.321s] -- Found Threads: TRUE  
[2.535s] -- Found rosidl_adapter: 3.3.0 (/opt/ros/rolling/share/rosidl_adapter/cmake)
[2.550s] -- Configuring done
[2.558s] -- Generating done
[2.560s] -- Build files have been written to: /home/hwl/per_workspace/control_plan/chapter4/ros2_lqr/lqr_galactic_wtih_todo_ws/build/lgsvl_bridge_galactic
[2.569s] Invoked command in '/home/hwl/per_workspace/control_plan/chapter4/ros2_lqr/lqr_galactic_wtih_todo_ws/build/lgsvl_bridge_galactic' returned '0': AMENT_PREFIX_PATH=/home/hwl/per_workspace/control_plan/chapter4/ros2_lqr/lqr_galactic_wtih_todo_ws/install/lgsvl_msgs:${AMENT_PREFIX_PATH} CMAKE_PREFIX_PATH=/home/hwl/per_workspace/control_plan/chapter4/ros2_lqr/lqr_galactic_wtih_todo_ws/install/lgsvl_msgs:${CMAKE_PREFIX_PATH} LD_LIBRARY_PATH=/home/hwl/per_workspace/control_plan/chapter4/ros2_lqr/lqr_galactic_wtih_todo_ws/install/lgsvl_msgs/lib:${LD_LIBRARY_PATH} PYTHONPATH=/home/hwl/per_workspace/control_plan/chapter4/ros2_lqr/lqr_galactic_wtih_todo_ws/install/lgsvl_msgs/lib/python3.8/site-packages:${PYTHONPATH} /usr/bin/cmake /home/hwl/per_workspace/control_plan/chapter4/ros2_lqr/lqr_galactic_wtih_todo_ws/src/lgsvl_bridge_galactic -DCMAKE_INSTALL_PREFIX=/home/hwl/per_workspace/control_plan/chapter4/ros2_lqr/lqr_galactic_wtih_todo_ws/install/lgsvl_bridge_galactic
[2.572s] Invoking command in '/home/hwl/per_workspace/control_plan/chapter4/ros2_lqr/lqr_galactic_wtih_todo_ws/build/lgsvl_bridge_galactic': AMENT_PREFIX_PATH=/home/hwl/per_workspace/control_plan/chapter4/ros2_lqr/lqr_galactic_wtih_todo_ws/install/lgsvl_msgs:${AMENT_PREFIX_PATH} CMAKE_PREFIX_PATH=/home/hwl/per_workspace/control_plan/chapter4/ros2_lqr/lqr_galactic_wtih_todo_ws/install/lgsvl_msgs:${CMAKE_PREFIX_PATH} LD_LIBRARY_PATH=/home/hwl/per_workspace/control_plan/chapter4/ros2_lqr/lqr_galactic_wtih_todo_ws/install/lgsvl_msgs/lib:${LD_LIBRARY_PATH} PYTHONPATH=/home/hwl/per_workspace/control_plan/chapter4/ros2_lqr/lqr_galactic_wtih_todo_ws/install/lgsvl_msgs/lib/python3.8/site-packages:${PYTHONPATH} /usr/bin/cmake --build /home/hwl/per_workspace/control_plan/chapter4/ros2_lqr/lqr_galactic_wtih_todo_ws/build/lgsvl_bridge_galactic -- -j16 -l16
[2.654s] [35m[1mScanning dependencies of target lgsvl_bridge[0m
[2.723s] [ 14%] [32mBuilding CXX object CMakeFiles/lgsvl_bridge.dir/src/server.cc.o[0m
[2.723s] [ 28%] [32mBuilding CXX object CMakeFiles/lgsvl_bridge.dir/src/bridge.cc.o[0m
[2.725s] [ 42%] [32mBuilding CXX object CMakeFiles/lgsvl_bridge.dir/src/client.cc.o[0m
[2.726s] [ 57%] [32mBuilding CXX object CMakeFiles/lgsvl_bridge.dir/src/node.cc.o[0m
[2.735s] [ 71%] [32mBuilding CXX object CMakeFiles/lgsvl_bridge.dir/src/clients.cc.o[0m
[2.735s] [ 85%] [32mBuilding CXX object CMakeFiles/lgsvl_bridge.dir/src/types.cc.o[0m
[6.713s] [100%] [32m[1mLinking CXX executable lgsvl_bridge[0m
[6.998s] [100%] Built target lgsvl_bridge
[7.027s] Invoked command in '/home/hwl/per_workspace/control_plan/chapter4/ros2_lqr/lqr_galactic_wtih_todo_ws/build/lgsvl_bridge_galactic' returned '0': AMENT_PREFIX_PATH=/home/hwl/per_workspace/control_plan/chapter4/ros2_lqr/lqr_galactic_wtih_todo_ws/install/lgsvl_msgs:${AMENT_PREFIX_PATH} CMAKE_PREFIX_PATH=/home/hwl/per_workspace/control_plan/chapter4/ros2_lqr/lqr_galactic_wtih_todo_ws/install/lgsvl_msgs:${CMAKE_PREFIX_PATH} LD_LIBRARY_PATH=/home/hwl/per_workspace/control_plan/chapter4/ros2_lqr/lqr_galactic_wtih_todo_ws/install/lgsvl_msgs/lib:${LD_LIBRARY_PATH} PYTHONPATH=/home/hwl/per_workspace/control_plan/chapter4/ros2_lqr/lqr_galactic_wtih_todo_ws/install/lgsvl_msgs/lib/python3.8/site-packages:${PYTHONPATH} /usr/bin/cmake --build /home/hwl/per_workspace/control_plan/chapter4/ros2_lqr/lqr_galactic_wtih_todo_ws/build/lgsvl_bridge_galactic -- -j16 -l16
[7.118s] Invoking command in '/home/hwl/per_workspace/control_plan/chapter4/ros2_lqr/lqr_galactic_wtih_todo_ws/build/lgsvl_bridge_galactic': AMENT_PREFIX_PATH=/home/hwl/per_workspace/control_plan/chapter4/ros2_lqr/lqr_galactic_wtih_todo_ws/install/lgsvl_msgs:${AMENT_PREFIX_PATH} CMAKE_PREFIX_PATH=/home/hwl/per_workspace/control_plan/chapter4/ros2_lqr/lqr_galactic_wtih_todo_ws/install/lgsvl_msgs:${CMAKE_PREFIX_PATH} LD_LIBRARY_PATH=/home/hwl/per_workspace/control_plan/chapter4/ros2_lqr/lqr_galactic_wtih_todo_ws/install/lgsvl_msgs/lib:${LD_LIBRARY_PATH} PYTHONPATH=/home/hwl/per_workspace/control_plan/chapter4/ros2_lqr/lqr_galactic_wtih_todo_ws/install/lgsvl_msgs/lib/python3.8/site-packages:${PYTHONPATH} /usr/bin/cmake --install /home/hwl/per_workspace/control_plan/chapter4/ros2_lqr/lqr_galactic_wtih_todo_ws/build/lgsvl_bridge_galactic
[7.140s] -- Install configuration: ""
[7.140s] -- Installing: /home/hwl/per_workspace/control_plan/chapter4/ros2_lqr/lqr_galactic_wtih_todo_ws/install/lgsvl_bridge_galactic/lib/lgsvl_bridge_galactic/lgsvl_bridge
[7.141s] -- Set runtime path of "/home/hwl/per_workspace/control_plan/chapter4/ros2_lqr/lqr_galactic_wtih_todo_ws/install/lgsvl_bridge_galactic/lib/lgsvl_bridge_galactic/lgsvl_bridge" to ""
[7.141s] -- Installing: /home/hwl/per_workspace/control_plan/chapter4/ros2_lqr/lqr_galactic_wtih_todo_ws/install/lgsvl_bridge_galactic/share/ament_index/resource_index/package_run_dependencies/lgsvl_bridge_galactic
[7.142s] -- Installing: /home/hwl/per_workspace/control_plan/chapter4/ros2_lqr/lqr_galactic_wtih_todo_ws/install/lgsvl_bridge_galactic/share/ament_index/resource_index/parent_prefix_path/lgsvl_bridge_galactic
[7.142s] -- Installing: /home/hwl/per_workspace/control_plan/chapter4/ros2_lqr/lqr_galactic_wtih_todo_ws/install/lgsvl_bridge_galactic/share/lgsvl_bridge_galactic/environment/ament_prefix_path.sh
[7.142s] -- Installing: /home/hwl/per_workspace/control_plan/chapter4/ros2_lqr/lqr_galactic_wtih_todo_ws/install/lgsvl_bridge_galactic/share/lgsvl_bridge_galactic/environment/ament_prefix_path.dsv
[7.143s] -- Installing: /home/hwl/per_workspace/control_plan/chapter4/ros2_lqr/lqr_galactic_wtih_todo_ws/install/lgsvl_bridge_galactic/share/lgsvl_bridge_galactic/environment/path.sh
[7.143s] -- Installing: /home/hwl/per_workspace/control_plan/chapter4/ros2_lqr/lqr_galactic_wtih_todo_ws/install/lgsvl_bridge_galactic/share/lgsvl_bridge_galactic/environment/path.dsv
[7.143s] -- Installing: /home/hwl/per_workspace/control_plan/chapter4/ros2_lqr/lqr_galactic_wtih_todo_ws/install/lgsvl_bridge_galactic/share/lgsvl_bridge_galactic/local_setup.bash
[7.143s] -- Installing: /home/hwl/per_workspace/control_plan/chapter4/ros2_lqr/lqr_galactic_wtih_todo_ws/install/lgsvl_bridge_galactic/share/lgsvl_bridge_galactic/local_setup.sh
[7.144s] -- Installing: /home/hwl/per_workspace/control_plan/chapter4/ros2_lqr/lqr_galactic_wtih_todo_ws/install/lgsvl_bridge_galactic/share/lgsvl_bridge_galactic/local_setup.zsh
[7.144s] -- Installing: /home/hwl/per_workspace/control_plan/chapter4/ros2_lqr/lqr_galactic_wtih_todo_ws/install/lgsvl_bridge_galactic/share/lgsvl_bridge_galactic/local_setup.dsv
[7.144s] -- Installing: /home/hwl/per_workspace/control_plan/chapter4/ros2_lqr/lqr_galactic_wtih_todo_ws/install/lgsvl_bridge_galactic/share/lgsvl_bridge_galactic/package.dsv
[7.145s] -- Installing: /home/hwl/per_workspace/control_plan/chapter4/ros2_lqr/lqr_galactic_wtih_todo_ws/install/lgsvl_bridge_galactic/share/ament_index/resource_index/packages/lgsvl_bridge_galactic
[7.145s] -- Installing: /home/hwl/per_workspace/control_plan/chapter4/ros2_lqr/lqr_galactic_wtih_todo_ws/install/lgsvl_bridge_galactic/share/lgsvl_bridge_galactic/cmake/ament_cmake_export_dependencies-extras.cmake
[7.145s] -- Installing: /home/hwl/per_workspace/control_plan/chapter4/ros2_lqr/lqr_galactic_wtih_todo_ws/install/lgsvl_bridge_galactic/share/lgsvl_bridge_galactic/cmake/lgsvl_bridge_galacticConfig.cmake
[7.145s] -- Installing: /home/hwl/per_workspace/control_plan/chapter4/ros2_lqr/lqr_galactic_wtih_todo_ws/install/lgsvl_bridge_galactic/share/lgsvl_bridge_galactic/cmake/lgsvl_bridge_galacticConfig-version.cmake
[7.145s] -- Installing: /home/hwl/per_workspace/control_plan/chapter4/ros2_lqr/lqr_galactic_wtih_todo_ws/install/lgsvl_bridge_galactic/share/lgsvl_bridge_galactic/package.xml
[7.153s] Invoked command in '/home/hwl/per_workspace/control_plan/chapter4/ros2_lqr/lqr_galactic_wtih_todo_ws/build/lgsvl_bridge_galactic' returned '0': AMENT_PREFIX_PATH=/home/hwl/per_workspace/control_plan/chapter4/ros2_lqr/lqr_galactic_wtih_todo_ws/install/lgsvl_msgs:${AMENT_PREFIX_PATH} CMAKE_PREFIX_PATH=/home/hwl/per_workspace/control_plan/chapter4/ros2_lqr/lqr_galactic_wtih_todo_ws/install/lgsvl_msgs:${CMAKE_PREFIX_PATH} LD_LIBRARY_PATH=/home/hwl/per_workspace/control_plan/chapter4/ros2_lqr/lqr_galactic_wtih_todo_ws/install/lgsvl_msgs/lib:${LD_LIBRARY_PATH} PYTHONPATH=/home/hwl/per_workspace/control_plan/chapter4/ros2_lqr/lqr_galactic_wtih_todo_ws/install/lgsvl_msgs/lib/python3.8/site-packages:${PYTHONPATH} /usr/bin/cmake --install /home/hwl/per_workspace/control_plan/chapter4/ros2_lqr/lqr_galactic_wtih_todo_ws/build/lgsvl_bridge_galactic
