[0.141s] DEBUG:colcon:Command line arguments: ['/usr/bin/colcon', 'build']
[0.141s] DEBUG:colcon:Parsed command line arguments: Namespace(ament_cmake_args=None, base_paths=['.'], build_base='build', catkin_cmake_args=None, catkin_skip_building_tests=False, cmake_args=None, cmake_clean_cache=False, cmake_clean_first=False, cmake_force_configure=False, cmake_target=None, cmake_target_skip_unavailable=False, continue_on_error=False, event_handlers=None, executor='parallel', ignore_user_meta=False, install_base='install', log_base=None, log_level=None, main=<bound method BuildVerb.main of <colcon_core.verb.build.BuildVerb object at 0x7f5119d088b0>>, merge_install=False, metas=['./colcon.meta'], mixin=None, mixin_files=None, mixin_verb=('build',), packages_above=None, packages_above_and_dependencies=None, packages_above_depth=None, packages_end=None, packages_ignore=None, packages_ignore_regex=None, packages_select=None, packages_select_build_failed=False, packages_select_by_dep=None, packages_select_regex=None, packages_select_test_failures=False, packages_skip=None, packages_skip_build_finished=False, packages_skip_by_dep=None, packages_skip_regex=None, packages_skip_test_passed=False, packages_skip_up_to=None, packages_start=None, packages_up_to=None, packages_up_to_regex=None, parallel_workers=16, paths=None, symlink_install=False, test_result_base=None, verb_extension=<colcon_core.verb.build.BuildVerb object at 0x7f5119d088b0>, verb_name='build', verb_parser=<colcon_mixin.mixin.mixin_argument.MixinArgumentDecorator object at 0x7f5119d08e80>)
[0.165s] Level 1:colcon.colcon_core.package_discovery:discover_packages(colcon_meta) check parameters
[0.165s] Level 1:colcon.colcon_core.package_discovery:discover_packages(recursive) check parameters
[0.165s] Level 1:colcon.colcon_core.package_discovery:discover_packages(ignore) check parameters
[0.165s] Level 1:colcon.colcon_core.package_discovery:discover_packages(path) check parameters
[0.165s] Level 1:colcon.colcon_core.package_discovery:discover_packages(colcon_meta) discover
[0.165s] Level 1:colcon.colcon_core.package_discovery:discover_packages(recursive) discover
[0.165s] INFO:colcon.colcon_core.package_discovery:Crawling recursively for packages in '/home/hwl/per_workspace/control_plan/chapter4/ros2_lqr'
[0.165s] Level 1:colcon.colcon_core.package_identification:_identify(.) by extensions ['ignore', 'ignore_ament_install']
[0.166s] Level 1:colcon.colcon_core.package_identification:_identify(.) by extension 'ignore'
[0.166s] Level 1:colcon.colcon_core.package_identification:_identify(.) by extension 'ignore_ament_install'
[0.166s] Level 1:colcon.colcon_core.package_identification:_identify(.) by extensions ['colcon_pkg']
[0.166s] Level 1:colcon.colcon_core.package_identification:_identify(.) by extension 'colcon_pkg'
[0.166s] Level 1:colcon.colcon_core.package_identification:_identify(.) by extensions ['colcon_meta']
[0.166s] Level 1:colcon.colcon_core.package_identification:_identify(.) by extension 'colcon_meta'
[0.166s] Level 1:colcon.colcon_core.package_identification:_identify(.) by extensions ['ros']
[0.166s] Level 1:colcon.colcon_core.package_identification:_identify(.) by extension 'ros'
[0.178s] Level 1:colcon.colcon_core.package_identification:_identify(.) by extensions ['cmake', 'python']
[0.178s] Level 1:colcon.colcon_core.package_identification:_identify(.) by extension 'cmake'
[0.178s] Level 1:colcon.colcon_core.package_identification:_identify(.) by extension 'python'
[0.178s] Level 1:colcon.colcon_core.package_identification:_identify(.) by extensions ['python_setup_py']
[0.178s] Level 1:colcon.colcon_core.package_identification:_identify(.) by extension 'python_setup_py'
[0.178s] Level 1:colcon.colcon_core.package_identification:_identify(build) by extensions ['ignore', 'ignore_ament_install']
[0.178s] Level 1:colcon.colcon_core.package_identification:_identify(build) by extension 'ignore'
[0.178s] Level 1:colcon.colcon_core.package_identification:_identify(build) ignored
[0.178s] Level 1:colcon.colcon_core.package_identification:_identify(install) by extensions ['ignore', 'ignore_ament_install']
[0.178s] Level 1:colcon.colcon_core.package_identification:_identify(install) by extension 'ignore'
[0.178s] Level 1:colcon.colcon_core.package_identification:_identify(install) ignored
[0.179s] Level 1:colcon.colcon_core.package_identification:_identify(log) by extensions ['ignore', 'ignore_ament_install']
[0.179s] Level 1:colcon.colcon_core.package_identification:_identify(log) by extension 'ignore'
[0.179s] Level 1:colcon.colcon_core.package_identification:_identify(log) ignored
[0.179s] Level 1:colcon.colcon_core.package_identification:_identify(lqr_galactic_wtih_todo_ws) by extensions ['ignore', 'ignore_ament_install']
[0.179s] Level 1:colcon.colcon_core.package_identification:_identify(lqr_galactic_wtih_todo_ws) by extension 'ignore'
[0.179s] Level 1:colcon.colcon_core.package_identification:_identify(lqr_galactic_wtih_todo_ws) by extension 'ignore_ament_install'
[0.179s] Level 1:colcon.colcon_core.package_identification:_identify(lqr_galactic_wtih_todo_ws) by extensions ['colcon_pkg']
[0.179s] Level 1:colcon.colcon_core.package_identification:_identify(lqr_galactic_wtih_todo_ws) by extension 'colcon_pkg'
[0.179s] Level 1:colcon.colcon_core.package_identification:_identify(lqr_galactic_wtih_todo_ws) by extensions ['colcon_meta']
[0.179s] Level 1:colcon.colcon_core.package_identification:_identify(lqr_galactic_wtih_todo_ws) by extension 'colcon_meta'
[0.179s] Level 1:colcon.colcon_core.package_identification:_identify(lqr_galactic_wtih_todo_ws) by extensions ['ros']
[0.179s] Level 1:colcon.colcon_core.package_identification:_identify(lqr_galactic_wtih_todo_ws) by extension 'ros'
[0.179s] Level 1:colcon.colcon_core.package_identification:_identify(lqr_galactic_wtih_todo_ws) by extensions ['cmake', 'python']
[0.179s] Level 1:colcon.colcon_core.package_identification:_identify(lqr_galactic_wtih_todo_ws) by extension 'cmake'
[0.179s] Level 1:colcon.colcon_core.package_identification:_identify(lqr_galactic_wtih_todo_ws) by extension 'python'
[0.179s] Level 1:colcon.colcon_core.package_identification:_identify(lqr_galactic_wtih_todo_ws) by extensions ['python_setup_py']
[0.179s] Level 1:colcon.colcon_core.package_identification:_identify(lqr_galactic_wtih_todo_ws) by extension 'python_setup_py'
[0.179s] Level 1:colcon.colcon_core.package_identification:_identify(lqr_galactic_wtih_todo_ws/build) by extensions ['ignore', 'ignore_ament_install']
[0.179s] Level 1:colcon.colcon_core.package_identification:_identify(lqr_galactic_wtih_todo_ws/build) by extension 'ignore'
[0.180s] Level 1:colcon.colcon_core.package_identification:_identify(lqr_galactic_wtih_todo_ws/build) ignored
[0.180s] Level 1:colcon.colcon_core.package_identification:_identify(lqr_galactic_wtih_todo_ws/install) by extensions ['ignore', 'ignore_ament_install']
[0.180s] Level 1:colcon.colcon_core.package_identification:_identify(lqr_galactic_wtih_todo_ws/install) by extension 'ignore'
[0.180s] Level 1:colcon.colcon_core.package_identification:_identify(lqr_galactic_wtih_todo_ws/install) ignored
[0.180s] Level 1:colcon.colcon_core.package_identification:_identify(lqr_galactic_wtih_todo_ws/log) by extensions ['ignore', 'ignore_ament_install']
[0.180s] Level 1:colcon.colcon_core.package_identification:_identify(lqr_galactic_wtih_todo_ws/log) by extension 'ignore'
[0.180s] Level 1:colcon.colcon_core.package_identification:_identify(lqr_galactic_wtih_todo_ws/log) ignored
[0.180s] Level 1:colcon.colcon_core.package_identification:_identify(lqr_galactic_wtih_todo_ws/src) by extensions ['ignore', 'ignore_ament_install']
[0.180s] Level 1:colcon.colcon_core.package_identification:_identify(lqr_galactic_wtih_todo_ws/src) by extension 'ignore'
[0.180s] Level 1:colcon.colcon_core.package_identification:_identify(lqr_galactic_wtih_todo_ws/src) by extension 'ignore_ament_install'
[0.180s] Level 1:colcon.colcon_core.package_identification:_identify(lqr_galactic_wtih_todo_ws/src) by extensions ['colcon_pkg']
[0.180s] Level 1:colcon.colcon_core.package_identification:_identify(lqr_galactic_wtih_todo_ws/src) by extension 'colcon_pkg'
[0.180s] Level 1:colcon.colcon_core.package_identification:_identify(lqr_galactic_wtih_todo_ws/src) by extensions ['colcon_meta']
[0.180s] Level 1:colcon.colcon_core.package_identification:_identify(lqr_galactic_wtih_todo_ws/src) by extension 'colcon_meta'
[0.180s] Level 1:colcon.colcon_core.package_identification:_identify(lqr_galactic_wtih_todo_ws/src) by extensions ['ros']
[0.180s] Level 1:colcon.colcon_core.package_identification:_identify(lqr_galactic_wtih_todo_ws/src) by extension 'ros'
[0.181s] Level 1:colcon.colcon_core.package_identification:_identify(lqr_galactic_wtih_todo_ws/src) by extensions ['cmake', 'python']
[0.181s] Level 1:colcon.colcon_core.package_identification:_identify(lqr_galactic_wtih_todo_ws/src) by extension 'cmake'
[0.181s] Level 1:colcon.colcon_core.package_identification:_identify(lqr_galactic_wtih_todo_ws/src) by extension 'python'
[0.181s] Level 1:colcon.colcon_core.package_identification:_identify(lqr_galactic_wtih_todo_ws/src) by extensions ['python_setup_py']
[0.181s] Level 1:colcon.colcon_core.package_identification:_identify(lqr_galactic_wtih_todo_ws/src) by extension 'python_setup_py'
[0.181s] Level 1:colcon.colcon_core.package_identification:_identify(lqr_galactic_wtih_todo_ws/src/lgsvl_bridge_galactic) by extensions ['ignore', 'ignore_ament_install']
[0.181s] Level 1:colcon.colcon_core.package_identification:_identify(lqr_galactic_wtih_todo_ws/src/lgsvl_bridge_galactic) by extension 'ignore'
[0.181s] Level 1:colcon.colcon_core.package_identification:_identify(lqr_galactic_wtih_todo_ws/src/lgsvl_bridge_galactic) by extension 'ignore_ament_install'
[0.181s] Level 1:colcon.colcon_core.package_identification:_identify(lqr_galactic_wtih_todo_ws/src/lgsvl_bridge_galactic) by extensions ['colcon_pkg']
[0.181s] Level 1:colcon.colcon_core.package_identification:_identify(lqr_galactic_wtih_todo_ws/src/lgsvl_bridge_galactic) by extension 'colcon_pkg'
[0.181s] Level 1:colcon.colcon_core.package_identification:_identify(lqr_galactic_wtih_todo_ws/src/lgsvl_bridge_galactic) by extensions ['colcon_meta']
[0.181s] Level 1:colcon.colcon_core.package_identification:_identify(lqr_galactic_wtih_todo_ws/src/lgsvl_bridge_galactic) by extension 'colcon_meta'
[0.181s] Level 1:colcon.colcon_core.package_identification:_identify(lqr_galactic_wtih_todo_ws/src/lgsvl_bridge_galactic) by extensions ['ros']
[0.181s] Level 1:colcon.colcon_core.package_identification:_identify(lqr_galactic_wtih_todo_ws/src/lgsvl_bridge_galactic) by extension 'ros'
[0.184s] DEBUG:colcon.colcon_core.package_identification:Package 'lqr_galactic_wtih_todo_ws/src/lgsvl_bridge_galactic' with type 'ros.ament_cmake' and name 'lgsvl_bridge_galactic'
[0.184s] Level 1:colcon.colcon_core.package_identification:_identify(lqr_galactic_wtih_todo_ws/src/lgsvl_msgs) by extensions ['ignore', 'ignore_ament_install']
[0.185s] Level 1:colcon.colcon_core.package_identification:_identify(lqr_galactic_wtih_todo_ws/src/lgsvl_msgs) by extension 'ignore'
[0.185s] Level 1:colcon.colcon_core.package_identification:_identify(lqr_galactic_wtih_todo_ws/src/lgsvl_msgs) by extension 'ignore_ament_install'
[0.185s] Level 1:colcon.colcon_core.package_identification:_identify(lqr_galactic_wtih_todo_ws/src/lgsvl_msgs) by extensions ['colcon_pkg']
[0.185s] Level 1:colcon.colcon_core.package_identification:_identify(lqr_galactic_wtih_todo_ws/src/lgsvl_msgs) by extension 'colcon_pkg'
[0.185s] Level 1:colcon.colcon_core.package_identification:_identify(lqr_galactic_wtih_todo_ws/src/lgsvl_msgs) by extensions ['colcon_meta']
[0.185s] Level 1:colcon.colcon_core.package_identification:_identify(lqr_galactic_wtih_todo_ws/src/lgsvl_msgs) by extension 'colcon_meta'
[0.185s] Level 1:colcon.colcon_core.package_identification:_identify(lqr_galactic_wtih_todo_ws/src/lgsvl_msgs) by extensions ['ros']
[0.185s] Level 1:colcon.colcon_core.package_identification:_identify(lqr_galactic_wtih_todo_ws/src/lgsvl_msgs) by extension 'ros'
[0.190s] DEBUG:colcon.colcon_core.package_identification:Package 'lqr_galactic_wtih_todo_ws/src/lgsvl_msgs' with type 'ros.ament_cmake' and name 'lgsvl_msgs'
[0.191s] Level 1:colcon.colcon_core.package_identification:_identify(lqr_galactic_wtih_todo_ws/src/lqr_controller) by extensions ['ignore', 'ignore_ament_install']
[0.191s] Level 1:colcon.colcon_core.package_identification:_identify(lqr_galactic_wtih_todo_ws/src/lqr_controller) by extension 'ignore'
[0.191s] Level 1:colcon.colcon_core.package_identification:_identify(lqr_galactic_wtih_todo_ws/src/lqr_controller) by extension 'ignore_ament_install'
[0.191s] Level 1:colcon.colcon_core.package_identification:_identify(lqr_galactic_wtih_todo_ws/src/lqr_controller) by extensions ['colcon_pkg']
[0.191s] Level 1:colcon.colcon_core.package_identification:_identify(lqr_galactic_wtih_todo_ws/src/lqr_controller) by extension 'colcon_pkg'
[0.191s] Level 1:colcon.colcon_core.package_identification:_identify(lqr_galactic_wtih_todo_ws/src/lqr_controller) by extensions ['colcon_meta']
[0.191s] Level 1:colcon.colcon_core.package_identification:_identify(lqr_galactic_wtih_todo_ws/src/lqr_controller) by extension 'colcon_meta'
[0.191s] Level 1:colcon.colcon_core.package_identification:_identify(lqr_galactic_wtih_todo_ws/src/lqr_controller) by extensions ['ros']
[0.191s] Level 1:colcon.colcon_core.package_identification:_identify(lqr_galactic_wtih_todo_ws/src/lqr_controller) by extension 'ros'
[0.192s] DEBUG:colcon.colcon_core.package_identification:Package 'lqr_galactic_wtih_todo_ws/src/lqr_controller' with type 'ros.ament_cmake' and name 'lqr_controller'
[0.192s] Level 1:colcon.colcon_core.package_identification:_identify(lqr_galactic_wtih_todo_ws/src/stanley_control) by extensions ['ignore', 'ignore_ament_install']
[0.192s] Level 1:colcon.colcon_core.package_identification:_identify(lqr_galactic_wtih_todo_ws/src/stanley_control) by extension 'ignore'
[0.192s] Level 1:colcon.colcon_core.package_identification:_identify(lqr_galactic_wtih_todo_ws/src/stanley_control) by extension 'ignore_ament_install'
[0.192s] Level 1:colcon.colcon_core.package_identification:_identify(lqr_galactic_wtih_todo_ws/src/stanley_control) by extensions ['colcon_pkg']
[0.192s] Level 1:colcon.colcon_core.package_identification:_identify(lqr_galactic_wtih_todo_ws/src/stanley_control) by extension 'colcon_pkg'
[0.192s] Level 1:colcon.colcon_core.package_identification:_identify(lqr_galactic_wtih_todo_ws/src/stanley_control) by extensions ['colcon_meta']
[0.192s] Level 1:colcon.colcon_core.package_identification:_identify(lqr_galactic_wtih_todo_ws/src/stanley_control) by extension 'colcon_meta'
[0.192s] Level 1:colcon.colcon_core.package_identification:_identify(lqr_galactic_wtih_todo_ws/src/stanley_control) by extensions ['ros']
[0.192s] Level 1:colcon.colcon_core.package_identification:_identify(lqr_galactic_wtih_todo_ws/src/stanley_control) by extension 'ros'
[0.194s] DEBUG:colcon.colcon_core.package_identification:Package 'lqr_galactic_wtih_todo_ws/src/stanley_control' with type 'ros.ament_cmake' and name 'stanley_control'
[0.194s] Level 1:colcon.colcon_core.package_identification:_identify(lqr_galactic_wtih_todo_ws/src/vehicle_control) by extensions ['ignore', 'ignore_ament_install']
[0.194s] Level 1:colcon.colcon_core.package_identification:_identify(lqr_galactic_wtih_todo_ws/src/vehicle_control) by extension 'ignore'
[0.194s] Level 1:colcon.colcon_core.package_identification:_identify(lqr_galactic_wtih_todo_ws/src/vehicle_control) by extension 'ignore_ament_install'
[0.194s] Level 1:colcon.colcon_core.package_identification:_identify(lqr_galactic_wtih_todo_ws/src/vehicle_control) by extensions ['colcon_pkg']
[0.194s] Level 1:colcon.colcon_core.package_identification:_identify(lqr_galactic_wtih_todo_ws/src/vehicle_control) by extension 'colcon_pkg'
[0.194s] Level 1:colcon.colcon_core.package_identification:_identify(lqr_galactic_wtih_todo_ws/src/vehicle_control) by extensions ['colcon_meta']
[0.194s] Level 1:colcon.colcon_core.package_identification:_identify(lqr_galactic_wtih_todo_ws/src/vehicle_control) by extension 'colcon_meta'
[0.194s] Level 1:colcon.colcon_core.package_identification:_identify(lqr_galactic_wtih_todo_ws/src/vehicle_control) by extensions ['ros']
[0.194s] Level 1:colcon.colcon_core.package_identification:_identify(lqr_galactic_wtih_todo_ws/src/vehicle_control) by extension 'ros'
[0.195s] DEBUG:colcon.colcon_core.package_identification:Package 'lqr_galactic_wtih_todo_ws/src/vehicle_control' with type 'ros.ament_cmake' and name 'vehicle_control'
[0.195s] Level 1:colcon.colcon_core.package_discovery:discover_packages(recursive) using defaults
[0.195s] Level 1:colcon.colcon_core.package_discovery:discover_packages(ignore) discover
[0.195s] Level 1:colcon.colcon_core.package_discovery:discover_packages(ignore) using defaults
[0.195s] Level 1:colcon.colcon_core.package_discovery:discover_packages(path) discover
[0.195s] Level 1:colcon.colcon_core.package_discovery:discover_packages(path) using defaults
[0.214s] Level 5:colcon.colcon_core.verb:set package 'lgsvl_msgs' build argument 'cmake_args' from command line to 'None'
[0.214s] Level 5:colcon.colcon_core.verb:set package 'lgsvl_msgs' build argument 'cmake_target' from command line to 'None'
[0.214s] Level 5:colcon.colcon_core.verb:set package 'lgsvl_msgs' build argument 'cmake_target_skip_unavailable' from command line to 'False'
[0.214s] Level 5:colcon.colcon_core.verb:set package 'lgsvl_msgs' build argument 'cmake_clean_cache' from command line to 'False'
[0.214s] Level 5:colcon.colcon_core.verb:set package 'lgsvl_msgs' build argument 'cmake_clean_first' from command line to 'False'
[0.214s] Level 5:colcon.colcon_core.verb:set package 'lgsvl_msgs' build argument 'cmake_force_configure' from command line to 'False'
[0.214s] Level 5:colcon.colcon_core.verb:set package 'lgsvl_msgs' build argument 'ament_cmake_args' from command line to 'None'
[0.214s] Level 5:colcon.colcon_core.verb:set package 'lgsvl_msgs' build argument 'catkin_cmake_args' from command line to 'None'
[0.214s] Level 5:colcon.colcon_core.verb:set package 'lgsvl_msgs' build argument 'catkin_skip_building_tests' from command line to 'False'
[0.214s] DEBUG:colcon.colcon_core.verb:Building package 'lgsvl_msgs' with the following arguments: {'ament_cmake_args': None, 'build_base': '/home/hwl/per_workspace/control_plan/chapter4/ros2_lqr/build/lgsvl_msgs', 'catkin_cmake_args': None, 'catkin_skip_building_tests': False, 'cmake_args': None, 'cmake_clean_cache': False, 'cmake_clean_first': False, 'cmake_force_configure': False, 'cmake_target': None, 'cmake_target_skip_unavailable': False, 'install_base': '/home/hwl/per_workspace/control_plan/chapter4/ros2_lqr/install/lgsvl_msgs', 'merge_install': False, 'path': '/home/hwl/per_workspace/control_plan/chapter4/ros2_lqr/lqr_galactic_wtih_todo_ws/src/lgsvl_msgs', 'symlink_install': False, 'test_result_base': None}
[0.215s] Level 5:colcon.colcon_core.verb:set package 'lgsvl_bridge_galactic' build argument 'cmake_args' from command line to 'None'
[0.215s] Level 5:colcon.colcon_core.verb:set package 'lgsvl_bridge_galactic' build argument 'cmake_target' from command line to 'None'
[0.215s] Level 5:colcon.colcon_core.verb:set package 'lgsvl_bridge_galactic' build argument 'cmake_target_skip_unavailable' from command line to 'False'
[0.215s] Level 5:colcon.colcon_core.verb:set package 'lgsvl_bridge_galactic' build argument 'cmake_clean_cache' from command line to 'False'
[0.215s] Level 5:colcon.colcon_core.verb:set package 'lgsvl_bridge_galactic' build argument 'cmake_clean_first' from command line to 'False'
[0.215s] Level 5:colcon.colcon_core.verb:set package 'lgsvl_bridge_galactic' build argument 'cmake_force_configure' from command line to 'False'
[0.215s] Level 5:colcon.colcon_core.verb:set package 'lgsvl_bridge_galactic' build argument 'ament_cmake_args' from command line to 'None'
[0.215s] Level 5:colcon.colcon_core.verb:set package 'lgsvl_bridge_galactic' build argument 'catkin_cmake_args' from command line to 'None'
[0.215s] Level 5:colcon.colcon_core.verb:set package 'lgsvl_bridge_galactic' build argument 'catkin_skip_building_tests' from command line to 'False'
[0.215s] DEBUG:colcon.colcon_core.verb:Building package 'lgsvl_bridge_galactic' with the following arguments: {'ament_cmake_args': None, 'build_base': '/home/hwl/per_workspace/control_plan/chapter4/ros2_lqr/build/lgsvl_bridge_galactic', 'catkin_cmake_args': None, 'catkin_skip_building_tests': False, 'cmake_args': None, 'cmake_clean_cache': False, 'cmake_clean_first': False, 'cmake_force_configure': False, 'cmake_target': None, 'cmake_target_skip_unavailable': False, 'install_base': '/home/hwl/per_workspace/control_plan/chapter4/ros2_lqr/install/lgsvl_bridge_galactic', 'merge_install': False, 'path': '/home/hwl/per_workspace/control_plan/chapter4/ros2_lqr/lqr_galactic_wtih_todo_ws/src/lgsvl_bridge_galactic', 'symlink_install': False, 'test_result_base': None}
[0.216s] Level 5:colcon.colcon_core.verb:set package 'lqr_controller' build argument 'cmake_args' from command line to 'None'
[0.216s] Level 5:colcon.colcon_core.verb:set package 'lqr_controller' build argument 'cmake_target' from command line to 'None'
[0.216s] Level 5:colcon.colcon_core.verb:set package 'lqr_controller' build argument 'cmake_target_skip_unavailable' from command line to 'False'
[0.216s] Level 5:colcon.colcon_core.verb:set package 'lqr_controller' build argument 'cmake_clean_cache' from command line to 'False'
[0.216s] Level 5:colcon.colcon_core.verb:set package 'lqr_controller' build argument 'cmake_clean_first' from command line to 'False'
[0.216s] Level 5:colcon.colcon_core.verb:set package 'lqr_controller' build argument 'cmake_force_configure' from command line to 'False'
[0.216s] Level 5:colcon.colcon_core.verb:set package 'lqr_controller' build argument 'ament_cmake_args' from command line to 'None'
[0.216s] Level 5:colcon.colcon_core.verb:set package 'lqr_controller' build argument 'catkin_cmake_args' from command line to 'None'
[0.216s] Level 5:colcon.colcon_core.verb:set package 'lqr_controller' build argument 'catkin_skip_building_tests' from command line to 'False'
[0.216s] DEBUG:colcon.colcon_core.verb:Building package 'lqr_controller' with the following arguments: {'ament_cmake_args': None, 'build_base': '/home/hwl/per_workspace/control_plan/chapter4/ros2_lqr/build/lqr_controller', 'catkin_cmake_args': None, 'catkin_skip_building_tests': False, 'cmake_args': None, 'cmake_clean_cache': False, 'cmake_clean_first': False, 'cmake_force_configure': False, 'cmake_target': None, 'cmake_target_skip_unavailable': False, 'install_base': '/home/hwl/per_workspace/control_plan/chapter4/ros2_lqr/install/lqr_controller', 'merge_install': False, 'path': '/home/hwl/per_workspace/control_plan/chapter4/ros2_lqr/lqr_galactic_wtih_todo_ws/src/lqr_controller', 'symlink_install': False, 'test_result_base': None}
[0.217s] Level 5:colcon.colcon_core.verb:set package 'stanley_control' build argument 'cmake_args' from command line to 'None'
[0.217s] Level 5:colcon.colcon_core.verb:set package 'stanley_control' build argument 'cmake_target' from command line to 'None'
[0.217s] Level 5:colcon.colcon_core.verb:set package 'stanley_control' build argument 'cmake_target_skip_unavailable' from command line to 'False'
[0.217s] Level 5:colcon.colcon_core.verb:set package 'stanley_control' build argument 'cmake_clean_cache' from command line to 'False'
[0.217s] Level 5:colcon.colcon_core.verb:set package 'stanley_control' build argument 'cmake_clean_first' from command line to 'False'
[0.217s] Level 5:colcon.colcon_core.verb:set package 'stanley_control' build argument 'cmake_force_configure' from command line to 'False'
[0.217s] Level 5:colcon.colcon_core.verb:set package 'stanley_control' build argument 'ament_cmake_args' from command line to 'None'
[0.217s] Level 5:colcon.colcon_core.verb:set package 'stanley_control' build argument 'catkin_cmake_args' from command line to 'None'
[0.217s] Level 5:colcon.colcon_core.verb:set package 'stanley_control' build argument 'catkin_skip_building_tests' from command line to 'False'
[0.217s] DEBUG:colcon.colcon_core.verb:Building package 'stanley_control' with the following arguments: {'ament_cmake_args': None, 'build_base': '/home/hwl/per_workspace/control_plan/chapter4/ros2_lqr/build/stanley_control', 'catkin_cmake_args': None, 'catkin_skip_building_tests': False, 'cmake_args': None, 'cmake_clean_cache': False, 'cmake_clean_first': False, 'cmake_force_configure': False, 'cmake_target': None, 'cmake_target_skip_unavailable': False, 'install_base': '/home/hwl/per_workspace/control_plan/chapter4/ros2_lqr/install/stanley_control', 'merge_install': False, 'path': '/home/hwl/per_workspace/control_plan/chapter4/ros2_lqr/lqr_galactic_wtih_todo_ws/src/stanley_control', 'symlink_install': False, 'test_result_base': None}
[0.218s] Level 5:colcon.colcon_core.verb:set package 'vehicle_control' build argument 'cmake_args' from command line to 'None'
[0.218s] Level 5:colcon.colcon_core.verb:set package 'vehicle_control' build argument 'cmake_target' from command line to 'None'
[0.218s] Level 5:colcon.colcon_core.verb:set package 'vehicle_control' build argument 'cmake_target_skip_unavailable' from command line to 'False'
[0.218s] Level 5:colcon.colcon_core.verb:set package 'vehicle_control' build argument 'cmake_clean_cache' from command line to 'False'
[0.218s] Level 5:colcon.colcon_core.verb:set package 'vehicle_control' build argument 'cmake_clean_first' from command line to 'False'
[0.218s] Level 5:colcon.colcon_core.verb:set package 'vehicle_control' build argument 'cmake_force_configure' from command line to 'False'
[0.218s] Level 5:colcon.colcon_core.verb:set package 'vehicle_control' build argument 'ament_cmake_args' from command line to 'None'
[0.218s] Level 5:colcon.colcon_core.verb:set package 'vehicle_control' build argument 'catkin_cmake_args' from command line to 'None'
[0.218s] Level 5:colcon.colcon_core.verb:set package 'vehicle_control' build argument 'catkin_skip_building_tests' from command line to 'False'
[0.218s] DEBUG:colcon.colcon_core.verb:Building package 'vehicle_control' with the following arguments: {'ament_cmake_args': None, 'build_base': '/home/hwl/per_workspace/control_plan/chapter4/ros2_lqr/build/vehicle_control', 'catkin_cmake_args': None, 'catkin_skip_building_tests': False, 'cmake_args': None, 'cmake_clean_cache': False, 'cmake_clean_first': False, 'cmake_force_configure': False, 'cmake_target': None, 'cmake_target_skip_unavailable': False, 'install_base': '/home/hwl/per_workspace/control_plan/chapter4/ros2_lqr/install/vehicle_control', 'merge_install': False, 'path': '/home/hwl/per_workspace/control_plan/chapter4/ros2_lqr/lqr_galactic_wtih_todo_ws/src/vehicle_control', 'symlink_install': False, 'test_result_base': None}
[0.219s] INFO:colcon.colcon_core.executor:Executing jobs using 'parallel' executor
[0.232s] DEBUG:colcon.colcon_parallel_executor.executor.parallel:run_until_complete
[0.233s] INFO:colcon.colcon_ros.task.ament_cmake.build:Building ROS package in '/home/hwl/per_workspace/control_plan/chapter4/ros2_lqr/lqr_galactic_wtih_todo_ws/src/lgsvl_msgs' with build type 'ament_cmake'
[0.233s] INFO:colcon.colcon_cmake.task.cmake.build:Building CMake package in '/home/hwl/per_workspace/control_plan/chapter4/ros2_lqr/lqr_galactic_wtih_todo_ws/src/lgsvl_msgs'
[0.237s] INFO:colcon.colcon_core.plugin_system:Skipping extension 'colcon_core.shell.bat': Not used on non-Windows systems
[0.238s] INFO:colcon.colcon_core.shell:Skip shell extension 'powershell' for command environment: Not usable outside of PowerShell
[0.238s] DEBUG:colcon.colcon_core.shell:Skip shell extension 'dsv' for command environment
[0.263s] DEBUG:colcon.colcon_core.event_handler.log_command:Invoking command in '/home/hwl/per_workspace/control_plan/chapter4/ros2_lqr/build/lgsvl_msgs': /usr/bin/cmake --build /home/hwl/per_workspace/control_plan/chapter4/ros2_lqr/build/lgsvl_msgs -- -j16 -l16
[0.859s] DEBUG:colcon.colcon_core.event_handler.log_command:Invoked command in '/home/hwl/per_workspace/control_plan/chapter4/ros2_lqr/build/lgsvl_msgs' returned '0': /usr/bin/cmake --build /home/hwl/per_workspace/control_plan/chapter4/ros2_lqr/build/lgsvl_msgs -- -j16 -l16
[1.686s] DEBUG:colcon.colcon_core.event_handler.log_command:Invoking command in '/home/hwl/per_workspace/control_plan/chapter4/ros2_lqr/build/lgsvl_msgs': /usr/bin/cmake --install /home/hwl/per_workspace/control_plan/chapter4/ros2_lqr/build/lgsvl_msgs
[1.800s] Level 1:colcon.colcon_core.environment:create_environment_scripts_only(lgsvl_msgs)
[1.801s] DEBUG:colcon.colcon_core.event_handler.log_command:Invoked command in '/home/hwl/per_workspace/control_plan/chapter4/ros2_lqr/build/lgsvl_msgs' returned '0': /usr/bin/cmake --install /home/hwl/per_workspace/control_plan/chapter4/ros2_lqr/build/lgsvl_msgs
[1.808s] Level 1:colcon.colcon_core.environment:checking '/home/hwl/per_workspace/control_plan/chapter4/ros2_lqr/install/lgsvl_msgs' for CMake module files
[1.810s] Level 1:colcon.colcon_core.environment:checking '/home/hwl/per_workspace/control_plan/chapter4/ros2_lqr/install/lgsvl_msgs' for CMake config files
[1.810s] Level 1:colcon.colcon_core.shell:create_environment_hook('lgsvl_msgs', 'cmake_prefix_path')
[1.811s] INFO:colcon.colcon_core.shell:Creating environment hook '/home/hwl/per_workspace/control_plan/chapter4/ros2_lqr/install/lgsvl_msgs/share/lgsvl_msgs/hook/cmake_prefix_path.ps1'
[1.812s] INFO:colcon.colcon_core.shell:Creating environment descriptor '/home/hwl/per_workspace/control_plan/chapter4/ros2_lqr/install/lgsvl_msgs/share/lgsvl_msgs/hook/cmake_prefix_path.dsv'
[1.812s] INFO:colcon.colcon_core.shell:Creating environment hook '/home/hwl/per_workspace/control_plan/chapter4/ros2_lqr/install/lgsvl_msgs/share/lgsvl_msgs/hook/cmake_prefix_path.sh'
[1.814s] Level 1:colcon.colcon_core.environment:checking '/home/hwl/per_workspace/control_plan/chapter4/ros2_lqr/install/lgsvl_msgs/lib'
[1.814s] Level 1:colcon.colcon_core.shell:create_environment_hook('lgsvl_msgs', 'ld_library_path_lib')
[1.815s] INFO:colcon.colcon_core.shell:Creating environment hook '/home/hwl/per_workspace/control_plan/chapter4/ros2_lqr/install/lgsvl_msgs/share/lgsvl_msgs/hook/ld_library_path_lib.ps1'
[1.815s] INFO:colcon.colcon_core.shell:Creating environment descriptor '/home/hwl/per_workspace/control_plan/chapter4/ros2_lqr/install/lgsvl_msgs/share/lgsvl_msgs/hook/ld_library_path_lib.dsv'
[1.816s] INFO:colcon.colcon_core.shell:Creating environment hook '/home/hwl/per_workspace/control_plan/chapter4/ros2_lqr/install/lgsvl_msgs/share/lgsvl_msgs/hook/ld_library_path_lib.sh'
[1.816s] Level 1:colcon.colcon_core.environment:checking '/home/hwl/per_workspace/control_plan/chapter4/ros2_lqr/install/lgsvl_msgs/bin'
[1.816s] Level 1:colcon.colcon_core.environment:checking '/home/hwl/per_workspace/control_plan/chapter4/ros2_lqr/install/lgsvl_msgs/lib/pkgconfig/lgsvl_msgs.pc'
[1.817s] Level 1:colcon.colcon_core.environment:checking '/home/hwl/per_workspace/control_plan/chapter4/ros2_lqr/install/lgsvl_msgs/lib/python3.8/site-packages'
[1.817s] Level 1:colcon.colcon_core.shell:create_environment_hook('lgsvl_msgs', 'pythonpath')
[1.818s] INFO:colcon.colcon_core.shell:Creating environment hook '/home/hwl/per_workspace/control_plan/chapter4/ros2_lqr/install/lgsvl_msgs/share/lgsvl_msgs/hook/pythonpath.ps1'
[1.819s] INFO:colcon.colcon_core.shell:Creating environment descriptor '/home/hwl/per_workspace/control_plan/chapter4/ros2_lqr/install/lgsvl_msgs/share/lgsvl_msgs/hook/pythonpath.dsv'
[1.819s] INFO:colcon.colcon_core.shell:Creating environment hook '/home/hwl/per_workspace/control_plan/chapter4/ros2_lqr/install/lgsvl_msgs/share/lgsvl_msgs/hook/pythonpath.sh'
[1.820s] INFO:colcon.colcon_core.shell:Creating package script '/home/hwl/per_workspace/control_plan/chapter4/ros2_lqr/install/lgsvl_msgs/share/lgsvl_msgs/package.ps1'
[1.821s] INFO:colcon.colcon_core.shell:Creating package descriptor '/home/hwl/per_workspace/control_plan/chapter4/ros2_lqr/install/lgsvl_msgs/share/lgsvl_msgs/package.dsv'
[1.822s] INFO:colcon.colcon_core.shell:Creating package script '/home/hwl/per_workspace/control_plan/chapter4/ros2_lqr/install/lgsvl_msgs/share/lgsvl_msgs/package.sh'
[1.823s] INFO:colcon.colcon_core.shell:Creating package script '/home/hwl/per_workspace/control_plan/chapter4/ros2_lqr/install/lgsvl_msgs/share/lgsvl_msgs/package.bash'
[1.824s] INFO:colcon.colcon_core.shell:Creating package script '/home/hwl/per_workspace/control_plan/chapter4/ros2_lqr/install/lgsvl_msgs/share/lgsvl_msgs/package.zsh'
[1.825s] Level 1:colcon.colcon_core.environment:create_file_with_runtime_dependencies(/home/hwl/per_workspace/control_plan/chapter4/ros2_lqr/install/lgsvl_msgs/share/colcon-core/packages/lgsvl_msgs)
[2.606s] Level 1:colcon.colcon_core.environment:create_environment_scripts_only(lgsvl_msgs)
[2.609s] Level 1:colcon.colcon_core.environment:checking '/home/hwl/per_workspace/control_plan/chapter4/ros2_lqr/install/lgsvl_msgs' for CMake module files
[2.611s] Level 1:colcon.colcon_core.environment:checking '/home/hwl/per_workspace/control_plan/chapter4/ros2_lqr/install/lgsvl_msgs' for CMake config files
[2.612s] Level 1:colcon.colcon_core.shell:create_environment_hook('lgsvl_msgs', 'cmake_prefix_path')
[2.614s] INFO:colcon.colcon_core.shell:Creating environment hook '/home/hwl/per_workspace/control_plan/chapter4/ros2_lqr/install/lgsvl_msgs/share/lgsvl_msgs/hook/cmake_prefix_path.ps1'
[2.615s] INFO:colcon.colcon_core.shell:Creating environment descriptor '/home/hwl/per_workspace/control_plan/chapter4/ros2_lqr/install/lgsvl_msgs/share/lgsvl_msgs/hook/cmake_prefix_path.dsv'
[2.616s] INFO:colcon.colcon_core.shell:Creating environment hook '/home/hwl/per_workspace/control_plan/chapter4/ros2_lqr/install/lgsvl_msgs/share/lgsvl_msgs/hook/cmake_prefix_path.sh'
[2.617s] Level 1:colcon.colcon_core.environment:checking '/home/hwl/per_workspace/control_plan/chapter4/ros2_lqr/install/lgsvl_msgs/lib'
[2.618s] Level 1:colcon.colcon_core.shell:create_environment_hook('lgsvl_msgs', 'ld_library_path_lib')
[2.619s] INFO:colcon.colcon_core.shell:Creating environment hook '/home/hwl/per_workspace/control_plan/chapter4/ros2_lqr/install/lgsvl_msgs/share/lgsvl_msgs/hook/ld_library_path_lib.ps1'
[2.619s] INFO:colcon.colcon_core.shell:Creating environment descriptor '/home/hwl/per_workspace/control_plan/chapter4/ros2_lqr/install/lgsvl_msgs/share/lgsvl_msgs/hook/ld_library_path_lib.dsv'
[2.620s] INFO:colcon.colcon_core.shell:Creating environment hook '/home/hwl/per_workspace/control_plan/chapter4/ros2_lqr/install/lgsvl_msgs/share/lgsvl_msgs/hook/ld_library_path_lib.sh'
[2.621s] Level 1:colcon.colcon_core.environment:checking '/home/hwl/per_workspace/control_plan/chapter4/ros2_lqr/install/lgsvl_msgs/bin'
[2.621s] Level 1:colcon.colcon_core.environment:checking '/home/hwl/per_workspace/control_plan/chapter4/ros2_lqr/install/lgsvl_msgs/lib/pkgconfig/lgsvl_msgs.pc'
[2.622s] Level 1:colcon.colcon_core.environment:checking '/home/hwl/per_workspace/control_plan/chapter4/ros2_lqr/install/lgsvl_msgs/lib/python3.8/site-packages'
[2.622s] Level 1:colcon.colcon_core.shell:create_environment_hook('lgsvl_msgs', 'pythonpath')
[2.623s] INFO:colcon.colcon_core.shell:Creating environment hook '/home/hwl/per_workspace/control_plan/chapter4/ros2_lqr/install/lgsvl_msgs/share/lgsvl_msgs/hook/pythonpath.ps1'
[2.623s] INFO:colcon.colcon_core.shell:Creating environment descriptor '/home/hwl/per_workspace/control_plan/chapter4/ros2_lqr/install/lgsvl_msgs/share/lgsvl_msgs/hook/pythonpath.dsv'
[2.624s] INFO:colcon.colcon_core.shell:Creating environment hook '/home/hwl/per_workspace/control_plan/chapter4/ros2_lqr/install/lgsvl_msgs/share/lgsvl_msgs/hook/pythonpath.sh'
[2.626s] INFO:colcon.colcon_core.shell:Creating package script '/home/hwl/per_workspace/control_plan/chapter4/ros2_lqr/install/lgsvl_msgs/share/lgsvl_msgs/package.ps1'
[2.627s] INFO:colcon.colcon_core.shell:Creating package descriptor '/home/hwl/per_workspace/control_plan/chapter4/ros2_lqr/install/lgsvl_msgs/share/lgsvl_msgs/package.dsv'
[2.628s] INFO:colcon.colcon_core.shell:Creating package script '/home/hwl/per_workspace/control_plan/chapter4/ros2_lqr/install/lgsvl_msgs/share/lgsvl_msgs/package.sh'
[2.629s] INFO:colcon.colcon_core.shell:Creating package script '/home/hwl/per_workspace/control_plan/chapter4/ros2_lqr/install/lgsvl_msgs/share/lgsvl_msgs/package.bash'
[2.630s] INFO:colcon.colcon_core.shell:Creating package script '/home/hwl/per_workspace/control_plan/chapter4/ros2_lqr/install/lgsvl_msgs/share/lgsvl_msgs/package.zsh'
[2.631s] Level 1:colcon.colcon_core.environment:create_file_with_runtime_dependencies(/home/hwl/per_workspace/control_plan/chapter4/ros2_lqr/install/lgsvl_msgs/share/colcon-core/packages/lgsvl_msgs)
[2.631s] INFO:colcon.colcon_ros.task.ament_cmake.build:Building ROS package in '/home/hwl/per_workspace/control_plan/chapter4/ros2_lqr/lqr_galactic_wtih_todo_ws/src/lgsvl_bridge_galactic' with build type 'ament_cmake'
[2.632s] INFO:colcon.colcon_cmake.task.cmake.build:Building CMake package in '/home/hwl/per_workspace/control_plan/chapter4/ros2_lqr/lqr_galactic_wtih_todo_ws/src/lgsvl_bridge_galactic'
[2.633s] INFO:colcon.colcon_core.shell:Skip shell extension 'powershell' for command environment: Not usable outside of PowerShell
[2.633s] DEBUG:colcon.colcon_core.shell:Skip shell extension 'dsv' for command environment
[2.660s] INFO:colcon.colcon_ros.task.ament_cmake.build:Building ROS package in '/home/hwl/per_workspace/control_plan/chapter4/ros2_lqr/lqr_galactic_wtih_todo_ws/src/lqr_controller' with build type 'ament_cmake'
[2.661s] INFO:colcon.colcon_cmake.task.cmake.build:Building CMake package in '/home/hwl/per_workspace/control_plan/chapter4/ros2_lqr/lqr_galactic_wtih_todo_ws/src/lqr_controller'
[2.663s] INFO:colcon.colcon_core.shell:Skip shell extension 'powershell' for command environment: Not usable outside of PowerShell
[2.663s] DEBUG:colcon.colcon_core.shell:Skip shell extension 'dsv' for command environment
[2.679s] INFO:colcon.colcon_ros.task.ament_cmake.build:Building ROS package in '/home/hwl/per_workspace/control_plan/chapter4/ros2_lqr/lqr_galactic_wtih_todo_ws/src/stanley_control' with build type 'ament_cmake'
[2.680s] INFO:colcon.colcon_cmake.task.cmake.build:Building CMake package in '/home/hwl/per_workspace/control_plan/chapter4/ros2_lqr/lqr_galactic_wtih_todo_ws/src/stanley_control'
[2.681s] INFO:colcon.colcon_core.shell:Skip shell extension 'powershell' for command environment: Not usable outside of PowerShell
[2.681s] DEBUG:colcon.colcon_core.shell:Skip shell extension 'dsv' for command environment
[2.694s] INFO:colcon.colcon_ros.task.ament_cmake.build:Building ROS package in '/home/hwl/per_workspace/control_plan/chapter4/ros2_lqr/lqr_galactic_wtih_todo_ws/src/vehicle_control' with build type 'ament_cmake'
[2.695s] INFO:colcon.colcon_cmake.task.cmake.build:Building CMake package in '/home/hwl/per_workspace/control_plan/chapter4/ros2_lqr/lqr_galactic_wtih_todo_ws/src/vehicle_control'
[2.696s] INFO:colcon.colcon_core.shell:Skip shell extension 'powershell' for command environment: Not usable outside of PowerShell
[2.696s] DEBUG:colcon.colcon_core.shell:Skip shell extension 'dsv' for command environment
[2.720s] DEBUG:colcon.colcon_core.event_handler.log_command:Invoking command in '/home/hwl/per_workspace/control_plan/chapter4/ros2_lqr/build/lgsvl_bridge_galactic': AMENT_PREFIX_PATH=/home/hwl/per_workspace/control_plan/chapter4/ros2_lqr/install/lgsvl_msgs:${AMENT_PREFIX_PATH} CMAKE_PREFIX_PATH=/home/hwl/per_workspace/control_plan/chapter4/ros2_lqr/install/lgsvl_msgs:${CMAKE_PREFIX_PATH} LD_LIBRARY_PATH=/home/hwl/per_workspace/control_plan/chapter4/ros2_lqr/install/lgsvl_msgs/lib:${LD_LIBRARY_PATH} PYTHONPATH=/home/hwl/per_workspace/control_plan/chapter4/ros2_lqr/install/lgsvl_msgs/lib/python3.8/site-packages:${PYTHONPATH} /usr/bin/cmake --build /home/hwl/per_workspace/control_plan/chapter4/ros2_lqr/build/lgsvl_bridge_galactic -- -j16 -l16
[2.729s] DEBUG:colcon.colcon_core.event_handler.log_command:Invoking command in '/home/hwl/per_workspace/control_plan/chapter4/ros2_lqr/build/lqr_controller': AMENT_PREFIX_PATH=/home/hwl/per_workspace/control_plan/chapter4/ros2_lqr/install/lgsvl_msgs:${AMENT_PREFIX_PATH} CMAKE_PREFIX_PATH=/home/hwl/per_workspace/control_plan/chapter4/ros2_lqr/install/lgsvl_msgs:${CMAKE_PREFIX_PATH} LD_LIBRARY_PATH=/home/hwl/per_workspace/control_plan/chapter4/ros2_lqr/install/lgsvl_msgs/lib:${LD_LIBRARY_PATH} PYTHONPATH=/home/hwl/per_workspace/control_plan/chapter4/ros2_lqr/install/lgsvl_msgs/lib/python3.8/site-packages:${PYTHONPATH} /usr/bin/cmake --build /home/hwl/per_workspace/control_plan/chapter4/ros2_lqr/build/lqr_controller -- -j16 -l16
[2.744s] DEBUG:colcon.colcon_core.event_handler.log_command:Invoking command in '/home/hwl/per_workspace/control_plan/chapter4/ros2_lqr/build/stanley_control': AMENT_PREFIX_PATH=/home/hwl/per_workspace/control_plan/chapter4/ros2_lqr/install/lgsvl_msgs:${AMENT_PREFIX_PATH} CMAKE_PREFIX_PATH=/home/hwl/per_workspace/control_plan/chapter4/ros2_lqr/install/lgsvl_msgs:${CMAKE_PREFIX_PATH} LD_LIBRARY_PATH=/home/hwl/per_workspace/control_plan/chapter4/ros2_lqr/install/lgsvl_msgs/lib:${LD_LIBRARY_PATH} PYTHONPATH=/home/hwl/per_workspace/control_plan/chapter4/ros2_lqr/install/lgsvl_msgs/lib/python3.8/site-packages:${PYTHONPATH} /usr/bin/cmake --build /home/hwl/per_workspace/control_plan/chapter4/ros2_lqr/build/stanley_control -- -j16 -l16
[2.754s] DEBUG:colcon.colcon_core.event_handler.log_command:Invoking command in '/home/hwl/per_workspace/control_plan/chapter4/ros2_lqr/build/vehicle_control': AMENT_PREFIX_PATH=/home/hwl/per_workspace/control_plan/chapter4/ros2_lqr/install/lgsvl_msgs:${AMENT_PREFIX_PATH} CMAKE_PREFIX_PATH=/home/hwl/per_workspace/control_plan/chapter4/ros2_lqr/install/lgsvl_msgs:${CMAKE_PREFIX_PATH} LD_LIBRARY_PATH=/home/hwl/per_workspace/control_plan/chapter4/ros2_lqr/install/lgsvl_msgs/lib:${LD_LIBRARY_PATH} PYTHONPATH=/home/hwl/per_workspace/control_plan/chapter4/ros2_lqr/install/lgsvl_msgs/lib/python3.8/site-packages:${PYTHONPATH} /usr/bin/cmake --build /home/hwl/per_workspace/control_plan/chapter4/ros2_lqr/build/vehicle_control -- -j16 -l16
[2.850s] DEBUG:colcon.colcon_core.event_handler.log_command:Invoked command in '/home/hwl/per_workspace/control_plan/chapter4/ros2_lqr/build/lgsvl_bridge_galactic' returned '0': AMENT_PREFIX_PATH=/home/hwl/per_workspace/control_plan/chapter4/ros2_lqr/install/lgsvl_msgs:${AMENT_PREFIX_PATH} CMAKE_PREFIX_PATH=/home/hwl/per_workspace/control_plan/chapter4/ros2_lqr/install/lgsvl_msgs:${CMAKE_PREFIX_PATH} LD_LIBRARY_PATH=/home/hwl/per_workspace/control_plan/chapter4/ros2_lqr/install/lgsvl_msgs/lib:${LD_LIBRARY_PATH} PYTHONPATH=/home/hwl/per_workspace/control_plan/chapter4/ros2_lqr/install/lgsvl_msgs/lib/python3.8/site-packages:${PYTHONPATH} /usr/bin/cmake --build /home/hwl/per_workspace/control_plan/chapter4/ros2_lqr/build/lgsvl_bridge_galactic -- -j16 -l16
[2.904s] DEBUG:colcon.colcon_core.event_handler.log_command:Invoked command in '/home/hwl/per_workspace/control_plan/chapter4/ros2_lqr/build/stanley_control' returned '0': AMENT_PREFIX_PATH=/home/hwl/per_workspace/control_plan/chapter4/ros2_lqr/install/lgsvl_msgs:${AMENT_PREFIX_PATH} CMAKE_PREFIX_PATH=/home/hwl/per_workspace/control_plan/chapter4/ros2_lqr/install/lgsvl_msgs:${CMAKE_PREFIX_PATH} LD_LIBRARY_PATH=/home/hwl/per_workspace/control_plan/chapter4/ros2_lqr/install/lgsvl_msgs/lib:${LD_LIBRARY_PATH} PYTHONPATH=/home/hwl/per_workspace/control_plan/chapter4/ros2_lqr/install/lgsvl_msgs/lib/python3.8/site-packages:${PYTHONPATH} /usr/bin/cmake --build /home/hwl/per_workspace/control_plan/chapter4/ros2_lqr/build/stanley_control -- -j16 -l16
[2.929s] DEBUG:colcon.colcon_core.event_handler.log_command:Invoking command in '/home/hwl/per_workspace/control_plan/chapter4/ros2_lqr/build/lgsvl_bridge_galactic': AMENT_PREFIX_PATH=/home/hwl/per_workspace/control_plan/chapter4/ros2_lqr/install/lgsvl_msgs:${AMENT_PREFIX_PATH} CMAKE_PREFIX_PATH=/home/hwl/per_workspace/control_plan/chapter4/ros2_lqr/install/lgsvl_msgs:${CMAKE_PREFIX_PATH} LD_LIBRARY_PATH=/home/hwl/per_workspace/control_plan/chapter4/ros2_lqr/install/lgsvl_msgs/lib:${LD_LIBRARY_PATH} PYTHONPATH=/home/hwl/per_workspace/control_plan/chapter4/ros2_lqr/install/lgsvl_msgs/lib/python3.8/site-packages:${PYTHONPATH} /usr/bin/cmake --install /home/hwl/per_workspace/control_plan/chapter4/ros2_lqr/build/lgsvl_bridge_galactic
[2.933s] DEBUG:colcon.colcon_core.event_handler.log_command:Invoked command in '/home/hwl/per_workspace/control_plan/chapter4/ros2_lqr/build/vehicle_control' returned '0': AMENT_PREFIX_PATH=/home/hwl/per_workspace/control_plan/chapter4/ros2_lqr/install/lgsvl_msgs:${AMENT_PREFIX_PATH} CMAKE_PREFIX_PATH=/home/hwl/per_workspace/control_plan/chapter4/ros2_lqr/install/lgsvl_msgs:${CMAKE_PREFIX_PATH} LD_LIBRARY_PATH=/home/hwl/per_workspace/control_plan/chapter4/ros2_lqr/install/lgsvl_msgs/lib:${LD_LIBRARY_PATH} PYTHONPATH=/home/hwl/per_workspace/control_plan/chapter4/ros2_lqr/install/lgsvl_msgs/lib/python3.8/site-packages:${PYTHONPATH} /usr/bin/cmake --build /home/hwl/per_workspace/control_plan/chapter4/ros2_lqr/build/vehicle_control -- -j16 -l16
[2.957s] Level 1:colcon.colcon_core.environment:create_environment_scripts_only(lgsvl_bridge_galactic)
[2.961s] Level 1:colcon.colcon_core.environment:checking '/home/hwl/per_workspace/control_plan/chapter4/ros2_lqr/install/lgsvl_bridge_galactic' for CMake module files
[2.965s] DEBUG:colcon.colcon_core.event_handler.log_command:Invoked command in '/home/hwl/per_workspace/control_plan/chapter4/ros2_lqr/build/lgsvl_bridge_galactic' returned '0': AMENT_PREFIX_PATH=/home/hwl/per_workspace/control_plan/chapter4/ros2_lqr/install/lgsvl_msgs:${AMENT_PREFIX_PATH} CMAKE_PREFIX_PATH=/home/hwl/per_workspace/control_plan/chapter4/ros2_lqr/install/lgsvl_msgs:${CMAKE_PREFIX_PATH} LD_LIBRARY_PATH=/home/hwl/per_workspace/control_plan/chapter4/ros2_lqr/install/lgsvl_msgs/lib:${LD_LIBRARY_PATH} PYTHONPATH=/home/hwl/per_workspace/control_plan/chapter4/ros2_lqr/install/lgsvl_msgs/lib/python3.8/site-packages:${PYTHONPATH} /usr/bin/cmake --install /home/hwl/per_workspace/control_plan/chapter4/ros2_lqr/build/lgsvl_bridge_galactic
[2.965s] Level 1:colcon.colcon_core.environment:checking '/home/hwl/per_workspace/control_plan/chapter4/ros2_lqr/install/lgsvl_bridge_galactic' for CMake config files
[2.966s] Level 1:colcon.colcon_core.shell:create_environment_hook('lgsvl_bridge_galactic', 'cmake_prefix_path')
[2.968s] INFO:colcon.colcon_core.shell:Creating environment hook '/home/hwl/per_workspace/control_plan/chapter4/ros2_lqr/install/lgsvl_bridge_galactic/share/lgsvl_bridge_galactic/hook/cmake_prefix_path.ps1'
[2.969s] INFO:colcon.colcon_core.shell:Creating environment descriptor '/home/hwl/per_workspace/control_plan/chapter4/ros2_lqr/install/lgsvl_bridge_galactic/share/lgsvl_bridge_galactic/hook/cmake_prefix_path.dsv'
[2.970s] INFO:colcon.colcon_core.shell:Creating environment hook '/home/hwl/per_workspace/control_plan/chapter4/ros2_lqr/install/lgsvl_bridge_galactic/share/lgsvl_bridge_galactic/hook/cmake_prefix_path.sh'
[2.972s] Level 1:colcon.colcon_core.environment:checking '/home/hwl/per_workspace/control_plan/chapter4/ros2_lqr/install/lgsvl_bridge_galactic/lib'
[2.972s] Level 1:colcon.colcon_core.environment:checking '/home/hwl/per_workspace/control_plan/chapter4/ros2_lqr/install/lgsvl_bridge_galactic/bin'
[2.972s] Level 1:colcon.colcon_core.environment:checking '/home/hwl/per_workspace/control_plan/chapter4/ros2_lqr/install/lgsvl_bridge_galactic/lib/pkgconfig/lgsvl_bridge_galactic.pc'
[2.973s] Level 1:colcon.colcon_core.environment:checking '/home/hwl/per_workspace/control_plan/chapter4/ros2_lqr/install/lgsvl_bridge_galactic/lib/python3.8/site-packages'
[2.974s] INFO:colcon.colcon_core.shell:Creating package script '/home/hwl/per_workspace/control_plan/chapter4/ros2_lqr/install/lgsvl_bridge_galactic/share/lgsvl_bridge_galactic/package.ps1'
[2.976s] INFO:colcon.colcon_core.shell:Creating package descriptor '/home/hwl/per_workspace/control_plan/chapter4/ros2_lqr/install/lgsvl_bridge_galactic/share/lgsvl_bridge_galactic/package.dsv'
[2.977s] INFO:colcon.colcon_core.shell:Creating package script '/home/hwl/per_workspace/control_plan/chapter4/ros2_lqr/install/lgsvl_bridge_galactic/share/lgsvl_bridge_galactic/package.sh'
[2.978s] INFO:colcon.colcon_core.shell:Creating package script '/home/hwl/per_workspace/control_plan/chapter4/ros2_lqr/install/lgsvl_bridge_galactic/share/lgsvl_bridge_galactic/package.bash'
[2.978s] INFO:colcon.colcon_core.shell:Creating package script '/home/hwl/per_workspace/control_plan/chapter4/ros2_lqr/install/lgsvl_bridge_galactic/share/lgsvl_bridge_galactic/package.zsh'
[2.979s] Level 1:colcon.colcon_core.environment:create_file_with_runtime_dependencies(/home/hwl/per_workspace/control_plan/chapter4/ros2_lqr/install/lgsvl_bridge_galactic/share/colcon-core/packages/lgsvl_bridge_galactic)
[2.990s] DEBUG:colcon.colcon_core.event_handler.log_command:Invoking command in '/home/hwl/per_workspace/control_plan/chapter4/ros2_lqr/build/stanley_control': AMENT_PREFIX_PATH=/home/hwl/per_workspace/control_plan/chapter4/ros2_lqr/install/lgsvl_msgs:${AMENT_PREFIX_PATH} CMAKE_PREFIX_PATH=/home/hwl/per_workspace/control_plan/chapter4/ros2_lqr/install/lgsvl_msgs:${CMAKE_PREFIX_PATH} LD_LIBRARY_PATH=/home/hwl/per_workspace/control_plan/chapter4/ros2_lqr/install/lgsvl_msgs/lib:${LD_LIBRARY_PATH} PYTHONPATH=/home/hwl/per_workspace/control_plan/chapter4/ros2_lqr/install/lgsvl_msgs/lib/python3.8/site-packages:${PYTHONPATH} /usr/bin/cmake --install /home/hwl/per_workspace/control_plan/chapter4/ros2_lqr/build/stanley_control
[2.998s] DEBUG:colcon.colcon_core.event_handler.log_command:Invoking command in '/home/hwl/per_workspace/control_plan/chapter4/ros2_lqr/build/vehicle_control': AMENT_PREFIX_PATH=/home/hwl/per_workspace/control_plan/chapter4/ros2_lqr/install/lgsvl_msgs:${AMENT_PREFIX_PATH} CMAKE_PREFIX_PATH=/home/hwl/per_workspace/control_plan/chapter4/ros2_lqr/install/lgsvl_msgs:${CMAKE_PREFIX_PATH} LD_LIBRARY_PATH=/home/hwl/per_workspace/control_plan/chapter4/ros2_lqr/install/lgsvl_msgs/lib:${LD_LIBRARY_PATH} PYTHONPATH=/home/hwl/per_workspace/control_plan/chapter4/ros2_lqr/install/lgsvl_msgs/lib/python3.8/site-packages:${PYTHONPATH} /usr/bin/cmake --install /home/hwl/per_workspace/control_plan/chapter4/ros2_lqr/build/vehicle_control
[3.015s] Level 1:colcon.colcon_core.environment:create_environment_scripts_only(stanley_control)
[3.019s] Level 1:colcon.colcon_core.environment:checking '/home/hwl/per_workspace/control_plan/chapter4/ros2_lqr/install/stanley_control' for CMake module files
[3.020s] DEBUG:colcon.colcon_core.event_handler.log_command:Invoked command in '/home/hwl/per_workspace/control_plan/chapter4/ros2_lqr/build/stanley_control' returned '0': AMENT_PREFIX_PATH=/home/hwl/per_workspace/control_plan/chapter4/ros2_lqr/install/lgsvl_msgs:${AMENT_PREFIX_PATH} CMAKE_PREFIX_PATH=/home/hwl/per_workspace/control_plan/chapter4/ros2_lqr/install/lgsvl_msgs:${CMAKE_PREFIX_PATH} LD_LIBRARY_PATH=/home/hwl/per_workspace/control_plan/chapter4/ros2_lqr/install/lgsvl_msgs/lib:${LD_LIBRARY_PATH} PYTHONPATH=/home/hwl/per_workspace/control_plan/chapter4/ros2_lqr/install/lgsvl_msgs/lib/python3.8/site-packages:${PYTHONPATH} /usr/bin/cmake --install /home/hwl/per_workspace/control_plan/chapter4/ros2_lqr/build/stanley_control
[3.024s] Level 1:colcon.colcon_core.environment:checking '/home/hwl/per_workspace/control_plan/chapter4/ros2_lqr/install/stanley_control' for CMake config files
[3.024s] Level 1:colcon.colcon_core.shell:create_environment_hook('stanley_control', 'cmake_prefix_path')
[3.025s] INFO:colcon.colcon_core.shell:Creating environment hook '/home/hwl/per_workspace/control_plan/chapter4/ros2_lqr/install/stanley_control/share/stanley_control/hook/cmake_prefix_path.ps1'
[3.026s] INFO:colcon.colcon_core.shell:Creating environment descriptor '/home/hwl/per_workspace/control_plan/chapter4/ros2_lqr/install/stanley_control/share/stanley_control/hook/cmake_prefix_path.dsv'
[3.026s] INFO:colcon.colcon_core.shell:Creating environment hook '/home/hwl/per_workspace/control_plan/chapter4/ros2_lqr/install/stanley_control/share/stanley_control/hook/cmake_prefix_path.sh'
[3.027s] Level 1:colcon.colcon_core.environment:checking '/home/hwl/per_workspace/control_plan/chapter4/ros2_lqr/install/stanley_control/lib'
[3.027s] Level 1:colcon.colcon_core.environment:checking '/home/hwl/per_workspace/control_plan/chapter4/ros2_lqr/install/stanley_control/bin'
[3.027s] Level 1:colcon.colcon_core.environment:checking '/home/hwl/per_workspace/control_plan/chapter4/ros2_lqr/install/stanley_control/lib/pkgconfig/stanley_control.pc'
[3.027s] Level 1:colcon.colcon_core.environment:checking '/home/hwl/per_workspace/control_plan/chapter4/ros2_lqr/install/stanley_control/lib/python3.8/site-packages'
[3.028s] INFO:colcon.colcon_core.shell:Creating package script '/home/hwl/per_workspace/control_plan/chapter4/ros2_lqr/install/stanley_control/share/stanley_control/package.ps1'
[3.029s] INFO:colcon.colcon_core.shell:Creating package descriptor '/home/hwl/per_workspace/control_plan/chapter4/ros2_lqr/install/stanley_control/share/stanley_control/package.dsv'
[3.030s] INFO:colcon.colcon_core.shell:Creating package script '/home/hwl/per_workspace/control_plan/chapter4/ros2_lqr/install/stanley_control/share/stanley_control/package.sh'
[3.030s] INFO:colcon.colcon_core.shell:Creating package script '/home/hwl/per_workspace/control_plan/chapter4/ros2_lqr/install/stanley_control/share/stanley_control/package.bash'
[3.031s] INFO:colcon.colcon_core.shell:Creating package script '/home/hwl/per_workspace/control_plan/chapter4/ros2_lqr/install/stanley_control/share/stanley_control/package.zsh'
[3.031s] Level 1:colcon.colcon_core.environment:create_file_with_runtime_dependencies(/home/hwl/per_workspace/control_plan/chapter4/ros2_lqr/install/stanley_control/share/colcon-core/packages/stanley_control)
[3.037s] Level 1:colcon.colcon_core.environment:create_environment_scripts_only(vehicle_control)
[3.039s] Level 1:colcon.colcon_core.environment:checking '/home/hwl/per_workspace/control_plan/chapter4/ros2_lqr/install/vehicle_control' for CMake module files
[3.040s] DEBUG:colcon.colcon_core.event_handler.log_command:Invoked command in '/home/hwl/per_workspace/control_plan/chapter4/ros2_lqr/build/vehicle_control' returned '0': AMENT_PREFIX_PATH=/home/hwl/per_workspace/control_plan/chapter4/ros2_lqr/install/lgsvl_msgs:${AMENT_PREFIX_PATH} CMAKE_PREFIX_PATH=/home/hwl/per_workspace/control_plan/chapter4/ros2_lqr/install/lgsvl_msgs:${CMAKE_PREFIX_PATH} LD_LIBRARY_PATH=/home/hwl/per_workspace/control_plan/chapter4/ros2_lqr/install/lgsvl_msgs/lib:${LD_LIBRARY_PATH} PYTHONPATH=/home/hwl/per_workspace/control_plan/chapter4/ros2_lqr/install/lgsvl_msgs/lib/python3.8/site-packages:${PYTHONPATH} /usr/bin/cmake --install /home/hwl/per_workspace/control_plan/chapter4/ros2_lqr/build/vehicle_control
[3.040s] Level 1:colcon.colcon_core.environment:checking '/home/hwl/per_workspace/control_plan/chapter4/ros2_lqr/install/vehicle_control' for CMake config files
[3.041s] Level 1:colcon.colcon_core.shell:create_environment_hook('vehicle_control', 'cmake_prefix_path')
[3.041s] INFO:colcon.colcon_core.shell:Creating environment hook '/home/hwl/per_workspace/control_plan/chapter4/ros2_lqr/install/vehicle_control/share/vehicle_control/hook/cmake_prefix_path.ps1'
[3.042s] INFO:colcon.colcon_core.shell:Creating environment descriptor '/home/hwl/per_workspace/control_plan/chapter4/ros2_lqr/install/vehicle_control/share/vehicle_control/hook/cmake_prefix_path.dsv'
[3.042s] INFO:colcon.colcon_core.shell:Creating environment hook '/home/hwl/per_workspace/control_plan/chapter4/ros2_lqr/install/vehicle_control/share/vehicle_control/hook/cmake_prefix_path.sh'
[3.043s] Level 1:colcon.colcon_core.environment:checking '/home/hwl/per_workspace/control_plan/chapter4/ros2_lqr/install/vehicle_control/lib'
[3.043s] Level 1:colcon.colcon_core.environment:checking '/home/hwl/per_workspace/control_plan/chapter4/ros2_lqr/install/vehicle_control/bin'
[3.043s] Level 1:colcon.colcon_core.environment:checking '/home/hwl/per_workspace/control_plan/chapter4/ros2_lqr/install/vehicle_control/lib/pkgconfig/vehicle_control.pc'
[3.044s] Level 1:colcon.colcon_core.environment:checking '/home/hwl/per_workspace/control_plan/chapter4/ros2_lqr/install/vehicle_control/lib/python3.8/site-packages'
[3.045s] INFO:colcon.colcon_core.shell:Creating package script '/home/hwl/per_workspace/control_plan/chapter4/ros2_lqr/install/vehicle_control/share/vehicle_control/package.ps1'
[3.046s] INFO:colcon.colcon_core.shell:Creating package descriptor '/home/hwl/per_workspace/control_plan/chapter4/ros2_lqr/install/vehicle_control/share/vehicle_control/package.dsv'
[3.047s] INFO:colcon.colcon_core.shell:Creating package script '/home/hwl/per_workspace/control_plan/chapter4/ros2_lqr/install/vehicle_control/share/vehicle_control/package.sh'
[3.048s] INFO:colcon.colcon_core.shell:Creating package script '/home/hwl/per_workspace/control_plan/chapter4/ros2_lqr/install/vehicle_control/share/vehicle_control/package.bash'
[3.050s] INFO:colcon.colcon_core.shell:Creating package script '/home/hwl/per_workspace/control_plan/chapter4/ros2_lqr/install/vehicle_control/share/vehicle_control/package.zsh'
[3.051s] Level 1:colcon.colcon_core.environment:create_file_with_runtime_dependencies(/home/hwl/per_workspace/control_plan/chapter4/ros2_lqr/install/vehicle_control/share/colcon-core/packages/vehicle_control)
[3.061s] Level 1:colcon.colcon_core.environment:create_environment_scripts_only(lgsvl_bridge_galactic)
[3.063s] Level 1:colcon.colcon_core.environment:checking '/home/hwl/per_workspace/control_plan/chapter4/ros2_lqr/install/lgsvl_bridge_galactic' for CMake module files
[3.064s] Level 1:colcon.colcon_core.environment:checking '/home/hwl/per_workspace/control_plan/chapter4/ros2_lqr/install/lgsvl_bridge_galactic' for CMake config files
[3.065s] Level 1:colcon.colcon_core.shell:create_environment_hook('lgsvl_bridge_galactic', 'cmake_prefix_path')
[3.066s] INFO:colcon.colcon_core.shell:Creating environment hook '/home/hwl/per_workspace/control_plan/chapter4/ros2_lqr/install/lgsvl_bridge_galactic/share/lgsvl_bridge_galactic/hook/cmake_prefix_path.ps1'
[3.067s] INFO:colcon.colcon_core.shell:Creating environment descriptor '/home/hwl/per_workspace/control_plan/chapter4/ros2_lqr/install/lgsvl_bridge_galactic/share/lgsvl_bridge_galactic/hook/cmake_prefix_path.dsv'
[3.068s] INFO:colcon.colcon_core.shell:Creating environment hook '/home/hwl/per_workspace/control_plan/chapter4/ros2_lqr/install/lgsvl_bridge_galactic/share/lgsvl_bridge_galactic/hook/cmake_prefix_path.sh'
[3.069s] Level 1:colcon.colcon_core.environment:checking '/home/hwl/per_workspace/control_plan/chapter4/ros2_lqr/install/lgsvl_bridge_galactic/lib'
[3.069s] Level 1:colcon.colcon_core.environment:checking '/home/hwl/per_workspace/control_plan/chapter4/ros2_lqr/install/lgsvl_bridge_galactic/bin'
[3.070s] Level 1:colcon.colcon_core.environment:checking '/home/hwl/per_workspace/control_plan/chapter4/ros2_lqr/install/lgsvl_bridge_galactic/lib/pkgconfig/lgsvl_bridge_galactic.pc'
[3.070s] Level 1:colcon.colcon_core.environment:checking '/home/hwl/per_workspace/control_plan/chapter4/ros2_lqr/install/lgsvl_bridge_galactic/lib/python3.8/site-packages'
[3.071s] INFO:colcon.colcon_core.shell:Creating package script '/home/hwl/per_workspace/control_plan/chapter4/ros2_lqr/install/lgsvl_bridge_galactic/share/lgsvl_bridge_galactic/package.ps1'
[3.071s] INFO:colcon.colcon_core.shell:Creating package descriptor '/home/hwl/per_workspace/control_plan/chapter4/ros2_lqr/install/lgsvl_bridge_galactic/share/lgsvl_bridge_galactic/package.dsv'
[3.072s] INFO:colcon.colcon_core.shell:Creating package script '/home/hwl/per_workspace/control_plan/chapter4/ros2_lqr/install/lgsvl_bridge_galactic/share/lgsvl_bridge_galactic/package.sh'
[3.073s] INFO:colcon.colcon_core.shell:Creating package script '/home/hwl/per_workspace/control_plan/chapter4/ros2_lqr/install/lgsvl_bridge_galactic/share/lgsvl_bridge_galactic/package.bash'
[3.073s] INFO:colcon.colcon_core.shell:Creating package script '/home/hwl/per_workspace/control_plan/chapter4/ros2_lqr/install/lgsvl_bridge_galactic/share/lgsvl_bridge_galactic/package.zsh'
[3.074s] Level 1:colcon.colcon_core.environment:create_file_with_runtime_dependencies(/home/hwl/per_workspace/control_plan/chapter4/ros2_lqr/install/lgsvl_bridge_galactic/share/colcon-core/packages/lgsvl_bridge_galactic)
[3.111s] Level 1:colcon.colcon_core.environment:create_environment_scripts_only(stanley_control)
[3.115s] Level 1:colcon.colcon_core.environment:checking '/home/hwl/per_workspace/control_plan/chapter4/ros2_lqr/install/stanley_control' for CMake module files
[3.117s] Level 1:colcon.colcon_core.environment:checking '/home/hwl/per_workspace/control_plan/chapter4/ros2_lqr/install/stanley_control' for CMake config files
[3.117s] Level 1:colcon.colcon_core.shell:create_environment_hook('stanley_control', 'cmake_prefix_path')
[3.119s] INFO:colcon.colcon_core.shell:Creating environment hook '/home/hwl/per_workspace/control_plan/chapter4/ros2_lqr/install/stanley_control/share/stanley_control/hook/cmake_prefix_path.ps1'
[3.120s] INFO:colcon.colcon_core.shell:Creating environment descriptor '/home/hwl/per_workspace/control_plan/chapter4/ros2_lqr/install/stanley_control/share/stanley_control/hook/cmake_prefix_path.dsv'
[3.121s] INFO:colcon.colcon_core.shell:Creating environment hook '/home/hwl/per_workspace/control_plan/chapter4/ros2_lqr/install/stanley_control/share/stanley_control/hook/cmake_prefix_path.sh'
[3.122s] Level 1:colcon.colcon_core.environment:checking '/home/hwl/per_workspace/control_plan/chapter4/ros2_lqr/install/stanley_control/lib'
[3.122s] Level 1:colcon.colcon_core.environment:checking '/home/hwl/per_workspace/control_plan/chapter4/ros2_lqr/install/stanley_control/bin'
[3.122s] Level 1:colcon.colcon_core.environment:checking '/home/hwl/per_workspace/control_plan/chapter4/ros2_lqr/install/stanley_control/lib/pkgconfig/stanley_control.pc'
[3.122s] Level 1:colcon.colcon_core.environment:checking '/home/hwl/per_workspace/control_plan/chapter4/ros2_lqr/install/stanley_control/lib/python3.8/site-packages'
[3.124s] INFO:colcon.colcon_core.shell:Creating package script '/home/hwl/per_workspace/control_plan/chapter4/ros2_lqr/install/stanley_control/share/stanley_control/package.ps1'
[3.125s] INFO:colcon.colcon_core.shell:Creating package descriptor '/home/hwl/per_workspace/control_plan/chapter4/ros2_lqr/install/stanley_control/share/stanley_control/package.dsv'
[3.126s] INFO:colcon.colcon_core.shell:Creating package script '/home/hwl/per_workspace/control_plan/chapter4/ros2_lqr/install/stanley_control/share/stanley_control/package.sh'
[3.126s] INFO:colcon.colcon_core.shell:Creating package script '/home/hwl/per_workspace/control_plan/chapter4/ros2_lqr/install/stanley_control/share/stanley_control/package.bash'
[3.127s] INFO:colcon.colcon_core.shell:Creating package script '/home/hwl/per_workspace/control_plan/chapter4/ros2_lqr/install/stanley_control/share/stanley_control/package.zsh'
[3.128s] Level 1:colcon.colcon_core.environment:create_file_with_runtime_dependencies(/home/hwl/per_workspace/control_plan/chapter4/ros2_lqr/install/stanley_control/share/colcon-core/packages/stanley_control)
[3.130s] Level 1:colcon.colcon_core.environment:create_environment_scripts_only(vehicle_control)
[3.131s] Level 1:colcon.colcon_core.environment:checking '/home/hwl/per_workspace/control_plan/chapter4/ros2_lqr/install/vehicle_control' for CMake module files
[3.133s] Level 1:colcon.colcon_core.environment:checking '/home/hwl/per_workspace/control_plan/chapter4/ros2_lqr/install/vehicle_control' for CMake config files
[3.133s] Level 1:colcon.colcon_core.shell:create_environment_hook('vehicle_control', 'cmake_prefix_path')
[3.133s] INFO:colcon.colcon_core.shell:Creating environment hook '/home/hwl/per_workspace/control_plan/chapter4/ros2_lqr/install/vehicle_control/share/vehicle_control/hook/cmake_prefix_path.ps1'
[3.134s] INFO:colcon.colcon_core.shell:Creating environment descriptor '/home/hwl/per_workspace/control_plan/chapter4/ros2_lqr/install/vehicle_control/share/vehicle_control/hook/cmake_prefix_path.dsv'
[3.134s] INFO:colcon.colcon_core.shell:Creating environment hook '/home/hwl/per_workspace/control_plan/chapter4/ros2_lqr/install/vehicle_control/share/vehicle_control/hook/cmake_prefix_path.sh'
[3.135s] Level 1:colcon.colcon_core.environment:checking '/home/hwl/per_workspace/control_plan/chapter4/ros2_lqr/install/vehicle_control/lib'
[3.135s] Level 1:colcon.colcon_core.environment:checking '/home/hwl/per_workspace/control_plan/chapter4/ros2_lqr/install/vehicle_control/bin'
[3.135s] Level 1:colcon.colcon_core.environment:checking '/home/hwl/per_workspace/control_plan/chapter4/ros2_lqr/install/vehicle_control/lib/pkgconfig/vehicle_control.pc'
[3.136s] Level 1:colcon.colcon_core.environment:checking '/home/hwl/per_workspace/control_plan/chapter4/ros2_lqr/install/vehicle_control/lib/python3.8/site-packages'
[3.136s] INFO:colcon.colcon_core.shell:Creating package script '/home/hwl/per_workspace/control_plan/chapter4/ros2_lqr/install/vehicle_control/share/vehicle_control/package.ps1'
[3.137s] INFO:colcon.colcon_core.shell:Creating package descriptor '/home/hwl/per_workspace/control_plan/chapter4/ros2_lqr/install/vehicle_control/share/vehicle_control/package.dsv'
[3.138s] INFO:colcon.colcon_core.shell:Creating package script '/home/hwl/per_workspace/control_plan/chapter4/ros2_lqr/install/vehicle_control/share/vehicle_control/package.sh'
[3.138s] INFO:colcon.colcon_core.shell:Creating package script '/home/hwl/per_workspace/control_plan/chapter4/ros2_lqr/install/vehicle_control/share/vehicle_control/package.bash'
[3.139s] INFO:colcon.colcon_core.shell:Creating package script '/home/hwl/per_workspace/control_plan/chapter4/ros2_lqr/install/vehicle_control/share/vehicle_control/package.zsh'
[3.139s] Level 1:colcon.colcon_core.environment:create_file_with_runtime_dependencies(/home/hwl/per_workspace/control_plan/chapter4/ros2_lqr/install/vehicle_control/share/colcon-core/packages/vehicle_control)
[11.455s] DEBUG:colcon.colcon_core.event_handler.log_command:Invoked command in '/home/hwl/per_workspace/control_plan/chapter4/ros2_lqr/build/lqr_controller' returned '2': AMENT_PREFIX_PATH=/home/hwl/per_workspace/control_plan/chapter4/ros2_lqr/install/lgsvl_msgs:${AMENT_PREFIX_PATH} CMAKE_PREFIX_PATH=/home/hwl/per_workspace/control_plan/chapter4/ros2_lqr/install/lgsvl_msgs:${CMAKE_PREFIX_PATH} LD_LIBRARY_PATH=/home/hwl/per_workspace/control_plan/chapter4/ros2_lqr/install/lgsvl_msgs/lib:${LD_LIBRARY_PATH} PYTHONPATH=/home/hwl/per_workspace/control_plan/chapter4/ros2_lqr/install/lgsvl_msgs/lib/python3.8/site-packages:${PYTHONPATH} /usr/bin/cmake --build /home/hwl/per_workspace/control_plan/chapter4/ros2_lqr/build/lqr_controller -- -j16 -l16
[11.539s] Level 1:colcon.colcon_core.environment:create_environment_scripts_only(lqr_controller)
[11.542s] Level 1:colcon.colcon_core.environment:checking '/home/hwl/per_workspace/control_plan/chapter4/ros2_lqr/install/lqr_controller' for CMake module files
[11.544s] Level 1:colcon.colcon_core.environment:checking '/home/hwl/per_workspace/control_plan/chapter4/ros2_lqr/install/lqr_controller' for CMake config files
[11.545s] Level 1:colcon.colcon_core.shell:create_environment_hook('lqr_controller', 'cmake_prefix_path')
[11.547s] INFO:colcon.colcon_core.shell:Creating environment hook '/home/hwl/per_workspace/control_plan/chapter4/ros2_lqr/install/lqr_controller/share/lqr_controller/hook/cmake_prefix_path.ps1'
[11.549s] INFO:colcon.colcon_core.shell:Creating environment descriptor '/home/hwl/per_workspace/control_plan/chapter4/ros2_lqr/install/lqr_controller/share/lqr_controller/hook/cmake_prefix_path.dsv'
[11.550s] INFO:colcon.colcon_core.shell:Creating environment hook '/home/hwl/per_workspace/control_plan/chapter4/ros2_lqr/install/lqr_controller/share/lqr_controller/hook/cmake_prefix_path.sh'
[11.551s] Level 1:colcon.colcon_core.environment:checking '/home/hwl/per_workspace/control_plan/chapter4/ros2_lqr/install/lqr_controller/lib'
[11.552s] Level 1:colcon.colcon_core.environment:checking '/home/hwl/per_workspace/control_plan/chapter4/ros2_lqr/install/lqr_controller/bin'
[11.552s] Level 1:colcon.colcon_core.environment:checking '/home/hwl/per_workspace/control_plan/chapter4/ros2_lqr/install/lqr_controller/lib/pkgconfig/lqr_controller.pc'
[11.552s] Level 1:colcon.colcon_core.environment:checking '/home/hwl/per_workspace/control_plan/chapter4/ros2_lqr/install/lqr_controller/lib/python3.8/site-packages'
[11.554s] INFO:colcon.colcon_core.shell:Creating package script '/home/hwl/per_workspace/control_plan/chapter4/ros2_lqr/install/lqr_controller/share/lqr_controller/package.ps1'
[11.555s] INFO:colcon.colcon_core.shell:Creating package descriptor '/home/hwl/per_workspace/control_plan/chapter4/ros2_lqr/install/lqr_controller/share/lqr_controller/package.dsv'
[11.556s] INFO:colcon.colcon_core.shell:Creating package script '/home/hwl/per_workspace/control_plan/chapter4/ros2_lqr/install/lqr_controller/share/lqr_controller/package.sh'
[11.557s] INFO:colcon.colcon_core.shell:Creating package script '/home/hwl/per_workspace/control_plan/chapter4/ros2_lqr/install/lqr_controller/share/lqr_controller/package.bash'
[11.557s] INFO:colcon.colcon_core.shell:Creating package script '/home/hwl/per_workspace/control_plan/chapter4/ros2_lqr/install/lqr_controller/share/lqr_controller/package.zsh'
[11.558s] Level 1:colcon.colcon_core.environment:create_file_with_runtime_dependencies(/home/hwl/per_workspace/control_plan/chapter4/ros2_lqr/install/lqr_controller/share/colcon-core/packages/lqr_controller)
[11.569s] DEBUG:colcon.colcon_parallel_executor.executor.parallel:closing loop
[11.569s] DEBUG:colcon.colcon_parallel_executor.executor.parallel:loop closed
[11.570s] DEBUG:colcon.colcon_parallel_executor.executor.parallel:run_until_complete finished with '2'
[11.570s] DEBUG:colcon.colcon_core.event_reactor:joining thread
[11.587s] INFO:colcon.colcon_core.plugin_system:Skipping extension 'colcon_notification.desktop_notification.notify_send': Could not find 'notify-send'
[11.587s] INFO:colcon.colcon_core.plugin_system:Skipping extension 'colcon_notification.desktop_notification.terminal_notifier': Not used on non-Darwin systems
[11.587s] INFO:colcon.colcon_core.plugin_system:Skipping extension 'colcon_notification.desktop_notification.win32': Not used on non-Windows systems
[11.587s] INFO:colcon.colcon_notification.desktop_notification:Sending desktop notification using 'notify2'
[11.598s] DEBUG:colcon.colcon_notification.desktop_notification.notify2:Failed to initialize notify2: org.freedesktop.DBus.Error.ServiceUnknown: The name org.freedesktop.Notifications was not provided by any .service files
[11.599s] DEBUG:colcon.colcon_core.event_reactor:joined thread
[11.602s] INFO:colcon.colcon_core.shell:Creating prefix script '/home/hwl/per_workspace/control_plan/chapter4/ros2_lqr/install/local_setup.ps1'
[11.605s] INFO:colcon.colcon_core.shell:Creating prefix util module '/home/hwl/per_workspace/control_plan/chapter4/ros2_lqr/install/_local_setup_util_ps1.py'
[11.610s] INFO:colcon.colcon_core.shell:Creating prefix chain script '/home/hwl/per_workspace/control_plan/chapter4/ros2_lqr/install/setup.ps1'
[11.613s] INFO:colcon.colcon_core.shell:Creating prefix script '/home/hwl/per_workspace/control_plan/chapter4/ros2_lqr/install/local_setup.sh'
[11.614s] INFO:colcon.colcon_core.shell:Creating prefix util module '/home/hwl/per_workspace/control_plan/chapter4/ros2_lqr/install/_local_setup_util_sh.py'
[11.615s] INFO:colcon.colcon_core.shell:Creating prefix chain script '/home/hwl/per_workspace/control_plan/chapter4/ros2_lqr/install/setup.sh'
[11.617s] INFO:colcon.colcon_core.shell:Creating prefix script '/home/hwl/per_workspace/control_plan/chapter4/ros2_lqr/install/local_setup.bash'
[11.618s] INFO:colcon.colcon_core.shell:Creating prefix chain script '/home/hwl/per_workspace/control_plan/chapter4/ros2_lqr/install/setup.bash'
[11.621s] INFO:colcon.colcon_core.shell:Creating prefix script '/home/hwl/per_workspace/control_plan/chapter4/ros2_lqr/install/local_setup.zsh'
[11.622s] INFO:colcon.colcon_core.shell:Creating prefix chain script '/home/hwl/per_workspace/control_plan/chapter4/ros2_lqr/install/setup.zsh'
